[2024-10-13T09:44:07.837+0000] {processor.py:186} INFO - Started process (PID=79) to work on /home/airflow/.local/lib/python3.12/site-packages/airflow/example_dags/example_setup_teardown.py
[2024-10-13T09:44:07.848+0000] {processor.py:914} INFO - Processing file /home/airflow/.local/lib/python3.12/site-packages/airflow/example_dags/example_setup_teardown.py for tasks to queue
[2024-10-13T09:44:07.886+0000] {logging_mixin.py:190} INFO - [2024-10-13T09:44:07.885+0000] {dagbag.py:588} INFO - Filling up the DagBag from /home/airflow/.local/lib/python3.12/site-packages/airflow/example_dags/example_setup_teardown.py
[2024-10-13T09:44:08.066+0000] {processor.py:925} INFO - DAG(s) 'example_setup_teardown' retrieved from /home/airflow/.local/lib/python3.12/site-packages/airflow/example_dags/example_setup_teardown.py
[2024-10-13T09:44:11.483+0000] {logging_mixin.py:190} INFO - [2024-10-13T09:44:11.479+0000] {override.py:1900} INFO - Created Permission View: can read on DAG:example_setup_teardown
[2024-10-13T09:44:11.633+0000] {logging_mixin.py:190} INFO - [2024-10-13T09:44:11.632+0000] {override.py:1900} INFO - Created Permission View: can delete on DAG:example_setup_teardown
[2024-10-13T09:44:11.689+0000] {logging_mixin.py:190} INFO - [2024-10-13T09:44:11.688+0000] {override.py:1900} INFO - Created Permission View: can edit on DAG:example_setup_teardown
[2024-10-13T09:44:11.765+0000] {logging_mixin.py:190} INFO - [2024-10-13T09:44:11.764+0000] {override.py:1900} INFO - Created Permission View: can create on DAG Run:example_setup_teardown
[2024-10-13T09:44:11.810+0000] {logging_mixin.py:190} INFO - [2024-10-13T09:44:11.809+0000] {override.py:1900} INFO - Created Permission View: menu access on DAG Run:example_setup_teardown
[2024-10-13T09:44:11.902+0000] {logging_mixin.py:190} INFO - [2024-10-13T09:44:11.900+0000] {override.py:1900} INFO - Created Permission View: can read on DAG Run:example_setup_teardown
[2024-10-13T09:44:12.119+0000] {logging_mixin.py:190} INFO - [2024-10-13T09:44:12.111+0000] {override.py:1900} INFO - Created Permission View: can delete on DAG Run:example_setup_teardown
[2024-10-13T09:44:12.216+0000] {logging_mixin.py:190} INFO - [2024-10-13T09:44:12.214+0000] {dag.py:3239} INFO - Sync 1 DAGs
[2024-10-13T09:44:12.784+0000] {logging_mixin.py:190} INFO - [2024-10-13T09:44:12.728+0000] {dag.py:3262} INFO - Creating ORM DAG for example_setup_teardown
[2024-10-13T09:44:13.008+0000] {logging_mixin.py:190} INFO - [2024-10-13T09:44:13.008+0000] {dag.py:4180} INFO - Setting next_dagrun for example_setup_teardown to None, run_after=None
[2024-10-13T09:44:13.490+0000] {processor.py:208} INFO - Processing /home/airflow/.local/lib/python3.12/site-packages/airflow/example_dags/example_setup_teardown.py took 5.767 seconds
[2024-10-13T09:45:09.007+0000] {processor.py:186} INFO - Started process (PID=140) to work on /home/airflow/.local/lib/python3.12/site-packages/airflow/example_dags/example_setup_teardown.py
[2024-10-13T09:45:09.011+0000] {processor.py:914} INFO - Processing file /home/airflow/.local/lib/python3.12/site-packages/airflow/example_dags/example_setup_teardown.py for tasks to queue
[2024-10-13T09:45:09.020+0000] {logging_mixin.py:190} INFO - [2024-10-13T09:45:09.019+0000] {dagbag.py:588} INFO - Filling up the DagBag from /home/airflow/.local/lib/python3.12/site-packages/airflow/example_dags/example_setup_teardown.py
[2024-10-13T09:45:09.049+0000] {processor.py:925} INFO - DAG(s) 'example_setup_teardown' retrieved from /home/airflow/.local/lib/python3.12/site-packages/airflow/example_dags/example_setup_teardown.py
[2024-10-13T09:45:09.106+0000] {logging_mixin.py:190} INFO - [2024-10-13T09:45:09.106+0000] {dag.py:3239} INFO - Sync 1 DAGs
[2024-10-13T09:45:09.147+0000] {logging_mixin.py:190} INFO - [2024-10-13T09:45:09.146+0000] {dag.py:4180} INFO - Setting next_dagrun for example_setup_teardown to None, run_after=None
[2024-10-13T09:45:09.189+0000] {processor.py:208} INFO - Processing /home/airflow/.local/lib/python3.12/site-packages/airflow/example_dags/example_setup_teardown.py took 0.199 seconds
[2024-10-13T09:45:47.233+0000] {processor.py:186} INFO - Started process (PID=207) to work on /home/airflow/.local/lib/python3.12/site-packages/airflow/example_dags/example_setup_teardown.py
[2024-10-13T09:45:47.239+0000] {processor.py:914} INFO - Processing file /home/airflow/.local/lib/python3.12/site-packages/airflow/example_dags/example_setup_teardown.py for tasks to queue
[2024-10-13T09:45:47.245+0000] {logging_mixin.py:190} INFO - [2024-10-13T09:45:47.244+0000] {dagbag.py:588} INFO - Filling up the DagBag from /home/airflow/.local/lib/python3.12/site-packages/airflow/example_dags/example_setup_teardown.py
[2024-10-13T09:45:47.267+0000] {processor.py:925} INFO - DAG(s) 'example_setup_teardown' retrieved from /home/airflow/.local/lib/python3.12/site-packages/airflow/example_dags/example_setup_teardown.py
[2024-10-13T09:45:47.315+0000] {logging_mixin.py:190} INFO - [2024-10-13T09:45:47.314+0000] {dag.py:3239} INFO - Sync 1 DAGs
[2024-10-13T09:45:47.369+0000] {logging_mixin.py:190} INFO - [2024-10-13T09:45:47.368+0000] {dag.py:4180} INFO - Setting next_dagrun for example_setup_teardown to None, run_after=None
[2024-10-13T09:45:47.419+0000] {processor.py:208} INFO - Processing /home/airflow/.local/lib/python3.12/site-packages/airflow/example_dags/example_setup_teardown.py took 0.203 seconds
[2024-10-13T09:46:18.845+0000] {processor.py:186} INFO - Started process (PID=269) to work on /home/airflow/.local/lib/python3.12/site-packages/airflow/example_dags/example_setup_teardown.py
[2024-10-13T09:46:18.850+0000] {processor.py:914} INFO - Processing file /home/airflow/.local/lib/python3.12/site-packages/airflow/example_dags/example_setup_teardown.py for tasks to queue
[2024-10-13T09:46:18.855+0000] {logging_mixin.py:190} INFO - [2024-10-13T09:46:18.855+0000] {dagbag.py:588} INFO - Filling up the DagBag from /home/airflow/.local/lib/python3.12/site-packages/airflow/example_dags/example_setup_teardown.py
[2024-10-13T09:46:18.872+0000] {processor.py:925} INFO - DAG(s) 'example_setup_teardown' retrieved from /home/airflow/.local/lib/python3.12/site-packages/airflow/example_dags/example_setup_teardown.py
[2024-10-13T09:46:18.911+0000] {logging_mixin.py:190} INFO - [2024-10-13T09:46:18.911+0000] {dag.py:3239} INFO - Sync 1 DAGs
[2024-10-13T09:46:18.943+0000] {logging_mixin.py:190} INFO - [2024-10-13T09:46:18.942+0000] {dag.py:4180} INFO - Setting next_dagrun for example_setup_teardown to None, run_after=None
[2024-10-13T09:46:18.994+0000] {processor.py:208} INFO - Processing /home/airflow/.local/lib/python3.12/site-packages/airflow/example_dags/example_setup_teardown.py took 0.160 seconds
[2024-10-13T09:46:51.246+0000] {processor.py:186} INFO - Started process (PID=331) to work on /home/airflow/.local/lib/python3.12/site-packages/airflow/example_dags/example_setup_teardown.py
[2024-10-13T09:46:51.255+0000] {processor.py:914} INFO - Processing file /home/airflow/.local/lib/python3.12/site-packages/airflow/example_dags/example_setup_teardown.py for tasks to queue
[2024-10-13T09:46:51.271+0000] {logging_mixin.py:190} INFO - [2024-10-13T09:46:51.266+0000] {dagbag.py:588} INFO - Filling up the DagBag from /home/airflow/.local/lib/python3.12/site-packages/airflow/example_dags/example_setup_teardown.py
[2024-10-13T09:46:51.334+0000] {processor.py:925} INFO - DAG(s) 'example_setup_teardown' retrieved from /home/airflow/.local/lib/python3.12/site-packages/airflow/example_dags/example_setup_teardown.py
[2024-10-13T09:46:51.481+0000] {logging_mixin.py:190} INFO - [2024-10-13T09:46:51.480+0000] {dag.py:3239} INFO - Sync 1 DAGs
[2024-10-13T09:46:51.577+0000] {logging_mixin.py:190} INFO - [2024-10-13T09:46:51.577+0000] {dag.py:4180} INFO - Setting next_dagrun for example_setup_teardown to None, run_after=None
[2024-10-13T09:46:51.717+0000] {processor.py:208} INFO - Processing /home/airflow/.local/lib/python3.12/site-packages/airflow/example_dags/example_setup_teardown.py took 0.510 seconds
[2024-10-13T09:47:21.832+0000] {processor.py:186} INFO - Started process (PID=392) to work on /home/airflow/.local/lib/python3.12/site-packages/airflow/example_dags/example_setup_teardown.py
[2024-10-13T09:47:21.836+0000] {processor.py:914} INFO - Processing file /home/airflow/.local/lib/python3.12/site-packages/airflow/example_dags/example_setup_teardown.py for tasks to queue
[2024-10-13T09:47:21.841+0000] {logging_mixin.py:190} INFO - [2024-10-13T09:47:21.840+0000] {dagbag.py:588} INFO - Filling up the DagBag from /home/airflow/.local/lib/python3.12/site-packages/airflow/example_dags/example_setup_teardown.py
[2024-10-13T09:47:21.857+0000] {processor.py:925} INFO - DAG(s) 'example_setup_teardown' retrieved from /home/airflow/.local/lib/python3.12/site-packages/airflow/example_dags/example_setup_teardown.py
[2024-10-13T09:47:21.897+0000] {logging_mixin.py:190} INFO - [2024-10-13T09:47:21.896+0000] {dag.py:3239} INFO - Sync 1 DAGs
[2024-10-13T09:47:21.922+0000] {logging_mixin.py:190} INFO - [2024-10-13T09:47:21.922+0000] {dag.py:4180} INFO - Setting next_dagrun for example_setup_teardown to None, run_after=None
[2024-10-13T09:47:22.005+0000] {processor.py:208} INFO - Processing /home/airflow/.local/lib/python3.12/site-packages/airflow/example_dags/example_setup_teardown.py took 0.184 seconds
[2024-10-13T09:47:52.547+0000] {processor.py:186} INFO - Started process (PID=453) to work on /home/airflow/.local/lib/python3.12/site-packages/airflow/example_dags/example_setup_teardown.py
[2024-10-13T09:47:52.549+0000] {processor.py:914} INFO - Processing file /home/airflow/.local/lib/python3.12/site-packages/airflow/example_dags/example_setup_teardown.py for tasks to queue
[2024-10-13T09:47:52.553+0000] {logging_mixin.py:190} INFO - [2024-10-13T09:47:52.553+0000] {dagbag.py:588} INFO - Filling up the DagBag from /home/airflow/.local/lib/python3.12/site-packages/airflow/example_dags/example_setup_teardown.py
[2024-10-13T09:47:52.567+0000] {processor.py:925} INFO - DAG(s) 'example_setup_teardown' retrieved from /home/airflow/.local/lib/python3.12/site-packages/airflow/example_dags/example_setup_teardown.py
[2024-10-13T09:47:52.603+0000] {logging_mixin.py:190} INFO - [2024-10-13T09:47:52.603+0000] {dag.py:3239} INFO - Sync 1 DAGs
[2024-10-13T09:47:52.628+0000] {logging_mixin.py:190} INFO - [2024-10-13T09:47:52.627+0000] {dag.py:4180} INFO - Setting next_dagrun for example_setup_teardown to None, run_after=None
[2024-10-13T09:47:52.662+0000] {processor.py:208} INFO - Processing /home/airflow/.local/lib/python3.12/site-packages/airflow/example_dags/example_setup_teardown.py took 0.125 seconds
[2024-10-13T09:48:22.882+0000] {processor.py:186} INFO - Started process (PID=515) to work on /home/airflow/.local/lib/python3.12/site-packages/airflow/example_dags/example_setup_teardown.py
[2024-10-13T09:48:22.885+0000] {processor.py:914} INFO - Processing file /home/airflow/.local/lib/python3.12/site-packages/airflow/example_dags/example_setup_teardown.py for tasks to queue
[2024-10-13T09:48:22.890+0000] {logging_mixin.py:190} INFO - [2024-10-13T09:48:22.889+0000] {dagbag.py:588} INFO - Filling up the DagBag from /home/airflow/.local/lib/python3.12/site-packages/airflow/example_dags/example_setup_teardown.py
[2024-10-13T09:48:22.905+0000] {processor.py:925} INFO - DAG(s) 'example_setup_teardown' retrieved from /home/airflow/.local/lib/python3.12/site-packages/airflow/example_dags/example_setup_teardown.py
[2024-10-13T09:48:22.947+0000] {logging_mixin.py:190} INFO - [2024-10-13T09:48:22.946+0000] {dag.py:3239} INFO - Sync 1 DAGs
[2024-10-13T09:48:22.979+0000] {logging_mixin.py:190} INFO - [2024-10-13T09:48:22.978+0000] {dag.py:4180} INFO - Setting next_dagrun for example_setup_teardown to None, run_after=None
[2024-10-13T09:48:23.022+0000] {processor.py:208} INFO - Processing /home/airflow/.local/lib/python3.12/site-packages/airflow/example_dags/example_setup_teardown.py took 0.151 seconds
[2024-10-13T09:48:53.352+0000] {processor.py:186} INFO - Started process (PID=577) to work on /home/airflow/.local/lib/python3.12/site-packages/airflow/example_dags/example_setup_teardown.py
[2024-10-13T09:48:53.357+0000] {processor.py:914} INFO - Processing file /home/airflow/.local/lib/python3.12/site-packages/airflow/example_dags/example_setup_teardown.py for tasks to queue
[2024-10-13T09:48:53.362+0000] {logging_mixin.py:190} INFO - [2024-10-13T09:48:53.361+0000] {dagbag.py:588} INFO - Filling up the DagBag from /home/airflow/.local/lib/python3.12/site-packages/airflow/example_dags/example_setup_teardown.py
[2024-10-13T09:48:53.378+0000] {processor.py:925} INFO - DAG(s) 'example_setup_teardown' retrieved from /home/airflow/.local/lib/python3.12/site-packages/airflow/example_dags/example_setup_teardown.py
[2024-10-13T09:48:53.426+0000] {logging_mixin.py:190} INFO - [2024-10-13T09:48:53.426+0000] {dag.py:3239} INFO - Sync 1 DAGs
[2024-10-13T09:48:53.456+0000] {logging_mixin.py:190} INFO - [2024-10-13T09:48:53.456+0000] {dag.py:4180} INFO - Setting next_dagrun for example_setup_teardown to None, run_after=None
[2024-10-13T09:48:53.495+0000] {processor.py:208} INFO - Processing /home/airflow/.local/lib/python3.12/site-packages/airflow/example_dags/example_setup_teardown.py took 0.155 seconds
[2024-10-13T09:49:25.922+0000] {processor.py:186} INFO - Started process (PID=639) to work on /home/airflow/.local/lib/python3.12/site-packages/airflow/example_dags/example_setup_teardown.py
[2024-10-13T09:49:25.924+0000] {processor.py:914} INFO - Processing file /home/airflow/.local/lib/python3.12/site-packages/airflow/example_dags/example_setup_teardown.py for tasks to queue
[2024-10-13T09:49:25.930+0000] {logging_mixin.py:190} INFO - [2024-10-13T09:49:25.929+0000] {dagbag.py:588} INFO - Filling up the DagBag from /home/airflow/.local/lib/python3.12/site-packages/airflow/example_dags/example_setup_teardown.py
[2024-10-13T09:49:25.947+0000] {processor.py:925} INFO - DAG(s) 'example_setup_teardown' retrieved from /home/airflow/.local/lib/python3.12/site-packages/airflow/example_dags/example_setup_teardown.py
[2024-10-13T09:49:25.999+0000] {logging_mixin.py:190} INFO - [2024-10-13T09:49:25.998+0000] {dag.py:3239} INFO - Sync 1 DAGs
[2024-10-13T09:49:26.027+0000] {logging_mixin.py:190} INFO - [2024-10-13T09:49:26.027+0000] {dag.py:4180} INFO - Setting next_dagrun for example_setup_teardown to None, run_after=None
[2024-10-13T09:49:26.070+0000] {processor.py:208} INFO - Processing /home/airflow/.local/lib/python3.12/site-packages/airflow/example_dags/example_setup_teardown.py took 0.160 seconds
[2024-10-13T09:49:58.047+0000] {processor.py:186} INFO - Started process (PID=700) to work on /home/airflow/.local/lib/python3.12/site-packages/airflow/example_dags/example_setup_teardown.py
[2024-10-13T09:49:58.051+0000] {processor.py:914} INFO - Processing file /home/airflow/.local/lib/python3.12/site-packages/airflow/example_dags/example_setup_teardown.py for tasks to queue
[2024-10-13T09:49:58.060+0000] {logging_mixin.py:190} INFO - [2024-10-13T09:49:58.059+0000] {dagbag.py:588} INFO - Filling up the DagBag from /home/airflow/.local/lib/python3.12/site-packages/airflow/example_dags/example_setup_teardown.py
[2024-10-13T09:49:58.122+0000] {processor.py:925} INFO - DAG(s) 'example_setup_teardown' retrieved from /home/airflow/.local/lib/python3.12/site-packages/airflow/example_dags/example_setup_teardown.py
[2024-10-13T09:49:58.256+0000] {logging_mixin.py:190} INFO - [2024-10-13T09:49:58.256+0000] {dag.py:3239} INFO - Sync 1 DAGs
[2024-10-13T09:49:58.324+0000] {logging_mixin.py:190} INFO - [2024-10-13T09:49:58.324+0000] {dag.py:4180} INFO - Setting next_dagrun for example_setup_teardown to None, run_after=None
[2024-10-13T09:49:58.411+0000] {processor.py:208} INFO - Processing /home/airflow/.local/lib/python3.12/site-packages/airflow/example_dags/example_setup_teardown.py took 0.417 seconds
[2024-10-13T09:50:29.125+0000] {processor.py:186} INFO - Started process (PID=761) to work on /home/airflow/.local/lib/python3.12/site-packages/airflow/example_dags/example_setup_teardown.py
[2024-10-13T09:50:29.128+0000] {processor.py:914} INFO - Processing file /home/airflow/.local/lib/python3.12/site-packages/airflow/example_dags/example_setup_teardown.py for tasks to queue
[2024-10-13T09:50:29.155+0000] {logging_mixin.py:190} INFO - [2024-10-13T09:50:29.154+0000] {dagbag.py:588} INFO - Filling up the DagBag from /home/airflow/.local/lib/python3.12/site-packages/airflow/example_dags/example_setup_teardown.py
[2024-10-13T09:50:29.177+0000] {processor.py:925} INFO - DAG(s) 'example_setup_teardown' retrieved from /home/airflow/.local/lib/python3.12/site-packages/airflow/example_dags/example_setup_teardown.py
[2024-10-13T09:50:29.257+0000] {logging_mixin.py:190} INFO - [2024-10-13T09:50:29.257+0000] {dag.py:3239} INFO - Sync 1 DAGs
[2024-10-13T09:50:29.289+0000] {logging_mixin.py:190} INFO - [2024-10-13T09:50:29.288+0000] {dag.py:4180} INFO - Setting next_dagrun for example_setup_teardown to None, run_after=None
[2024-10-13T09:50:29.337+0000] {processor.py:208} INFO - Processing /home/airflow/.local/lib/python3.12/site-packages/airflow/example_dags/example_setup_teardown.py took 0.261 seconds
[2024-10-13T09:50:59.627+0000] {processor.py:186} INFO - Started process (PID=823) to work on /home/airflow/.local/lib/python3.12/site-packages/airflow/example_dags/example_setup_teardown.py
[2024-10-13T09:50:59.630+0000] {processor.py:914} INFO - Processing file /home/airflow/.local/lib/python3.12/site-packages/airflow/example_dags/example_setup_teardown.py for tasks to queue
[2024-10-13T09:50:59.636+0000] {logging_mixin.py:190} INFO - [2024-10-13T09:50:59.635+0000] {dagbag.py:588} INFO - Filling up the DagBag from /home/airflow/.local/lib/python3.12/site-packages/airflow/example_dags/example_setup_teardown.py
[2024-10-13T09:50:59.652+0000] {processor.py:925} INFO - DAG(s) 'example_setup_teardown' retrieved from /home/airflow/.local/lib/python3.12/site-packages/airflow/example_dags/example_setup_teardown.py
[2024-10-13T09:50:59.696+0000] {logging_mixin.py:190} INFO - [2024-10-13T09:50:59.695+0000] {dag.py:3239} INFO - Sync 1 DAGs
[2024-10-13T09:50:59.724+0000] {logging_mixin.py:190} INFO - [2024-10-13T09:50:59.723+0000] {dag.py:4180} INFO - Setting next_dagrun for example_setup_teardown to None, run_after=None
[2024-10-13T09:50:59.759+0000] {processor.py:208} INFO - Processing /home/airflow/.local/lib/python3.12/site-packages/airflow/example_dags/example_setup_teardown.py took 0.143 seconds
[2024-10-13T09:51:31.941+0000] {processor.py:186} INFO - Started process (PID=885) to work on /home/airflow/.local/lib/python3.12/site-packages/airflow/example_dags/example_setup_teardown.py
[2024-10-13T09:51:31.945+0000] {processor.py:914} INFO - Processing file /home/airflow/.local/lib/python3.12/site-packages/airflow/example_dags/example_setup_teardown.py for tasks to queue
[2024-10-13T09:51:31.954+0000] {logging_mixin.py:190} INFO - [2024-10-13T09:51:31.953+0000] {dagbag.py:588} INFO - Filling up the DagBag from /home/airflow/.local/lib/python3.12/site-packages/airflow/example_dags/example_setup_teardown.py
[2024-10-13T09:51:31.991+0000] {processor.py:925} INFO - DAG(s) 'example_setup_teardown' retrieved from /home/airflow/.local/lib/python3.12/site-packages/airflow/example_dags/example_setup_teardown.py
[2024-10-13T09:51:32.036+0000] {logging_mixin.py:190} INFO - [2024-10-13T09:51:32.036+0000] {dag.py:3239} INFO - Sync 1 DAGs
[2024-10-13T09:51:32.069+0000] {logging_mixin.py:190} INFO - [2024-10-13T09:51:32.068+0000] {dag.py:4180} INFO - Setting next_dagrun for example_setup_teardown to None, run_after=None
[2024-10-13T09:51:32.138+0000] {processor.py:208} INFO - Processing /home/airflow/.local/lib/python3.12/site-packages/airflow/example_dags/example_setup_teardown.py took 0.211 seconds
[2024-10-13T09:52:02.659+0000] {processor.py:186} INFO - Started process (PID=946) to work on /home/airflow/.local/lib/python3.12/site-packages/airflow/example_dags/example_setup_teardown.py
[2024-10-13T09:52:02.661+0000] {processor.py:914} INFO - Processing file /home/airflow/.local/lib/python3.12/site-packages/airflow/example_dags/example_setup_teardown.py for tasks to queue
[2024-10-13T09:52:02.668+0000] {logging_mixin.py:190} INFO - [2024-10-13T09:52:02.667+0000] {dagbag.py:588} INFO - Filling up the DagBag from /home/airflow/.local/lib/python3.12/site-packages/airflow/example_dags/example_setup_teardown.py
[2024-10-13T09:52:02.707+0000] {processor.py:925} INFO - DAG(s) 'example_setup_teardown' retrieved from /home/airflow/.local/lib/python3.12/site-packages/airflow/example_dags/example_setup_teardown.py
[2024-10-13T09:52:02.929+0000] {logging_mixin.py:190} INFO - [2024-10-13T09:52:02.927+0000] {dag.py:3239} INFO - Sync 1 DAGs
[2024-10-13T09:52:03.059+0000] {logging_mixin.py:190} INFO - [2024-10-13T09:52:03.054+0000] {dag.py:4180} INFO - Setting next_dagrun for example_setup_teardown to None, run_after=None
[2024-10-13T09:52:03.267+0000] {processor.py:208} INFO - Processing /home/airflow/.local/lib/python3.12/site-packages/airflow/example_dags/example_setup_teardown.py took 0.622 seconds
[2024-10-13T09:52:34.024+0000] {processor.py:186} INFO - Started process (PID=1008) to work on /home/airflow/.local/lib/python3.12/site-packages/airflow/example_dags/example_setup_teardown.py
[2024-10-13T09:52:34.026+0000] {processor.py:914} INFO - Processing file /home/airflow/.local/lib/python3.12/site-packages/airflow/example_dags/example_setup_teardown.py for tasks to queue
[2024-10-13T09:52:34.030+0000] {logging_mixin.py:190} INFO - [2024-10-13T09:52:34.030+0000] {dagbag.py:588} INFO - Filling up the DagBag from /home/airflow/.local/lib/python3.12/site-packages/airflow/example_dags/example_setup_teardown.py
[2024-10-13T09:52:34.056+0000] {processor.py:925} INFO - DAG(s) 'example_setup_teardown' retrieved from /home/airflow/.local/lib/python3.12/site-packages/airflow/example_dags/example_setup_teardown.py
[2024-10-13T09:52:34.133+0000] {logging_mixin.py:190} INFO - [2024-10-13T09:52:34.133+0000] {dag.py:3239} INFO - Sync 1 DAGs
[2024-10-13T09:52:34.175+0000] {logging_mixin.py:190} INFO - [2024-10-13T09:52:34.174+0000] {dag.py:4180} INFO - Setting next_dagrun for example_setup_teardown to None, run_after=None
[2024-10-13T09:52:34.221+0000] {processor.py:208} INFO - Processing /home/airflow/.local/lib/python3.12/site-packages/airflow/example_dags/example_setup_teardown.py took 0.210 seconds
[2024-10-13T09:53:11.829+0000] {processor.py:186} INFO - Started process (PID=1069) to work on /home/airflow/.local/lib/python3.12/site-packages/airflow/example_dags/example_setup_teardown.py
[2024-10-13T09:53:12.112+0000] {processor.py:914} INFO - Processing file /home/airflow/.local/lib/python3.12/site-packages/airflow/example_dags/example_setup_teardown.py for tasks to queue
[2024-10-13T09:53:12.221+0000] {logging_mixin.py:190} INFO - [2024-10-13T09:53:12.207+0000] {dagbag.py:588} INFO - Filling up the DagBag from /home/airflow/.local/lib/python3.12/site-packages/airflow/example_dags/example_setup_teardown.py
[2024-10-13T09:53:12.390+0000] {processor.py:925} INFO - DAG(s) 'example_setup_teardown' retrieved from /home/airflow/.local/lib/python3.12/site-packages/airflow/example_dags/example_setup_teardown.py
[2024-10-13T09:53:13.054+0000] {logging_mixin.py:190} INFO - [2024-10-13T09:53:13.054+0000] {dag.py:3239} INFO - Sync 1 DAGs
[2024-10-13T09:53:13.770+0000] {logging_mixin.py:190} INFO - [2024-10-13T09:53:13.767+0000] {dag.py:4180} INFO - Setting next_dagrun for example_setup_teardown to None, run_after=None
[2024-10-13T09:53:14.412+0000] {processor.py:208} INFO - Processing /home/airflow/.local/lib/python3.12/site-packages/airflow/example_dags/example_setup_teardown.py took 2.887 seconds
[2024-10-13T09:53:44.948+0000] {processor.py:186} INFO - Started process (PID=1137) to work on /home/airflow/.local/lib/python3.12/site-packages/airflow/example_dags/example_setup_teardown.py
[2024-10-13T09:53:44.950+0000] {processor.py:914} INFO - Processing file /home/airflow/.local/lib/python3.12/site-packages/airflow/example_dags/example_setup_teardown.py for tasks to queue
[2024-10-13T09:53:44.955+0000] {logging_mixin.py:190} INFO - [2024-10-13T09:53:44.954+0000] {dagbag.py:588} INFO - Filling up the DagBag from /home/airflow/.local/lib/python3.12/site-packages/airflow/example_dags/example_setup_teardown.py
[2024-10-13T09:53:44.969+0000] {processor.py:925} INFO - DAG(s) 'example_setup_teardown' retrieved from /home/airflow/.local/lib/python3.12/site-packages/airflow/example_dags/example_setup_teardown.py
[2024-10-13T09:53:45.008+0000] {logging_mixin.py:190} INFO - [2024-10-13T09:53:45.008+0000] {dag.py:3239} INFO - Sync 1 DAGs
[2024-10-13T09:53:45.038+0000] {logging_mixin.py:190} INFO - [2024-10-13T09:53:45.038+0000] {dag.py:4180} INFO - Setting next_dagrun for example_setup_teardown to None, run_after=None
[2024-10-13T09:53:45.128+0000] {processor.py:208} INFO - Processing /home/airflow/.local/lib/python3.12/site-packages/airflow/example_dags/example_setup_teardown.py took 0.190 seconds
[2024-10-13T09:54:15.348+0000] {processor.py:186} INFO - Started process (PID=1199) to work on /home/airflow/.local/lib/python3.12/site-packages/airflow/example_dags/example_setup_teardown.py
[2024-10-13T09:54:15.349+0000] {processor.py:914} INFO - Processing file /home/airflow/.local/lib/python3.12/site-packages/airflow/example_dags/example_setup_teardown.py for tasks to queue
[2024-10-13T09:54:15.355+0000] {logging_mixin.py:190} INFO - [2024-10-13T09:54:15.354+0000] {dagbag.py:588} INFO - Filling up the DagBag from /home/airflow/.local/lib/python3.12/site-packages/airflow/example_dags/example_setup_teardown.py
[2024-10-13T09:54:15.369+0000] {processor.py:925} INFO - DAG(s) 'example_setup_teardown' retrieved from /home/airflow/.local/lib/python3.12/site-packages/airflow/example_dags/example_setup_teardown.py
[2024-10-13T09:54:15.403+0000] {logging_mixin.py:190} INFO - [2024-10-13T09:54:15.403+0000] {dag.py:3239} INFO - Sync 1 DAGs
[2024-10-13T09:54:15.427+0000] {logging_mixin.py:190} INFO - [2024-10-13T09:54:15.427+0000] {dag.py:4180} INFO - Setting next_dagrun for example_setup_teardown to None, run_after=None
[2024-10-13T09:54:15.462+0000] {processor.py:208} INFO - Processing /home/airflow/.local/lib/python3.12/site-packages/airflow/example_dags/example_setup_teardown.py took 0.125 seconds
[2024-10-13T09:54:45.933+0000] {processor.py:186} INFO - Started process (PID=1261) to work on /home/airflow/.local/lib/python3.12/site-packages/airflow/example_dags/example_setup_teardown.py
[2024-10-13T09:54:45.935+0000] {processor.py:914} INFO - Processing file /home/airflow/.local/lib/python3.12/site-packages/airflow/example_dags/example_setup_teardown.py for tasks to queue
[2024-10-13T09:54:45.942+0000] {logging_mixin.py:190} INFO - [2024-10-13T09:54:45.941+0000] {dagbag.py:588} INFO - Filling up the DagBag from /home/airflow/.local/lib/python3.12/site-packages/airflow/example_dags/example_setup_teardown.py
[2024-10-13T09:54:45.958+0000] {processor.py:925} INFO - DAG(s) 'example_setup_teardown' retrieved from /home/airflow/.local/lib/python3.12/site-packages/airflow/example_dags/example_setup_teardown.py
[2024-10-13T09:54:45.998+0000] {logging_mixin.py:190} INFO - [2024-10-13T09:54:45.998+0000] {dag.py:3239} INFO - Sync 1 DAGs
[2024-10-13T09:54:46.023+0000] {logging_mixin.py:190} INFO - [2024-10-13T09:54:46.023+0000] {dag.py:4180} INFO - Setting next_dagrun for example_setup_teardown to None, run_after=None
[2024-10-13T09:54:46.060+0000] {processor.py:208} INFO - Processing /home/airflow/.local/lib/python3.12/site-packages/airflow/example_dags/example_setup_teardown.py took 0.138 seconds
[2024-10-13T09:55:16.137+0000] {processor.py:186} INFO - Started process (PID=1323) to work on /home/airflow/.local/lib/python3.12/site-packages/airflow/example_dags/example_setup_teardown.py
[2024-10-13T09:55:16.139+0000] {processor.py:914} INFO - Processing file /home/airflow/.local/lib/python3.12/site-packages/airflow/example_dags/example_setup_teardown.py for tasks to queue
[2024-10-13T09:55:16.144+0000] {logging_mixin.py:190} INFO - [2024-10-13T09:55:16.143+0000] {dagbag.py:588} INFO - Filling up the DagBag from /home/airflow/.local/lib/python3.12/site-packages/airflow/example_dags/example_setup_teardown.py
[2024-10-13T09:55:16.157+0000] {processor.py:925} INFO - DAG(s) 'example_setup_teardown' retrieved from /home/airflow/.local/lib/python3.12/site-packages/airflow/example_dags/example_setup_teardown.py
[2024-10-13T09:55:16.192+0000] {logging_mixin.py:190} INFO - [2024-10-13T09:55:16.192+0000] {dag.py:3239} INFO - Sync 1 DAGs
[2024-10-13T09:55:16.216+0000] {logging_mixin.py:190} INFO - [2024-10-13T09:55:16.216+0000] {dag.py:4180} INFO - Setting next_dagrun for example_setup_teardown to None, run_after=None
[2024-10-13T09:55:16.251+0000] {processor.py:208} INFO - Processing /home/airflow/.local/lib/python3.12/site-packages/airflow/example_dags/example_setup_teardown.py took 0.123 seconds
[2024-10-13T09:55:46.399+0000] {processor.py:186} INFO - Started process (PID=1385) to work on /home/airflow/.local/lib/python3.12/site-packages/airflow/example_dags/example_setup_teardown.py
[2024-10-13T09:55:46.401+0000] {processor.py:914} INFO - Processing file /home/airflow/.local/lib/python3.12/site-packages/airflow/example_dags/example_setup_teardown.py for tasks to queue
[2024-10-13T09:55:46.406+0000] {logging_mixin.py:190} INFO - [2024-10-13T09:55:46.406+0000] {dagbag.py:588} INFO - Filling up the DagBag from /home/airflow/.local/lib/python3.12/site-packages/airflow/example_dags/example_setup_teardown.py
[2024-10-13T09:55:46.419+0000] {processor.py:925} INFO - DAG(s) 'example_setup_teardown' retrieved from /home/airflow/.local/lib/python3.12/site-packages/airflow/example_dags/example_setup_teardown.py
[2024-10-13T09:55:46.454+0000] {logging_mixin.py:190} INFO - [2024-10-13T09:55:46.454+0000] {dag.py:3239} INFO - Sync 1 DAGs
[2024-10-13T09:55:46.648+0000] {logging_mixin.py:190} INFO - [2024-10-13T09:55:46.647+0000] {dag.py:4180} INFO - Setting next_dagrun for example_setup_teardown to None, run_after=None
[2024-10-13T09:55:46.760+0000] {processor.py:208} INFO - Processing /home/airflow/.local/lib/python3.12/site-packages/airflow/example_dags/example_setup_teardown.py took 0.371 seconds
[2024-10-13T09:56:17.404+0000] {processor.py:186} INFO - Started process (PID=1447) to work on /home/airflow/.local/lib/python3.12/site-packages/airflow/example_dags/example_setup_teardown.py
[2024-10-13T09:56:17.406+0000] {processor.py:914} INFO - Processing file /home/airflow/.local/lib/python3.12/site-packages/airflow/example_dags/example_setup_teardown.py for tasks to queue
[2024-10-13T09:56:17.411+0000] {logging_mixin.py:190} INFO - [2024-10-13T09:56:17.409+0000] {dagbag.py:588} INFO - Filling up the DagBag from /home/airflow/.local/lib/python3.12/site-packages/airflow/example_dags/example_setup_teardown.py
[2024-10-13T09:56:17.424+0000] {processor.py:925} INFO - DAG(s) 'example_setup_teardown' retrieved from /home/airflow/.local/lib/python3.12/site-packages/airflow/example_dags/example_setup_teardown.py
[2024-10-13T09:56:17.459+0000] {logging_mixin.py:190} INFO - [2024-10-13T09:56:17.459+0000] {dag.py:3239} INFO - Sync 1 DAGs
[2024-10-13T09:56:17.485+0000] {logging_mixin.py:190} INFO - [2024-10-13T09:56:17.485+0000] {dag.py:4180} INFO - Setting next_dagrun for example_setup_teardown to None, run_after=None
[2024-10-13T09:56:17.518+0000] {processor.py:208} INFO - Processing /home/airflow/.local/lib/python3.12/site-packages/airflow/example_dags/example_setup_teardown.py took 0.123 seconds
[2024-10-13T09:56:48.194+0000] {processor.py:186} INFO - Started process (PID=1508) to work on /home/airflow/.local/lib/python3.12/site-packages/airflow/example_dags/example_setup_teardown.py
[2024-10-13T09:56:48.195+0000] {processor.py:914} INFO - Processing file /home/airflow/.local/lib/python3.12/site-packages/airflow/example_dags/example_setup_teardown.py for tasks to queue
[2024-10-13T09:56:48.200+0000] {logging_mixin.py:190} INFO - [2024-10-13T09:56:48.199+0000] {dagbag.py:588} INFO - Filling up the DagBag from /home/airflow/.local/lib/python3.12/site-packages/airflow/example_dags/example_setup_teardown.py
[2024-10-13T09:56:48.222+0000] {processor.py:925} INFO - DAG(s) 'example_setup_teardown' retrieved from /home/airflow/.local/lib/python3.12/site-packages/airflow/example_dags/example_setup_teardown.py
[2024-10-13T09:56:48.267+0000] {logging_mixin.py:190} INFO - [2024-10-13T09:56:48.266+0000] {dag.py:3239} INFO - Sync 1 DAGs
[2024-10-13T09:56:48.323+0000] {logging_mixin.py:190} INFO - [2024-10-13T09:56:48.322+0000] {dag.py:4180} INFO - Setting next_dagrun for example_setup_teardown to None, run_after=None
[2024-10-13T09:56:48.443+0000] {processor.py:208} INFO - Processing /home/airflow/.local/lib/python3.12/site-packages/airflow/example_dags/example_setup_teardown.py took 0.261 seconds
[2024-10-13T09:57:27.337+0000] {processor.py:186} INFO - Started process (PID=1565) to work on /home/airflow/.local/lib/python3.12/site-packages/airflow/example_dags/example_setup_teardown.py
[2024-10-13T09:57:27.341+0000] {processor.py:914} INFO - Processing file /home/airflow/.local/lib/python3.12/site-packages/airflow/example_dags/example_setup_teardown.py for tasks to queue
[2024-10-13T09:57:27.352+0000] {logging_mixin.py:190} INFO - [2024-10-13T09:57:27.349+0000] {dagbag.py:588} INFO - Filling up the DagBag from /home/airflow/.local/lib/python3.12/site-packages/airflow/example_dags/example_setup_teardown.py
[2024-10-13T09:57:27.401+0000] {processor.py:925} INFO - DAG(s) 'example_setup_teardown' retrieved from /home/airflow/.local/lib/python3.12/site-packages/airflow/example_dags/example_setup_teardown.py
[2024-10-13T09:57:27.463+0000] {logging_mixin.py:190} INFO - [2024-10-13T09:57:27.462+0000] {dag.py:3239} INFO - Sync 1 DAGs
[2024-10-13T09:57:27.509+0000] {logging_mixin.py:190} INFO - [2024-10-13T09:57:27.508+0000] {dag.py:4180} INFO - Setting next_dagrun for example_setup_teardown to None, run_after=None
[2024-10-13T09:57:27.599+0000] {processor.py:208} INFO - Processing /home/airflow/.local/lib/python3.12/site-packages/airflow/example_dags/example_setup_teardown.py took 0.294 seconds
[2024-10-13T09:58:00.362+0000] {processor.py:186} INFO - Started process (PID=1627) to work on /home/airflow/.local/lib/python3.12/site-packages/airflow/example_dags/example_setup_teardown.py
[2024-10-13T09:58:00.365+0000] {processor.py:914} INFO - Processing file /home/airflow/.local/lib/python3.12/site-packages/airflow/example_dags/example_setup_teardown.py for tasks to queue
[2024-10-13T09:58:00.376+0000] {logging_mixin.py:190} INFO - [2024-10-13T09:58:00.374+0000] {dagbag.py:588} INFO - Filling up the DagBag from /home/airflow/.local/lib/python3.12/site-packages/airflow/example_dags/example_setup_teardown.py
[2024-10-13T09:58:00.395+0000] {processor.py:925} INFO - DAG(s) 'example_setup_teardown' retrieved from /home/airflow/.local/lib/python3.12/site-packages/airflow/example_dags/example_setup_teardown.py
[2024-10-13T09:58:00.444+0000] {logging_mixin.py:190} INFO - [2024-10-13T09:58:00.444+0000] {dag.py:3239} INFO - Sync 1 DAGs
[2024-10-13T09:58:00.482+0000] {logging_mixin.py:190} INFO - [2024-10-13T09:58:00.481+0000] {dag.py:4180} INFO - Setting next_dagrun for example_setup_teardown to None, run_after=None
[2024-10-13T09:58:00.526+0000] {processor.py:208} INFO - Processing /home/airflow/.local/lib/python3.12/site-packages/airflow/example_dags/example_setup_teardown.py took 0.181 seconds
[2024-10-13T09:58:31.873+0000] {processor.py:186} INFO - Started process (PID=1689) to work on /home/airflow/.local/lib/python3.12/site-packages/airflow/example_dags/example_setup_teardown.py
[2024-10-13T09:58:31.876+0000] {processor.py:914} INFO - Processing file /home/airflow/.local/lib/python3.12/site-packages/airflow/example_dags/example_setup_teardown.py for tasks to queue
[2024-10-13T09:58:31.880+0000] {logging_mixin.py:190} INFO - [2024-10-13T09:58:31.880+0000] {dagbag.py:588} INFO - Filling up the DagBag from /home/airflow/.local/lib/python3.12/site-packages/airflow/example_dags/example_setup_teardown.py
[2024-10-13T09:58:31.899+0000] {processor.py:925} INFO - DAG(s) 'example_setup_teardown' retrieved from /home/airflow/.local/lib/python3.12/site-packages/airflow/example_dags/example_setup_teardown.py
[2024-10-13T09:58:31.937+0000] {logging_mixin.py:190} INFO - [2024-10-13T09:58:31.937+0000] {dag.py:3239} INFO - Sync 1 DAGs
[2024-10-13T09:58:31.960+0000] {logging_mixin.py:190} INFO - [2024-10-13T09:58:31.960+0000] {dag.py:4180} INFO - Setting next_dagrun for example_setup_teardown to None, run_after=None
[2024-10-13T09:58:31.994+0000] {processor.py:208} INFO - Processing /home/airflow/.local/lib/python3.12/site-packages/airflow/example_dags/example_setup_teardown.py took 0.132 seconds
[2024-10-13T09:59:05.086+0000] {processor.py:186} INFO - Started process (PID=1750) to work on /home/airflow/.local/lib/python3.12/site-packages/airflow/example_dags/example_setup_teardown.py
[2024-10-13T09:59:05.098+0000] {processor.py:914} INFO - Processing file /home/airflow/.local/lib/python3.12/site-packages/airflow/example_dags/example_setup_teardown.py for tasks to queue
[2024-10-13T09:59:05.205+0000] {logging_mixin.py:190} INFO - [2024-10-13T09:59:05.204+0000] {dagbag.py:588} INFO - Filling up the DagBag from /home/airflow/.local/lib/python3.12/site-packages/airflow/example_dags/example_setup_teardown.py
[2024-10-13T09:59:05.340+0000] {processor.py:925} INFO - DAG(s) 'example_setup_teardown' retrieved from /home/airflow/.local/lib/python3.12/site-packages/airflow/example_dags/example_setup_teardown.py
[2024-10-13T09:59:05.444+0000] {logging_mixin.py:190} INFO - [2024-10-13T09:59:05.443+0000] {dag.py:3239} INFO - Sync 1 DAGs
[2024-10-13T09:59:05.497+0000] {logging_mixin.py:190} INFO - [2024-10-13T09:59:05.496+0000] {dag.py:4180} INFO - Setting next_dagrun for example_setup_teardown to None, run_after=None
[2024-10-13T09:59:05.546+0000] {processor.py:208} INFO - Processing /home/airflow/.local/lib/python3.12/site-packages/airflow/example_dags/example_setup_teardown.py took 0.472 seconds
[2024-10-13T09:59:38.883+0000] {processor.py:186} INFO - Started process (PID=1813) to work on /home/airflow/.local/lib/python3.12/site-packages/airflow/example_dags/example_setup_teardown.py
[2024-10-13T09:59:38.889+0000] {processor.py:914} INFO - Processing file /home/airflow/.local/lib/python3.12/site-packages/airflow/example_dags/example_setup_teardown.py for tasks to queue
[2024-10-13T09:59:38.897+0000] {logging_mixin.py:190} INFO - [2024-10-13T09:59:38.896+0000] {dagbag.py:588} INFO - Filling up the DagBag from /home/airflow/.local/lib/python3.12/site-packages/airflow/example_dags/example_setup_teardown.py
[2024-10-13T09:59:38.978+0000] {processor.py:925} INFO - DAG(s) 'example_setup_teardown' retrieved from /home/airflow/.local/lib/python3.12/site-packages/airflow/example_dags/example_setup_teardown.py
[2024-10-13T09:59:39.078+0000] {logging_mixin.py:190} INFO - [2024-10-13T09:59:39.064+0000] {dag.py:3239} INFO - Sync 1 DAGs
[2024-10-13T09:59:39.188+0000] {logging_mixin.py:190} INFO - [2024-10-13T09:59:39.186+0000] {dag.py:4180} INFO - Setting next_dagrun for example_setup_teardown to None, run_after=None
[2024-10-13T09:59:39.341+0000] {processor.py:208} INFO - Processing /home/airflow/.local/lib/python3.12/site-packages/airflow/example_dags/example_setup_teardown.py took 0.489 seconds
[2024-10-13T10:00:25.213+0000] {processor.py:186} INFO - Started process (PID=1883) to work on /home/airflow/.local/lib/python3.12/site-packages/airflow/example_dags/example_setup_teardown.py
[2024-10-13T10:00:25.215+0000] {processor.py:914} INFO - Processing file /home/airflow/.local/lib/python3.12/site-packages/airflow/example_dags/example_setup_teardown.py for tasks to queue
[2024-10-13T10:00:25.220+0000] {logging_mixin.py:190} INFO - [2024-10-13T10:00:25.220+0000] {dagbag.py:588} INFO - Filling up the DagBag from /home/airflow/.local/lib/python3.12/site-packages/airflow/example_dags/example_setup_teardown.py
[2024-10-13T10:00:25.241+0000] {processor.py:925} INFO - DAG(s) 'example_setup_teardown' retrieved from /home/airflow/.local/lib/python3.12/site-packages/airflow/example_dags/example_setup_teardown.py
[2024-10-13T10:00:25.297+0000] {logging_mixin.py:190} INFO - [2024-10-13T10:00:25.297+0000] {dag.py:3239} INFO - Sync 1 DAGs
[2024-10-13T10:00:25.332+0000] {logging_mixin.py:190} INFO - [2024-10-13T10:00:25.328+0000] {dag.py:4180} INFO - Setting next_dagrun for example_setup_teardown to None, run_after=None
[2024-10-13T10:00:25.379+0000] {processor.py:208} INFO - Processing /home/airflow/.local/lib/python3.12/site-packages/airflow/example_dags/example_setup_teardown.py took 0.180 seconds
[2024-10-13T10:06:02.900+0000] {processor.py:186} INFO - Started process (PID=75) to work on /home/airflow/.local/lib/python3.12/site-packages/airflow/example_dags/example_setup_teardown.py
[2024-10-13T10:06:02.906+0000] {processor.py:914} INFO - Processing file /home/airflow/.local/lib/python3.12/site-packages/airflow/example_dags/example_setup_teardown.py for tasks to queue
[2024-10-13T10:06:02.922+0000] {logging_mixin.py:190} INFO - [2024-10-13T10:06:02.922+0000] {dagbag.py:588} INFO - Filling up the DagBag from /home/airflow/.local/lib/python3.12/site-packages/airflow/example_dags/example_setup_teardown.py
[2024-10-13T10:06:03.071+0000] {processor.py:925} INFO - DAG(s) 'example_setup_teardown' retrieved from /home/airflow/.local/lib/python3.12/site-packages/airflow/example_dags/example_setup_teardown.py
[2024-10-13T10:06:03.221+0000] {logging_mixin.py:190} INFO - [2024-10-13T10:06:03.220+0000] {dag.py:3239} INFO - Sync 1 DAGs
[2024-10-13T10:06:03.267+0000] {logging_mixin.py:190} INFO - [2024-10-13T10:06:03.267+0000] {dag.py:4180} INFO - Setting next_dagrun for example_setup_teardown to None, run_after=None
[2024-10-13T10:06:03.352+0000] {processor.py:208} INFO - Processing /home/airflow/.local/lib/python3.12/site-packages/airflow/example_dags/example_setup_teardown.py took 0.553 seconds
[2024-10-13T10:07:16.639+0000] {processor.py:186} INFO - Started process (PID=144) to work on /home/airflow/.local/lib/python3.12/site-packages/airflow/example_dags/example_setup_teardown.py
[2024-10-13T10:07:16.645+0000] {processor.py:914} INFO - Processing file /home/airflow/.local/lib/python3.12/site-packages/airflow/example_dags/example_setup_teardown.py for tasks to queue
[2024-10-13T10:07:16.655+0000] {logging_mixin.py:190} INFO - [2024-10-13T10:07:16.655+0000] {dagbag.py:588} INFO - Filling up the DagBag from /home/airflow/.local/lib/python3.12/site-packages/airflow/example_dags/example_setup_teardown.py
[2024-10-13T10:07:16.722+0000] {processor.py:925} INFO - DAG(s) 'example_setup_teardown' retrieved from /home/airflow/.local/lib/python3.12/site-packages/airflow/example_dags/example_setup_teardown.py
[2024-10-13T10:07:16.878+0000] {logging_mixin.py:190} INFO - [2024-10-13T10:07:16.878+0000] {dag.py:3239} INFO - Sync 1 DAGs
[2024-10-13T10:07:16.914+0000] {logging_mixin.py:190} INFO - [2024-10-13T10:07:16.914+0000] {dag.py:4180} INFO - Setting next_dagrun for example_setup_teardown to None, run_after=None
[2024-10-13T10:07:16.963+0000] {processor.py:208} INFO - Processing /home/airflow/.local/lib/python3.12/site-packages/airflow/example_dags/example_setup_teardown.py took 0.389 seconds
[2024-10-13T10:07:51.645+0000] {processor.py:186} INFO - Started process (PID=211) to work on /home/airflow/.local/lib/python3.12/site-packages/airflow/example_dags/example_setup_teardown.py
[2024-10-13T10:07:51.652+0000] {processor.py:914} INFO - Processing file /home/airflow/.local/lib/python3.12/site-packages/airflow/example_dags/example_setup_teardown.py for tasks to queue
[2024-10-13T10:07:51.661+0000] {logging_mixin.py:190} INFO - [2024-10-13T10:07:51.660+0000] {dagbag.py:588} INFO - Filling up the DagBag from /home/airflow/.local/lib/python3.12/site-packages/airflow/example_dags/example_setup_teardown.py
[2024-10-13T10:07:51.778+0000] {processor.py:925} INFO - DAG(s) 'example_setup_teardown' retrieved from /home/airflow/.local/lib/python3.12/site-packages/airflow/example_dags/example_setup_teardown.py
[2024-10-13T10:07:51.896+0000] {logging_mixin.py:190} INFO - [2024-10-13T10:07:51.895+0000] {dag.py:3239} INFO - Sync 1 DAGs
[2024-10-13T10:07:52.027+0000] {logging_mixin.py:190} INFO - [2024-10-13T10:07:52.026+0000] {dag.py:4180} INFO - Setting next_dagrun for example_setup_teardown to None, run_after=None
[2024-10-13T10:07:52.292+0000] {processor.py:208} INFO - Processing /home/airflow/.local/lib/python3.12/site-packages/airflow/example_dags/example_setup_teardown.py took 0.667 seconds
[2024-10-13T10:08:34.308+0000] {processor.py:186} INFO - Started process (PID=274) to work on /home/airflow/.local/lib/python3.12/site-packages/airflow/example_dags/example_setup_teardown.py
[2024-10-13T10:08:34.322+0000] {processor.py:914} INFO - Processing file /home/airflow/.local/lib/python3.12/site-packages/airflow/example_dags/example_setup_teardown.py for tasks to queue
[2024-10-13T10:08:34.348+0000] {logging_mixin.py:190} INFO - [2024-10-13T10:08:34.346+0000] {dagbag.py:588} INFO - Filling up the DagBag from /home/airflow/.local/lib/python3.12/site-packages/airflow/example_dags/example_setup_teardown.py
[2024-10-13T10:08:34.602+0000] {processor.py:925} INFO - DAG(s) 'example_setup_teardown' retrieved from /home/airflow/.local/lib/python3.12/site-packages/airflow/example_dags/example_setup_teardown.py
[2024-10-13T10:08:34.912+0000] {logging_mixin.py:190} INFO - [2024-10-13T10:08:34.912+0000] {dag.py:3239} INFO - Sync 1 DAGs
[2024-10-13T10:08:35.127+0000] {logging_mixin.py:190} INFO - [2024-10-13T10:08:35.127+0000] {dag.py:4180} INFO - Setting next_dagrun for example_setup_teardown to None, run_after=None
[2024-10-13T10:08:35.231+0000] {processor.py:208} INFO - Processing /home/airflow/.local/lib/python3.12/site-packages/airflow/example_dags/example_setup_teardown.py took 1.049 seconds
[2024-10-13T10:09:06.762+0000] {processor.py:186} INFO - Started process (PID=335) to work on /home/airflow/.local/lib/python3.12/site-packages/airflow/example_dags/example_setup_teardown.py
[2024-10-13T10:09:06.767+0000] {processor.py:914} INFO - Processing file /home/airflow/.local/lib/python3.12/site-packages/airflow/example_dags/example_setup_teardown.py for tasks to queue
[2024-10-13T10:09:06.778+0000] {logging_mixin.py:190} INFO - [2024-10-13T10:09:06.778+0000] {dagbag.py:588} INFO - Filling up the DagBag from /home/airflow/.local/lib/python3.12/site-packages/airflow/example_dags/example_setup_teardown.py
[2024-10-13T10:09:06.828+0000] {processor.py:925} INFO - DAG(s) 'example_setup_teardown' retrieved from /home/airflow/.local/lib/python3.12/site-packages/airflow/example_dags/example_setup_teardown.py
[2024-10-13T10:09:06.982+0000] {logging_mixin.py:190} INFO - [2024-10-13T10:09:06.982+0000] {dag.py:3239} INFO - Sync 1 DAGs
[2024-10-13T10:09:07.161+0000] {logging_mixin.py:190} INFO - [2024-10-13T10:09:07.160+0000] {dag.py:4180} INFO - Setting next_dagrun for example_setup_teardown to None, run_after=None
[2024-10-13T10:09:07.310+0000] {processor.py:208} INFO - Processing /home/airflow/.local/lib/python3.12/site-packages/airflow/example_dags/example_setup_teardown.py took 0.574 seconds
[2024-10-13T10:09:41.387+0000] {processor.py:186} INFO - Started process (PID=397) to work on /home/airflow/.local/lib/python3.12/site-packages/airflow/example_dags/example_setup_teardown.py
[2024-10-13T10:09:41.398+0000] {processor.py:914} INFO - Processing file /home/airflow/.local/lib/python3.12/site-packages/airflow/example_dags/example_setup_teardown.py for tasks to queue
[2024-10-13T10:09:41.420+0000] {logging_mixin.py:190} INFO - [2024-10-13T10:09:41.419+0000] {dagbag.py:588} INFO - Filling up the DagBag from /home/airflow/.local/lib/python3.12/site-packages/airflow/example_dags/example_setup_teardown.py
[2024-10-13T10:09:41.488+0000] {processor.py:925} INFO - DAG(s) 'example_setup_teardown' retrieved from /home/airflow/.local/lib/python3.12/site-packages/airflow/example_dags/example_setup_teardown.py
[2024-10-13T10:09:41.618+0000] {logging_mixin.py:190} INFO - [2024-10-13T10:09:41.617+0000] {dag.py:3239} INFO - Sync 1 DAGs
[2024-10-13T10:09:41.661+0000] {logging_mixin.py:190} INFO - [2024-10-13T10:09:41.661+0000] {dag.py:4180} INFO - Setting next_dagrun for example_setup_teardown to None, run_after=None
[2024-10-13T10:09:41.712+0000] {processor.py:208} INFO - Processing /home/airflow/.local/lib/python3.12/site-packages/airflow/example_dags/example_setup_teardown.py took 0.395 seconds
[2024-10-13T10:10:14.215+0000] {processor.py:186} INFO - Started process (PID=449) to work on /home/airflow/.local/lib/python3.12/site-packages/airflow/example_dags/example_setup_teardown.py
[2024-10-13T10:10:14.217+0000] {processor.py:914} INFO - Processing file /home/airflow/.local/lib/python3.12/site-packages/airflow/example_dags/example_setup_teardown.py for tasks to queue
[2024-10-13T10:10:14.221+0000] {logging_mixin.py:190} INFO - [2024-10-13T10:10:14.221+0000] {dagbag.py:588} INFO - Filling up the DagBag from /home/airflow/.local/lib/python3.12/site-packages/airflow/example_dags/example_setup_teardown.py
[2024-10-13T10:10:14.236+0000] {processor.py:925} INFO - DAG(s) 'example_setup_teardown' retrieved from /home/airflow/.local/lib/python3.12/site-packages/airflow/example_dags/example_setup_teardown.py
[2024-10-13T10:10:14.287+0000] {logging_mixin.py:190} INFO - [2024-10-13T10:10:14.287+0000] {dag.py:3239} INFO - Sync 1 DAGs
[2024-10-13T10:10:14.329+0000] {logging_mixin.py:190} INFO - [2024-10-13T10:10:14.329+0000] {dag.py:4180} INFO - Setting next_dagrun for example_setup_teardown to None, run_after=None
[2024-10-13T10:10:14.377+0000] {processor.py:208} INFO - Processing /home/airflow/.local/lib/python3.12/site-packages/airflow/example_dags/example_setup_teardown.py took 0.184 seconds
[2024-10-13T10:10:44.641+0000] {processor.py:186} INFO - Started process (PID=511) to work on /home/airflow/.local/lib/python3.12/site-packages/airflow/example_dags/example_setup_teardown.py
[2024-10-13T10:10:44.643+0000] {processor.py:914} INFO - Processing file /home/airflow/.local/lib/python3.12/site-packages/airflow/example_dags/example_setup_teardown.py for tasks to queue
[2024-10-13T10:10:44.649+0000] {logging_mixin.py:190} INFO - [2024-10-13T10:10:44.648+0000] {dagbag.py:588} INFO - Filling up the DagBag from /home/airflow/.local/lib/python3.12/site-packages/airflow/example_dags/example_setup_teardown.py
[2024-10-13T10:10:44.667+0000] {processor.py:925} INFO - DAG(s) 'example_setup_teardown' retrieved from /home/airflow/.local/lib/python3.12/site-packages/airflow/example_dags/example_setup_teardown.py
[2024-10-13T10:10:44.706+0000] {logging_mixin.py:190} INFO - [2024-10-13T10:10:44.705+0000] {dag.py:3239} INFO - Sync 1 DAGs
[2024-10-13T10:10:44.739+0000] {logging_mixin.py:190} INFO - [2024-10-13T10:10:44.739+0000] {dag.py:4180} INFO - Setting next_dagrun for example_setup_teardown to None, run_after=None
[2024-10-13T10:10:44.787+0000] {processor.py:208} INFO - Processing /home/airflow/.local/lib/python3.12/site-packages/airflow/example_dags/example_setup_teardown.py took 0.156 seconds
[2024-10-13T10:11:19.945+0000] {processor.py:186} INFO - Started process (PID=573) to work on /home/airflow/.local/lib/python3.12/site-packages/airflow/example_dags/example_setup_teardown.py
[2024-10-13T10:11:19.947+0000] {processor.py:914} INFO - Processing file /home/airflow/.local/lib/python3.12/site-packages/airflow/example_dags/example_setup_teardown.py for tasks to queue
[2024-10-13T10:11:19.953+0000] {logging_mixin.py:190} INFO - [2024-10-13T10:11:19.952+0000] {dagbag.py:588} INFO - Filling up the DagBag from /home/airflow/.local/lib/python3.12/site-packages/airflow/example_dags/example_setup_teardown.py
[2024-10-13T10:11:19.972+0000] {processor.py:925} INFO - DAG(s) 'example_setup_teardown' retrieved from /home/airflow/.local/lib/python3.12/site-packages/airflow/example_dags/example_setup_teardown.py
[2024-10-13T10:11:20.031+0000] {logging_mixin.py:190} INFO - [2024-10-13T10:11:20.031+0000] {dag.py:3239} INFO - Sync 1 DAGs
[2024-10-13T10:11:20.067+0000] {logging_mixin.py:190} INFO - [2024-10-13T10:11:20.067+0000] {dag.py:4180} INFO - Setting next_dagrun for example_setup_teardown to None, run_after=None
[2024-10-13T10:11:20.152+0000] {processor.py:208} INFO - Processing /home/airflow/.local/lib/python3.12/site-packages/airflow/example_dags/example_setup_teardown.py took 0.234 seconds
[2024-10-13T10:11:50.961+0000] {processor.py:186} INFO - Started process (PID=634) to work on /home/airflow/.local/lib/python3.12/site-packages/airflow/example_dags/example_setup_teardown.py
[2024-10-13T10:11:50.965+0000] {processor.py:914} INFO - Processing file /home/airflow/.local/lib/python3.12/site-packages/airflow/example_dags/example_setup_teardown.py for tasks to queue
[2024-10-13T10:11:50.970+0000] {logging_mixin.py:190} INFO - [2024-10-13T10:11:50.969+0000] {dagbag.py:588} INFO - Filling up the DagBag from /home/airflow/.local/lib/python3.12/site-packages/airflow/example_dags/example_setup_teardown.py
[2024-10-13T10:11:50.990+0000] {processor.py:925} INFO - DAG(s) 'example_setup_teardown' retrieved from /home/airflow/.local/lib/python3.12/site-packages/airflow/example_dags/example_setup_teardown.py
[2024-10-13T10:11:51.039+0000] {logging_mixin.py:190} INFO - [2024-10-13T10:11:51.038+0000] {dag.py:3239} INFO - Sync 1 DAGs
[2024-10-13T10:11:51.074+0000] {logging_mixin.py:190} INFO - [2024-10-13T10:11:51.074+0000] {dag.py:4180} INFO - Setting next_dagrun for example_setup_teardown to None, run_after=None
[2024-10-13T10:11:51.123+0000] {processor.py:208} INFO - Processing /home/airflow/.local/lib/python3.12/site-packages/airflow/example_dags/example_setup_teardown.py took 0.173 seconds
[2024-10-13T10:12:22.038+0000] {processor.py:186} INFO - Started process (PID=696) to work on /home/airflow/.local/lib/python3.12/site-packages/airflow/example_dags/example_setup_teardown.py
[2024-10-13T10:12:22.042+0000] {processor.py:914} INFO - Processing file /home/airflow/.local/lib/python3.12/site-packages/airflow/example_dags/example_setup_teardown.py for tasks to queue
[2024-10-13T10:12:22.087+0000] {logging_mixin.py:190} INFO - [2024-10-13T10:12:22.085+0000] {dagbag.py:588} INFO - Filling up the DagBag from /home/airflow/.local/lib/python3.12/site-packages/airflow/example_dags/example_setup_teardown.py
[2024-10-13T10:12:22.129+0000] {processor.py:925} INFO - DAG(s) 'example_setup_teardown' retrieved from /home/airflow/.local/lib/python3.12/site-packages/airflow/example_dags/example_setup_teardown.py
[2024-10-13T10:12:22.341+0000] {logging_mixin.py:190} INFO - [2024-10-13T10:12:22.336+0000] {dag.py:3239} INFO - Sync 1 DAGs
[2024-10-13T10:12:22.412+0000] {logging_mixin.py:190} INFO - [2024-10-13T10:12:22.411+0000] {dag.py:4180} INFO - Setting next_dagrun for example_setup_teardown to None, run_after=None
[2024-10-13T10:12:22.527+0000] {processor.py:208} INFO - Processing /home/airflow/.local/lib/python3.12/site-packages/airflow/example_dags/example_setup_teardown.py took 0.570 seconds
[2024-10-13T10:12:52.789+0000] {processor.py:186} INFO - Started process (PID=758) to work on /home/airflow/.local/lib/python3.12/site-packages/airflow/example_dags/example_setup_teardown.py
[2024-10-13T10:12:52.792+0000] {processor.py:914} INFO - Processing file /home/airflow/.local/lib/python3.12/site-packages/airflow/example_dags/example_setup_teardown.py for tasks to queue
[2024-10-13T10:12:52.798+0000] {logging_mixin.py:190} INFO - [2024-10-13T10:12:52.797+0000] {dagbag.py:588} INFO - Filling up the DagBag from /home/airflow/.local/lib/python3.12/site-packages/airflow/example_dags/example_setup_teardown.py
[2024-10-13T10:12:52.819+0000] {processor.py:925} INFO - DAG(s) 'example_setup_teardown' retrieved from /home/airflow/.local/lib/python3.12/site-packages/airflow/example_dags/example_setup_teardown.py
[2024-10-13T10:12:52.864+0000] {logging_mixin.py:190} INFO - [2024-10-13T10:12:52.863+0000] {dag.py:3239} INFO - Sync 1 DAGs
[2024-10-13T10:12:52.900+0000] {logging_mixin.py:190} INFO - [2024-10-13T10:12:52.899+0000] {dag.py:4180} INFO - Setting next_dagrun for example_setup_teardown to None, run_after=None
[2024-10-13T10:12:52.939+0000] {processor.py:208} INFO - Processing /home/airflow/.local/lib/python3.12/site-packages/airflow/example_dags/example_setup_teardown.py took 0.165 seconds
[2024-10-13T10:13:23.009+0000] {processor.py:186} INFO - Started process (PID=820) to work on /home/airflow/.local/lib/python3.12/site-packages/airflow/example_dags/example_setup_teardown.py
[2024-10-13T10:13:23.011+0000] {processor.py:914} INFO - Processing file /home/airflow/.local/lib/python3.12/site-packages/airflow/example_dags/example_setup_teardown.py for tasks to queue
[2024-10-13T10:13:23.016+0000] {logging_mixin.py:190} INFO - [2024-10-13T10:13:23.015+0000] {dagbag.py:588} INFO - Filling up the DagBag from /home/airflow/.local/lib/python3.12/site-packages/airflow/example_dags/example_setup_teardown.py
[2024-10-13T10:13:23.038+0000] {processor.py:925} INFO - DAG(s) 'example_setup_teardown' retrieved from /home/airflow/.local/lib/python3.12/site-packages/airflow/example_dags/example_setup_teardown.py
[2024-10-13T10:13:23.083+0000] {logging_mixin.py:190} INFO - [2024-10-13T10:13:23.083+0000] {dag.py:3239} INFO - Sync 1 DAGs
[2024-10-13T10:13:23.133+0000] {logging_mixin.py:190} INFO - [2024-10-13T10:13:23.132+0000] {dag.py:4180} INFO - Setting next_dagrun for example_setup_teardown to None, run_after=None
[2024-10-13T10:13:23.179+0000] {processor.py:208} INFO - Processing /home/airflow/.local/lib/python3.12/site-packages/airflow/example_dags/example_setup_teardown.py took 0.182 seconds
[2024-10-13T10:13:53.480+0000] {processor.py:186} INFO - Started process (PID=882) to work on /home/airflow/.local/lib/python3.12/site-packages/airflow/example_dags/example_setup_teardown.py
[2024-10-13T10:13:53.482+0000] {processor.py:914} INFO - Processing file /home/airflow/.local/lib/python3.12/site-packages/airflow/example_dags/example_setup_teardown.py for tasks to queue
[2024-10-13T10:13:53.487+0000] {logging_mixin.py:190} INFO - [2024-10-13T10:13:53.486+0000] {dagbag.py:588} INFO - Filling up the DagBag from /home/airflow/.local/lib/python3.12/site-packages/airflow/example_dags/example_setup_teardown.py
[2024-10-13T10:13:53.501+0000] {processor.py:925} INFO - DAG(s) 'example_setup_teardown' retrieved from /home/airflow/.local/lib/python3.12/site-packages/airflow/example_dags/example_setup_teardown.py
[2024-10-13T10:13:53.540+0000] {logging_mixin.py:190} INFO - [2024-10-13T10:13:53.539+0000] {dag.py:3239} INFO - Sync 1 DAGs
[2024-10-13T10:13:53.565+0000] {logging_mixin.py:190} INFO - [2024-10-13T10:13:53.565+0000] {dag.py:4180} INFO - Setting next_dagrun for example_setup_teardown to None, run_after=None
[2024-10-13T10:13:53.601+0000] {processor.py:208} INFO - Processing /home/airflow/.local/lib/python3.12/site-packages/airflow/example_dags/example_setup_teardown.py took 0.132 seconds
[2024-10-13T10:14:23.780+0000] {processor.py:186} INFO - Started process (PID=944) to work on /home/airflow/.local/lib/python3.12/site-packages/airflow/example_dags/example_setup_teardown.py
[2024-10-13T10:14:23.782+0000] {processor.py:914} INFO - Processing file /home/airflow/.local/lib/python3.12/site-packages/airflow/example_dags/example_setup_teardown.py for tasks to queue
[2024-10-13T10:14:23.787+0000] {logging_mixin.py:190} INFO - [2024-10-13T10:14:23.786+0000] {dagbag.py:588} INFO - Filling up the DagBag from /home/airflow/.local/lib/python3.12/site-packages/airflow/example_dags/example_setup_teardown.py
[2024-10-13T10:14:23.801+0000] {processor.py:925} INFO - DAG(s) 'example_setup_teardown' retrieved from /home/airflow/.local/lib/python3.12/site-packages/airflow/example_dags/example_setup_teardown.py
[2024-10-13T10:14:23.840+0000] {logging_mixin.py:190} INFO - [2024-10-13T10:14:23.840+0000] {dag.py:3239} INFO - Sync 1 DAGs
[2024-10-13T10:14:23.866+0000] {logging_mixin.py:190} INFO - [2024-10-13T10:14:23.866+0000] {dag.py:4180} INFO - Setting next_dagrun for example_setup_teardown to None, run_after=None
[2024-10-13T10:14:23.913+0000] {processor.py:208} INFO - Processing /home/airflow/.local/lib/python3.12/site-packages/airflow/example_dags/example_setup_teardown.py took 0.143 seconds
[2024-10-13T10:14:57.440+0000] {processor.py:186} INFO - Started process (PID=1009) to work on /home/airflow/.local/lib/python3.12/site-packages/airflow/example_dags/example_setup_teardown.py
[2024-10-13T10:14:57.442+0000] {processor.py:914} INFO - Processing file /home/airflow/.local/lib/python3.12/site-packages/airflow/example_dags/example_setup_teardown.py for tasks to queue
[2024-10-13T10:14:57.447+0000] {logging_mixin.py:190} INFO - [2024-10-13T10:14:57.446+0000] {dagbag.py:588} INFO - Filling up the DagBag from /home/airflow/.local/lib/python3.12/site-packages/airflow/example_dags/example_setup_teardown.py
[2024-10-13T10:14:57.463+0000] {processor.py:925} INFO - DAG(s) 'example_setup_teardown' retrieved from /home/airflow/.local/lib/python3.12/site-packages/airflow/example_dags/example_setup_teardown.py
[2024-10-13T10:14:57.505+0000] {logging_mixin.py:190} INFO - [2024-10-13T10:14:57.505+0000] {dag.py:3239} INFO - Sync 1 DAGs
[2024-10-13T10:14:57.538+0000] {logging_mixin.py:190} INFO - [2024-10-13T10:14:57.538+0000] {dag.py:4180} INFO - Setting next_dagrun for example_setup_teardown to None, run_after=None
[2024-10-13T10:14:57.591+0000] {processor.py:208} INFO - Processing /home/airflow/.local/lib/python3.12/site-packages/airflow/example_dags/example_setup_teardown.py took 0.164 seconds
[2024-10-13T10:15:34.910+0000] {processor.py:186} INFO - Started process (PID=1071) to work on /home/airflow/.local/lib/python3.12/site-packages/airflow/example_dags/example_setup_teardown.py
[2024-10-13T10:15:34.914+0000] {processor.py:914} INFO - Processing file /home/airflow/.local/lib/python3.12/site-packages/airflow/example_dags/example_setup_teardown.py for tasks to queue
[2024-10-13T10:15:34.926+0000] {logging_mixin.py:190} INFO - [2024-10-13T10:15:34.925+0000] {dagbag.py:588} INFO - Filling up the DagBag from /home/airflow/.local/lib/python3.12/site-packages/airflow/example_dags/example_setup_teardown.py
[2024-10-13T10:15:34.949+0000] {processor.py:925} INFO - DAG(s) 'example_setup_teardown' retrieved from /home/airflow/.local/lib/python3.12/site-packages/airflow/example_dags/example_setup_teardown.py
[2024-10-13T10:15:35.012+0000] {logging_mixin.py:190} INFO - [2024-10-13T10:15:35.011+0000] {dag.py:3239} INFO - Sync 1 DAGs
[2024-10-13T10:15:35.056+0000] {logging_mixin.py:190} INFO - [2024-10-13T10:15:35.055+0000] {dag.py:4180} INFO - Setting next_dagrun for example_setup_teardown to None, run_after=None
[2024-10-13T10:15:35.118+0000] {processor.py:208} INFO - Processing /home/airflow/.local/lib/python3.12/site-packages/airflow/example_dags/example_setup_teardown.py took 0.237 seconds
[2024-10-13T10:16:05.423+0000] {processor.py:186} INFO - Started process (PID=1133) to work on /home/airflow/.local/lib/python3.12/site-packages/airflow/example_dags/example_setup_teardown.py
[2024-10-13T10:16:05.435+0000] {processor.py:914} INFO - Processing file /home/airflow/.local/lib/python3.12/site-packages/airflow/example_dags/example_setup_teardown.py for tasks to queue
[2024-10-13T10:16:05.459+0000] {logging_mixin.py:190} INFO - [2024-10-13T10:16:05.454+0000] {dagbag.py:588} INFO - Filling up the DagBag from /home/airflow/.local/lib/python3.12/site-packages/airflow/example_dags/example_setup_teardown.py
[2024-10-13T10:16:05.522+0000] {processor.py:925} INFO - DAG(s) 'example_setup_teardown' retrieved from /home/airflow/.local/lib/python3.12/site-packages/airflow/example_dags/example_setup_teardown.py
[2024-10-13T10:16:05.646+0000] {logging_mixin.py:190} INFO - [2024-10-13T10:16:05.646+0000] {dag.py:3239} INFO - Sync 1 DAGs
[2024-10-13T10:16:05.749+0000] {logging_mixin.py:190} INFO - [2024-10-13T10:16:05.748+0000] {dag.py:4180} INFO - Setting next_dagrun for example_setup_teardown to None, run_after=None
[2024-10-13T10:16:05.864+0000] {processor.py:208} INFO - Processing /home/airflow/.local/lib/python3.12/site-packages/airflow/example_dags/example_setup_teardown.py took 0.492 seconds
[2024-10-13T10:16:36.078+0000] {processor.py:186} INFO - Started process (PID=1195) to work on /home/airflow/.local/lib/python3.12/site-packages/airflow/example_dags/example_setup_teardown.py
[2024-10-13T10:16:36.080+0000] {processor.py:914} INFO - Processing file /home/airflow/.local/lib/python3.12/site-packages/airflow/example_dags/example_setup_teardown.py for tasks to queue
[2024-10-13T10:16:36.086+0000] {logging_mixin.py:190} INFO - [2024-10-13T10:16:36.085+0000] {dagbag.py:588} INFO - Filling up the DagBag from /home/airflow/.local/lib/python3.12/site-packages/airflow/example_dags/example_setup_teardown.py
[2024-10-13T10:16:36.103+0000] {processor.py:925} INFO - DAG(s) 'example_setup_teardown' retrieved from /home/airflow/.local/lib/python3.12/site-packages/airflow/example_dags/example_setup_teardown.py
[2024-10-13T10:16:36.138+0000] {logging_mixin.py:190} INFO - [2024-10-13T10:16:36.137+0000] {dag.py:3239} INFO - Sync 1 DAGs
[2024-10-13T10:16:36.162+0000] {logging_mixin.py:190} INFO - [2024-10-13T10:16:36.162+0000] {dag.py:4180} INFO - Setting next_dagrun for example_setup_teardown to None, run_after=None
[2024-10-13T10:16:36.197+0000] {processor.py:208} INFO - Processing /home/airflow/.local/lib/python3.12/site-packages/airflow/example_dags/example_setup_teardown.py took 0.130 seconds
[2024-10-13T10:17:06.302+0000] {processor.py:186} INFO - Started process (PID=1257) to work on /home/airflow/.local/lib/python3.12/site-packages/airflow/example_dags/example_setup_teardown.py
[2024-10-13T10:17:06.303+0000] {processor.py:914} INFO - Processing file /home/airflow/.local/lib/python3.12/site-packages/airflow/example_dags/example_setup_teardown.py for tasks to queue
[2024-10-13T10:17:06.307+0000] {logging_mixin.py:190} INFO - [2024-10-13T10:17:06.307+0000] {dagbag.py:588} INFO - Filling up the DagBag from /home/airflow/.local/lib/python3.12/site-packages/airflow/example_dags/example_setup_teardown.py
[2024-10-13T10:17:06.321+0000] {processor.py:925} INFO - DAG(s) 'example_setup_teardown' retrieved from /home/airflow/.local/lib/python3.12/site-packages/airflow/example_dags/example_setup_teardown.py
[2024-10-13T10:17:06.356+0000] {logging_mixin.py:190} INFO - [2024-10-13T10:17:06.355+0000] {dag.py:3239} INFO - Sync 1 DAGs
[2024-10-13T10:17:06.379+0000] {logging_mixin.py:190} INFO - [2024-10-13T10:17:06.378+0000] {dag.py:4180} INFO - Setting next_dagrun for example_setup_teardown to None, run_after=None
[2024-10-13T10:17:06.412+0000] {processor.py:208} INFO - Processing /home/airflow/.local/lib/python3.12/site-packages/airflow/example_dags/example_setup_teardown.py took 0.120 seconds
[2024-10-13T10:17:36.631+0000] {processor.py:186} INFO - Started process (PID=1319) to work on /home/airflow/.local/lib/python3.12/site-packages/airflow/example_dags/example_setup_teardown.py
[2024-10-13T10:17:36.633+0000] {processor.py:914} INFO - Processing file /home/airflow/.local/lib/python3.12/site-packages/airflow/example_dags/example_setup_teardown.py for tasks to queue
[2024-10-13T10:17:36.638+0000] {logging_mixin.py:190} INFO - [2024-10-13T10:17:36.637+0000] {dagbag.py:588} INFO - Filling up the DagBag from /home/airflow/.local/lib/python3.12/site-packages/airflow/example_dags/example_setup_teardown.py
[2024-10-13T10:17:36.653+0000] {processor.py:925} INFO - DAG(s) 'example_setup_teardown' retrieved from /home/airflow/.local/lib/python3.12/site-packages/airflow/example_dags/example_setup_teardown.py
[2024-10-13T10:17:36.691+0000] {logging_mixin.py:190} INFO - [2024-10-13T10:17:36.691+0000] {dag.py:3239} INFO - Sync 1 DAGs
[2024-10-13T10:17:36.721+0000] {logging_mixin.py:190} INFO - [2024-10-13T10:17:36.721+0000] {dag.py:4180} INFO - Setting next_dagrun for example_setup_teardown to None, run_after=None
[2024-10-13T10:17:36.760+0000] {processor.py:208} INFO - Processing /home/airflow/.local/lib/python3.12/site-packages/airflow/example_dags/example_setup_teardown.py took 0.145 seconds
[2024-10-13T10:18:07.700+0000] {processor.py:186} INFO - Started process (PID=1380) to work on /home/airflow/.local/lib/python3.12/site-packages/airflow/example_dags/example_setup_teardown.py
[2024-10-13T10:18:07.702+0000] {processor.py:914} INFO - Processing file /home/airflow/.local/lib/python3.12/site-packages/airflow/example_dags/example_setup_teardown.py for tasks to queue
[2024-10-13T10:18:07.707+0000] {logging_mixin.py:190} INFO - [2024-10-13T10:18:07.706+0000] {dagbag.py:588} INFO - Filling up the DagBag from /home/airflow/.local/lib/python3.12/site-packages/airflow/example_dags/example_setup_teardown.py
[2024-10-13T10:18:07.722+0000] {processor.py:925} INFO - DAG(s) 'example_setup_teardown' retrieved from /home/airflow/.local/lib/python3.12/site-packages/airflow/example_dags/example_setup_teardown.py
[2024-10-13T10:18:07.763+0000] {logging_mixin.py:190} INFO - [2024-10-13T10:18:07.763+0000] {dag.py:3239} INFO - Sync 1 DAGs
[2024-10-13T10:18:07.804+0000] {logging_mixin.py:190} INFO - [2024-10-13T10:18:07.803+0000] {dag.py:4180} INFO - Setting next_dagrun for example_setup_teardown to None, run_after=None
[2024-10-13T10:18:07.899+0000] {processor.py:208} INFO - Processing /home/airflow/.local/lib/python3.12/site-packages/airflow/example_dags/example_setup_teardown.py took 0.210 seconds
[2024-10-13T10:18:47.579+0000] {processor.py:186} INFO - Started process (PID=1442) to work on /home/airflow/.local/lib/python3.12/site-packages/airflow/example_dags/example_setup_teardown.py
[2024-10-13T10:18:47.596+0000] {processor.py:914} INFO - Processing file /home/airflow/.local/lib/python3.12/site-packages/airflow/example_dags/example_setup_teardown.py for tasks to queue
[2024-10-13T10:18:47.750+0000] {logging_mixin.py:190} INFO - [2024-10-13T10:18:47.731+0000] {dagbag.py:588} INFO - Filling up the DagBag from /home/airflow/.local/lib/python3.12/site-packages/airflow/example_dags/example_setup_teardown.py
[2024-10-13T10:18:47.839+0000] {processor.py:925} INFO - DAG(s) 'example_setup_teardown' retrieved from /home/airflow/.local/lib/python3.12/site-packages/airflow/example_dags/example_setup_teardown.py
[2024-10-13T10:18:48.026+0000] {logging_mixin.py:190} INFO - [2024-10-13T10:18:48.025+0000] {dag.py:3239} INFO - Sync 1 DAGs
[2024-10-13T10:18:48.931+0000] {logging_mixin.py:190} INFO - [2024-10-13T10:18:48.833+0000] {dag.py:4180} INFO - Setting next_dagrun for example_setup_teardown to None, run_after=None
[2024-10-13T10:18:49.767+0000] {processor.py:208} INFO - Processing /home/airflow/.local/lib/python3.12/site-packages/airflow/example_dags/example_setup_teardown.py took 2.256 seconds
[2024-10-13T10:19:31.794+0000] {processor.py:186} INFO - Started process (PID=1502) to work on /home/airflow/.local/lib/python3.12/site-packages/airflow/example_dags/example_setup_teardown.py
[2024-10-13T10:19:31.797+0000] {processor.py:914} INFO - Processing file /home/airflow/.local/lib/python3.12/site-packages/airflow/example_dags/example_setup_teardown.py for tasks to queue
[2024-10-13T10:19:31.805+0000] {logging_mixin.py:190} INFO - [2024-10-13T10:19:31.803+0000] {dagbag.py:588} INFO - Filling up the DagBag from /home/airflow/.local/lib/python3.12/site-packages/airflow/example_dags/example_setup_teardown.py
[2024-10-13T10:19:31.829+0000] {processor.py:925} INFO - DAG(s) 'example_setup_teardown' retrieved from /home/airflow/.local/lib/python3.12/site-packages/airflow/example_dags/example_setup_teardown.py
[2024-10-13T10:19:31.871+0000] {logging_mixin.py:190} INFO - [2024-10-13T10:19:31.870+0000] {dag.py:3239} INFO - Sync 1 DAGs
[2024-10-13T10:19:31.908+0000] {logging_mixin.py:190} INFO - [2024-10-13T10:19:31.908+0000] {dag.py:4180} INFO - Setting next_dagrun for example_setup_teardown to None, run_after=None
[2024-10-13T10:19:31.961+0000] {processor.py:208} INFO - Processing /home/airflow/.local/lib/python3.12/site-packages/airflow/example_dags/example_setup_teardown.py took 0.182 seconds
[2024-10-13T10:20:02.670+0000] {processor.py:186} INFO - Started process (PID=1563) to work on /home/airflow/.local/lib/python3.12/site-packages/airflow/example_dags/example_setup_teardown.py
[2024-10-13T10:20:02.674+0000] {processor.py:914} INFO - Processing file /home/airflow/.local/lib/python3.12/site-packages/airflow/example_dags/example_setup_teardown.py for tasks to queue
[2024-10-13T10:20:02.683+0000] {logging_mixin.py:190} INFO - [2024-10-13T10:20:02.681+0000] {dagbag.py:588} INFO - Filling up the DagBag from /home/airflow/.local/lib/python3.12/site-packages/airflow/example_dags/example_setup_teardown.py
[2024-10-13T10:20:02.704+0000] {processor.py:925} INFO - DAG(s) 'example_setup_teardown' retrieved from /home/airflow/.local/lib/python3.12/site-packages/airflow/example_dags/example_setup_teardown.py
[2024-10-13T10:20:02.755+0000] {logging_mixin.py:190} INFO - [2024-10-13T10:20:02.755+0000] {dag.py:3239} INFO - Sync 1 DAGs
[2024-10-13T10:20:02.790+0000] {logging_mixin.py:190} INFO - [2024-10-13T10:20:02.790+0000] {dag.py:4180} INFO - Setting next_dagrun for example_setup_teardown to None, run_after=None
[2024-10-13T10:20:02.844+0000] {processor.py:208} INFO - Processing /home/airflow/.local/lib/python3.12/site-packages/airflow/example_dags/example_setup_teardown.py took 0.198 seconds
[2024-10-13T10:20:33.892+0000] {processor.py:186} INFO - Started process (PID=1624) to work on /home/airflow/.local/lib/python3.12/site-packages/airflow/example_dags/example_setup_teardown.py
[2024-10-13T10:20:33.894+0000] {processor.py:914} INFO - Processing file /home/airflow/.local/lib/python3.12/site-packages/airflow/example_dags/example_setup_teardown.py for tasks to queue
[2024-10-13T10:20:33.901+0000] {logging_mixin.py:190} INFO - [2024-10-13T10:20:33.900+0000] {dagbag.py:588} INFO - Filling up the DagBag from /home/airflow/.local/lib/python3.12/site-packages/airflow/example_dags/example_setup_teardown.py
[2024-10-13T10:20:33.921+0000] {processor.py:925} INFO - DAG(s) 'example_setup_teardown' retrieved from /home/airflow/.local/lib/python3.12/site-packages/airflow/example_dags/example_setup_teardown.py
[2024-10-13T10:20:33.976+0000] {logging_mixin.py:190} INFO - [2024-10-13T10:20:33.976+0000] {dag.py:3239} INFO - Sync 1 DAGs
[2024-10-13T10:20:34.017+0000] {logging_mixin.py:190} INFO - [2024-10-13T10:20:34.016+0000] {dag.py:4180} INFO - Setting next_dagrun for example_setup_teardown to None, run_after=None
[2024-10-13T10:20:34.064+0000] {processor.py:208} INFO - Processing /home/airflow/.local/lib/python3.12/site-packages/airflow/example_dags/example_setup_teardown.py took 0.188 seconds
[2024-10-13T10:21:05.018+0000] {processor.py:186} INFO - Started process (PID=1686) to work on /home/airflow/.local/lib/python3.12/site-packages/airflow/example_dags/example_setup_teardown.py
[2024-10-13T10:21:05.037+0000] {processor.py:914} INFO - Processing file /home/airflow/.local/lib/python3.12/site-packages/airflow/example_dags/example_setup_teardown.py for tasks to queue
[2024-10-13T10:21:05.076+0000] {logging_mixin.py:190} INFO - [2024-10-13T10:21:05.062+0000] {dagbag.py:588} INFO - Filling up the DagBag from /home/airflow/.local/lib/python3.12/site-packages/airflow/example_dags/example_setup_teardown.py
[2024-10-13T10:21:05.101+0000] {processor.py:925} INFO - DAG(s) 'example_setup_teardown' retrieved from /home/airflow/.local/lib/python3.12/site-packages/airflow/example_dags/example_setup_teardown.py
[2024-10-13T10:21:05.156+0000] {logging_mixin.py:190} INFO - [2024-10-13T10:21:05.156+0000] {dag.py:3239} INFO - Sync 1 DAGs
[2024-10-13T10:21:05.279+0000] {logging_mixin.py:190} INFO - [2024-10-13T10:21:05.279+0000] {dag.py:4180} INFO - Setting next_dagrun for example_setup_teardown to None, run_after=None
[2024-10-13T10:21:05.342+0000] {processor.py:208} INFO - Processing /home/airflow/.local/lib/python3.12/site-packages/airflow/example_dags/example_setup_teardown.py took 0.347 seconds
[2024-10-13T10:21:35.518+0000] {processor.py:186} INFO - Started process (PID=1749) to work on /home/airflow/.local/lib/python3.12/site-packages/airflow/example_dags/example_setup_teardown.py
[2024-10-13T10:21:35.520+0000] {processor.py:914} INFO - Processing file /home/airflow/.local/lib/python3.12/site-packages/airflow/example_dags/example_setup_teardown.py for tasks to queue
[2024-10-13T10:21:35.525+0000] {logging_mixin.py:190} INFO - [2024-10-13T10:21:35.524+0000] {dagbag.py:588} INFO - Filling up the DagBag from /home/airflow/.local/lib/python3.12/site-packages/airflow/example_dags/example_setup_teardown.py
[2024-10-13T10:21:35.541+0000] {processor.py:925} INFO - DAG(s) 'example_setup_teardown' retrieved from /home/airflow/.local/lib/python3.12/site-packages/airflow/example_dags/example_setup_teardown.py
[2024-10-13T10:21:35.586+0000] {logging_mixin.py:190} INFO - [2024-10-13T10:21:35.585+0000] {dag.py:3239} INFO - Sync 1 DAGs
[2024-10-13T10:21:35.677+0000] {logging_mixin.py:190} INFO - [2024-10-13T10:21:35.676+0000] {dag.py:4180} INFO - Setting next_dagrun for example_setup_teardown to None, run_after=None
[2024-10-13T10:21:35.833+0000] {processor.py:208} INFO - Processing /home/airflow/.local/lib/python3.12/site-packages/airflow/example_dags/example_setup_teardown.py took 0.327 seconds
[2024-10-13T10:22:06.329+0000] {processor.py:186} INFO - Started process (PID=1812) to work on /home/airflow/.local/lib/python3.12/site-packages/airflow/example_dags/example_setup_teardown.py
[2024-10-13T10:22:06.334+0000] {processor.py:914} INFO - Processing file /home/airflow/.local/lib/python3.12/site-packages/airflow/example_dags/example_setup_teardown.py for tasks to queue
[2024-10-13T10:22:06.340+0000] {logging_mixin.py:190} INFO - [2024-10-13T10:22:06.339+0000] {dagbag.py:588} INFO - Filling up the DagBag from /home/airflow/.local/lib/python3.12/site-packages/airflow/example_dags/example_setup_teardown.py
[2024-10-13T10:22:06.359+0000] {processor.py:925} INFO - DAG(s) 'example_setup_teardown' retrieved from /home/airflow/.local/lib/python3.12/site-packages/airflow/example_dags/example_setup_teardown.py
[2024-10-13T10:22:06.413+0000] {logging_mixin.py:190} INFO - [2024-10-13T10:22:06.412+0000] {dag.py:3239} INFO - Sync 1 DAGs
[2024-10-13T10:22:06.447+0000] {logging_mixin.py:190} INFO - [2024-10-13T10:22:06.447+0000] {dag.py:4180} INFO - Setting next_dagrun for example_setup_teardown to None, run_after=None
[2024-10-13T10:22:06.490+0000] {processor.py:208} INFO - Processing /home/airflow/.local/lib/python3.12/site-packages/airflow/example_dags/example_setup_teardown.py took 0.185 seconds
[2024-10-13T10:22:40.484+0000] {processor.py:186} INFO - Started process (PID=1874) to work on /home/airflow/.local/lib/python3.12/site-packages/airflow/example_dags/example_setup_teardown.py
[2024-10-13T10:22:40.492+0000] {processor.py:914} INFO - Processing file /home/airflow/.local/lib/python3.12/site-packages/airflow/example_dags/example_setup_teardown.py for tasks to queue
[2024-10-13T10:22:40.504+0000] {logging_mixin.py:190} INFO - [2024-10-13T10:22:40.502+0000] {dagbag.py:588} INFO - Filling up the DagBag from /home/airflow/.local/lib/python3.12/site-packages/airflow/example_dags/example_setup_teardown.py
[2024-10-13T10:22:40.547+0000] {processor.py:925} INFO - DAG(s) 'example_setup_teardown' retrieved from /home/airflow/.local/lib/python3.12/site-packages/airflow/example_dags/example_setup_teardown.py
[2024-10-13T10:22:40.612+0000] {logging_mixin.py:190} INFO - [2024-10-13T10:22:40.611+0000] {dag.py:3239} INFO - Sync 1 DAGs
[2024-10-13T10:22:40.661+0000] {logging_mixin.py:190} INFO - [2024-10-13T10:22:40.661+0000] {dag.py:4180} INFO - Setting next_dagrun for example_setup_teardown to None, run_after=None
[2024-10-13T10:22:40.746+0000] {processor.py:208} INFO - Processing /home/airflow/.local/lib/python3.12/site-packages/airflow/example_dags/example_setup_teardown.py took 0.313 seconds
[2024-10-13T10:23:19.778+0000] {processor.py:186} INFO - Started process (PID=1940) to work on /home/airflow/.local/lib/python3.12/site-packages/airflow/example_dags/example_setup_teardown.py
[2024-10-13T10:23:19.781+0000] {processor.py:914} INFO - Processing file /home/airflow/.local/lib/python3.12/site-packages/airflow/example_dags/example_setup_teardown.py for tasks to queue
[2024-10-13T10:23:19.789+0000] {logging_mixin.py:190} INFO - [2024-10-13T10:23:19.788+0000] {dagbag.py:588} INFO - Filling up the DagBag from /home/airflow/.local/lib/python3.12/site-packages/airflow/example_dags/example_setup_teardown.py
[2024-10-13T10:23:19.815+0000] {processor.py:925} INFO - DAG(s) 'example_setup_teardown' retrieved from /home/airflow/.local/lib/python3.12/site-packages/airflow/example_dags/example_setup_teardown.py
[2024-10-13T10:23:19.903+0000] {logging_mixin.py:190} INFO - [2024-10-13T10:23:19.902+0000] {dag.py:3239} INFO - Sync 1 DAGs
[2024-10-13T10:23:20.022+0000] {logging_mixin.py:190} INFO - [2024-10-13T10:23:20.022+0000] {dag.py:4180} INFO - Setting next_dagrun for example_setup_teardown to None, run_after=None
[2024-10-13T10:23:20.138+0000] {processor.py:208} INFO - Processing /home/airflow/.local/lib/python3.12/site-packages/airflow/example_dags/example_setup_teardown.py took 0.395 seconds
[2024-10-13T10:24:23.625+0000] {processor.py:186} INFO - Started process (PID=2013) to work on /home/airflow/.local/lib/python3.12/site-packages/airflow/example_dags/example_setup_teardown.py
[2024-10-13T10:24:23.633+0000] {processor.py:914} INFO - Processing file /home/airflow/.local/lib/python3.12/site-packages/airflow/example_dags/example_setup_teardown.py for tasks to queue
[2024-10-13T10:24:23.652+0000] {logging_mixin.py:190} INFO - [2024-10-13T10:24:23.645+0000] {dagbag.py:588} INFO - Filling up the DagBag from /home/airflow/.local/lib/python3.12/site-packages/airflow/example_dags/example_setup_teardown.py
[2024-10-13T10:24:23.696+0000] {processor.py:925} INFO - DAG(s) 'example_setup_teardown' retrieved from /home/airflow/.local/lib/python3.12/site-packages/airflow/example_dags/example_setup_teardown.py
[2024-10-13T10:24:23.755+0000] {logging_mixin.py:190} INFO - [2024-10-13T10:24:23.754+0000] {dag.py:3239} INFO - Sync 1 DAGs
[2024-10-13T10:24:23.888+0000] {logging_mixin.py:190} INFO - [2024-10-13T10:24:23.888+0000] {dag.py:4180} INFO - Setting next_dagrun for example_setup_teardown to None, run_after=None
[2024-10-13T10:24:24.000+0000] {processor.py:208} INFO - Processing /home/airflow/.local/lib/python3.12/site-packages/airflow/example_dags/example_setup_teardown.py took 0.405 seconds
[2024-10-13T10:24:54.150+0000] {processor.py:186} INFO - Started process (PID=2075) to work on /home/airflow/.local/lib/python3.12/site-packages/airflow/example_dags/example_setup_teardown.py
[2024-10-13T10:24:54.152+0000] {processor.py:914} INFO - Processing file /home/airflow/.local/lib/python3.12/site-packages/airflow/example_dags/example_setup_teardown.py for tasks to queue
[2024-10-13T10:24:54.160+0000] {logging_mixin.py:190} INFO - [2024-10-13T10:24:54.159+0000] {dagbag.py:588} INFO - Filling up the DagBag from /home/airflow/.local/lib/python3.12/site-packages/airflow/example_dags/example_setup_teardown.py
[2024-10-13T10:24:54.193+0000] {processor.py:925} INFO - DAG(s) 'example_setup_teardown' retrieved from /home/airflow/.local/lib/python3.12/site-packages/airflow/example_dags/example_setup_teardown.py
[2024-10-13T10:24:54.292+0000] {logging_mixin.py:190} INFO - [2024-10-13T10:24:54.291+0000] {dag.py:3239} INFO - Sync 1 DAGs
[2024-10-13T10:24:54.331+0000] {logging_mixin.py:190} INFO - [2024-10-13T10:24:54.330+0000] {dag.py:4180} INFO - Setting next_dagrun for example_setup_teardown to None, run_after=None
[2024-10-13T10:24:54.494+0000] {processor.py:208} INFO - Processing /home/airflow/.local/lib/python3.12/site-packages/airflow/example_dags/example_setup_teardown.py took 0.364 seconds
[2024-10-13T10:25:25.599+0000] {processor.py:186} INFO - Started process (PID=2139) to work on /home/airflow/.local/lib/python3.12/site-packages/airflow/example_dags/example_setup_teardown.py
[2024-10-13T10:25:25.603+0000] {processor.py:914} INFO - Processing file /home/airflow/.local/lib/python3.12/site-packages/airflow/example_dags/example_setup_teardown.py for tasks to queue
[2024-10-13T10:25:25.610+0000] {logging_mixin.py:190} INFO - [2024-10-13T10:25:25.609+0000] {dagbag.py:588} INFO - Filling up the DagBag from /home/airflow/.local/lib/python3.12/site-packages/airflow/example_dags/example_setup_teardown.py
[2024-10-13T10:25:25.639+0000] {processor.py:925} INFO - DAG(s) 'example_setup_teardown' retrieved from /home/airflow/.local/lib/python3.12/site-packages/airflow/example_dags/example_setup_teardown.py
[2024-10-13T10:25:25.772+0000] {logging_mixin.py:190} INFO - [2024-10-13T10:25:25.771+0000] {dag.py:3239} INFO - Sync 1 DAGs
[2024-10-13T10:25:25.834+0000] {logging_mixin.py:190} INFO - [2024-10-13T10:25:25.834+0000] {dag.py:4180} INFO - Setting next_dagrun for example_setup_teardown to None, run_after=None
[2024-10-13T10:25:25.916+0000] {processor.py:208} INFO - Processing /home/airflow/.local/lib/python3.12/site-packages/airflow/example_dags/example_setup_teardown.py took 0.337 seconds
[2024-10-13T10:25:56.007+0000] {processor.py:186} INFO - Started process (PID=2202) to work on /home/airflow/.local/lib/python3.12/site-packages/airflow/example_dags/example_setup_teardown.py
[2024-10-13T10:25:56.010+0000] {processor.py:914} INFO - Processing file /home/airflow/.local/lib/python3.12/site-packages/airflow/example_dags/example_setup_teardown.py for tasks to queue
[2024-10-13T10:25:56.022+0000] {logging_mixin.py:190} INFO - [2024-10-13T10:25:56.021+0000] {dagbag.py:588} INFO - Filling up the DagBag from /home/airflow/.local/lib/python3.12/site-packages/airflow/example_dags/example_setup_teardown.py
[2024-10-13T10:25:56.043+0000] {processor.py:925} INFO - DAG(s) 'example_setup_teardown' retrieved from /home/airflow/.local/lib/python3.12/site-packages/airflow/example_dags/example_setup_teardown.py
[2024-10-13T10:25:56.090+0000] {logging_mixin.py:190} INFO - [2024-10-13T10:25:56.090+0000] {dag.py:3239} INFO - Sync 1 DAGs
[2024-10-13T10:25:56.123+0000] {logging_mixin.py:190} INFO - [2024-10-13T10:25:56.123+0000] {dag.py:4180} INFO - Setting next_dagrun for example_setup_teardown to None, run_after=None
[2024-10-13T10:25:56.169+0000] {processor.py:208} INFO - Processing /home/airflow/.local/lib/python3.12/site-packages/airflow/example_dags/example_setup_teardown.py took 0.182 seconds
[2024-10-13T10:27:32.555+0000] {processor.py:186} INFO - Started process (PID=2276) to work on /home/airflow/.local/lib/python3.12/site-packages/airflow/example_dags/example_setup_teardown.py
[2024-10-13T10:27:32.557+0000] {processor.py:914} INFO - Processing file /home/airflow/.local/lib/python3.12/site-packages/airflow/example_dags/example_setup_teardown.py for tasks to queue
[2024-10-13T10:27:32.596+0000] {logging_mixin.py:190} INFO - [2024-10-13T10:27:32.595+0000] {dagbag.py:588} INFO - Filling up the DagBag from /home/airflow/.local/lib/python3.12/site-packages/airflow/example_dags/example_setup_teardown.py
[2024-10-13T10:27:32.782+0000] {processor.py:925} INFO - DAG(s) 'example_setup_teardown' retrieved from /home/airflow/.local/lib/python3.12/site-packages/airflow/example_dags/example_setup_teardown.py
[2024-10-13T10:27:33.334+0000] {logging_mixin.py:190} INFO - [2024-10-13T10:27:33.332+0000] {dag.py:3239} INFO - Sync 1 DAGs
[2024-10-13T10:27:33.902+0000] {logging_mixin.py:190} INFO - [2024-10-13T10:27:33.902+0000] {dag.py:4180} INFO - Setting next_dagrun for example_setup_teardown to None, run_after=None
[2024-10-13T10:27:34.974+0000] {processor.py:208} INFO - Processing /home/airflow/.local/lib/python3.12/site-packages/airflow/example_dags/example_setup_teardown.py took 2.506 seconds
[2024-10-13T10:28:47.077+0000] {processor.py:186} INFO - Started process (PID=2355) to work on /home/airflow/.local/lib/python3.12/site-packages/airflow/example_dags/example_setup_teardown.py
[2024-10-13T10:28:47.080+0000] {processor.py:914} INFO - Processing file /home/airflow/.local/lib/python3.12/site-packages/airflow/example_dags/example_setup_teardown.py for tasks to queue
[2024-10-13T10:28:47.097+0000] {logging_mixin.py:190} INFO - [2024-10-13T10:28:47.096+0000] {dagbag.py:588} INFO - Filling up the DagBag from /home/airflow/.local/lib/python3.12/site-packages/airflow/example_dags/example_setup_teardown.py
[2024-10-13T10:28:47.171+0000] {processor.py:925} INFO - DAG(s) 'example_setup_teardown' retrieved from /home/airflow/.local/lib/python3.12/site-packages/airflow/example_dags/example_setup_teardown.py
[2024-10-13T10:28:47.243+0000] {logging_mixin.py:190} INFO - [2024-10-13T10:28:47.242+0000] {dag.py:3239} INFO - Sync 1 DAGs
[2024-10-13T10:28:47.321+0000] {logging_mixin.py:190} INFO - [2024-10-13T10:28:47.320+0000] {dag.py:4180} INFO - Setting next_dagrun for example_setup_teardown to None, run_after=None
[2024-10-13T10:28:47.449+0000] {processor.py:208} INFO - Processing /home/airflow/.local/lib/python3.12/site-packages/airflow/example_dags/example_setup_teardown.py took 0.393 seconds
[2024-10-13T10:29:19.729+0000] {processor.py:186} INFO - Started process (PID=2418) to work on /home/airflow/.local/lib/python3.12/site-packages/airflow/example_dags/example_setup_teardown.py
[2024-10-13T10:29:19.732+0000] {processor.py:914} INFO - Processing file /home/airflow/.local/lib/python3.12/site-packages/airflow/example_dags/example_setup_teardown.py for tasks to queue
[2024-10-13T10:29:19.749+0000] {logging_mixin.py:190} INFO - [2024-10-13T10:29:19.747+0000] {dagbag.py:588} INFO - Filling up the DagBag from /home/airflow/.local/lib/python3.12/site-packages/airflow/example_dags/example_setup_teardown.py
[2024-10-13T10:29:19.803+0000] {processor.py:925} INFO - DAG(s) 'example_setup_teardown' retrieved from /home/airflow/.local/lib/python3.12/site-packages/airflow/example_dags/example_setup_teardown.py
[2024-10-13T10:29:19.945+0000] {logging_mixin.py:190} INFO - [2024-10-13T10:29:19.944+0000] {dag.py:3239} INFO - Sync 1 DAGs
[2024-10-13T10:29:20.055+0000] {logging_mixin.py:190} INFO - [2024-10-13T10:29:20.054+0000] {dag.py:4180} INFO - Setting next_dagrun for example_setup_teardown to None, run_after=None
[2024-10-13T10:29:20.243+0000] {processor.py:208} INFO - Processing /home/airflow/.local/lib/python3.12/site-packages/airflow/example_dags/example_setup_teardown.py took 0.556 seconds
[2024-10-13T10:29:52.682+0000] {processor.py:186} INFO - Started process (PID=2481) to work on /home/airflow/.local/lib/python3.12/site-packages/airflow/example_dags/example_setup_teardown.py
[2024-10-13T10:29:52.687+0000] {processor.py:914} INFO - Processing file /home/airflow/.local/lib/python3.12/site-packages/airflow/example_dags/example_setup_teardown.py for tasks to queue
[2024-10-13T10:29:52.694+0000] {logging_mixin.py:190} INFO - [2024-10-13T10:29:52.693+0000] {dagbag.py:588} INFO - Filling up the DagBag from /home/airflow/.local/lib/python3.12/site-packages/airflow/example_dags/example_setup_teardown.py
[2024-10-13T10:29:52.726+0000] {processor.py:925} INFO - DAG(s) 'example_setup_teardown' retrieved from /home/airflow/.local/lib/python3.12/site-packages/airflow/example_dags/example_setup_teardown.py
[2024-10-13T10:29:52.805+0000] {logging_mixin.py:190} INFO - [2024-10-13T10:29:52.805+0000] {dag.py:3239} INFO - Sync 1 DAGs
[2024-10-13T10:29:52.871+0000] {logging_mixin.py:190} INFO - [2024-10-13T10:29:52.870+0000] {dag.py:4180} INFO - Setting next_dagrun for example_setup_teardown to None, run_after=None
[2024-10-13T10:29:52.977+0000] {processor.py:208} INFO - Processing /home/airflow/.local/lib/python3.12/site-packages/airflow/example_dags/example_setup_teardown.py took 0.324 seconds
[2024-10-13T10:30:23.441+0000] {processor.py:186} INFO - Started process (PID=2544) to work on /home/airflow/.local/lib/python3.12/site-packages/airflow/example_dags/example_setup_teardown.py
[2024-10-13T10:30:23.445+0000] {processor.py:914} INFO - Processing file /home/airflow/.local/lib/python3.12/site-packages/airflow/example_dags/example_setup_teardown.py for tasks to queue
[2024-10-13T10:30:23.452+0000] {logging_mixin.py:190} INFO - [2024-10-13T10:30:23.452+0000] {dagbag.py:588} INFO - Filling up the DagBag from /home/airflow/.local/lib/python3.12/site-packages/airflow/example_dags/example_setup_teardown.py
[2024-10-13T10:30:23.474+0000] {processor.py:925} INFO - DAG(s) 'example_setup_teardown' retrieved from /home/airflow/.local/lib/python3.12/site-packages/airflow/example_dags/example_setup_teardown.py
[2024-10-13T10:30:23.525+0000] {logging_mixin.py:190} INFO - [2024-10-13T10:30:23.525+0000] {dag.py:3239} INFO - Sync 1 DAGs
[2024-10-13T10:30:23.555+0000] {logging_mixin.py:190} INFO - [2024-10-13T10:30:23.555+0000] {dag.py:4180} INFO - Setting next_dagrun for example_setup_teardown to None, run_after=None
[2024-10-13T10:30:23.607+0000] {processor.py:208} INFO - Processing /home/airflow/.local/lib/python3.12/site-packages/airflow/example_dags/example_setup_teardown.py took 0.180 seconds
[2024-10-13T10:30:54.042+0000] {processor.py:186} INFO - Started process (PID=2606) to work on /home/airflow/.local/lib/python3.12/site-packages/airflow/example_dags/example_setup_teardown.py
[2024-10-13T10:30:54.044+0000] {processor.py:914} INFO - Processing file /home/airflow/.local/lib/python3.12/site-packages/airflow/example_dags/example_setup_teardown.py for tasks to queue
[2024-10-13T10:30:54.050+0000] {logging_mixin.py:190} INFO - [2024-10-13T10:30:54.049+0000] {dagbag.py:588} INFO - Filling up the DagBag from /home/airflow/.local/lib/python3.12/site-packages/airflow/example_dags/example_setup_teardown.py
[2024-10-13T10:30:54.072+0000] {processor.py:925} INFO - DAG(s) 'example_setup_teardown' retrieved from /home/airflow/.local/lib/python3.12/site-packages/airflow/example_dags/example_setup_teardown.py
[2024-10-13T10:30:54.118+0000] {logging_mixin.py:190} INFO - [2024-10-13T10:30:54.117+0000] {dag.py:3239} INFO - Sync 1 DAGs
[2024-10-13T10:30:54.153+0000] {logging_mixin.py:190} INFO - [2024-10-13T10:30:54.152+0000] {dag.py:4180} INFO - Setting next_dagrun for example_setup_teardown to None, run_after=None
[2024-10-13T10:30:54.198+0000] {processor.py:208} INFO - Processing /home/airflow/.local/lib/python3.12/site-packages/airflow/example_dags/example_setup_teardown.py took 0.172 seconds
[2024-10-13T10:31:25.574+0000] {processor.py:186} INFO - Started process (PID=2669) to work on /home/airflow/.local/lib/python3.12/site-packages/airflow/example_dags/example_setup_teardown.py
[2024-10-13T10:31:25.578+0000] {processor.py:914} INFO - Processing file /home/airflow/.local/lib/python3.12/site-packages/airflow/example_dags/example_setup_teardown.py for tasks to queue
[2024-10-13T10:31:25.584+0000] {logging_mixin.py:190} INFO - [2024-10-13T10:31:25.583+0000] {dagbag.py:588} INFO - Filling up the DagBag from /home/airflow/.local/lib/python3.12/site-packages/airflow/example_dags/example_setup_teardown.py
[2024-10-13T10:31:25.613+0000] {processor.py:925} INFO - DAG(s) 'example_setup_teardown' retrieved from /home/airflow/.local/lib/python3.12/site-packages/airflow/example_dags/example_setup_teardown.py
[2024-10-13T10:31:25.697+0000] {logging_mixin.py:190} INFO - [2024-10-13T10:31:25.696+0000] {dag.py:3239} INFO - Sync 1 DAGs
[2024-10-13T10:31:25.741+0000] {logging_mixin.py:190} INFO - [2024-10-13T10:31:25.741+0000] {dag.py:4180} INFO - Setting next_dagrun for example_setup_teardown to None, run_after=None
[2024-10-13T10:31:25.804+0000] {processor.py:208} INFO - Processing /home/airflow/.local/lib/python3.12/site-packages/airflow/example_dags/example_setup_teardown.py took 0.249 seconds
[2024-10-13T10:31:56.929+0000] {processor.py:186} INFO - Started process (PID=2732) to work on /home/airflow/.local/lib/python3.12/site-packages/airflow/example_dags/example_setup_teardown.py
[2024-10-13T10:31:56.940+0000] {processor.py:914} INFO - Processing file /home/airflow/.local/lib/python3.12/site-packages/airflow/example_dags/example_setup_teardown.py for tasks to queue
[2024-10-13T10:31:56.961+0000] {logging_mixin.py:190} INFO - [2024-10-13T10:31:56.954+0000] {dagbag.py:588} INFO - Filling up the DagBag from /home/airflow/.local/lib/python3.12/site-packages/airflow/example_dags/example_setup_teardown.py
[2024-10-13T10:31:57.024+0000] {processor.py:925} INFO - DAG(s) 'example_setup_teardown' retrieved from /home/airflow/.local/lib/python3.12/site-packages/airflow/example_dags/example_setup_teardown.py
[2024-10-13T10:31:57.143+0000] {logging_mixin.py:190} INFO - [2024-10-13T10:31:57.142+0000] {dag.py:3239} INFO - Sync 1 DAGs
[2024-10-13T10:31:57.208+0000] {logging_mixin.py:190} INFO - [2024-10-13T10:31:57.208+0000] {dag.py:4180} INFO - Setting next_dagrun for example_setup_teardown to None, run_after=None
[2024-10-13T10:31:57.302+0000] {processor.py:208} INFO - Processing /home/airflow/.local/lib/python3.12/site-packages/airflow/example_dags/example_setup_teardown.py took 0.406 seconds
[2024-10-13T10:34:03.213+0000] {processor.py:186} INFO - Started process (PID=2808) to work on /home/airflow/.local/lib/python3.12/site-packages/airflow/example_dags/example_setup_teardown.py
[2024-10-13T10:34:03.233+0000] {processor.py:914} INFO - Processing file /home/airflow/.local/lib/python3.12/site-packages/airflow/example_dags/example_setup_teardown.py for tasks to queue
[2024-10-13T10:34:03.280+0000] {logging_mixin.py:190} INFO - [2024-10-13T10:34:03.279+0000] {dagbag.py:588} INFO - Filling up the DagBag from /home/airflow/.local/lib/python3.12/site-packages/airflow/example_dags/example_setup_teardown.py
[2024-10-13T10:34:03.450+0000] {processor.py:925} INFO - DAG(s) 'example_setup_teardown' retrieved from /home/airflow/.local/lib/python3.12/site-packages/airflow/example_dags/example_setup_teardown.py
[2024-10-13T10:34:03.971+0000] {logging_mixin.py:190} INFO - [2024-10-13T10:34:03.970+0000] {dag.py:3239} INFO - Sync 1 DAGs
[2024-10-13T10:34:04.330+0000] {logging_mixin.py:190} INFO - [2024-10-13T10:34:04.307+0000] {dag.py:4180} INFO - Setting next_dagrun for example_setup_teardown to None, run_after=None
[2024-10-13T10:34:04.715+0000] {processor.py:208} INFO - Processing /home/airflow/.local/lib/python3.12/site-packages/airflow/example_dags/example_setup_teardown.py took 1.940 seconds
[2024-10-13T10:36:22.629+0000] {processor.py:186} INFO - Started process (PID=2906) to work on /home/airflow/.local/lib/python3.12/site-packages/airflow/example_dags/example_setup_teardown.py
[2024-10-13T10:36:22.656+0000] {processor.py:914} INFO - Processing file /home/airflow/.local/lib/python3.12/site-packages/airflow/example_dags/example_setup_teardown.py for tasks to queue
[2024-10-13T10:36:23.128+0000] {logging_mixin.py:190} INFO - [2024-10-13T10:36:23.125+0000] {dagbag.py:588} INFO - Filling up the DagBag from /home/airflow/.local/lib/python3.12/site-packages/airflow/example_dags/example_setup_teardown.py
[2024-10-13T10:36:23.233+0000] {processor.py:925} INFO - DAG(s) 'example_setup_teardown' retrieved from /home/airflow/.local/lib/python3.12/site-packages/airflow/example_dags/example_setup_teardown.py
[2024-10-13T10:36:23.776+0000] {logging_mixin.py:190} INFO - [2024-10-13T10:36:23.775+0000] {dag.py:3239} INFO - Sync 1 DAGs
[2024-10-13T10:36:24.077+0000] {logging_mixin.py:190} INFO - [2024-10-13T10:36:24.074+0000] {dag.py:4180} INFO - Setting next_dagrun for example_setup_teardown to None, run_after=None
[2024-10-13T10:36:24.699+0000] {processor.py:208} INFO - Processing /home/airflow/.local/lib/python3.12/site-packages/airflow/example_dags/example_setup_teardown.py took 2.369 seconds
