[2024-10-13T09:43:44.021+0000] {processor.py:186} INFO - Started process (PID=67) to work on /home/airflow/.local/lib/python3.12/site-packages/airflow/example_dags/example_complex.py
[2024-10-13T09:43:44.036+0000] {processor.py:914} INFO - Processing file /home/airflow/.local/lib/python3.12/site-packages/airflow/example_dags/example_complex.py for tasks to queue
[2024-10-13T09:43:44.074+0000] {logging_mixin.py:190} INFO - [2024-10-13T09:43:44.074+0000] {dagbag.py:588} INFO - Filling up the DagBag from /home/airflow/.local/lib/python3.12/site-packages/airflow/example_dags/example_complex.py
[2024-10-13T09:43:44.270+0000] {processor.py:925} INFO - DAG(s) 'example_complex' retrieved from /home/airflow/.local/lib/python3.12/site-packages/airflow/example_dags/example_complex.py
[2024-10-13T09:43:45.721+0000] {logging_mixin.py:190} INFO - [2024-10-13T09:43:45.720+0000] {override.py:1900} INFO - Created Permission View: can read on DAG:example_complex
[2024-10-13T09:43:45.793+0000] {logging_mixin.py:190} INFO - [2024-10-13T09:43:45.792+0000] {override.py:1900} INFO - Created Permission View: can delete on DAG:example_complex
[2024-10-13T09:43:45.834+0000] {logging_mixin.py:190} INFO - [2024-10-13T09:43:45.833+0000] {override.py:1900} INFO - Created Permission View: can edit on DAG:example_complex
[2024-10-13T09:43:45.883+0000] {logging_mixin.py:190} INFO - [2024-10-13T09:43:45.882+0000] {override.py:1900} INFO - Created Permission View: can create on DAG Run:example_complex
[2024-10-13T09:43:45.934+0000] {logging_mixin.py:190} INFO - [2024-10-13T09:43:45.933+0000] {override.py:1900} INFO - Created Permission View: menu access on DAG Run:example_complex
[2024-10-13T09:43:46.014+0000] {logging_mixin.py:190} INFO - [2024-10-13T09:43:46.013+0000] {override.py:1900} INFO - Created Permission View: can read on DAG Run:example_complex
[2024-10-13T09:43:46.140+0000] {logging_mixin.py:190} INFO - [2024-10-13T09:43:46.139+0000] {override.py:1900} INFO - Created Permission View: can delete on DAG Run:example_complex
[2024-10-13T09:43:46.154+0000] {logging_mixin.py:190} INFO - [2024-10-13T09:43:46.149+0000] {dag.py:3239} INFO - Sync 1 DAGs
[2024-10-13T09:43:46.384+0000] {logging_mixin.py:190} INFO - [2024-10-13T09:43:46.383+0000] {dag.py:3262} INFO - Creating ORM DAG for example_complex
[2024-10-13T09:43:46.390+0000] {logging_mixin.py:190} INFO - [2024-10-13T09:43:46.387+0000] {dag.py:4180} INFO - Setting next_dagrun for example_complex to None, run_after=None
[2024-10-13T09:43:46.764+0000] {processor.py:208} INFO - Processing /home/airflow/.local/lib/python3.12/site-packages/airflow/example_dags/example_complex.py took 2.833 seconds
[2024-10-13T09:45:08.136+0000] {processor.py:186} INFO - Started process (PID=134) to work on /home/airflow/.local/lib/python3.12/site-packages/airflow/example_dags/example_complex.py
[2024-10-13T09:45:08.138+0000] {processor.py:914} INFO - Processing file /home/airflow/.local/lib/python3.12/site-packages/airflow/example_dags/example_complex.py for tasks to queue
[2024-10-13T09:45:08.145+0000] {logging_mixin.py:190} INFO - [2024-10-13T09:45:08.144+0000] {dagbag.py:588} INFO - Filling up the DagBag from /home/airflow/.local/lib/python3.12/site-packages/airflow/example_dags/example_complex.py
[2024-10-13T09:45:08.179+0000] {processor.py:925} INFO - DAG(s) 'example_complex' retrieved from /home/airflow/.local/lib/python3.12/site-packages/airflow/example_dags/example_complex.py
[2024-10-13T09:45:08.260+0000] {logging_mixin.py:190} INFO - [2024-10-13T09:45:08.259+0000] {dag.py:3239} INFO - Sync 1 DAGs
[2024-10-13T09:45:08.310+0000] {logging_mixin.py:190} INFO - [2024-10-13T09:45:08.309+0000] {dag.py:4180} INFO - Setting next_dagrun for example_complex to None, run_after=None
[2024-10-13T09:45:08.368+0000] {processor.py:208} INFO - Processing /home/airflow/.local/lib/python3.12/site-packages/airflow/example_dags/example_complex.py took 0.248 seconds
[2024-10-13T09:45:46.105+0000] {processor.py:186} INFO - Started process (PID=201) to work on /home/airflow/.local/lib/python3.12/site-packages/airflow/example_dags/example_complex.py
[2024-10-13T09:45:46.113+0000] {processor.py:914} INFO - Processing file /home/airflow/.local/lib/python3.12/site-packages/airflow/example_dags/example_complex.py for tasks to queue
[2024-10-13T09:45:46.124+0000] {logging_mixin.py:190} INFO - [2024-10-13T09:45:46.122+0000] {dagbag.py:588} INFO - Filling up the DagBag from /home/airflow/.local/lib/python3.12/site-packages/airflow/example_dags/example_complex.py
[2024-10-13T09:45:46.190+0000] {processor.py:925} INFO - DAG(s) 'example_complex' retrieved from /home/airflow/.local/lib/python3.12/site-packages/airflow/example_dags/example_complex.py
[2024-10-13T09:45:46.282+0000] {logging_mixin.py:190} INFO - [2024-10-13T09:45:46.282+0000] {dag.py:3239} INFO - Sync 1 DAGs
[2024-10-13T09:45:46.320+0000] {logging_mixin.py:190} INFO - [2024-10-13T09:45:46.319+0000] {dag.py:4180} INFO - Setting next_dagrun for example_complex to None, run_after=None
[2024-10-13T09:45:46.368+0000] {processor.py:208} INFO - Processing /home/airflow/.local/lib/python3.12/site-packages/airflow/example_dags/example_complex.py took 0.294 seconds
[2024-10-13T09:46:18.170+0000] {processor.py:186} INFO - Started process (PID=263) to work on /home/airflow/.local/lib/python3.12/site-packages/airflow/example_dags/example_complex.py
[2024-10-13T09:46:18.174+0000] {processor.py:914} INFO - Processing file /home/airflow/.local/lib/python3.12/site-packages/airflow/example_dags/example_complex.py for tasks to queue
[2024-10-13T09:46:18.181+0000] {logging_mixin.py:190} INFO - [2024-10-13T09:46:18.180+0000] {dagbag.py:588} INFO - Filling up the DagBag from /home/airflow/.local/lib/python3.12/site-packages/airflow/example_dags/example_complex.py
[2024-10-13T09:46:18.216+0000] {processor.py:925} INFO - DAG(s) 'example_complex' retrieved from /home/airflow/.local/lib/python3.12/site-packages/airflow/example_dags/example_complex.py
[2024-10-13T09:46:18.278+0000] {logging_mixin.py:190} INFO - [2024-10-13T09:46:18.277+0000] {dag.py:3239} INFO - Sync 1 DAGs
[2024-10-13T09:46:18.309+0000] {logging_mixin.py:190} INFO - [2024-10-13T09:46:18.309+0000] {dag.py:4180} INFO - Setting next_dagrun for example_complex to None, run_after=None
[2024-10-13T09:46:18.351+0000] {processor.py:208} INFO - Processing /home/airflow/.local/lib/python3.12/site-packages/airflow/example_dags/example_complex.py took 0.193 seconds
[2024-10-13T09:46:49.701+0000] {processor.py:186} INFO - Started process (PID=325) to work on /home/airflow/.local/lib/python3.12/site-packages/airflow/example_dags/example_complex.py
[2024-10-13T09:46:49.709+0000] {processor.py:914} INFO - Processing file /home/airflow/.local/lib/python3.12/site-packages/airflow/example_dags/example_complex.py for tasks to queue
[2024-10-13T09:46:49.723+0000] {logging_mixin.py:190} INFO - [2024-10-13T09:46:49.722+0000] {dagbag.py:588} INFO - Filling up the DagBag from /home/airflow/.local/lib/python3.12/site-packages/airflow/example_dags/example_complex.py
[2024-10-13T09:46:49.789+0000] {processor.py:925} INFO - DAG(s) 'example_complex' retrieved from /home/airflow/.local/lib/python3.12/site-packages/airflow/example_dags/example_complex.py
[2024-10-13T09:46:49.941+0000] {logging_mixin.py:190} INFO - [2024-10-13T09:46:49.941+0000] {dag.py:3239} INFO - Sync 1 DAGs
[2024-10-13T09:46:49.981+0000] {logging_mixin.py:190} INFO - [2024-10-13T09:46:49.980+0000] {dag.py:4180} INFO - Setting next_dagrun for example_complex to None, run_after=None
[2024-10-13T09:46:50.054+0000] {processor.py:208} INFO - Processing /home/airflow/.local/lib/python3.12/site-packages/airflow/example_dags/example_complex.py took 0.399 seconds
[2024-10-13T09:47:20.731+0000] {processor.py:186} INFO - Started process (PID=386) to work on /home/airflow/.local/lib/python3.12/site-packages/airflow/example_dags/example_complex.py
[2024-10-13T09:47:20.734+0000] {processor.py:914} INFO - Processing file /home/airflow/.local/lib/python3.12/site-packages/airflow/example_dags/example_complex.py for tasks to queue
[2024-10-13T09:47:20.742+0000] {logging_mixin.py:190} INFO - [2024-10-13T09:47:20.741+0000] {dagbag.py:588} INFO - Filling up the DagBag from /home/airflow/.local/lib/python3.12/site-packages/airflow/example_dags/example_complex.py
[2024-10-13T09:47:20.767+0000] {processor.py:925} INFO - DAG(s) 'example_complex' retrieved from /home/airflow/.local/lib/python3.12/site-packages/airflow/example_dags/example_complex.py
[2024-10-13T09:47:20.828+0000] {logging_mixin.py:190} INFO - [2024-10-13T09:47:20.828+0000] {dag.py:3239} INFO - Sync 1 DAGs
[2024-10-13T09:47:20.861+0000] {logging_mixin.py:190} INFO - [2024-10-13T09:47:20.861+0000] {dag.py:4180} INFO - Setting next_dagrun for example_complex to None, run_after=None
[2024-10-13T09:47:20.899+0000] {processor.py:208} INFO - Processing /home/airflow/.local/lib/python3.12/site-packages/airflow/example_dags/example_complex.py took 0.179 seconds
[2024-10-13T09:47:51.441+0000] {processor.py:186} INFO - Started process (PID=447) to work on /home/airflow/.local/lib/python3.12/site-packages/airflow/example_dags/example_complex.py
[2024-10-13T09:47:51.443+0000] {processor.py:914} INFO - Processing file /home/airflow/.local/lib/python3.12/site-packages/airflow/example_dags/example_complex.py for tasks to queue
[2024-10-13T09:47:51.447+0000] {logging_mixin.py:190} INFO - [2024-10-13T09:47:51.447+0000] {dagbag.py:588} INFO - Filling up the DagBag from /home/airflow/.local/lib/python3.12/site-packages/airflow/example_dags/example_complex.py
[2024-10-13T09:47:51.470+0000] {processor.py:925} INFO - DAG(s) 'example_complex' retrieved from /home/airflow/.local/lib/python3.12/site-packages/airflow/example_dags/example_complex.py
[2024-10-13T09:47:51.528+0000] {logging_mixin.py:190} INFO - [2024-10-13T09:47:51.527+0000] {dag.py:3239} INFO - Sync 1 DAGs
[2024-10-13T09:47:51.556+0000] {logging_mixin.py:190} INFO - [2024-10-13T09:47:51.555+0000] {dag.py:4180} INFO - Setting next_dagrun for example_complex to None, run_after=None
[2024-10-13T09:47:51.593+0000] {processor.py:208} INFO - Processing /home/airflow/.local/lib/python3.12/site-packages/airflow/example_dags/example_complex.py took 0.163 seconds
[2024-10-13T09:48:21.914+0000] {processor.py:186} INFO - Started process (PID=509) to work on /home/airflow/.local/lib/python3.12/site-packages/airflow/example_dags/example_complex.py
[2024-10-13T09:48:21.917+0000] {processor.py:914} INFO - Processing file /home/airflow/.local/lib/python3.12/site-packages/airflow/example_dags/example_complex.py for tasks to queue
[2024-10-13T09:48:21.923+0000] {logging_mixin.py:190} INFO - [2024-10-13T09:48:21.922+0000] {dagbag.py:588} INFO - Filling up the DagBag from /home/airflow/.local/lib/python3.12/site-packages/airflow/example_dags/example_complex.py
[2024-10-13T09:48:21.950+0000] {processor.py:925} INFO - DAG(s) 'example_complex' retrieved from /home/airflow/.local/lib/python3.12/site-packages/airflow/example_dags/example_complex.py
[2024-10-13T09:48:22.033+0000] {logging_mixin.py:190} INFO - [2024-10-13T09:48:22.033+0000] {dag.py:3239} INFO - Sync 1 DAGs
[2024-10-13T09:48:22.063+0000] {logging_mixin.py:190} INFO - [2024-10-13T09:48:22.063+0000] {dag.py:4180} INFO - Setting next_dagrun for example_complex to None, run_after=None
[2024-10-13T09:48:22.102+0000] {processor.py:208} INFO - Processing /home/airflow/.local/lib/python3.12/site-packages/airflow/example_dags/example_complex.py took 0.202 seconds
[2024-10-13T09:48:52.449+0000] {processor.py:186} INFO - Started process (PID=571) to work on /home/airflow/.local/lib/python3.12/site-packages/airflow/example_dags/example_complex.py
[2024-10-13T09:48:52.452+0000] {processor.py:914} INFO - Processing file /home/airflow/.local/lib/python3.12/site-packages/airflow/example_dags/example_complex.py for tasks to queue
[2024-10-13T09:48:52.457+0000] {logging_mixin.py:190} INFO - [2024-10-13T09:48:52.456+0000] {dagbag.py:588} INFO - Filling up the DagBag from /home/airflow/.local/lib/python3.12/site-packages/airflow/example_dags/example_complex.py
[2024-10-13T09:48:52.485+0000] {processor.py:925} INFO - DAG(s) 'example_complex' retrieved from /home/airflow/.local/lib/python3.12/site-packages/airflow/example_dags/example_complex.py
[2024-10-13T09:48:52.557+0000] {logging_mixin.py:190} INFO - [2024-10-13T09:48:52.557+0000] {dag.py:3239} INFO - Sync 1 DAGs
[2024-10-13T09:48:52.590+0000] {logging_mixin.py:190} INFO - [2024-10-13T09:48:52.590+0000] {dag.py:4180} INFO - Setting next_dagrun for example_complex to None, run_after=None
[2024-10-13T09:48:52.633+0000] {processor.py:208} INFO - Processing /home/airflow/.local/lib/python3.12/site-packages/airflow/example_dags/example_complex.py took 0.194 seconds
[2024-10-13T09:49:24.845+0000] {processor.py:186} INFO - Started process (PID=633) to work on /home/airflow/.local/lib/python3.12/site-packages/airflow/example_dags/example_complex.py
[2024-10-13T09:49:24.850+0000] {processor.py:914} INFO - Processing file /home/airflow/.local/lib/python3.12/site-packages/airflow/example_dags/example_complex.py for tasks to queue
[2024-10-13T09:49:24.859+0000] {logging_mixin.py:190} INFO - [2024-10-13T09:49:24.858+0000] {dagbag.py:588} INFO - Filling up the DagBag from /home/airflow/.local/lib/python3.12/site-packages/airflow/example_dags/example_complex.py
[2024-10-13T09:49:24.910+0000] {processor.py:925} INFO - DAG(s) 'example_complex' retrieved from /home/airflow/.local/lib/python3.12/site-packages/airflow/example_dags/example_complex.py
[2024-10-13T09:49:25.030+0000] {logging_mixin.py:190} INFO - [2024-10-13T09:49:25.029+0000] {dag.py:3239} INFO - Sync 1 DAGs
[2024-10-13T09:49:25.070+0000] {logging_mixin.py:190} INFO - [2024-10-13T09:49:25.069+0000] {dag.py:4180} INFO - Setting next_dagrun for example_complex to None, run_after=None
[2024-10-13T09:49:25.123+0000] {processor.py:208} INFO - Processing /home/airflow/.local/lib/python3.12/site-packages/airflow/example_dags/example_complex.py took 0.304 seconds
[2024-10-13T09:49:56.197+0000] {processor.py:186} INFO - Started process (PID=694) to work on /home/airflow/.local/lib/python3.12/site-packages/airflow/example_dags/example_complex.py
[2024-10-13T09:49:56.203+0000] {processor.py:914} INFO - Processing file /home/airflow/.local/lib/python3.12/site-packages/airflow/example_dags/example_complex.py for tasks to queue
[2024-10-13T09:49:56.210+0000] {logging_mixin.py:190} INFO - [2024-10-13T09:49:56.209+0000] {dagbag.py:588} INFO - Filling up the DagBag from /home/airflow/.local/lib/python3.12/site-packages/airflow/example_dags/example_complex.py
[2024-10-13T09:49:56.275+0000] {processor.py:925} INFO - DAG(s) 'example_complex' retrieved from /home/airflow/.local/lib/python3.12/site-packages/airflow/example_dags/example_complex.py
[2024-10-13T09:49:56.452+0000] {logging_mixin.py:190} INFO - [2024-10-13T09:49:56.452+0000] {dag.py:3239} INFO - Sync 1 DAGs
[2024-10-13T09:49:56.518+0000] {logging_mixin.py:190} INFO - [2024-10-13T09:49:56.518+0000] {dag.py:4180} INFO - Setting next_dagrun for example_complex to None, run_after=None
[2024-10-13T09:49:56.588+0000] {processor.py:208} INFO - Processing /home/airflow/.local/lib/python3.12/site-packages/airflow/example_dags/example_complex.py took 0.416 seconds
[2024-10-13T09:50:26.778+0000] {processor.py:186} INFO - Started process (PID=754) to work on /home/airflow/.local/lib/python3.12/site-packages/airflow/example_dags/example_complex.py
[2024-10-13T09:50:26.780+0000] {processor.py:914} INFO - Processing file /home/airflow/.local/lib/python3.12/site-packages/airflow/example_dags/example_complex.py for tasks to queue
[2024-10-13T09:50:26.785+0000] {logging_mixin.py:190} INFO - [2024-10-13T09:50:26.784+0000] {dagbag.py:588} INFO - Filling up the DagBag from /home/airflow/.local/lib/python3.12/site-packages/airflow/example_dags/example_complex.py
[2024-10-13T09:50:26.813+0000] {processor.py:925} INFO - DAG(s) 'example_complex' retrieved from /home/airflow/.local/lib/python3.12/site-packages/airflow/example_dags/example_complex.py
[2024-10-13T09:50:26.878+0000] {logging_mixin.py:190} INFO - [2024-10-13T09:50:26.877+0000] {dag.py:3239} INFO - Sync 1 DAGs
[2024-10-13T09:50:26.907+0000] {logging_mixin.py:190} INFO - [2024-10-13T09:50:26.907+0000] {dag.py:4180} INFO - Setting next_dagrun for example_complex to None, run_after=None
[2024-10-13T09:50:26.940+0000] {processor.py:208} INFO - Processing /home/airflow/.local/lib/python3.12/site-packages/airflow/example_dags/example_complex.py took 0.173 seconds
[2024-10-13T09:50:57.281+0000] {processor.py:186} INFO - Started process (PID=813) to work on /home/airflow/.local/lib/python3.12/site-packages/airflow/example_dags/example_complex.py
[2024-10-13T09:50:57.283+0000] {processor.py:914} INFO - Processing file /home/airflow/.local/lib/python3.12/site-packages/airflow/example_dags/example_complex.py for tasks to queue
[2024-10-13T09:50:57.288+0000] {logging_mixin.py:190} INFO - [2024-10-13T09:50:57.287+0000] {dagbag.py:588} INFO - Filling up the DagBag from /home/airflow/.local/lib/python3.12/site-packages/airflow/example_dags/example_complex.py
[2024-10-13T09:50:57.316+0000] {processor.py:925} INFO - DAG(s) 'example_complex' retrieved from /home/airflow/.local/lib/python3.12/site-packages/airflow/example_dags/example_complex.py
[2024-10-13T09:50:57.398+0000] {logging_mixin.py:190} INFO - [2024-10-13T09:50:57.398+0000] {dag.py:3239} INFO - Sync 1 DAGs
[2024-10-13T09:50:57.426+0000] {logging_mixin.py:190} INFO - [2024-10-13T09:50:57.425+0000] {dag.py:4180} INFO - Setting next_dagrun for example_complex to None, run_after=None
[2024-10-13T09:50:57.463+0000] {processor.py:208} INFO - Processing /home/airflow/.local/lib/python3.12/site-packages/airflow/example_dags/example_complex.py took 0.195 seconds
[2024-10-13T09:51:28.523+0000] {processor.py:186} INFO - Started process (PID=875) to work on /home/airflow/.local/lib/python3.12/site-packages/airflow/example_dags/example_complex.py
[2024-10-13T09:51:28.540+0000] {processor.py:914} INFO - Processing file /home/airflow/.local/lib/python3.12/site-packages/airflow/example_dags/example_complex.py for tasks to queue
[2024-10-13T09:51:28.553+0000] {logging_mixin.py:190} INFO - [2024-10-13T09:51:28.552+0000] {dagbag.py:588} INFO - Filling up the DagBag from /home/airflow/.local/lib/python3.12/site-packages/airflow/example_dags/example_complex.py
[2024-10-13T09:51:28.652+0000] {processor.py:925} INFO - DAG(s) 'example_complex' retrieved from /home/airflow/.local/lib/python3.12/site-packages/airflow/example_dags/example_complex.py
[2024-10-13T09:51:28.990+0000] {logging_mixin.py:190} INFO - [2024-10-13T09:51:28.990+0000] {dag.py:3239} INFO - Sync 1 DAGs
[2024-10-13T09:51:29.069+0000] {logging_mixin.py:190} INFO - [2024-10-13T09:51:29.068+0000] {dag.py:4180} INFO - Setting next_dagrun for example_complex to None, run_after=None
[2024-10-13T09:51:29.130+0000] {processor.py:208} INFO - Processing /home/airflow/.local/lib/python3.12/site-packages/airflow/example_dags/example_complex.py took 0.693 seconds
[2024-10-13T09:51:59.517+0000] {processor.py:186} INFO - Started process (PID=937) to work on /home/airflow/.local/lib/python3.12/site-packages/airflow/example_dags/example_complex.py
[2024-10-13T09:51:59.519+0000] {processor.py:914} INFO - Processing file /home/airflow/.local/lib/python3.12/site-packages/airflow/example_dags/example_complex.py for tasks to queue
[2024-10-13T09:51:59.523+0000] {logging_mixin.py:190} INFO - [2024-10-13T09:51:59.523+0000] {dagbag.py:588} INFO - Filling up the DagBag from /home/airflow/.local/lib/python3.12/site-packages/airflow/example_dags/example_complex.py
[2024-10-13T09:51:59.546+0000] {processor.py:925} INFO - DAG(s) 'example_complex' retrieved from /home/airflow/.local/lib/python3.12/site-packages/airflow/example_dags/example_complex.py
[2024-10-13T09:51:59.627+0000] {logging_mixin.py:190} INFO - [2024-10-13T09:51:59.627+0000] {dag.py:3239} INFO - Sync 1 DAGs
[2024-10-13T09:51:59.654+0000] {logging_mixin.py:190} INFO - [2024-10-13T09:51:59.654+0000] {dag.py:4180} INFO - Setting next_dagrun for example_complex to None, run_after=None
[2024-10-13T09:51:59.690+0000] {processor.py:208} INFO - Processing /home/airflow/.local/lib/python3.12/site-packages/airflow/example_dags/example_complex.py took 0.184 seconds
[2024-10-13T09:52:30.326+0000] {processor.py:186} INFO - Started process (PID=999) to work on /home/airflow/.local/lib/python3.12/site-packages/airflow/example_dags/example_complex.py
[2024-10-13T09:52:30.330+0000] {processor.py:914} INFO - Processing file /home/airflow/.local/lib/python3.12/site-packages/airflow/example_dags/example_complex.py for tasks to queue
[2024-10-13T09:52:30.351+0000] {logging_mixin.py:190} INFO - [2024-10-13T09:52:30.348+0000] {dagbag.py:588} INFO - Filling up the DagBag from /home/airflow/.local/lib/python3.12/site-packages/airflow/example_dags/example_complex.py
[2024-10-13T09:52:30.395+0000] {processor.py:925} INFO - DAG(s) 'example_complex' retrieved from /home/airflow/.local/lib/python3.12/site-packages/airflow/example_dags/example_complex.py
[2024-10-13T09:52:30.496+0000] {logging_mixin.py:190} INFO - [2024-10-13T09:52:30.496+0000] {dag.py:3239} INFO - Sync 1 DAGs
[2024-10-13T09:52:30.550+0000] {logging_mixin.py:190} INFO - [2024-10-13T09:52:30.550+0000] {dag.py:4180} INFO - Setting next_dagrun for example_complex to None, run_after=None
[2024-10-13T09:52:30.640+0000] {processor.py:208} INFO - Processing /home/airflow/.local/lib/python3.12/site-packages/airflow/example_dags/example_complex.py took 0.371 seconds
[2024-10-13T09:53:00.763+0000] {processor.py:186} INFO - Started process (PID=1059) to work on /home/airflow/.local/lib/python3.12/site-packages/airflow/example_dags/example_complex.py
[2024-10-13T09:53:00.766+0000] {processor.py:914} INFO - Processing file /home/airflow/.local/lib/python3.12/site-packages/airflow/example_dags/example_complex.py for tasks to queue
[2024-10-13T09:53:00.770+0000] {logging_mixin.py:190} INFO - [2024-10-13T09:53:00.770+0000] {dagbag.py:588} INFO - Filling up the DagBag from /home/airflow/.local/lib/python3.12/site-packages/airflow/example_dags/example_complex.py
[2024-10-13T09:53:00.795+0000] {processor.py:925} INFO - DAG(s) 'example_complex' retrieved from /home/airflow/.local/lib/python3.12/site-packages/airflow/example_dags/example_complex.py
[2024-10-13T09:53:00.862+0000] {logging_mixin.py:190} INFO - [2024-10-13T09:53:00.861+0000] {dag.py:3239} INFO - Sync 1 DAGs
[2024-10-13T09:53:00.893+0000] {logging_mixin.py:190} INFO - [2024-10-13T09:53:00.893+0000] {dag.py:4180} INFO - Setting next_dagrun for example_complex to None, run_after=None
[2024-10-13T09:53:00.974+0000] {processor.py:208} INFO - Processing /home/airflow/.local/lib/python3.12/site-packages/airflow/example_dags/example_complex.py took 0.222 seconds
[2024-10-13T09:53:31.464+0000] {processor.py:186} INFO - Started process (PID=1121) to work on /home/airflow/.local/lib/python3.12/site-packages/airflow/example_dags/example_complex.py
[2024-10-13T09:53:31.466+0000] {processor.py:914} INFO - Processing file /home/airflow/.local/lib/python3.12/site-packages/airflow/example_dags/example_complex.py for tasks to queue
[2024-10-13T09:53:31.471+0000] {logging_mixin.py:190} INFO - [2024-10-13T09:53:31.471+0000] {dagbag.py:588} INFO - Filling up the DagBag from /home/airflow/.local/lib/python3.12/site-packages/airflow/example_dags/example_complex.py
[2024-10-13T09:53:31.495+0000] {processor.py:925} INFO - DAG(s) 'example_complex' retrieved from /home/airflow/.local/lib/python3.12/site-packages/airflow/example_dags/example_complex.py
[2024-10-13T09:53:31.562+0000] {logging_mixin.py:190} INFO - [2024-10-13T09:53:31.561+0000] {dag.py:3239} INFO - Sync 1 DAGs
[2024-10-13T09:53:31.589+0000] {logging_mixin.py:190} INFO - [2024-10-13T09:53:31.588+0000] {dag.py:4180} INFO - Setting next_dagrun for example_complex to None, run_after=None
[2024-10-13T09:53:31.624+0000] {processor.py:208} INFO - Processing /home/airflow/.local/lib/python3.12/site-packages/airflow/example_dags/example_complex.py took 0.170 seconds
[2024-10-13T09:54:02.104+0000] {processor.py:186} INFO - Started process (PID=1183) to work on /home/airflow/.local/lib/python3.12/site-packages/airflow/example_dags/example_complex.py
[2024-10-13T09:54:02.106+0000] {processor.py:914} INFO - Processing file /home/airflow/.local/lib/python3.12/site-packages/airflow/example_dags/example_complex.py for tasks to queue
[2024-10-13T09:54:02.110+0000] {logging_mixin.py:190} INFO - [2024-10-13T09:54:02.110+0000] {dagbag.py:588} INFO - Filling up the DagBag from /home/airflow/.local/lib/python3.12/site-packages/airflow/example_dags/example_complex.py
[2024-10-13T09:54:02.133+0000] {processor.py:925} INFO - DAG(s) 'example_complex' retrieved from /home/airflow/.local/lib/python3.12/site-packages/airflow/example_dags/example_complex.py
[2024-10-13T09:54:02.193+0000] {logging_mixin.py:190} INFO - [2024-10-13T09:54:02.192+0000] {dag.py:3239} INFO - Sync 1 DAGs
[2024-10-13T09:54:02.216+0000] {logging_mixin.py:190} INFO - [2024-10-13T09:54:02.216+0000] {dag.py:4180} INFO - Setting next_dagrun for example_complex to None, run_after=None
[2024-10-13T09:54:02.249+0000] {processor.py:208} INFO - Processing /home/airflow/.local/lib/python3.12/site-packages/airflow/example_dags/example_complex.py took 0.156 seconds
[2024-10-13T09:54:32.709+0000] {processor.py:186} INFO - Started process (PID=1245) to work on /home/airflow/.local/lib/python3.12/site-packages/airflow/example_dags/example_complex.py
[2024-10-13T09:54:32.711+0000] {processor.py:914} INFO - Processing file /home/airflow/.local/lib/python3.12/site-packages/airflow/example_dags/example_complex.py for tasks to queue
[2024-10-13T09:54:32.716+0000] {logging_mixin.py:190} INFO - [2024-10-13T09:54:32.716+0000] {dagbag.py:588} INFO - Filling up the DagBag from /home/airflow/.local/lib/python3.12/site-packages/airflow/example_dags/example_complex.py
[2024-10-13T09:54:32.739+0000] {processor.py:925} INFO - DAG(s) 'example_complex' retrieved from /home/airflow/.local/lib/python3.12/site-packages/airflow/example_dags/example_complex.py
[2024-10-13T09:54:32.803+0000] {logging_mixin.py:190} INFO - [2024-10-13T09:54:32.802+0000] {dag.py:3239} INFO - Sync 1 DAGs
[2024-10-13T09:54:32.827+0000] {logging_mixin.py:190} INFO - [2024-10-13T09:54:32.826+0000] {dag.py:4180} INFO - Setting next_dagrun for example_complex to None, run_after=None
[2024-10-13T09:54:32.861+0000] {processor.py:208} INFO - Processing /home/airflow/.local/lib/python3.12/site-packages/airflow/example_dags/example_complex.py took 0.163 seconds
[2024-10-13T09:55:03.532+0000] {processor.py:186} INFO - Started process (PID=1307) to work on /home/airflow/.local/lib/python3.12/site-packages/airflow/example_dags/example_complex.py
[2024-10-13T09:55:03.534+0000] {processor.py:914} INFO - Processing file /home/airflow/.local/lib/python3.12/site-packages/airflow/example_dags/example_complex.py for tasks to queue
[2024-10-13T09:55:03.540+0000] {logging_mixin.py:190} INFO - [2024-10-13T09:55:03.539+0000] {dagbag.py:588} INFO - Filling up the DagBag from /home/airflow/.local/lib/python3.12/site-packages/airflow/example_dags/example_complex.py
[2024-10-13T09:55:03.571+0000] {processor.py:925} INFO - DAG(s) 'example_complex' retrieved from /home/airflow/.local/lib/python3.12/site-packages/airflow/example_dags/example_complex.py
[2024-10-13T09:55:03.674+0000] {logging_mixin.py:190} INFO - [2024-10-13T09:55:03.673+0000] {dag.py:3239} INFO - Sync 1 DAGs
[2024-10-13T09:55:03.711+0000] {logging_mixin.py:190} INFO - [2024-10-13T09:55:03.710+0000] {dag.py:4180} INFO - Setting next_dagrun for example_complex to None, run_after=None
[2024-10-13T09:55:03.754+0000] {processor.py:208} INFO - Processing /home/airflow/.local/lib/python3.12/site-packages/airflow/example_dags/example_complex.py took 0.238 seconds
[2024-10-13T09:55:34.090+0000] {processor.py:186} INFO - Started process (PID=1365) to work on /home/airflow/.local/lib/python3.12/site-packages/airflow/example_dags/example_complex.py
[2024-10-13T09:55:34.092+0000] {processor.py:914} INFO - Processing file /home/airflow/.local/lib/python3.12/site-packages/airflow/example_dags/example_complex.py for tasks to queue
[2024-10-13T09:55:34.098+0000] {logging_mixin.py:190} INFO - [2024-10-13T09:55:34.098+0000] {dagbag.py:588} INFO - Filling up the DagBag from /home/airflow/.local/lib/python3.12/site-packages/airflow/example_dags/example_complex.py
[2024-10-13T09:55:34.129+0000] {processor.py:925} INFO - DAG(s) 'example_complex' retrieved from /home/airflow/.local/lib/python3.12/site-packages/airflow/example_dags/example_complex.py
[2024-10-13T09:55:34.198+0000] {logging_mixin.py:190} INFO - [2024-10-13T09:55:34.197+0000] {dag.py:3239} INFO - Sync 1 DAGs
[2024-10-13T09:55:34.234+0000] {logging_mixin.py:190} INFO - [2024-10-13T09:55:34.234+0000] {dag.py:4180} INFO - Setting next_dagrun for example_complex to None, run_after=None
[2024-10-13T09:55:34.282+0000] {processor.py:208} INFO - Processing /home/airflow/.local/lib/python3.12/site-packages/airflow/example_dags/example_complex.py took 0.205 seconds
[2024-10-13T09:56:05.078+0000] {processor.py:186} INFO - Started process (PID=1427) to work on /home/airflow/.local/lib/python3.12/site-packages/airflow/example_dags/example_complex.py
[2024-10-13T09:56:05.080+0000] {processor.py:914} INFO - Processing file /home/airflow/.local/lib/python3.12/site-packages/airflow/example_dags/example_complex.py for tasks to queue
[2024-10-13T09:56:05.086+0000] {logging_mixin.py:190} INFO - [2024-10-13T09:56:05.085+0000] {dagbag.py:588} INFO - Filling up the DagBag from /home/airflow/.local/lib/python3.12/site-packages/airflow/example_dags/example_complex.py
[2024-10-13T09:56:05.112+0000] {processor.py:925} INFO - DAG(s) 'example_complex' retrieved from /home/airflow/.local/lib/python3.12/site-packages/airflow/example_dags/example_complex.py
[2024-10-13T09:56:05.183+0000] {logging_mixin.py:190} INFO - [2024-10-13T09:56:05.183+0000] {dag.py:3239} INFO - Sync 1 DAGs
[2024-10-13T09:56:05.214+0000] {logging_mixin.py:190} INFO - [2024-10-13T09:56:05.214+0000] {dag.py:4180} INFO - Setting next_dagrun for example_complex to None, run_after=None
[2024-10-13T09:56:05.255+0000] {processor.py:208} INFO - Processing /home/airflow/.local/lib/python3.12/site-packages/airflow/example_dags/example_complex.py took 0.190 seconds
[2024-10-13T09:56:35.998+0000] {processor.py:186} INFO - Started process (PID=1491) to work on /home/airflow/.local/lib/python3.12/site-packages/airflow/example_dags/example_complex.py
[2024-10-13T09:56:36.000+0000] {processor.py:914} INFO - Processing file /home/airflow/.local/lib/python3.12/site-packages/airflow/example_dags/example_complex.py for tasks to queue
[2024-10-13T09:56:36.004+0000] {logging_mixin.py:190} INFO - [2024-10-13T09:56:36.004+0000] {dagbag.py:588} INFO - Filling up the DagBag from /home/airflow/.local/lib/python3.12/site-packages/airflow/example_dags/example_complex.py
[2024-10-13T09:56:36.026+0000] {processor.py:925} INFO - DAG(s) 'example_complex' retrieved from /home/airflow/.local/lib/python3.12/site-packages/airflow/example_dags/example_complex.py
[2024-10-13T09:56:36.096+0000] {logging_mixin.py:190} INFO - [2024-10-13T09:56:36.096+0000] {dag.py:3239} INFO - Sync 1 DAGs
[2024-10-13T09:56:36.187+0000] {logging_mixin.py:190} INFO - [2024-10-13T09:56:36.187+0000] {dag.py:4180} INFO - Setting next_dagrun for example_complex to None, run_after=None
[2024-10-13T09:56:36.279+0000] {processor.py:208} INFO - Processing /home/airflow/.local/lib/python3.12/site-packages/airflow/example_dags/example_complex.py took 0.292 seconds
[2024-10-13T09:57:25.156+0000] {processor.py:186} INFO - Started process (PID=1559) to work on /home/airflow/.local/lib/python3.12/site-packages/airflow/example_dags/example_complex.py
[2024-10-13T09:57:25.159+0000] {processor.py:914} INFO - Processing file /home/airflow/.local/lib/python3.12/site-packages/airflow/example_dags/example_complex.py for tasks to queue
[2024-10-13T09:57:25.165+0000] {logging_mixin.py:190} INFO - [2024-10-13T09:57:25.164+0000] {dagbag.py:588} INFO - Filling up the DagBag from /home/airflow/.local/lib/python3.12/site-packages/airflow/example_dags/example_complex.py
[2024-10-13T09:57:25.196+0000] {processor.py:925} INFO - DAG(s) 'example_complex' retrieved from /home/airflow/.local/lib/python3.12/site-packages/airflow/example_dags/example_complex.py
[2024-10-13T09:57:25.349+0000] {logging_mixin.py:190} INFO - [2024-10-13T09:57:25.339+0000] {dag.py:3239} INFO - Sync 1 DAGs
[2024-10-13T09:57:25.464+0000] {logging_mixin.py:190} INFO - [2024-10-13T09:57:25.464+0000] {dag.py:4180} INFO - Setting next_dagrun for example_complex to None, run_after=None
[2024-10-13T09:57:25.519+0000] {processor.py:208} INFO - Processing /home/airflow/.local/lib/python3.12/site-packages/airflow/example_dags/example_complex.py took 0.381 seconds
[2024-10-13T09:57:58.852+0000] {processor.py:186} INFO - Started process (PID=1621) to work on /home/airflow/.local/lib/python3.12/site-packages/airflow/example_dags/example_complex.py
[2024-10-13T09:57:58.855+0000] {processor.py:914} INFO - Processing file /home/airflow/.local/lib/python3.12/site-packages/airflow/example_dags/example_complex.py for tasks to queue
[2024-10-13T09:57:58.860+0000] {logging_mixin.py:190} INFO - [2024-10-13T09:57:58.860+0000] {dagbag.py:588} INFO - Filling up the DagBag from /home/airflow/.local/lib/python3.12/site-packages/airflow/example_dags/example_complex.py
[2024-10-13T09:57:58.893+0000] {processor.py:925} INFO - DAG(s) 'example_complex' retrieved from /home/airflow/.local/lib/python3.12/site-packages/airflow/example_dags/example_complex.py
[2024-10-13T09:57:58.965+0000] {logging_mixin.py:190} INFO - [2024-10-13T09:57:58.965+0000] {dag.py:3239} INFO - Sync 1 DAGs
[2024-10-13T09:57:59.012+0000] {logging_mixin.py:190} INFO - [2024-10-13T09:57:59.012+0000] {dag.py:4180} INFO - Setting next_dagrun for example_complex to None, run_after=None
[2024-10-13T09:57:59.144+0000] {processor.py:208} INFO - Processing /home/airflow/.local/lib/python3.12/site-packages/airflow/example_dags/example_complex.py took 0.305 seconds
[2024-10-13T09:58:30.283+0000] {processor.py:186} INFO - Started process (PID=1681) to work on /home/airflow/.local/lib/python3.12/site-packages/airflow/example_dags/example_complex.py
[2024-10-13T09:58:30.285+0000] {processor.py:914} INFO - Processing file /home/airflow/.local/lib/python3.12/site-packages/airflow/example_dags/example_complex.py for tasks to queue
[2024-10-13T09:58:30.290+0000] {logging_mixin.py:190} INFO - [2024-10-13T09:58:30.289+0000] {dagbag.py:588} INFO - Filling up the DagBag from /home/airflow/.local/lib/python3.12/site-packages/airflow/example_dags/example_complex.py
[2024-10-13T09:58:30.311+0000] {processor.py:925} INFO - DAG(s) 'example_complex' retrieved from /home/airflow/.local/lib/python3.12/site-packages/airflow/example_dags/example_complex.py
[2024-10-13T09:58:30.375+0000] {logging_mixin.py:190} INFO - [2024-10-13T09:58:30.375+0000] {dag.py:3239} INFO - Sync 1 DAGs
[2024-10-13T09:58:30.403+0000] {logging_mixin.py:190} INFO - [2024-10-13T09:58:30.403+0000] {dag.py:4180} INFO - Setting next_dagrun for example_complex to None, run_after=None
[2024-10-13T09:58:30.452+0000] {processor.py:208} INFO - Processing /home/airflow/.local/lib/python3.12/site-packages/airflow/example_dags/example_complex.py took 0.187 seconds
[2024-10-13T09:59:02.797+0000] {processor.py:186} INFO - Started process (PID=1742) to work on /home/airflow/.local/lib/python3.12/site-packages/airflow/example_dags/example_complex.py
[2024-10-13T09:59:02.802+0000] {processor.py:914} INFO - Processing file /home/airflow/.local/lib/python3.12/site-packages/airflow/example_dags/example_complex.py for tasks to queue
[2024-10-13T09:59:02.814+0000] {logging_mixin.py:190} INFO - [2024-10-13T09:59:02.813+0000] {dagbag.py:588} INFO - Filling up the DagBag from /home/airflow/.local/lib/python3.12/site-packages/airflow/example_dags/example_complex.py
[2024-10-13T09:59:02.880+0000] {processor.py:925} INFO - DAG(s) 'example_complex' retrieved from /home/airflow/.local/lib/python3.12/site-packages/airflow/example_dags/example_complex.py
[2024-10-13T09:59:03.021+0000] {logging_mixin.py:190} INFO - [2024-10-13T09:59:03.019+0000] {dag.py:3239} INFO - Sync 1 DAGs
[2024-10-13T09:59:03.061+0000] {logging_mixin.py:190} INFO - [2024-10-13T09:59:03.061+0000] {dag.py:4180} INFO - Setting next_dagrun for example_complex to None, run_after=None
[2024-10-13T09:59:03.113+0000] {processor.py:208} INFO - Processing /home/airflow/.local/lib/python3.12/site-packages/airflow/example_dags/example_complex.py took 0.371 seconds
[2024-10-13T09:59:34.388+0000] {processor.py:186} INFO - Started process (PID=1804) to work on /home/airflow/.local/lib/python3.12/site-packages/airflow/example_dags/example_complex.py
[2024-10-13T09:59:34.418+0000] {processor.py:914} INFO - Processing file /home/airflow/.local/lib/python3.12/site-packages/airflow/example_dags/example_complex.py for tasks to queue
[2024-10-13T09:59:34.515+0000] {logging_mixin.py:190} INFO - [2024-10-13T09:59:34.510+0000] {dagbag.py:588} INFO - Filling up the DagBag from /home/airflow/.local/lib/python3.12/site-packages/airflow/example_dags/example_complex.py
[2024-10-13T09:59:34.657+0000] {processor.py:925} INFO - DAG(s) 'example_complex' retrieved from /home/airflow/.local/lib/python3.12/site-packages/airflow/example_dags/example_complex.py
[2024-10-13T09:59:35.100+0000] {logging_mixin.py:190} INFO - [2024-10-13T09:59:35.099+0000] {dag.py:3239} INFO - Sync 1 DAGs
[2024-10-13T09:59:35.354+0000] {logging_mixin.py:190} INFO - [2024-10-13T09:59:35.353+0000] {dag.py:4180} INFO - Setting next_dagrun for example_complex to None, run_after=None
[2024-10-13T09:59:35.472+0000] {processor.py:208} INFO - Processing /home/airflow/.local/lib/python3.12/site-packages/airflow/example_dags/example_complex.py took 1.138 seconds
[2024-10-13T10:00:05.835+0000] {processor.py:186} INFO - Started process (PID=1865) to work on /home/airflow/.local/lib/python3.12/site-packages/airflow/example_dags/example_complex.py
[2024-10-13T10:00:05.840+0000] {processor.py:914} INFO - Processing file /home/airflow/.local/lib/python3.12/site-packages/airflow/example_dags/example_complex.py for tasks to queue
[2024-10-13T10:00:05.846+0000] {logging_mixin.py:190} INFO - [2024-10-13T10:00:05.845+0000] {dagbag.py:588} INFO - Filling up the DagBag from /home/airflow/.local/lib/python3.12/site-packages/airflow/example_dags/example_complex.py
[2024-10-13T10:00:05.886+0000] {processor.py:925} INFO - DAG(s) 'example_complex' retrieved from /home/airflow/.local/lib/python3.12/site-packages/airflow/example_dags/example_complex.py
[2024-10-13T10:00:05.971+0000] {logging_mixin.py:190} INFO - [2024-10-13T10:00:05.970+0000] {dag.py:3239} INFO - Sync 1 DAGs
[2024-10-13T10:00:06.003+0000] {logging_mixin.py:190} INFO - [2024-10-13T10:00:06.002+0000] {dag.py:4180} INFO - Setting next_dagrun for example_complex to None, run_after=None
[2024-10-13T10:00:06.042+0000] {processor.py:208} INFO - Processing /home/airflow/.local/lib/python3.12/site-packages/airflow/example_dags/example_complex.py took 0.250 seconds
[2024-10-13T10:05:59.745+0000] {processor.py:186} INFO - Started process (PID=69) to work on /home/airflow/.local/lib/python3.12/site-packages/airflow/example_dags/example_complex.py
[2024-10-13T10:05:59.749+0000] {processor.py:914} INFO - Processing file /home/airflow/.local/lib/python3.12/site-packages/airflow/example_dags/example_complex.py for tasks to queue
[2024-10-13T10:05:59.772+0000] {logging_mixin.py:190} INFO - [2024-10-13T10:05:59.765+0000] {dagbag.py:588} INFO - Filling up the DagBag from /home/airflow/.local/lib/python3.12/site-packages/airflow/example_dags/example_complex.py
[2024-10-13T10:05:59.918+0000] {processor.py:925} INFO - DAG(s) 'example_complex' retrieved from /home/airflow/.local/lib/python3.12/site-packages/airflow/example_dags/example_complex.py
[2024-10-13T10:06:00.219+0000] {logging_mixin.py:190} INFO - [2024-10-13T10:06:00.218+0000] {dag.py:3239} INFO - Sync 1 DAGs
[2024-10-13T10:06:00.344+0000] {logging_mixin.py:190} INFO - [2024-10-13T10:06:00.339+0000] {dag.py:4180} INFO - Setting next_dagrun for example_complex to None, run_after=None
[2024-10-13T10:06:00.686+0000] {processor.py:208} INFO - Processing /home/airflow/.local/lib/python3.12/site-packages/airflow/example_dags/example_complex.py took 1.047 seconds
[2024-10-13T10:07:13.663+0000] {processor.py:186} INFO - Started process (PID=138) to work on /home/airflow/.local/lib/python3.12/site-packages/airflow/example_dags/example_complex.py
[2024-10-13T10:07:13.675+0000] {processor.py:914} INFO - Processing file /home/airflow/.local/lib/python3.12/site-packages/airflow/example_dags/example_complex.py for tasks to queue
[2024-10-13T10:07:13.698+0000] {logging_mixin.py:190} INFO - [2024-10-13T10:07:13.691+0000] {dagbag.py:588} INFO - Filling up the DagBag from /home/airflow/.local/lib/python3.12/site-packages/airflow/example_dags/example_complex.py
[2024-10-13T10:07:13.774+0000] {processor.py:925} INFO - DAG(s) 'example_complex' retrieved from /home/airflow/.local/lib/python3.12/site-packages/airflow/example_dags/example_complex.py
[2024-10-13T10:07:13.969+0000] {logging_mixin.py:190} INFO - [2024-10-13T10:07:13.968+0000] {dag.py:3239} INFO - Sync 1 DAGs
[2024-10-13T10:07:14.040+0000] {logging_mixin.py:190} INFO - [2024-10-13T10:07:14.040+0000] {dag.py:4180} INFO - Setting next_dagrun for example_complex to None, run_after=None
[2024-10-13T10:07:14.108+0000] {processor.py:208} INFO - Processing /home/airflow/.local/lib/python3.12/site-packages/airflow/example_dags/example_complex.py took 0.492 seconds
[2024-10-13T10:07:49.628+0000] {processor.py:186} INFO - Started process (PID=205) to work on /home/airflow/.local/lib/python3.12/site-packages/airflow/example_dags/example_complex.py
[2024-10-13T10:07:49.635+0000] {processor.py:914} INFO - Processing file /home/airflow/.local/lib/python3.12/site-packages/airflow/example_dags/example_complex.py for tasks to queue
[2024-10-13T10:07:49.658+0000] {logging_mixin.py:190} INFO - [2024-10-13T10:07:49.654+0000] {dagbag.py:588} INFO - Filling up the DagBag from /home/airflow/.local/lib/python3.12/site-packages/airflow/example_dags/example_complex.py
[2024-10-13T10:07:49.762+0000] {processor.py:925} INFO - DAG(s) 'example_complex' retrieved from /home/airflow/.local/lib/python3.12/site-packages/airflow/example_dags/example_complex.py
[2024-10-13T10:07:49.981+0000] {logging_mixin.py:190} INFO - [2024-10-13T10:07:49.980+0000] {dag.py:3239} INFO - Sync 1 DAGs
[2024-10-13T10:07:50.053+0000] {logging_mixin.py:190} INFO - [2024-10-13T10:07:50.052+0000] {dag.py:4180} INFO - Setting next_dagrun for example_complex to None, run_after=None
[2024-10-13T10:07:50.276+0000] {processor.py:208} INFO - Processing /home/airflow/.local/lib/python3.12/site-packages/airflow/example_dags/example_complex.py took 0.684 seconds
[2024-10-13T10:08:27.461+0000] {processor.py:186} INFO - Started process (PID=268) to work on /home/airflow/.local/lib/python3.12/site-packages/airflow/example_dags/example_complex.py
[2024-10-13T10:08:27.468+0000] {processor.py:914} INFO - Processing file /home/airflow/.local/lib/python3.12/site-packages/airflow/example_dags/example_complex.py for tasks to queue
[2024-10-13T10:08:27.491+0000] {logging_mixin.py:190} INFO - [2024-10-13T10:08:27.486+0000] {dagbag.py:588} INFO - Filling up the DagBag from /home/airflow/.local/lib/python3.12/site-packages/airflow/example_dags/example_complex.py
[2024-10-13T10:08:27.594+0000] {processor.py:925} INFO - DAG(s) 'example_complex' retrieved from /home/airflow/.local/lib/python3.12/site-packages/airflow/example_dags/example_complex.py
[2024-10-13T10:08:27.989+0000] {logging_mixin.py:190} INFO - [2024-10-13T10:08:27.988+0000] {dag.py:3239} INFO - Sync 1 DAGs
[2024-10-13T10:08:28.175+0000] {logging_mixin.py:190} INFO - [2024-10-13T10:08:28.175+0000] {dag.py:4180} INFO - Setting next_dagrun for example_complex to None, run_after=None
[2024-10-13T10:08:28.606+0000] {processor.py:208} INFO - Processing /home/airflow/.local/lib/python3.12/site-packages/airflow/example_dags/example_complex.py took 1.204 seconds
[2024-10-13T10:08:59.813+0000] {processor.py:186} INFO - Started process (PID=329) to work on /home/airflow/.local/lib/python3.12/site-packages/airflow/example_dags/example_complex.py
[2024-10-13T10:08:59.827+0000] {processor.py:914} INFO - Processing file /home/airflow/.local/lib/python3.12/site-packages/airflow/example_dags/example_complex.py for tasks to queue
[2024-10-13T10:08:59.849+0000] {logging_mixin.py:190} INFO - [2024-10-13T10:08:59.846+0000] {dagbag.py:588} INFO - Filling up the DagBag from /home/airflow/.local/lib/python3.12/site-packages/airflow/example_dags/example_complex.py
[2024-10-13T10:09:00.093+0000] {processor.py:925} INFO - DAG(s) 'example_complex' retrieved from /home/airflow/.local/lib/python3.12/site-packages/airflow/example_dags/example_complex.py
[2024-10-13T10:09:01.674+0000] {logging_mixin.py:190} INFO - [2024-10-13T10:09:01.672+0000] {dag.py:3239} INFO - Sync 1 DAGs
[2024-10-13T10:09:03.322+0000] {logging_mixin.py:190} INFO - [2024-10-13T10:09:03.286+0000] {dag.py:4180} INFO - Setting next_dagrun for example_complex to None, run_after=None
[2024-10-13T10:09:04.227+0000] {processor.py:208} INFO - Processing /home/airflow/.local/lib/python3.12/site-packages/airflow/example_dags/example_complex.py took 4.466 seconds
[2024-10-13T10:09:39.391+0000] {processor.py:186} INFO - Started process (PID=391) to work on /home/airflow/.local/lib/python3.12/site-packages/airflow/example_dags/example_complex.py
[2024-10-13T10:09:39.394+0000] {processor.py:914} INFO - Processing file /home/airflow/.local/lib/python3.12/site-packages/airflow/example_dags/example_complex.py for tasks to queue
[2024-10-13T10:09:39.405+0000] {logging_mixin.py:190} INFO - [2024-10-13T10:09:39.403+0000] {dagbag.py:588} INFO - Filling up the DagBag from /home/airflow/.local/lib/python3.12/site-packages/airflow/example_dags/example_complex.py
[2024-10-13T10:09:39.460+0000] {processor.py:925} INFO - DAG(s) 'example_complex' retrieved from /home/airflow/.local/lib/python3.12/site-packages/airflow/example_dags/example_complex.py
[2024-10-13T10:09:39.567+0000] {logging_mixin.py:190} INFO - [2024-10-13T10:09:39.566+0000] {dag.py:3239} INFO - Sync 1 DAGs
[2024-10-13T10:09:39.610+0000] {logging_mixin.py:190} INFO - [2024-10-13T10:09:39.610+0000] {dag.py:4180} INFO - Setting next_dagrun for example_complex to None, run_after=None
[2024-10-13T10:09:39.743+0000] {processor.py:208} INFO - Processing /home/airflow/.local/lib/python3.12/site-packages/airflow/example_dags/example_complex.py took 0.380 seconds
[2024-10-13T10:10:13.319+0000] {processor.py:186} INFO - Started process (PID=443) to work on /home/airflow/.local/lib/python3.12/site-packages/airflow/example_dags/example_complex.py
[2024-10-13T10:10:13.321+0000] {processor.py:914} INFO - Processing file /home/airflow/.local/lib/python3.12/site-packages/airflow/example_dags/example_complex.py for tasks to queue
[2024-10-13T10:10:13.325+0000] {logging_mixin.py:190} INFO - [2024-10-13T10:10:13.325+0000] {dagbag.py:588} INFO - Filling up the DagBag from /home/airflow/.local/lib/python3.12/site-packages/airflow/example_dags/example_complex.py
[2024-10-13T10:10:13.344+0000] {processor.py:925} INFO - DAG(s) 'example_complex' retrieved from /home/airflow/.local/lib/python3.12/site-packages/airflow/example_dags/example_complex.py
[2024-10-13T10:10:13.395+0000] {logging_mixin.py:190} INFO - [2024-10-13T10:10:13.394+0000] {dag.py:3239} INFO - Sync 1 DAGs
[2024-10-13T10:10:13.418+0000] {logging_mixin.py:190} INFO - [2024-10-13T10:10:13.418+0000] {dag.py:4180} INFO - Setting next_dagrun for example_complex to None, run_after=None
[2024-10-13T10:10:13.449+0000] {processor.py:208} INFO - Processing /home/airflow/.local/lib/python3.12/site-packages/airflow/example_dags/example_complex.py took 0.140 seconds
[2024-10-13T10:10:43.985+0000] {processor.py:186} INFO - Started process (PID=505) to work on /home/airflow/.local/lib/python3.12/site-packages/airflow/example_dags/example_complex.py
[2024-10-13T10:10:43.988+0000] {processor.py:914} INFO - Processing file /home/airflow/.local/lib/python3.12/site-packages/airflow/example_dags/example_complex.py for tasks to queue
[2024-10-13T10:10:43.994+0000] {logging_mixin.py:190} INFO - [2024-10-13T10:10:43.993+0000] {dagbag.py:588} INFO - Filling up the DagBag from /home/airflow/.local/lib/python3.12/site-packages/airflow/example_dags/example_complex.py
[2024-10-13T10:10:44.022+0000] {processor.py:925} INFO - DAG(s) 'example_complex' retrieved from /home/airflow/.local/lib/python3.12/site-packages/airflow/example_dags/example_complex.py
[2024-10-13T10:10:44.083+0000] {logging_mixin.py:190} INFO - [2024-10-13T10:10:44.082+0000] {dag.py:3239} INFO - Sync 1 DAGs
[2024-10-13T10:10:44.107+0000] {logging_mixin.py:190} INFO - [2024-10-13T10:10:44.106+0000] {dag.py:4180} INFO - Setting next_dagrun for example_complex to None, run_after=None
[2024-10-13T10:10:44.141+0000] {processor.py:208} INFO - Processing /home/airflow/.local/lib/python3.12/site-packages/airflow/example_dags/example_complex.py took 0.167 seconds
[2024-10-13T10:11:16.619+0000] {processor.py:186} INFO - Started process (PID=566) to work on /home/airflow/.local/lib/python3.12/site-packages/airflow/example_dags/example_complex.py
[2024-10-13T10:11:16.649+0000] {processor.py:914} INFO - Processing file /home/airflow/.local/lib/python3.12/site-packages/airflow/example_dags/example_complex.py for tasks to queue
[2024-10-13T10:11:16.690+0000] {logging_mixin.py:190} INFO - [2024-10-13T10:11:16.685+0000] {dagbag.py:588} INFO - Filling up the DagBag from /home/airflow/.local/lib/python3.12/site-packages/airflow/example_dags/example_complex.py
[2024-10-13T10:11:16.947+0000] {processor.py:925} INFO - DAG(s) 'example_complex' retrieved from /home/airflow/.local/lib/python3.12/site-packages/airflow/example_dags/example_complex.py
[2024-10-13T10:11:17.411+0000] {logging_mixin.py:190} INFO - [2024-10-13T10:11:17.410+0000] {dag.py:3239} INFO - Sync 1 DAGs
[2024-10-13T10:11:17.507+0000] {logging_mixin.py:190} INFO - [2024-10-13T10:11:17.507+0000] {dag.py:4180} INFO - Setting next_dagrun for example_complex to None, run_after=None
[2024-10-13T10:11:17.987+0000] {processor.py:208} INFO - Processing /home/airflow/.local/lib/python3.12/site-packages/airflow/example_dags/example_complex.py took 1.435 seconds
[2024-10-13T10:11:48.910+0000] {processor.py:186} INFO - Started process (PID=628) to work on /home/airflow/.local/lib/python3.12/site-packages/airflow/example_dags/example_complex.py
[2024-10-13T10:11:48.915+0000] {processor.py:914} INFO - Processing file /home/airflow/.local/lib/python3.12/site-packages/airflow/example_dags/example_complex.py for tasks to queue
[2024-10-13T10:11:48.935+0000] {logging_mixin.py:190} INFO - [2024-10-13T10:11:48.933+0000] {dagbag.py:588} INFO - Filling up the DagBag from /home/airflow/.local/lib/python3.12/site-packages/airflow/example_dags/example_complex.py
[2024-10-13T10:11:49.151+0000] {processor.py:925} INFO - DAG(s) 'example_complex' retrieved from /home/airflow/.local/lib/python3.12/site-packages/airflow/example_dags/example_complex.py
[2024-10-13T10:11:49.327+0000] {logging_mixin.py:190} INFO - [2024-10-13T10:11:49.326+0000] {dag.py:3239} INFO - Sync 1 DAGs
[2024-10-13T10:11:49.385+0000] {logging_mixin.py:190} INFO - [2024-10-13T10:11:49.384+0000] {dag.py:4180} INFO - Setting next_dagrun for example_complex to None, run_after=None
[2024-10-13T10:11:49.428+0000] {processor.py:208} INFO - Processing /home/airflow/.local/lib/python3.12/site-packages/airflow/example_dags/example_complex.py took 0.539 seconds
[2024-10-13T10:12:20.051+0000] {processor.py:186} INFO - Started process (PID=690) to work on /home/airflow/.local/lib/python3.12/site-packages/airflow/example_dags/example_complex.py
[2024-10-13T10:12:20.053+0000] {processor.py:914} INFO - Processing file /home/airflow/.local/lib/python3.12/site-packages/airflow/example_dags/example_complex.py for tasks to queue
[2024-10-13T10:12:20.057+0000] {logging_mixin.py:190} INFO - [2024-10-13T10:12:20.057+0000] {dagbag.py:588} INFO - Filling up the DagBag from /home/airflow/.local/lib/python3.12/site-packages/airflow/example_dags/example_complex.py
[2024-10-13T10:12:20.086+0000] {processor.py:925} INFO - DAG(s) 'example_complex' retrieved from /home/airflow/.local/lib/python3.12/site-packages/airflow/example_dags/example_complex.py
[2024-10-13T10:12:20.161+0000] {logging_mixin.py:190} INFO - [2024-10-13T10:12:20.160+0000] {dag.py:3239} INFO - Sync 1 DAGs
[2024-10-13T10:12:20.190+0000] {logging_mixin.py:190} INFO - [2024-10-13T10:12:20.190+0000] {dag.py:4180} INFO - Setting next_dagrun for example_complex to None, run_after=None
[2024-10-13T10:12:20.227+0000] {processor.py:208} INFO - Processing /home/airflow/.local/lib/python3.12/site-packages/airflow/example_dags/example_complex.py took 0.187 seconds
[2024-10-13T10:12:50.624+0000] {processor.py:186} INFO - Started process (PID=752) to work on /home/airflow/.local/lib/python3.12/site-packages/airflow/example_dags/example_complex.py
[2024-10-13T10:12:50.635+0000] {processor.py:914} INFO - Processing file /home/airflow/.local/lib/python3.12/site-packages/airflow/example_dags/example_complex.py for tasks to queue
[2024-10-13T10:12:50.652+0000] {logging_mixin.py:190} INFO - [2024-10-13T10:12:50.647+0000] {dagbag.py:588} INFO - Filling up the DagBag from /home/airflow/.local/lib/python3.12/site-packages/airflow/example_dags/example_complex.py
[2024-10-13T10:12:50.778+0000] {processor.py:925} INFO - DAG(s) 'example_complex' retrieved from /home/airflow/.local/lib/python3.12/site-packages/airflow/example_dags/example_complex.py
[2024-10-13T10:12:51.006+0000] {logging_mixin.py:190} INFO - [2024-10-13T10:12:51.006+0000] {dag.py:3239} INFO - Sync 1 DAGs
[2024-10-13T10:12:51.044+0000] {logging_mixin.py:190} INFO - [2024-10-13T10:12:51.043+0000] {dag.py:4180} INFO - Setting next_dagrun for example_complex to None, run_after=None
[2024-10-13T10:12:51.086+0000] {processor.py:208} INFO - Processing /home/airflow/.local/lib/python3.12/site-packages/airflow/example_dags/example_complex.py took 0.513 seconds
[2024-10-13T10:13:21.383+0000] {processor.py:186} INFO - Started process (PID=814) to work on /home/airflow/.local/lib/python3.12/site-packages/airflow/example_dags/example_complex.py
[2024-10-13T10:13:21.385+0000] {processor.py:914} INFO - Processing file /home/airflow/.local/lib/python3.12/site-packages/airflow/example_dags/example_complex.py for tasks to queue
[2024-10-13T10:13:21.389+0000] {logging_mixin.py:190} INFO - [2024-10-13T10:13:21.389+0000] {dagbag.py:588} INFO - Filling up the DagBag from /home/airflow/.local/lib/python3.12/site-packages/airflow/example_dags/example_complex.py
[2024-10-13T10:13:21.410+0000] {processor.py:925} INFO - DAG(s) 'example_complex' retrieved from /home/airflow/.local/lib/python3.12/site-packages/airflow/example_dags/example_complex.py
[2024-10-13T10:13:21.468+0000] {logging_mixin.py:190} INFO - [2024-10-13T10:13:21.467+0000] {dag.py:3239} INFO - Sync 1 DAGs
[2024-10-13T10:13:21.493+0000] {logging_mixin.py:190} INFO - [2024-10-13T10:13:21.492+0000] {dag.py:4180} INFO - Setting next_dagrun for example_complex to None, run_after=None
[2024-10-13T10:13:21.531+0000] {processor.py:208} INFO - Processing /home/airflow/.local/lib/python3.12/site-packages/airflow/example_dags/example_complex.py took 0.158 seconds
[2024-10-13T10:13:51.931+0000] {processor.py:186} INFO - Started process (PID=876) to work on /home/airflow/.local/lib/python3.12/site-packages/airflow/example_dags/example_complex.py
[2024-10-13T10:13:51.941+0000] {processor.py:914} INFO - Processing file /home/airflow/.local/lib/python3.12/site-packages/airflow/example_dags/example_complex.py for tasks to queue
[2024-10-13T10:13:51.945+0000] {logging_mixin.py:190} INFO - [2024-10-13T10:13:51.945+0000] {dagbag.py:588} INFO - Filling up the DagBag from /home/airflow/.local/lib/python3.12/site-packages/airflow/example_dags/example_complex.py
[2024-10-13T10:13:51.968+0000] {processor.py:925} INFO - DAG(s) 'example_complex' retrieved from /home/airflow/.local/lib/python3.12/site-packages/airflow/example_dags/example_complex.py
[2024-10-13T10:13:52.033+0000] {logging_mixin.py:190} INFO - [2024-10-13T10:13:52.032+0000] {dag.py:3239} INFO - Sync 1 DAGs
[2024-10-13T10:13:52.062+0000] {logging_mixin.py:190} INFO - [2024-10-13T10:13:52.061+0000] {dag.py:4180} INFO - Setting next_dagrun for example_complex to None, run_after=None
[2024-10-13T10:13:52.097+0000] {processor.py:208} INFO - Processing /home/airflow/.local/lib/python3.12/site-packages/airflow/example_dags/example_complex.py took 0.177 seconds
[2024-10-13T10:14:22.798+0000] {processor.py:186} INFO - Started process (PID=938) to work on /home/airflow/.local/lib/python3.12/site-packages/airflow/example_dags/example_complex.py
[2024-10-13T10:14:22.808+0000] {processor.py:914} INFO - Processing file /home/airflow/.local/lib/python3.12/site-packages/airflow/example_dags/example_complex.py for tasks to queue
[2024-10-13T10:14:22.906+0000] {logging_mixin.py:190} INFO - [2024-10-13T10:14:22.905+0000] {dagbag.py:588} INFO - Filling up the DagBag from /home/airflow/.local/lib/python3.12/site-packages/airflow/example_dags/example_complex.py
[2024-10-13T10:14:22.955+0000] {processor.py:925} INFO - DAG(s) 'example_complex' retrieved from /home/airflow/.local/lib/python3.12/site-packages/airflow/example_dags/example_complex.py
[2024-10-13T10:14:23.190+0000] {logging_mixin.py:190} INFO - [2024-10-13T10:14:23.190+0000] {dag.py:3239} INFO - Sync 1 DAGs
[2024-10-13T10:14:23.220+0000] {logging_mixin.py:190} INFO - [2024-10-13T10:14:23.219+0000] {dag.py:4180} INFO - Setting next_dagrun for example_complex to None, run_after=None
[2024-10-13T10:14:23.263+0000] {processor.py:208} INFO - Processing /home/airflow/.local/lib/python3.12/site-packages/airflow/example_dags/example_complex.py took 0.500 seconds
[2024-10-13T10:14:56.645+0000] {processor.py:186} INFO - Started process (PID=1003) to work on /home/airflow/.local/lib/python3.12/site-packages/airflow/example_dags/example_complex.py
[2024-10-13T10:14:56.648+0000] {processor.py:914} INFO - Processing file /home/airflow/.local/lib/python3.12/site-packages/airflow/example_dags/example_complex.py for tasks to queue
[2024-10-13T10:14:56.654+0000] {logging_mixin.py:190} INFO - [2024-10-13T10:14:56.653+0000] {dagbag.py:588} INFO - Filling up the DagBag from /home/airflow/.local/lib/python3.12/site-packages/airflow/example_dags/example_complex.py
[2024-10-13T10:14:56.686+0000] {processor.py:925} INFO - DAG(s) 'example_complex' retrieved from /home/airflow/.local/lib/python3.12/site-packages/airflow/example_dags/example_complex.py
[2024-10-13T10:14:56.773+0000] {logging_mixin.py:190} INFO - [2024-10-13T10:14:56.773+0000] {dag.py:3239} INFO - Sync 1 DAGs
[2024-10-13T10:14:56.816+0000] {logging_mixin.py:190} INFO - [2024-10-13T10:14:56.816+0000] {dag.py:4180} INFO - Setting next_dagrun for example_complex to None, run_after=None
[2024-10-13T10:14:56.889+0000] {processor.py:208} INFO - Processing /home/airflow/.local/lib/python3.12/site-packages/airflow/example_dags/example_complex.py took 0.269 seconds
[2024-10-13T10:15:29.335+0000] {processor.py:186} INFO - Started process (PID=1065) to work on /home/airflow/.local/lib/python3.12/site-packages/airflow/example_dags/example_complex.py
[2024-10-13T10:15:29.349+0000] {processor.py:914} INFO - Processing file /home/airflow/.local/lib/python3.12/site-packages/airflow/example_dags/example_complex.py for tasks to queue
[2024-10-13T10:15:29.384+0000] {logging_mixin.py:190} INFO - [2024-10-13T10:15:29.379+0000] {dagbag.py:588} INFO - Filling up the DagBag from /home/airflow/.local/lib/python3.12/site-packages/airflow/example_dags/example_complex.py
[2024-10-13T10:15:29.559+0000] {processor.py:925} INFO - DAG(s) 'example_complex' retrieved from /home/airflow/.local/lib/python3.12/site-packages/airflow/example_dags/example_complex.py
[2024-10-13T10:15:29.870+0000] {logging_mixin.py:190} INFO - [2024-10-13T10:15:29.868+0000] {dag.py:3239} INFO - Sync 1 DAGs
[2024-10-13T10:15:30.160+0000] {logging_mixin.py:190} INFO - [2024-10-13T10:15:30.151+0000] {dag.py:4180} INFO - Setting next_dagrun for example_complex to None, run_after=None
[2024-10-13T10:15:30.582+0000] {processor.py:208} INFO - Processing /home/airflow/.local/lib/python3.12/site-packages/airflow/example_dags/example_complex.py took 1.367 seconds
[2024-10-13T10:16:00.664+0000] {processor.py:186} INFO - Started process (PID=1126) to work on /home/airflow/.local/lib/python3.12/site-packages/airflow/example_dags/example_complex.py
[2024-10-13T10:16:00.666+0000] {processor.py:914} INFO - Processing file /home/airflow/.local/lib/python3.12/site-packages/airflow/example_dags/example_complex.py for tasks to queue
[2024-10-13T10:16:00.671+0000] {logging_mixin.py:190} INFO - [2024-10-13T10:16:00.670+0000] {dagbag.py:588} INFO - Filling up the DagBag from /home/airflow/.local/lib/python3.12/site-packages/airflow/example_dags/example_complex.py
[2024-10-13T10:16:00.692+0000] {processor.py:925} INFO - DAG(s) 'example_complex' retrieved from /home/airflow/.local/lib/python3.12/site-packages/airflow/example_dags/example_complex.py
[2024-10-13T10:16:00.752+0000] {logging_mixin.py:190} INFO - [2024-10-13T10:16:00.751+0000] {dag.py:3239} INFO - Sync 1 DAGs
[2024-10-13T10:16:00.780+0000] {logging_mixin.py:190} INFO - [2024-10-13T10:16:00.779+0000] {dag.py:4180} INFO - Setting next_dagrun for example_complex to None, run_after=None
[2024-10-13T10:16:00.816+0000] {processor.py:208} INFO - Processing /home/airflow/.local/lib/python3.12/site-packages/airflow/example_dags/example_complex.py took 0.164 seconds
[2024-10-13T10:16:31.023+0000] {processor.py:186} INFO - Started process (PID=1188) to work on /home/airflow/.local/lib/python3.12/site-packages/airflow/example_dags/example_complex.py
[2024-10-13T10:16:31.043+0000] {processor.py:914} INFO - Processing file /home/airflow/.local/lib/python3.12/site-packages/airflow/example_dags/example_complex.py for tasks to queue
[2024-10-13T10:16:31.368+0000] {logging_mixin.py:190} INFO - [2024-10-13T10:16:31.088+0000] {dagbag.py:588} INFO - Filling up the DagBag from /home/airflow/.local/lib/python3.12/site-packages/airflow/example_dags/example_complex.py
[2024-10-13T10:16:31.596+0000] {processor.py:925} INFO - DAG(s) 'example_complex' retrieved from /home/airflow/.local/lib/python3.12/site-packages/airflow/example_dags/example_complex.py
[2024-10-13T10:16:32.106+0000] {logging_mixin.py:190} INFO - [2024-10-13T10:16:32.104+0000] {dag.py:3239} INFO - Sync 1 DAGs
[2024-10-13T10:16:32.267+0000] {logging_mixin.py:190} INFO - [2024-10-13T10:16:32.266+0000] {dag.py:4180} INFO - Setting next_dagrun for example_complex to None, run_after=None
[2024-10-13T10:16:32.356+0000] {processor.py:208} INFO - Processing /home/airflow/.local/lib/python3.12/site-packages/airflow/example_dags/example_complex.py took 1.379 seconds
[2024-10-13T10:17:03.161+0000] {processor.py:186} INFO - Started process (PID=1250) to work on /home/airflow/.local/lib/python3.12/site-packages/airflow/example_dags/example_complex.py
[2024-10-13T10:17:03.163+0000] {processor.py:914} INFO - Processing file /home/airflow/.local/lib/python3.12/site-packages/airflow/example_dags/example_complex.py for tasks to queue
[2024-10-13T10:17:03.170+0000] {logging_mixin.py:190} INFO - [2024-10-13T10:17:03.170+0000] {dagbag.py:588} INFO - Filling up the DagBag from /home/airflow/.local/lib/python3.12/site-packages/airflow/example_dags/example_complex.py
[2024-10-13T10:17:03.202+0000] {processor.py:925} INFO - DAG(s) 'example_complex' retrieved from /home/airflow/.local/lib/python3.12/site-packages/airflow/example_dags/example_complex.py
[2024-10-13T10:17:03.268+0000] {logging_mixin.py:190} INFO - [2024-10-13T10:17:03.268+0000] {dag.py:3239} INFO - Sync 1 DAGs
[2024-10-13T10:17:03.291+0000] {logging_mixin.py:190} INFO - [2024-10-13T10:17:03.291+0000] {dag.py:4180} INFO - Setting next_dagrun for example_complex to None, run_after=None
[2024-10-13T10:17:03.331+0000] {processor.py:208} INFO - Processing /home/airflow/.local/lib/python3.12/site-packages/airflow/example_dags/example_complex.py took 0.185 seconds
[2024-10-13T10:17:33.455+0000] {processor.py:186} INFO - Started process (PID=1312) to work on /home/airflow/.local/lib/python3.12/site-packages/airflow/example_dags/example_complex.py
[2024-10-13T10:17:33.456+0000] {processor.py:914} INFO - Processing file /home/airflow/.local/lib/python3.12/site-packages/airflow/example_dags/example_complex.py for tasks to queue
[2024-10-13T10:17:33.461+0000] {logging_mixin.py:190} INFO - [2024-10-13T10:17:33.460+0000] {dagbag.py:588} INFO - Filling up the DagBag from /home/airflow/.local/lib/python3.12/site-packages/airflow/example_dags/example_complex.py
[2024-10-13T10:17:33.481+0000] {processor.py:925} INFO - DAG(s) 'example_complex' retrieved from /home/airflow/.local/lib/python3.12/site-packages/airflow/example_dags/example_complex.py
[2024-10-13T10:17:33.530+0000] {logging_mixin.py:190} INFO - [2024-10-13T10:17:33.530+0000] {dag.py:3239} INFO - Sync 1 DAGs
[2024-10-13T10:17:33.553+0000] {logging_mixin.py:190} INFO - [2024-10-13T10:17:33.553+0000] {dag.py:4180} INFO - Setting next_dagrun for example_complex to None, run_after=None
[2024-10-13T10:17:33.586+0000] {processor.py:208} INFO - Processing /home/airflow/.local/lib/python3.12/site-packages/airflow/example_dags/example_complex.py took 0.140 seconds
[2024-10-13T10:18:03.873+0000] {processor.py:186} INFO - Started process (PID=1373) to work on /home/airflow/.local/lib/python3.12/site-packages/airflow/example_dags/example_complex.py
[2024-10-13T10:18:03.875+0000] {processor.py:914} INFO - Processing file /home/airflow/.local/lib/python3.12/site-packages/airflow/example_dags/example_complex.py for tasks to queue
[2024-10-13T10:18:03.880+0000] {logging_mixin.py:190} INFO - [2024-10-13T10:18:03.879+0000] {dagbag.py:588} INFO - Filling up the DagBag from /home/airflow/.local/lib/python3.12/site-packages/airflow/example_dags/example_complex.py
[2024-10-13T10:18:03.906+0000] {processor.py:925} INFO - DAG(s) 'example_complex' retrieved from /home/airflow/.local/lib/python3.12/site-packages/airflow/example_dags/example_complex.py
[2024-10-13T10:18:03.987+0000] {logging_mixin.py:190} INFO - [2024-10-13T10:18:03.986+0000] {dag.py:3239} INFO - Sync 1 DAGs
[2024-10-13T10:18:04.014+0000] {logging_mixin.py:190} INFO - [2024-10-13T10:18:04.014+0000] {dag.py:4180} INFO - Setting next_dagrun for example_complex to None, run_after=None
[2024-10-13T10:18:04.058+0000] {processor.py:208} INFO - Processing /home/airflow/.local/lib/python3.12/site-packages/airflow/example_dags/example_complex.py took 0.197 seconds
[2024-10-13T10:18:41.160+0000] {processor.py:186} INFO - Started process (PID=1436) to work on /home/airflow/.local/lib/python3.12/site-packages/airflow/example_dags/example_complex.py
[2024-10-13T10:18:41.164+0000] {processor.py:914} INFO - Processing file /home/airflow/.local/lib/python3.12/site-packages/airflow/example_dags/example_complex.py for tasks to queue
[2024-10-13T10:18:41.319+0000] {logging_mixin.py:190} INFO - [2024-10-13T10:18:41.315+0000] {dagbag.py:588} INFO - Filling up the DagBag from /home/airflow/.local/lib/python3.12/site-packages/airflow/example_dags/example_complex.py
[2024-10-13T10:18:41.749+0000] {processor.py:925} INFO - DAG(s) 'example_complex' retrieved from /home/airflow/.local/lib/python3.12/site-packages/airflow/example_dags/example_complex.py
[2024-10-13T10:18:42.163+0000] {logging_mixin.py:190} INFO - [2024-10-13T10:18:42.162+0000] {dag.py:3239} INFO - Sync 1 DAGs
[2024-10-13T10:18:42.237+0000] {logging_mixin.py:190} INFO - [2024-10-13T10:18:42.237+0000] {dag.py:4180} INFO - Setting next_dagrun for example_complex to None, run_after=None
[2024-10-13T10:18:42.296+0000] {processor.py:208} INFO - Processing /home/airflow/.local/lib/python3.12/site-packages/airflow/example_dags/example_complex.py took 1.189 seconds
[2024-10-13T10:19:30.333+0000] {processor.py:186} INFO - Started process (PID=1496) to work on /home/airflow/.local/lib/python3.12/site-packages/airflow/example_dags/example_complex.py
[2024-10-13T10:19:30.337+0000] {processor.py:914} INFO - Processing file /home/airflow/.local/lib/python3.12/site-packages/airflow/example_dags/example_complex.py for tasks to queue
[2024-10-13T10:19:30.351+0000] {logging_mixin.py:190} INFO - [2024-10-13T10:19:30.351+0000] {dagbag.py:588} INFO - Filling up the DagBag from /home/airflow/.local/lib/python3.12/site-packages/airflow/example_dags/example_complex.py
[2024-10-13T10:19:30.421+0000] {processor.py:925} INFO - DAG(s) 'example_complex' retrieved from /home/airflow/.local/lib/python3.12/site-packages/airflow/example_dags/example_complex.py
[2024-10-13T10:19:30.517+0000] {logging_mixin.py:190} INFO - [2024-10-13T10:19:30.516+0000] {dag.py:3239} INFO - Sync 1 DAGs
[2024-10-13T10:19:30.601+0000] {logging_mixin.py:190} INFO - [2024-10-13T10:19:30.601+0000] {dag.py:4180} INFO - Setting next_dagrun for example_complex to None, run_after=None
[2024-10-13T10:19:30.677+0000] {processor.py:208} INFO - Processing /home/airflow/.local/lib/python3.12/site-packages/airflow/example_dags/example_complex.py took 0.375 seconds
[2024-10-13T10:20:00.810+0000] {processor.py:186} INFO - Started process (PID=1557) to work on /home/airflow/.local/lib/python3.12/site-packages/airflow/example_dags/example_complex.py
[2024-10-13T10:20:00.812+0000] {processor.py:914} INFO - Processing file /home/airflow/.local/lib/python3.12/site-packages/airflow/example_dags/example_complex.py for tasks to queue
[2024-10-13T10:20:00.819+0000] {logging_mixin.py:190} INFO - [2024-10-13T10:20:00.818+0000] {dagbag.py:588} INFO - Filling up the DagBag from /home/airflow/.local/lib/python3.12/site-packages/airflow/example_dags/example_complex.py
[2024-10-13T10:20:00.844+0000] {processor.py:925} INFO - DAG(s) 'example_complex' retrieved from /home/airflow/.local/lib/python3.12/site-packages/airflow/example_dags/example_complex.py
[2024-10-13T10:20:00.903+0000] {logging_mixin.py:190} INFO - [2024-10-13T10:20:00.902+0000] {dag.py:3239} INFO - Sync 1 DAGs
[2024-10-13T10:20:00.929+0000] {logging_mixin.py:190} INFO - [2024-10-13T10:20:00.928+0000] {dag.py:4180} INFO - Setting next_dagrun for example_complex to None, run_after=None
[2024-10-13T10:20:00.966+0000] {processor.py:208} INFO - Processing /home/airflow/.local/lib/python3.12/site-packages/airflow/example_dags/example_complex.py took 0.177 seconds
[2024-10-13T10:20:31.709+0000] {processor.py:186} INFO - Started process (PID=1618) to work on /home/airflow/.local/lib/python3.12/site-packages/airflow/example_dags/example_complex.py
[2024-10-13T10:20:31.712+0000] {processor.py:914} INFO - Processing file /home/airflow/.local/lib/python3.12/site-packages/airflow/example_dags/example_complex.py for tasks to queue
[2024-10-13T10:20:31.718+0000] {logging_mixin.py:190} INFO - [2024-10-13T10:20:31.717+0000] {dagbag.py:588} INFO - Filling up the DagBag from /home/airflow/.local/lib/python3.12/site-packages/airflow/example_dags/example_complex.py
[2024-10-13T10:20:31.759+0000] {processor.py:925} INFO - DAG(s) 'example_complex' retrieved from /home/airflow/.local/lib/python3.12/site-packages/airflow/example_dags/example_complex.py
[2024-10-13T10:20:31.890+0000] {logging_mixin.py:190} INFO - [2024-10-13T10:20:31.890+0000] {dag.py:3239} INFO - Sync 1 DAGs
[2024-10-13T10:20:31.925+0000] {logging_mixin.py:190} INFO - [2024-10-13T10:20:31.924+0000] {dag.py:4180} INFO - Setting next_dagrun for example_complex to None, run_after=None
[2024-10-13T10:20:31.970+0000] {processor.py:208} INFO - Processing /home/airflow/.local/lib/python3.12/site-packages/airflow/example_dags/example_complex.py took 0.281 seconds
[2024-10-13T10:21:03.056+0000] {processor.py:186} INFO - Started process (PID=1680) to work on /home/airflow/.local/lib/python3.12/site-packages/airflow/example_dags/example_complex.py
[2024-10-13T10:21:03.058+0000] {processor.py:914} INFO - Processing file /home/airflow/.local/lib/python3.12/site-packages/airflow/example_dags/example_complex.py for tasks to queue
[2024-10-13T10:21:03.064+0000] {logging_mixin.py:190} INFO - [2024-10-13T10:21:03.063+0000] {dagbag.py:588} INFO - Filling up the DagBag from /home/airflow/.local/lib/python3.12/site-packages/airflow/example_dags/example_complex.py
[2024-10-13T10:21:03.085+0000] {processor.py:925} INFO - DAG(s) 'example_complex' retrieved from /home/airflow/.local/lib/python3.12/site-packages/airflow/example_dags/example_complex.py
[2024-10-13T10:21:03.135+0000] {logging_mixin.py:190} INFO - [2024-10-13T10:21:03.135+0000] {dag.py:3239} INFO - Sync 1 DAGs
[2024-10-13T10:21:03.158+0000] {logging_mixin.py:190} INFO - [2024-10-13T10:21:03.157+0000] {dag.py:4180} INFO - Setting next_dagrun for example_complex to None, run_after=None
[2024-10-13T10:21:03.190+0000] {processor.py:208} INFO - Processing /home/airflow/.local/lib/python3.12/site-packages/airflow/example_dags/example_complex.py took 0.146 seconds
[2024-10-13T10:21:34.671+0000] {processor.py:186} INFO - Started process (PID=1743) to work on /home/airflow/.local/lib/python3.12/site-packages/airflow/example_dags/example_complex.py
[2024-10-13T10:21:34.674+0000] {processor.py:914} INFO - Processing file /home/airflow/.local/lib/python3.12/site-packages/airflow/example_dags/example_complex.py for tasks to queue
[2024-10-13T10:21:34.680+0000] {logging_mixin.py:190} INFO - [2024-10-13T10:21:34.679+0000] {dagbag.py:588} INFO - Filling up the DagBag from /home/airflow/.local/lib/python3.12/site-packages/airflow/example_dags/example_complex.py
[2024-10-13T10:21:34.703+0000] {processor.py:925} INFO - DAG(s) 'example_complex' retrieved from /home/airflow/.local/lib/python3.12/site-packages/airflow/example_dags/example_complex.py
[2024-10-13T10:21:34.765+0000] {logging_mixin.py:190} INFO - [2024-10-13T10:21:34.764+0000] {dag.py:3239} INFO - Sync 1 DAGs
[2024-10-13T10:21:34.793+0000] {logging_mixin.py:190} INFO - [2024-10-13T10:21:34.793+0000] {dag.py:4180} INFO - Setting next_dagrun for example_complex to None, run_after=None
[2024-10-13T10:21:34.835+0000] {processor.py:208} INFO - Processing /home/airflow/.local/lib/python3.12/site-packages/airflow/example_dags/example_complex.py took 0.180 seconds
[2024-10-13T10:22:05.631+0000] {processor.py:186} INFO - Started process (PID=1806) to work on /home/airflow/.local/lib/python3.12/site-packages/airflow/example_dags/example_complex.py
[2024-10-13T10:22:05.637+0000] {processor.py:914} INFO - Processing file /home/airflow/.local/lib/python3.12/site-packages/airflow/example_dags/example_complex.py for tasks to queue
[2024-10-13T10:22:05.642+0000] {logging_mixin.py:190} INFO - [2024-10-13T10:22:05.641+0000] {dagbag.py:588} INFO - Filling up the DagBag from /home/airflow/.local/lib/python3.12/site-packages/airflow/example_dags/example_complex.py
[2024-10-13T10:22:05.673+0000] {processor.py:925} INFO - DAG(s) 'example_complex' retrieved from /home/airflow/.local/lib/python3.12/site-packages/airflow/example_dags/example_complex.py
[2024-10-13T10:22:05.742+0000] {logging_mixin.py:190} INFO - [2024-10-13T10:22:05.741+0000] {dag.py:3239} INFO - Sync 1 DAGs
[2024-10-13T10:22:05.768+0000] {logging_mixin.py:190} INFO - [2024-10-13T10:22:05.768+0000] {dag.py:4180} INFO - Setting next_dagrun for example_complex to None, run_after=None
[2024-10-13T10:22:05.804+0000] {processor.py:208} INFO - Processing /home/airflow/.local/lib/python3.12/site-packages/airflow/example_dags/example_complex.py took 0.201 seconds
[2024-10-13T10:22:37.640+0000] {processor.py:186} INFO - Started process (PID=1868) to work on /home/airflow/.local/lib/python3.12/site-packages/airflow/example_dags/example_complex.py
[2024-10-13T10:22:37.650+0000] {processor.py:914} INFO - Processing file /home/airflow/.local/lib/python3.12/site-packages/airflow/example_dags/example_complex.py for tasks to queue
[2024-10-13T10:22:37.659+0000] {logging_mixin.py:190} INFO - [2024-10-13T10:22:37.658+0000] {dagbag.py:588} INFO - Filling up the DagBag from /home/airflow/.local/lib/python3.12/site-packages/airflow/example_dags/example_complex.py
[2024-10-13T10:22:37.715+0000] {processor.py:925} INFO - DAG(s) 'example_complex' retrieved from /home/airflow/.local/lib/python3.12/site-packages/airflow/example_dags/example_complex.py
[2024-10-13T10:22:38.791+0000] {logging_mixin.py:190} INFO - [2024-10-13T10:22:38.791+0000] {dag.py:3239} INFO - Sync 1 DAGs
[2024-10-13T10:22:38.840+0000] {logging_mixin.py:190} INFO - [2024-10-13T10:22:38.840+0000] {dag.py:4180} INFO - Setting next_dagrun for example_complex to None, run_after=None
[2024-10-13T10:22:38.901+0000] {processor.py:208} INFO - Processing /home/airflow/.local/lib/python3.12/site-packages/airflow/example_dags/example_complex.py took 1.293 seconds
[2024-10-13T10:23:17.875+0000] {processor.py:186} INFO - Started process (PID=1934) to work on /home/airflow/.local/lib/python3.12/site-packages/airflow/example_dags/example_complex.py
[2024-10-13T10:23:17.877+0000] {processor.py:914} INFO - Processing file /home/airflow/.local/lib/python3.12/site-packages/airflow/example_dags/example_complex.py for tasks to queue
[2024-10-13T10:23:17.882+0000] {logging_mixin.py:190} INFO - [2024-10-13T10:23:17.881+0000] {dagbag.py:588} INFO - Filling up the DagBag from /home/airflow/.local/lib/python3.12/site-packages/airflow/example_dags/example_complex.py
[2024-10-13T10:23:17.926+0000] {processor.py:925} INFO - DAG(s) 'example_complex' retrieved from /home/airflow/.local/lib/python3.12/site-packages/airflow/example_dags/example_complex.py
[2024-10-13T10:23:18.034+0000] {logging_mixin.py:190} INFO - [2024-10-13T10:23:18.034+0000] {dag.py:3239} INFO - Sync 1 DAGs
[2024-10-13T10:23:18.069+0000] {logging_mixin.py:190} INFO - [2024-10-13T10:23:18.068+0000] {dag.py:4180} INFO - Setting next_dagrun for example_complex to None, run_after=None
[2024-10-13T10:23:18.133+0000] {processor.py:208} INFO - Processing /home/airflow/.local/lib/python3.12/site-packages/airflow/example_dags/example_complex.py took 0.283 seconds
[2024-10-13T10:24:21.113+0000] {processor.py:186} INFO - Started process (PID=2007) to work on /home/airflow/.local/lib/python3.12/site-packages/airflow/example_dags/example_complex.py
[2024-10-13T10:24:21.123+0000] {processor.py:914} INFO - Processing file /home/airflow/.local/lib/python3.12/site-packages/airflow/example_dags/example_complex.py for tasks to queue
[2024-10-13T10:24:21.143+0000] {logging_mixin.py:190} INFO - [2024-10-13T10:24:21.142+0000] {dagbag.py:588} INFO - Filling up the DagBag from /home/airflow/.local/lib/python3.12/site-packages/airflow/example_dags/example_complex.py
[2024-10-13T10:24:21.230+0000] {processor.py:925} INFO - DAG(s) 'example_complex' retrieved from /home/airflow/.local/lib/python3.12/site-packages/airflow/example_dags/example_complex.py
[2024-10-13T10:24:21.429+0000] {logging_mixin.py:190} INFO - [2024-10-13T10:24:21.428+0000] {dag.py:3239} INFO - Sync 1 DAGs
[2024-10-13T10:24:21.748+0000] {logging_mixin.py:190} INFO - [2024-10-13T10:24:21.748+0000] {dag.py:4180} INFO - Setting next_dagrun for example_complex to None, run_after=None
[2024-10-13T10:24:21.894+0000] {processor.py:208} INFO - Processing /home/airflow/.local/lib/python3.12/site-packages/airflow/example_dags/example_complex.py took 0.809 seconds
[2024-10-13T10:24:52.371+0000] {processor.py:186} INFO - Started process (PID=2070) to work on /home/airflow/.local/lib/python3.12/site-packages/airflow/example_dags/example_complex.py
[2024-10-13T10:24:52.376+0000] {processor.py:914} INFO - Processing file /home/airflow/.local/lib/python3.12/site-packages/airflow/example_dags/example_complex.py for tasks to queue
[2024-10-13T10:24:52.384+0000] {logging_mixin.py:190} INFO - [2024-10-13T10:24:52.383+0000] {dagbag.py:588} INFO - Filling up the DagBag from /home/airflow/.local/lib/python3.12/site-packages/airflow/example_dags/example_complex.py
[2024-10-13T10:24:52.425+0000] {processor.py:925} INFO - DAG(s) 'example_complex' retrieved from /home/airflow/.local/lib/python3.12/site-packages/airflow/example_dags/example_complex.py
[2024-10-13T10:24:52.540+0000] {logging_mixin.py:190} INFO - [2024-10-13T10:24:52.539+0000] {dag.py:3239} INFO - Sync 1 DAGs
[2024-10-13T10:24:52.600+0000] {logging_mixin.py:190} INFO - [2024-10-13T10:24:52.599+0000] {dag.py:4180} INFO - Setting next_dagrun for example_complex to None, run_after=None
[2024-10-13T10:24:52.654+0000] {processor.py:208} INFO - Processing /home/airflow/.local/lib/python3.12/site-packages/airflow/example_dags/example_complex.py took 0.304 seconds
[2024-10-13T10:25:23.032+0000] {processor.py:186} INFO - Started process (PID=2133) to work on /home/airflow/.local/lib/python3.12/site-packages/airflow/example_dags/example_complex.py
[2024-10-13T10:25:23.034+0000] {processor.py:914} INFO - Processing file /home/airflow/.local/lib/python3.12/site-packages/airflow/example_dags/example_complex.py for tasks to queue
[2024-10-13T10:25:23.039+0000] {logging_mixin.py:190} INFO - [2024-10-13T10:25:23.038+0000] {dagbag.py:588} INFO - Filling up the DagBag from /home/airflow/.local/lib/python3.12/site-packages/airflow/example_dags/example_complex.py
[2024-10-13T10:25:23.066+0000] {processor.py:925} INFO - DAG(s) 'example_complex' retrieved from /home/airflow/.local/lib/python3.12/site-packages/airflow/example_dags/example_complex.py
[2024-10-13T10:25:23.126+0000] {logging_mixin.py:190} INFO - [2024-10-13T10:25:23.126+0000] {dag.py:3239} INFO - Sync 1 DAGs
[2024-10-13T10:25:23.156+0000] {logging_mixin.py:190} INFO - [2024-10-13T10:25:23.155+0000] {dag.py:4180} INFO - Setting next_dagrun for example_complex to None, run_after=None
[2024-10-13T10:25:23.194+0000] {processor.py:208} INFO - Processing /home/airflow/.local/lib/python3.12/site-packages/airflow/example_dags/example_complex.py took 0.175 seconds
[2024-10-13T10:25:53.975+0000] {processor.py:186} INFO - Started process (PID=2196) to work on /home/airflow/.local/lib/python3.12/site-packages/airflow/example_dags/example_complex.py
[2024-10-13T10:25:53.979+0000] {processor.py:914} INFO - Processing file /home/airflow/.local/lib/python3.12/site-packages/airflow/example_dags/example_complex.py for tasks to queue
[2024-10-13T10:25:53.985+0000] {logging_mixin.py:190} INFO - [2024-10-13T10:25:53.985+0000] {dagbag.py:588} INFO - Filling up the DagBag from /home/airflow/.local/lib/python3.12/site-packages/airflow/example_dags/example_complex.py
[2024-10-13T10:25:54.027+0000] {processor.py:925} INFO - DAG(s) 'example_complex' retrieved from /home/airflow/.local/lib/python3.12/site-packages/airflow/example_dags/example_complex.py
[2024-10-13T10:25:54.122+0000] {logging_mixin.py:190} INFO - [2024-10-13T10:25:54.121+0000] {dag.py:3239} INFO - Sync 1 DAGs
[2024-10-13T10:25:54.161+0000] {logging_mixin.py:190} INFO - [2024-10-13T10:25:54.161+0000] {dag.py:4180} INFO - Setting next_dagrun for example_complex to None, run_after=None
[2024-10-13T10:25:54.212+0000] {processor.py:208} INFO - Processing /home/airflow/.local/lib/python3.12/site-packages/airflow/example_dags/example_complex.py took 0.252 seconds
[2024-10-13T10:27:23.844+0000] {processor.py:186} INFO - Started process (PID=2270) to work on /home/airflow/.local/lib/python3.12/site-packages/airflow/example_dags/example_complex.py
[2024-10-13T10:27:23.962+0000] {processor.py:914} INFO - Processing file /home/airflow/.local/lib/python3.12/site-packages/airflow/example_dags/example_complex.py for tasks to queue
[2024-10-13T10:27:23.989+0000] {logging_mixin.py:190} INFO - [2024-10-13T10:27:23.985+0000] {dagbag.py:588} INFO - Filling up the DagBag from /home/airflow/.local/lib/python3.12/site-packages/airflow/example_dags/example_complex.py
[2024-10-13T10:27:24.217+0000] {processor.py:925} INFO - DAG(s) 'example_complex' retrieved from /home/airflow/.local/lib/python3.12/site-packages/airflow/example_dags/example_complex.py
[2024-10-13T10:27:25.220+0000] {logging_mixin.py:190} INFO - [2024-10-13T10:27:25.219+0000] {dag.py:3239} INFO - Sync 1 DAGs
[2024-10-13T10:27:25.563+0000] {logging_mixin.py:190} INFO - [2024-10-13T10:27:25.519+0000] {dag.py:4180} INFO - Setting next_dagrun for example_complex to None, run_after=None
[2024-10-13T10:27:26.030+0000] {processor.py:208} INFO - Processing /home/airflow/.local/lib/python3.12/site-packages/airflow/example_dags/example_complex.py took 2.387 seconds
[2024-10-13T10:28:24.766+0000] {processor.py:186} INFO - Started process (PID=2327) to work on /home/airflow/.local/lib/python3.12/site-packages/airflow/example_dags/example_complex.py
[2024-10-13T10:28:24.769+0000] {processor.py:914} INFO - Processing file /home/airflow/.local/lib/python3.12/site-packages/airflow/example_dags/example_complex.py for tasks to queue
[2024-10-13T10:28:24.868+0000] {logging_mixin.py:190} INFO - [2024-10-13T10:28:24.782+0000] {dagbag.py:588} INFO - Filling up the DagBag from /home/airflow/.local/lib/python3.12/site-packages/airflow/example_dags/example_complex.py
[2024-10-13T10:28:25.104+0000] {processor.py:925} INFO - DAG(s) 'example_complex' retrieved from /home/airflow/.local/lib/python3.12/site-packages/airflow/example_dags/example_complex.py
[2024-10-13T10:28:25.320+0000] {logging_mixin.py:190} INFO - [2024-10-13T10:28:25.320+0000] {dag.py:3239} INFO - Sync 1 DAGs
[2024-10-13T10:28:25.543+0000] {logging_mixin.py:190} INFO - [2024-10-13T10:28:25.542+0000] {dag.py:4180} INFO - Setting next_dagrun for example_complex to None, run_after=None
[2024-10-13T10:28:25.834+0000] {processor.py:208} INFO - Processing /home/airflow/.local/lib/python3.12/site-packages/airflow/example_dags/example_complex.py took 1.158 seconds
[2024-10-13T10:28:57.924+0000] {processor.py:186} INFO - Started process (PID=2389) to work on /home/airflow/.local/lib/python3.12/site-packages/airflow/example_dags/example_complex.py
[2024-10-13T10:28:57.927+0000] {processor.py:914} INFO - Processing file /home/airflow/.local/lib/python3.12/site-packages/airflow/example_dags/example_complex.py for tasks to queue
[2024-10-13T10:28:57.979+0000] {logging_mixin.py:190} INFO - [2024-10-13T10:28:57.978+0000] {dagbag.py:588} INFO - Filling up the DagBag from /home/airflow/.local/lib/python3.12/site-packages/airflow/example_dags/example_complex.py
[2024-10-13T10:28:58.130+0000] {processor.py:925} INFO - DAG(s) 'example_complex' retrieved from /home/airflow/.local/lib/python3.12/site-packages/airflow/example_dags/example_complex.py
[2024-10-13T10:28:58.256+0000] {logging_mixin.py:190} INFO - [2024-10-13T10:28:58.255+0000] {dag.py:3239} INFO - Sync 1 DAGs
[2024-10-13T10:28:58.293+0000] {logging_mixin.py:190} INFO - [2024-10-13T10:28:58.292+0000] {dag.py:4180} INFO - Setting next_dagrun for example_complex to None, run_after=None
[2024-10-13T10:28:58.375+0000] {processor.py:208} INFO - Processing /home/airflow/.local/lib/python3.12/site-packages/airflow/example_dags/example_complex.py took 0.499 seconds
[2024-10-13T10:29:28.761+0000] {processor.py:186} INFO - Started process (PID=2452) to work on /home/airflow/.local/lib/python3.12/site-packages/airflow/example_dags/example_complex.py
[2024-10-13T10:29:28.763+0000] {processor.py:914} INFO - Processing file /home/airflow/.local/lib/python3.12/site-packages/airflow/example_dags/example_complex.py for tasks to queue
[2024-10-13T10:29:28.769+0000] {logging_mixin.py:190} INFO - [2024-10-13T10:29:28.768+0000] {dagbag.py:588} INFO - Filling up the DagBag from /home/airflow/.local/lib/python3.12/site-packages/airflow/example_dags/example_complex.py
[2024-10-13T10:29:28.809+0000] {processor.py:925} INFO - DAG(s) 'example_complex' retrieved from /home/airflow/.local/lib/python3.12/site-packages/airflow/example_dags/example_complex.py
[2024-10-13T10:29:28.907+0000] {logging_mixin.py:190} INFO - [2024-10-13T10:29:28.906+0000] {dag.py:3239} INFO - Sync 1 DAGs
[2024-10-13T10:29:28.948+0000] {logging_mixin.py:190} INFO - [2024-10-13T10:29:28.948+0000] {dag.py:4180} INFO - Setting next_dagrun for example_complex to None, run_after=None
[2024-10-13T10:29:29.004+0000] {processor.py:208} INFO - Processing /home/airflow/.local/lib/python3.12/site-packages/airflow/example_dags/example_complex.py took 0.266 seconds
[2024-10-13T10:30:06.284+0000] {processor.py:186} INFO - Started process (PID=2515) to work on /home/airflow/.local/lib/python3.12/site-packages/airflow/example_dags/example_complex.py
[2024-10-13T10:30:06.288+0000] {processor.py:914} INFO - Processing file /home/airflow/.local/lib/python3.12/site-packages/airflow/example_dags/example_complex.py for tasks to queue
[2024-10-13T10:30:06.299+0000] {logging_mixin.py:190} INFO - [2024-10-13T10:30:06.297+0000] {dagbag.py:588} INFO - Filling up the DagBag from /home/airflow/.local/lib/python3.12/site-packages/airflow/example_dags/example_complex.py
[2024-10-13T10:30:06.387+0000] {processor.py:925} INFO - DAG(s) 'example_complex' retrieved from /home/airflow/.local/lib/python3.12/site-packages/airflow/example_dags/example_complex.py
[2024-10-13T10:30:06.568+0000] {logging_mixin.py:190} INFO - [2024-10-13T10:30:06.567+0000] {dag.py:3239} INFO - Sync 1 DAGs
[2024-10-13T10:30:06.626+0000] {logging_mixin.py:190} INFO - [2024-10-13T10:30:06.625+0000] {dag.py:4180} INFO - Setting next_dagrun for example_complex to None, run_after=None
[2024-10-13T10:30:06.714+0000] {processor.py:208} INFO - Processing /home/airflow/.local/lib/python3.12/site-packages/airflow/example_dags/example_complex.py took 0.475 seconds
[2024-10-13T10:30:37.460+0000] {processor.py:186} INFO - Started process (PID=2578) to work on /home/airflow/.local/lib/python3.12/site-packages/airflow/example_dags/example_complex.py
[2024-10-13T10:30:37.462+0000] {processor.py:914} INFO - Processing file /home/airflow/.local/lib/python3.12/site-packages/airflow/example_dags/example_complex.py for tasks to queue
[2024-10-13T10:30:37.470+0000] {logging_mixin.py:190} INFO - [2024-10-13T10:30:37.469+0000] {dagbag.py:588} INFO - Filling up the DagBag from /home/airflow/.local/lib/python3.12/site-packages/airflow/example_dags/example_complex.py
[2024-10-13T10:30:37.498+0000] {processor.py:925} INFO - DAG(s) 'example_complex' retrieved from /home/airflow/.local/lib/python3.12/site-packages/airflow/example_dags/example_complex.py
[2024-10-13T10:30:37.584+0000] {logging_mixin.py:190} INFO - [2024-10-13T10:30:37.582+0000] {dag.py:3239} INFO - Sync 1 DAGs
[2024-10-13T10:30:37.621+0000] {logging_mixin.py:190} INFO - [2024-10-13T10:30:37.621+0000] {dag.py:4180} INFO - Setting next_dagrun for example_complex to None, run_after=None
[2024-10-13T10:30:37.670+0000] {processor.py:208} INFO - Processing /home/airflow/.local/lib/python3.12/site-packages/airflow/example_dags/example_complex.py took 0.224 seconds
[2024-10-13T10:31:08.076+0000] {processor.py:186} INFO - Started process (PID=2640) to work on /home/airflow/.local/lib/python3.12/site-packages/airflow/example_dags/example_complex.py
[2024-10-13T10:31:08.083+0000] {processor.py:914} INFO - Processing file /home/airflow/.local/lib/python3.12/site-packages/airflow/example_dags/example_complex.py for tasks to queue
[2024-10-13T10:31:08.105+0000] {logging_mixin.py:190} INFO - [2024-10-13T10:31:08.104+0000] {dagbag.py:588} INFO - Filling up the DagBag from /home/airflow/.local/lib/python3.12/site-packages/airflow/example_dags/example_complex.py
[2024-10-13T10:31:08.147+0000] {processor.py:925} INFO - DAG(s) 'example_complex' retrieved from /home/airflow/.local/lib/python3.12/site-packages/airflow/example_dags/example_complex.py
[2024-10-13T10:31:08.252+0000] {logging_mixin.py:190} INFO - [2024-10-13T10:31:08.252+0000] {dag.py:3239} INFO - Sync 1 DAGs
[2024-10-13T10:31:08.287+0000] {logging_mixin.py:190} INFO - [2024-10-13T10:31:08.287+0000] {dag.py:4180} INFO - Setting next_dagrun for example_complex to None, run_after=None
[2024-10-13T10:31:08.343+0000] {processor.py:208} INFO - Processing /home/airflow/.local/lib/python3.12/site-packages/airflow/example_dags/example_complex.py took 0.305 seconds
[2024-10-13T10:31:45.797+0000] {processor.py:186} INFO - Started process (PID=2709) to work on /home/airflow/.local/lib/python3.12/site-packages/airflow/example_dags/example_complex.py
[2024-10-13T10:31:45.801+0000] {processor.py:914} INFO - Processing file /home/airflow/.local/lib/python3.12/site-packages/airflow/example_dags/example_complex.py for tasks to queue
[2024-10-13T10:31:45.808+0000] {logging_mixin.py:190} INFO - [2024-10-13T10:31:45.807+0000] {dagbag.py:588} INFO - Filling up the DagBag from /home/airflow/.local/lib/python3.12/site-packages/airflow/example_dags/example_complex.py
[2024-10-13T10:31:45.848+0000] {processor.py:925} INFO - DAG(s) 'example_complex' retrieved from /home/airflow/.local/lib/python3.12/site-packages/airflow/example_dags/example_complex.py
[2024-10-13T10:31:45.967+0000] {logging_mixin.py:190} INFO - [2024-10-13T10:31:45.967+0000] {dag.py:3239} INFO - Sync 1 DAGs
[2024-10-13T10:31:46.023+0000] {logging_mixin.py:190} INFO - [2024-10-13T10:31:46.021+0000] {dag.py:4180} INFO - Setting next_dagrun for example_complex to None, run_after=None
[2024-10-13T10:31:46.143+0000] {processor.py:208} INFO - Processing /home/airflow/.local/lib/python3.12/site-packages/airflow/example_dags/example_complex.py took 0.363 seconds
[2024-10-13T10:33:56.052+0000] {processor.py:186} INFO - Started process (PID=2792) to work on /home/airflow/.local/lib/python3.12/site-packages/airflow/example_dags/example_complex.py
[2024-10-13T10:33:56.081+0000] {processor.py:914} INFO - Processing file /home/airflow/.local/lib/python3.12/site-packages/airflow/example_dags/example_complex.py for tasks to queue
[2024-10-13T10:33:56.188+0000] {logging_mixin.py:190} INFO - [2024-10-13T10:33:56.170+0000] {dagbag.py:588} INFO - Filling up the DagBag from /home/airflow/.local/lib/python3.12/site-packages/airflow/example_dags/example_complex.py
[2024-10-13T10:33:56.496+0000] {processor.py:925} INFO - DAG(s) 'example_complex' retrieved from /home/airflow/.local/lib/python3.12/site-packages/airflow/example_dags/example_complex.py
[2024-10-13T10:33:56.974+0000] {logging_mixin.py:190} INFO - [2024-10-13T10:33:56.972+0000] {dag.py:3239} INFO - Sync 1 DAGs
[2024-10-13T10:33:57.330+0000] {logging_mixin.py:190} INFO - [2024-10-13T10:33:57.329+0000] {dag.py:4180} INFO - Setting next_dagrun for example_complex to None, run_after=None
[2024-10-13T10:33:57.509+0000] {processor.py:208} INFO - Processing /home/airflow/.local/lib/python3.12/site-packages/airflow/example_dags/example_complex.py took 1.600 seconds
[2024-10-13T10:36:11.839+0000] {processor.py:186} INFO - Started process (PID=2900) to work on /home/airflow/.local/lib/python3.12/site-packages/airflow/example_dags/example_complex.py
[2024-10-13T10:36:11.844+0000] {processor.py:914} INFO - Processing file /home/airflow/.local/lib/python3.12/site-packages/airflow/example_dags/example_complex.py for tasks to queue
[2024-10-13T10:36:11.970+0000] {logging_mixin.py:190} INFO - [2024-10-13T10:36:11.968+0000] {dagbag.py:588} INFO - Filling up the DagBag from /home/airflow/.local/lib/python3.12/site-packages/airflow/example_dags/example_complex.py
[2024-10-13T10:36:12.080+0000] {processor.py:925} INFO - DAG(s) 'example_complex' retrieved from /home/airflow/.local/lib/python3.12/site-packages/airflow/example_dags/example_complex.py
[2024-10-13T10:36:13.079+0000] {logging_mixin.py:190} INFO - [2024-10-13T10:36:13.078+0000] {dag.py:3239} INFO - Sync 1 DAGs
[2024-10-13T10:36:13.793+0000] {logging_mixin.py:190} INFO - [2024-10-13T10:36:13.792+0000] {dag.py:4180} INFO - Setting next_dagrun for example_complex to None, run_after=None
[2024-10-13T10:36:14.463+0000] {processor.py:208} INFO - Processing /home/airflow/.local/lib/python3.12/site-packages/airflow/example_dags/example_complex.py took 2.927 seconds
[2024-10-13T10:39:54.298+0000] {processor.py:186} INFO - Started process (PID=2989) to work on /home/airflow/.local/lib/python3.12/site-packages/airflow/example_dags/example_complex.py
[2024-10-13T10:39:54.345+0000] {processor.py:914} INFO - Processing file /home/airflow/.local/lib/python3.12/site-packages/airflow/example_dags/example_complex.py for tasks to queue
[2024-10-13T10:39:54.668+0000] {logging_mixin.py:190} INFO - [2024-10-13T10:39:54.502+0000] {dagbag.py:588} INFO - Filling up the DagBag from /home/airflow/.local/lib/python3.12/site-packages/airflow/example_dags/example_complex.py
[2024-10-13T10:39:56.666+0000] {processor.py:925} INFO - DAG(s) 'example_complex' retrieved from /home/airflow/.local/lib/python3.12/site-packages/airflow/example_dags/example_complex.py
[2024-10-13T10:40:03.185+0000] {logging_mixin.py:190} INFO - [2024-10-13T10:40:03.176+0000] {dag.py:3239} INFO - Sync 1 DAGs
[2024-10-13T10:40:06.179+0000] {logging_mixin.py:190} INFO - [2024-10-13T10:40:06.150+0000] {dag.py:4180} INFO - Setting next_dagrun for example_complex to None, run_after=None
