[2024-10-13T09:45:02.374+0000] {processor.py:186} INFO - Started process (PID=107) to work on /home/airflow/.local/lib/python3.12/site-packages/airflow/example_dags/example_bash_decorator.py
[2024-10-13T09:45:02.378+0000] {processor.py:914} INFO - Processing file /home/airflow/.local/lib/python3.12/site-packages/airflow/example_dags/example_bash_decorator.py for tasks to queue
[2024-10-13T09:45:02.385+0000] {logging_mixin.py:190} INFO - [2024-10-13T09:45:02.385+0000] {dagbag.py:588} INFO - Filling up the DagBag from /home/airflow/.local/lib/python3.12/site-packages/airflow/example_dags/example_bash_decorator.py
[2024-10-13T09:45:02.547+0000] {processor.py:925} INFO - DAG(s) 'example_bash_decorator' retrieved from /home/airflow/.local/lib/python3.12/site-packages/airflow/example_dags/example_bash_decorator.py
[2024-10-13T09:45:03.055+0000] {logging_mixin.py:190} INFO - [2024-10-13T09:45:03.054+0000] {override.py:1900} INFO - Created Permission View: can read on DAG:example_bash_decorator
[2024-10-13T09:45:03.086+0000] {logging_mixin.py:190} INFO - [2024-10-13T09:45:03.085+0000] {override.py:1900} INFO - Created Permission View: can delete on DAG:example_bash_decorator
[2024-10-13T09:45:03.102+0000] {logging_mixin.py:190} INFO - [2024-10-13T09:45:03.102+0000] {override.py:1900} INFO - Created Permission View: can edit on DAG:example_bash_decorator
[2024-10-13T09:45:03.118+0000] {logging_mixin.py:190} INFO - [2024-10-13T09:45:03.117+0000] {override.py:1900} INFO - Created Permission View: can create on DAG Run:example_bash_decorator
[2024-10-13T09:45:03.135+0000] {logging_mixin.py:190} INFO - [2024-10-13T09:45:03.134+0000] {override.py:1900} INFO - Created Permission View: menu access on DAG Run:example_bash_decorator
[2024-10-13T09:45:03.149+0000] {logging_mixin.py:190} INFO - [2024-10-13T09:45:03.149+0000] {override.py:1900} INFO - Created Permission View: can read on DAG Run:example_bash_decorator
[2024-10-13T09:45:03.164+0000] {logging_mixin.py:190} INFO - [2024-10-13T09:45:03.163+0000] {override.py:1900} INFO - Created Permission View: can delete on DAG Run:example_bash_decorator
[2024-10-13T09:45:03.165+0000] {logging_mixin.py:190} INFO - [2024-10-13T09:45:03.165+0000] {dag.py:3239} INFO - Sync 1 DAGs
[2024-10-13T09:45:03.198+0000] {logging_mixin.py:190} INFO - [2024-10-13T09:45:03.197+0000] {dag.py:3262} INFO - Creating ORM DAG for example_bash_decorator
[2024-10-13T09:45:03.199+0000] {logging_mixin.py:190} INFO - [2024-10-13T09:45:03.199+0000] {dag.py:4180} INFO - Setting next_dagrun for example_bash_decorator to None, run_after=None
[2024-10-13T09:45:03.230+0000] {processor.py:208} INFO - Processing /home/airflow/.local/lib/python3.12/site-packages/airflow/example_dags/example_bash_decorator.py took 0.880 seconds
[2024-10-13T09:45:36.614+0000] {processor.py:186} INFO - Started process (PID=168) to work on /home/airflow/.local/lib/python3.12/site-packages/airflow/example_dags/example_bash_decorator.py
[2024-10-13T09:45:36.623+0000] {processor.py:914} INFO - Processing file /home/airflow/.local/lib/python3.12/site-packages/airflow/example_dags/example_bash_decorator.py for tasks to queue
[2024-10-13T09:45:36.633+0000] {logging_mixin.py:190} INFO - [2024-10-13T09:45:36.633+0000] {dagbag.py:588} INFO - Filling up the DagBag from /home/airflow/.local/lib/python3.12/site-packages/airflow/example_dags/example_bash_decorator.py
[2024-10-13T09:45:36.733+0000] {processor.py:925} INFO - DAG(s) 'example_bash_decorator' retrieved from /home/airflow/.local/lib/python3.12/site-packages/airflow/example_dags/example_bash_decorator.py
[2024-10-13T09:45:36.907+0000] {logging_mixin.py:190} INFO - [2024-10-13T09:45:36.906+0000] {dag.py:3239} INFO - Sync 1 DAGs
[2024-10-13T09:45:37.014+0000] {logging_mixin.py:190} INFO - [2024-10-13T09:45:37.014+0000] {dag.py:4180} INFO - Setting next_dagrun for example_bash_decorator to None, run_after=None
[2024-10-13T09:45:37.140+0000] {processor.py:208} INFO - Processing /home/airflow/.local/lib/python3.12/site-packages/airflow/example_dags/example_bash_decorator.py took 0.579 seconds
[2024-10-13T09:46:08.107+0000] {processor.py:186} INFO - Started process (PID=230) to work on /home/airflow/.local/lib/python3.12/site-packages/airflow/example_dags/example_bash_decorator.py
[2024-10-13T09:46:08.111+0000] {processor.py:914} INFO - Processing file /home/airflow/.local/lib/python3.12/site-packages/airflow/example_dags/example_bash_decorator.py for tasks to queue
[2024-10-13T09:46:08.122+0000] {logging_mixin.py:190} INFO - [2024-10-13T09:46:08.119+0000] {dagbag.py:588} INFO - Filling up the DagBag from /home/airflow/.local/lib/python3.12/site-packages/airflow/example_dags/example_bash_decorator.py
[2024-10-13T09:46:08.174+0000] {processor.py:925} INFO - DAG(s) 'example_bash_decorator' retrieved from /home/airflow/.local/lib/python3.12/site-packages/airflow/example_dags/example_bash_decorator.py
[2024-10-13T09:46:08.240+0000] {logging_mixin.py:190} INFO - [2024-10-13T09:46:08.239+0000] {dag.py:3239} INFO - Sync 1 DAGs
[2024-10-13T09:46:08.277+0000] {logging_mixin.py:190} INFO - [2024-10-13T09:46:08.276+0000] {dag.py:4180} INFO - Setting next_dagrun for example_bash_decorator to None, run_after=None
[2024-10-13T09:46:08.338+0000] {processor.py:208} INFO - Processing /home/airflow/.local/lib/python3.12/site-packages/airflow/example_dags/example_bash_decorator.py took 0.255 seconds
[2024-10-13T09:46:38.916+0000] {processor.py:186} INFO - Started process (PID=292) to work on /home/airflow/.local/lib/python3.12/site-packages/airflow/example_dags/example_bash_decorator.py
[2024-10-13T09:46:38.919+0000] {processor.py:914} INFO - Processing file /home/airflow/.local/lib/python3.12/site-packages/airflow/example_dags/example_bash_decorator.py for tasks to queue
[2024-10-13T09:46:38.924+0000] {logging_mixin.py:190} INFO - [2024-10-13T09:46:38.923+0000] {dagbag.py:588} INFO - Filling up the DagBag from /home/airflow/.local/lib/python3.12/site-packages/airflow/example_dags/example_bash_decorator.py
[2024-10-13T09:46:38.959+0000] {processor.py:925} INFO - DAG(s) 'example_bash_decorator' retrieved from /home/airflow/.local/lib/python3.12/site-packages/airflow/example_dags/example_bash_decorator.py
[2024-10-13T09:46:39.013+0000] {logging_mixin.py:190} INFO - [2024-10-13T09:46:39.013+0000] {dag.py:3239} INFO - Sync 1 DAGs
[2024-10-13T09:46:39.049+0000] {logging_mixin.py:190} INFO - [2024-10-13T09:46:39.048+0000] {dag.py:4180} INFO - Setting next_dagrun for example_bash_decorator to None, run_after=None
[2024-10-13T09:46:39.086+0000] {processor.py:208} INFO - Processing /home/airflow/.local/lib/python3.12/site-packages/airflow/example_dags/example_bash_decorator.py took 0.181 seconds
[2024-10-13T09:47:10.284+0000] {processor.py:186} INFO - Started process (PID=356) to work on /home/airflow/.local/lib/python3.12/site-packages/airflow/example_dags/example_bash_decorator.py
[2024-10-13T09:47:10.287+0000] {processor.py:914} INFO - Processing file /home/airflow/.local/lib/python3.12/site-packages/airflow/example_dags/example_bash_decorator.py for tasks to queue
[2024-10-13T09:47:10.294+0000] {logging_mixin.py:190} INFO - [2024-10-13T09:47:10.293+0000] {dagbag.py:588} INFO - Filling up the DagBag from /home/airflow/.local/lib/python3.12/site-packages/airflow/example_dags/example_bash_decorator.py
[2024-10-13T09:47:10.321+0000] {processor.py:925} INFO - DAG(s) 'example_bash_decorator' retrieved from /home/airflow/.local/lib/python3.12/site-packages/airflow/example_dags/example_bash_decorator.py
[2024-10-13T09:47:10.372+0000] {logging_mixin.py:190} INFO - [2024-10-13T09:47:10.372+0000] {dag.py:3239} INFO - Sync 1 DAGs
[2024-10-13T09:47:10.412+0000] {logging_mixin.py:190} INFO - [2024-10-13T09:47:10.412+0000] {dag.py:4180} INFO - Setting next_dagrun for example_bash_decorator to None, run_after=None
[2024-10-13T09:47:10.462+0000] {processor.py:208} INFO - Processing /home/airflow/.local/lib/python3.12/site-packages/airflow/example_dags/example_bash_decorator.py took 0.189 seconds
[2024-10-13T09:47:40.891+0000] {processor.py:186} INFO - Started process (PID=417) to work on /home/airflow/.local/lib/python3.12/site-packages/airflow/example_dags/example_bash_decorator.py
[2024-10-13T09:47:40.894+0000] {processor.py:914} INFO - Processing file /home/airflow/.local/lib/python3.12/site-packages/airflow/example_dags/example_bash_decorator.py for tasks to queue
[2024-10-13T09:47:40.898+0000] {logging_mixin.py:190} INFO - [2024-10-13T09:47:40.898+0000] {dagbag.py:588} INFO - Filling up the DagBag from /home/airflow/.local/lib/python3.12/site-packages/airflow/example_dags/example_bash_decorator.py
[2024-10-13T09:47:40.925+0000] {processor.py:925} INFO - DAG(s) 'example_bash_decorator' retrieved from /home/airflow/.local/lib/python3.12/site-packages/airflow/example_dags/example_bash_decorator.py
[2024-10-13T09:47:40.992+0000] {logging_mixin.py:190} INFO - [2024-10-13T09:47:40.991+0000] {dag.py:3239} INFO - Sync 1 DAGs
[2024-10-13T09:47:41.030+0000] {logging_mixin.py:190} INFO - [2024-10-13T09:47:41.030+0000] {dag.py:4180} INFO - Setting next_dagrun for example_bash_decorator to None, run_after=None
[2024-10-13T09:47:41.084+0000] {processor.py:208} INFO - Processing /home/airflow/.local/lib/python3.12/site-packages/airflow/example_dags/example_bash_decorator.py took 0.207 seconds
[2024-10-13T09:48:12.087+0000] {processor.py:186} INFO - Started process (PID=484) to work on /home/airflow/.local/lib/python3.12/site-packages/airflow/example_dags/example_bash_decorator.py
[2024-10-13T09:48:12.091+0000] {processor.py:914} INFO - Processing file /home/airflow/.local/lib/python3.12/site-packages/airflow/example_dags/example_bash_decorator.py for tasks to queue
[2024-10-13T09:48:12.096+0000] {logging_mixin.py:190} INFO - [2024-10-13T09:48:12.095+0000] {dagbag.py:588} INFO - Filling up the DagBag from /home/airflow/.local/lib/python3.12/site-packages/airflow/example_dags/example_bash_decorator.py
[2024-10-13T09:48:12.129+0000] {processor.py:925} INFO - DAG(s) 'example_bash_decorator' retrieved from /home/airflow/.local/lib/python3.12/site-packages/airflow/example_dags/example_bash_decorator.py
[2024-10-13T09:48:12.180+0000] {logging_mixin.py:190} INFO - [2024-10-13T09:48:12.179+0000] {dag.py:3239} INFO - Sync 1 DAGs
[2024-10-13T09:48:12.209+0000] {logging_mixin.py:190} INFO - [2024-10-13T09:48:12.209+0000] {dag.py:4180} INFO - Setting next_dagrun for example_bash_decorator to None, run_after=None
[2024-10-13T09:48:12.247+0000] {processor.py:208} INFO - Processing /home/airflow/.local/lib/python3.12/site-packages/airflow/example_dags/example_bash_decorator.py took 0.171 seconds
[2024-10-13T09:48:43.232+0000] {processor.py:186} INFO - Started process (PID=546) to work on /home/airflow/.local/lib/python3.12/site-packages/airflow/example_dags/example_bash_decorator.py
[2024-10-13T09:48:43.235+0000] {processor.py:914} INFO - Processing file /home/airflow/.local/lib/python3.12/site-packages/airflow/example_dags/example_bash_decorator.py for tasks to queue
[2024-10-13T09:48:43.242+0000] {logging_mixin.py:190} INFO - [2024-10-13T09:48:43.241+0000] {dagbag.py:588} INFO - Filling up the DagBag from /home/airflow/.local/lib/python3.12/site-packages/airflow/example_dags/example_bash_decorator.py
[2024-10-13T09:48:43.279+0000] {processor.py:925} INFO - DAG(s) 'example_bash_decorator' retrieved from /home/airflow/.local/lib/python3.12/site-packages/airflow/example_dags/example_bash_decorator.py
[2024-10-13T09:48:43.339+0000] {logging_mixin.py:190} INFO - [2024-10-13T09:48:43.338+0000] {dag.py:3239} INFO - Sync 1 DAGs
[2024-10-13T09:48:43.382+0000] {logging_mixin.py:190} INFO - [2024-10-13T09:48:43.379+0000] {dag.py:4180} INFO - Setting next_dagrun for example_bash_decorator to None, run_after=None
[2024-10-13T09:48:43.465+0000] {processor.py:208} INFO - Processing /home/airflow/.local/lib/python3.12/site-packages/airflow/example_dags/example_bash_decorator.py took 0.248 seconds
[2024-10-13T09:49:13.607+0000] {processor.py:186} INFO - Started process (PID=607) to work on /home/airflow/.local/lib/python3.12/site-packages/airflow/example_dags/example_bash_decorator.py
[2024-10-13T09:49:13.611+0000] {processor.py:914} INFO - Processing file /home/airflow/.local/lib/python3.12/site-packages/airflow/example_dags/example_bash_decorator.py for tasks to queue
[2024-10-13T09:49:13.617+0000] {logging_mixin.py:190} INFO - [2024-10-13T09:49:13.617+0000] {dagbag.py:588} INFO - Filling up the DagBag from /home/airflow/.local/lib/python3.12/site-packages/airflow/example_dags/example_bash_decorator.py
[2024-10-13T09:49:13.670+0000] {processor.py:925} INFO - DAG(s) 'example_bash_decorator' retrieved from /home/airflow/.local/lib/python3.12/site-packages/airflow/example_dags/example_bash_decorator.py
[2024-10-13T09:49:13.752+0000] {logging_mixin.py:190} INFO - [2024-10-13T09:49:13.751+0000] {dag.py:3239} INFO - Sync 1 DAGs
[2024-10-13T09:49:13.844+0000] {logging_mixin.py:190} INFO - [2024-10-13T09:49:13.844+0000] {dag.py:4180} INFO - Setting next_dagrun for example_bash_decorator to None, run_after=None
[2024-10-13T09:49:13.907+0000] {processor.py:208} INFO - Processing /home/airflow/.local/lib/python3.12/site-packages/airflow/example_dags/example_bash_decorator.py took 0.321 seconds
[2024-10-13T09:49:44.174+0000] {processor.py:186} INFO - Started process (PID=668) to work on /home/airflow/.local/lib/python3.12/site-packages/airflow/example_dags/example_bash_decorator.py
[2024-10-13T09:49:44.176+0000] {processor.py:914} INFO - Processing file /home/airflow/.local/lib/python3.12/site-packages/airflow/example_dags/example_bash_decorator.py for tasks to queue
[2024-10-13T09:49:44.181+0000] {logging_mixin.py:190} INFO - [2024-10-13T09:49:44.180+0000] {dagbag.py:588} INFO - Filling up the DagBag from /home/airflow/.local/lib/python3.12/site-packages/airflow/example_dags/example_bash_decorator.py
[2024-10-13T09:49:44.209+0000] {processor.py:925} INFO - DAG(s) 'example_bash_decorator' retrieved from /home/airflow/.local/lib/python3.12/site-packages/airflow/example_dags/example_bash_decorator.py
[2024-10-13T09:49:44.255+0000] {logging_mixin.py:190} INFO - [2024-10-13T09:49:44.255+0000] {dag.py:3239} INFO - Sync 1 DAGs
[2024-10-13T09:49:44.285+0000] {logging_mixin.py:190} INFO - [2024-10-13T09:49:44.284+0000] {dag.py:4180} INFO - Setting next_dagrun for example_bash_decorator to None, run_after=None
[2024-10-13T09:49:44.320+0000] {processor.py:208} INFO - Processing /home/airflow/.local/lib/python3.12/site-packages/airflow/example_dags/example_bash_decorator.py took 0.157 seconds
[2024-10-13T09:50:14.686+0000] {processor.py:186} INFO - Started process (PID=729) to work on /home/airflow/.local/lib/python3.12/site-packages/airflow/example_dags/example_bash_decorator.py
[2024-10-13T09:50:14.688+0000] {processor.py:914} INFO - Processing file /home/airflow/.local/lib/python3.12/site-packages/airflow/example_dags/example_bash_decorator.py for tasks to queue
[2024-10-13T09:50:14.693+0000] {logging_mixin.py:190} INFO - [2024-10-13T09:50:14.692+0000] {dagbag.py:588} INFO - Filling up the DagBag from /home/airflow/.local/lib/python3.12/site-packages/airflow/example_dags/example_bash_decorator.py
[2024-10-13T09:50:14.717+0000] {processor.py:925} INFO - DAG(s) 'example_bash_decorator' retrieved from /home/airflow/.local/lib/python3.12/site-packages/airflow/example_dags/example_bash_decorator.py
[2024-10-13T09:50:14.760+0000] {logging_mixin.py:190} INFO - [2024-10-13T09:50:14.759+0000] {dag.py:3239} INFO - Sync 1 DAGs
[2024-10-13T09:50:14.783+0000] {logging_mixin.py:190} INFO - [2024-10-13T09:50:14.783+0000] {dag.py:4180} INFO - Setting next_dagrun for example_bash_decorator to None, run_after=None
[2024-10-13T09:50:14.817+0000] {processor.py:208} INFO - Processing /home/airflow/.local/lib/python3.12/site-packages/airflow/example_dags/example_bash_decorator.py took 0.141 seconds
[2024-10-13T09:50:45.578+0000] {processor.py:186} INFO - Started process (PID=791) to work on /home/airflow/.local/lib/python3.12/site-packages/airflow/example_dags/example_bash_decorator.py
[2024-10-13T09:50:45.580+0000] {processor.py:914} INFO - Processing file /home/airflow/.local/lib/python3.12/site-packages/airflow/example_dags/example_bash_decorator.py for tasks to queue
[2024-10-13T09:50:45.586+0000] {logging_mixin.py:190} INFO - [2024-10-13T09:50:45.584+0000] {dagbag.py:588} INFO - Filling up the DagBag from /home/airflow/.local/lib/python3.12/site-packages/airflow/example_dags/example_bash_decorator.py
[2024-10-13T09:50:45.615+0000] {processor.py:925} INFO - DAG(s) 'example_bash_decorator' retrieved from /home/airflow/.local/lib/python3.12/site-packages/airflow/example_dags/example_bash_decorator.py
[2024-10-13T09:50:45.658+0000] {logging_mixin.py:190} INFO - [2024-10-13T09:50:45.657+0000] {dag.py:3239} INFO - Sync 1 DAGs
[2024-10-13T09:50:45.684+0000] {logging_mixin.py:190} INFO - [2024-10-13T09:50:45.683+0000] {dag.py:4180} INFO - Setting next_dagrun for example_bash_decorator to None, run_after=None
[2024-10-13T09:50:45.725+0000] {processor.py:208} INFO - Processing /home/airflow/.local/lib/python3.12/site-packages/airflow/example_dags/example_bash_decorator.py took 0.159 seconds
[2024-10-13T09:51:16.157+0000] {processor.py:186} INFO - Started process (PID=853) to work on /home/airflow/.local/lib/python3.12/site-packages/airflow/example_dags/example_bash_decorator.py
[2024-10-13T09:51:16.159+0000] {processor.py:914} INFO - Processing file /home/airflow/.local/lib/python3.12/site-packages/airflow/example_dags/example_bash_decorator.py for tasks to queue
[2024-10-13T09:51:16.164+0000] {logging_mixin.py:190} INFO - [2024-10-13T09:51:16.163+0000] {dagbag.py:588} INFO - Filling up the DagBag from /home/airflow/.local/lib/python3.12/site-packages/airflow/example_dags/example_bash_decorator.py
[2024-10-13T09:51:16.191+0000] {processor.py:925} INFO - DAG(s) 'example_bash_decorator' retrieved from /home/airflow/.local/lib/python3.12/site-packages/airflow/example_dags/example_bash_decorator.py
[2024-10-13T09:51:16.235+0000] {logging_mixin.py:190} INFO - [2024-10-13T09:51:16.234+0000] {dag.py:3239} INFO - Sync 1 DAGs
[2024-10-13T09:51:16.262+0000] {logging_mixin.py:190} INFO - [2024-10-13T09:51:16.261+0000] {dag.py:4180} INFO - Setting next_dagrun for example_bash_decorator to None, run_after=None
[2024-10-13T09:51:16.299+0000] {processor.py:208} INFO - Processing /home/airflow/.local/lib/python3.12/site-packages/airflow/example_dags/example_bash_decorator.py took 0.152 seconds
[2024-10-13T09:51:46.763+0000] {processor.py:186} INFO - Started process (PID=915) to work on /home/airflow/.local/lib/python3.12/site-packages/airflow/example_dags/example_bash_decorator.py
[2024-10-13T09:51:46.770+0000] {processor.py:914} INFO - Processing file /home/airflow/.local/lib/python3.12/site-packages/airflow/example_dags/example_bash_decorator.py for tasks to queue
[2024-10-13T09:51:46.802+0000] {logging_mixin.py:190} INFO - [2024-10-13T09:51:46.801+0000] {dagbag.py:588} INFO - Filling up the DagBag from /home/airflow/.local/lib/python3.12/site-packages/airflow/example_dags/example_bash_decorator.py
[2024-10-13T09:51:46.913+0000] {processor.py:925} INFO - DAG(s) 'example_bash_decorator' retrieved from /home/airflow/.local/lib/python3.12/site-packages/airflow/example_dags/example_bash_decorator.py
[2024-10-13T09:51:47.057+0000] {logging_mixin.py:190} INFO - [2024-10-13T09:51:47.056+0000] {dag.py:3239} INFO - Sync 1 DAGs
[2024-10-13T09:51:47.201+0000] {logging_mixin.py:190} INFO - [2024-10-13T09:51:47.201+0000] {dag.py:4180} INFO - Setting next_dagrun for example_bash_decorator to None, run_after=None
[2024-10-13T09:51:47.311+0000] {processor.py:208} INFO - Processing /home/airflow/.local/lib/python3.12/site-packages/airflow/example_dags/example_bash_decorator.py took 0.627 seconds
[2024-10-13T09:52:17.835+0000] {processor.py:186} INFO - Started process (PID=977) to work on /home/airflow/.local/lib/python3.12/site-packages/airflow/example_dags/example_bash_decorator.py
[2024-10-13T09:52:17.837+0000] {processor.py:914} INFO - Processing file /home/airflow/.local/lib/python3.12/site-packages/airflow/example_dags/example_bash_decorator.py for tasks to queue
[2024-10-13T09:52:17.842+0000] {logging_mixin.py:190} INFO - [2024-10-13T09:52:17.841+0000] {dagbag.py:588} INFO - Filling up the DagBag from /home/airflow/.local/lib/python3.12/site-packages/airflow/example_dags/example_bash_decorator.py
[2024-10-13T09:52:17.889+0000] {processor.py:925} INFO - DAG(s) 'example_bash_decorator' retrieved from /home/airflow/.local/lib/python3.12/site-packages/airflow/example_dags/example_bash_decorator.py
[2024-10-13T09:52:17.953+0000] {logging_mixin.py:190} INFO - [2024-10-13T09:52:17.952+0000] {dag.py:3239} INFO - Sync 1 DAGs
[2024-10-13T09:52:17.997+0000] {logging_mixin.py:190} INFO - [2024-10-13T09:52:17.997+0000] {dag.py:4180} INFO - Setting next_dagrun for example_bash_decorator to None, run_after=None
[2024-10-13T09:52:18.080+0000] {processor.py:208} INFO - Processing /home/airflow/.local/lib/python3.12/site-packages/airflow/example_dags/example_bash_decorator.py took 0.263 seconds
[2024-10-13T09:52:48.195+0000] {processor.py:186} INFO - Started process (PID=1037) to work on /home/airflow/.local/lib/python3.12/site-packages/airflow/example_dags/example_bash_decorator.py
[2024-10-13T09:52:48.198+0000] {processor.py:914} INFO - Processing file /home/airflow/.local/lib/python3.12/site-packages/airflow/example_dags/example_bash_decorator.py for tasks to queue
[2024-10-13T09:52:48.203+0000] {logging_mixin.py:190} INFO - [2024-10-13T09:52:48.202+0000] {dagbag.py:588} INFO - Filling up the DagBag from /home/airflow/.local/lib/python3.12/site-packages/airflow/example_dags/example_bash_decorator.py
[2024-10-13T09:52:48.248+0000] {processor.py:925} INFO - DAG(s) 'example_bash_decorator' retrieved from /home/airflow/.local/lib/python3.12/site-packages/airflow/example_dags/example_bash_decorator.py
[2024-10-13T09:52:48.364+0000] {logging_mixin.py:190} INFO - [2024-10-13T09:52:48.363+0000] {dag.py:3239} INFO - Sync 1 DAGs
[2024-10-13T09:52:48.401+0000] {logging_mixin.py:190} INFO - [2024-10-13T09:52:48.401+0000] {dag.py:4180} INFO - Setting next_dagrun for example_bash_decorator to None, run_after=None
[2024-10-13T09:52:48.439+0000] {processor.py:208} INFO - Processing /home/airflow/.local/lib/python3.12/site-packages/airflow/example_dags/example_bash_decorator.py took 0.262 seconds
[2024-10-13T09:53:23.402+0000] {processor.py:186} INFO - Started process (PID=1100) to work on /home/airflow/.local/lib/python3.12/site-packages/airflow/example_dags/example_bash_decorator.py
[2024-10-13T09:53:23.405+0000] {processor.py:914} INFO - Processing file /home/airflow/.local/lib/python3.12/site-packages/airflow/example_dags/example_bash_decorator.py for tasks to queue
[2024-10-13T09:53:23.411+0000] {logging_mixin.py:190} INFO - [2024-10-13T09:53:23.410+0000] {dagbag.py:588} INFO - Filling up the DagBag from /home/airflow/.local/lib/python3.12/site-packages/airflow/example_dags/example_bash_decorator.py
[2024-10-13T09:53:23.451+0000] {processor.py:925} INFO - DAG(s) 'example_bash_decorator' retrieved from /home/airflow/.local/lib/python3.12/site-packages/airflow/example_dags/example_bash_decorator.py
[2024-10-13T09:53:23.507+0000] {logging_mixin.py:190} INFO - [2024-10-13T09:53:23.507+0000] {dag.py:3239} INFO - Sync 1 DAGs
[2024-10-13T09:53:23.552+0000] {logging_mixin.py:190} INFO - [2024-10-13T09:53:23.552+0000] {dag.py:4180} INFO - Setting next_dagrun for example_bash_decorator to None, run_after=None
[2024-10-13T09:53:23.603+0000] {processor.py:208} INFO - Processing /home/airflow/.local/lib/python3.12/site-packages/airflow/example_dags/example_bash_decorator.py took 0.214 seconds
[2024-10-13T09:53:54.225+0000] {processor.py:186} INFO - Started process (PID=1162) to work on /home/airflow/.local/lib/python3.12/site-packages/airflow/example_dags/example_bash_decorator.py
[2024-10-13T09:53:54.227+0000] {processor.py:914} INFO - Processing file /home/airflow/.local/lib/python3.12/site-packages/airflow/example_dags/example_bash_decorator.py for tasks to queue
[2024-10-13T09:53:54.232+0000] {logging_mixin.py:190} INFO - [2024-10-13T09:53:54.231+0000] {dagbag.py:588} INFO - Filling up the DagBag from /home/airflow/.local/lib/python3.12/site-packages/airflow/example_dags/example_bash_decorator.py
[2024-10-13T09:53:54.259+0000] {processor.py:925} INFO - DAG(s) 'example_bash_decorator' retrieved from /home/airflow/.local/lib/python3.12/site-packages/airflow/example_dags/example_bash_decorator.py
[2024-10-13T09:53:54.305+0000] {logging_mixin.py:190} INFO - [2024-10-13T09:53:54.304+0000] {dag.py:3239} INFO - Sync 1 DAGs
[2024-10-13T09:53:54.334+0000] {logging_mixin.py:190} INFO - [2024-10-13T09:53:54.333+0000] {dag.py:4180} INFO - Setting next_dagrun for example_bash_decorator to None, run_after=None
[2024-10-13T09:53:54.372+0000] {processor.py:208} INFO - Processing /home/airflow/.local/lib/python3.12/site-packages/airflow/example_dags/example_bash_decorator.py took 0.158 seconds
[2024-10-13T09:54:25.696+0000] {processor.py:186} INFO - Started process (PID=1224) to work on /home/airflow/.local/lib/python3.12/site-packages/airflow/example_dags/example_bash_decorator.py
[2024-10-13T09:54:25.699+0000] {processor.py:914} INFO - Processing file /home/airflow/.local/lib/python3.12/site-packages/airflow/example_dags/example_bash_decorator.py for tasks to queue
[2024-10-13T09:54:25.705+0000] {logging_mixin.py:190} INFO - [2024-10-13T09:54:25.704+0000] {dagbag.py:588} INFO - Filling up the DagBag from /home/airflow/.local/lib/python3.12/site-packages/airflow/example_dags/example_bash_decorator.py
[2024-10-13T09:54:25.739+0000] {processor.py:925} INFO - DAG(s) 'example_bash_decorator' retrieved from /home/airflow/.local/lib/python3.12/site-packages/airflow/example_dags/example_bash_decorator.py
[2024-10-13T09:54:25.793+0000] {logging_mixin.py:190} INFO - [2024-10-13T09:54:25.792+0000] {dag.py:3239} INFO - Sync 1 DAGs
[2024-10-13T09:54:25.839+0000] {logging_mixin.py:190} INFO - [2024-10-13T09:54:25.838+0000] {dag.py:4180} INFO - Setting next_dagrun for example_bash_decorator to None, run_after=None
[2024-10-13T09:54:25.889+0000] {processor.py:208} INFO - Processing /home/airflow/.local/lib/python3.12/site-packages/airflow/example_dags/example_bash_decorator.py took 0.242 seconds
[2024-10-13T09:54:56.331+0000] {processor.py:186} INFO - Started process (PID=1286) to work on /home/airflow/.local/lib/python3.12/site-packages/airflow/example_dags/example_bash_decorator.py
[2024-10-13T09:54:56.333+0000] {processor.py:914} INFO - Processing file /home/airflow/.local/lib/python3.12/site-packages/airflow/example_dags/example_bash_decorator.py for tasks to queue
[2024-10-13T09:54:56.339+0000] {logging_mixin.py:190} INFO - [2024-10-13T09:54:56.338+0000] {dagbag.py:588} INFO - Filling up the DagBag from /home/airflow/.local/lib/python3.12/site-packages/airflow/example_dags/example_bash_decorator.py
[2024-10-13T09:54:56.375+0000] {processor.py:925} INFO - DAG(s) 'example_bash_decorator' retrieved from /home/airflow/.local/lib/python3.12/site-packages/airflow/example_dags/example_bash_decorator.py
[2024-10-13T09:54:56.468+0000] {logging_mixin.py:190} INFO - [2024-10-13T09:54:56.465+0000] {dag.py:3239} INFO - Sync 1 DAGs
[2024-10-13T09:54:56.641+0000] {logging_mixin.py:190} INFO - [2024-10-13T09:54:56.635+0000] {dag.py:4180} INFO - Setting next_dagrun for example_bash_decorator to None, run_after=None
[2024-10-13T09:54:56.771+0000] {processor.py:208} INFO - Processing /home/airflow/.local/lib/python3.12/site-packages/airflow/example_dags/example_bash_decorator.py took 0.452 seconds
[2024-10-13T09:55:27.313+0000] {processor.py:186} INFO - Started process (PID=1348) to work on /home/airflow/.local/lib/python3.12/site-packages/airflow/example_dags/example_bash_decorator.py
[2024-10-13T09:55:27.315+0000] {processor.py:914} INFO - Processing file /home/airflow/.local/lib/python3.12/site-packages/airflow/example_dags/example_bash_decorator.py for tasks to queue
[2024-10-13T09:55:27.320+0000] {logging_mixin.py:190} INFO - [2024-10-13T09:55:27.319+0000] {dagbag.py:588} INFO - Filling up the DagBag from /home/airflow/.local/lib/python3.12/site-packages/airflow/example_dags/example_bash_decorator.py
[2024-10-13T09:55:27.384+0000] {processor.py:925} INFO - DAG(s) 'example_bash_decorator' retrieved from /home/airflow/.local/lib/python3.12/site-packages/airflow/example_dags/example_bash_decorator.py
[2024-10-13T09:55:27.446+0000] {logging_mixin.py:190} INFO - [2024-10-13T09:55:27.446+0000] {dag.py:3239} INFO - Sync 1 DAGs
[2024-10-13T09:55:27.475+0000] {logging_mixin.py:190} INFO - [2024-10-13T09:55:27.475+0000] {dag.py:4180} INFO - Setting next_dagrun for example_bash_decorator to None, run_after=None
[2024-10-13T09:55:27.512+0000] {processor.py:208} INFO - Processing /home/airflow/.local/lib/python3.12/site-packages/airflow/example_dags/example_bash_decorator.py took 0.212 seconds
[2024-10-13T09:55:57.633+0000] {processor.py:186} INFO - Started process (PID=1409) to work on /home/airflow/.local/lib/python3.12/site-packages/airflow/example_dags/example_bash_decorator.py
[2024-10-13T09:55:57.649+0000] {processor.py:914} INFO - Processing file /home/airflow/.local/lib/python3.12/site-packages/airflow/example_dags/example_bash_decorator.py for tasks to queue
[2024-10-13T09:55:57.677+0000] {logging_mixin.py:190} INFO - [2024-10-13T09:55:57.674+0000] {dagbag.py:588} INFO - Filling up the DagBag from /home/airflow/.local/lib/python3.12/site-packages/airflow/example_dags/example_bash_decorator.py
[2024-10-13T09:55:57.757+0000] {processor.py:925} INFO - DAG(s) 'example_bash_decorator' retrieved from /home/airflow/.local/lib/python3.12/site-packages/airflow/example_dags/example_bash_decorator.py
[2024-10-13T09:55:57.815+0000] {logging_mixin.py:190} INFO - [2024-10-13T09:55:57.814+0000] {dag.py:3239} INFO - Sync 1 DAGs
[2024-10-13T09:55:57.854+0000] {logging_mixin.py:190} INFO - [2024-10-13T09:55:57.854+0000] {dag.py:4180} INFO - Setting next_dagrun for example_bash_decorator to None, run_after=None
[2024-10-13T09:55:57.907+0000] {processor.py:208} INFO - Processing /home/airflow/.local/lib/python3.12/site-packages/airflow/example_dags/example_bash_decorator.py took 0.298 seconds
[2024-10-13T09:56:28.177+0000] {processor.py:186} INFO - Started process (PID=1471) to work on /home/airflow/.local/lib/python3.12/site-packages/airflow/example_dags/example_bash_decorator.py
[2024-10-13T09:56:28.182+0000] {processor.py:914} INFO - Processing file /home/airflow/.local/lib/python3.12/site-packages/airflow/example_dags/example_bash_decorator.py for tasks to queue
[2024-10-13T09:56:28.199+0000] {logging_mixin.py:190} INFO - [2024-10-13T09:56:28.198+0000] {dagbag.py:588} INFO - Filling up the DagBag from /home/airflow/.local/lib/python3.12/site-packages/airflow/example_dags/example_bash_decorator.py
[2024-10-13T09:56:28.242+0000] {processor.py:925} INFO - DAG(s) 'example_bash_decorator' retrieved from /home/airflow/.local/lib/python3.12/site-packages/airflow/example_dags/example_bash_decorator.py
[2024-10-13T09:56:28.322+0000] {logging_mixin.py:190} INFO - [2024-10-13T09:56:28.322+0000] {dag.py:3239} INFO - Sync 1 DAGs
[2024-10-13T09:56:28.354+0000] {logging_mixin.py:190} INFO - [2024-10-13T09:56:28.353+0000] {dag.py:4180} INFO - Setting next_dagrun for example_bash_decorator to None, run_after=None
[2024-10-13T09:56:28.395+0000] {processor.py:208} INFO - Processing /home/airflow/.local/lib/python3.12/site-packages/airflow/example_dags/example_bash_decorator.py took 0.231 seconds
[2024-10-13T09:57:00.724+0000] {processor.py:186} INFO - Started process (PID=1537) to work on /home/airflow/.local/lib/python3.12/site-packages/airflow/example_dags/example_bash_decorator.py
[2024-10-13T09:57:00.726+0000] {processor.py:914} INFO - Processing file /home/airflow/.local/lib/python3.12/site-packages/airflow/example_dags/example_bash_decorator.py for tasks to queue
[2024-10-13T09:57:00.730+0000] {logging_mixin.py:190} INFO - [2024-10-13T09:57:00.730+0000] {dagbag.py:588} INFO - Filling up the DagBag from /home/airflow/.local/lib/python3.12/site-packages/airflow/example_dags/example_bash_decorator.py
[2024-10-13T09:57:00.758+0000] {processor.py:925} INFO - DAG(s) 'example_bash_decorator' retrieved from /home/airflow/.local/lib/python3.12/site-packages/airflow/example_dags/example_bash_decorator.py
[2024-10-13T09:57:00.800+0000] {logging_mixin.py:190} INFO - [2024-10-13T09:57:00.799+0000] {dag.py:3239} INFO - Sync 1 DAGs
[2024-10-13T09:57:00.829+0000] {logging_mixin.py:190} INFO - [2024-10-13T09:57:00.828+0000] {dag.py:4180} INFO - Setting next_dagrun for example_bash_decorator to None, run_after=None
[2024-10-13T09:57:00.866+0000] {processor.py:208} INFO - Processing /home/airflow/.local/lib/python3.12/site-packages/airflow/example_dags/example_bash_decorator.py took 0.155 seconds
[2024-10-13T09:57:36.700+0000] {processor.py:186} INFO - Started process (PID=1598) to work on /home/airflow/.local/lib/python3.12/site-packages/airflow/example_dags/example_bash_decorator.py
[2024-10-13T09:57:36.706+0000] {processor.py:914} INFO - Processing file /home/airflow/.local/lib/python3.12/site-packages/airflow/example_dags/example_bash_decorator.py for tasks to queue
[2024-10-13T09:57:36.721+0000] {logging_mixin.py:190} INFO - [2024-10-13T09:57:36.719+0000] {dagbag.py:588} INFO - Filling up the DagBag from /home/airflow/.local/lib/python3.12/site-packages/airflow/example_dags/example_bash_decorator.py
[2024-10-13T09:57:36.956+0000] {processor.py:925} INFO - DAG(s) 'example_bash_decorator' retrieved from /home/airflow/.local/lib/python3.12/site-packages/airflow/example_dags/example_bash_decorator.py
[2024-10-13T09:57:37.096+0000] {logging_mixin.py:190} INFO - [2024-10-13T09:57:37.095+0000] {dag.py:3239} INFO - Sync 1 DAGs
[2024-10-13T09:57:37.234+0000] {logging_mixin.py:190} INFO - [2024-10-13T09:57:37.233+0000] {dag.py:4180} INFO - Setting next_dagrun for example_bash_decorator to None, run_after=None
[2024-10-13T09:57:37.288+0000] {processor.py:208} INFO - Processing /home/airflow/.local/lib/python3.12/site-packages/airflow/example_dags/example_bash_decorator.py took 0.647 seconds
[2024-10-13T09:58:08.352+0000] {processor.py:186} INFO - Started process (PID=1660) to work on /home/airflow/.local/lib/python3.12/site-packages/airflow/example_dags/example_bash_decorator.py
[2024-10-13T09:58:08.364+0000] {processor.py:914} INFO - Processing file /home/airflow/.local/lib/python3.12/site-packages/airflow/example_dags/example_bash_decorator.py for tasks to queue
[2024-10-13T09:58:08.390+0000] {logging_mixin.py:190} INFO - [2024-10-13T09:58:08.387+0000] {dagbag.py:588} INFO - Filling up the DagBag from /home/airflow/.local/lib/python3.12/site-packages/airflow/example_dags/example_bash_decorator.py
[2024-10-13T09:58:08.464+0000] {processor.py:925} INFO - DAG(s) 'example_bash_decorator' retrieved from /home/airflow/.local/lib/python3.12/site-packages/airflow/example_dags/example_bash_decorator.py
[2024-10-13T09:58:08.587+0000] {logging_mixin.py:190} INFO - [2024-10-13T09:58:08.585+0000] {dag.py:3239} INFO - Sync 1 DAGs
[2024-10-13T09:58:08.664+0000] {logging_mixin.py:190} INFO - [2024-10-13T09:58:08.664+0000] {dag.py:4180} INFO - Setting next_dagrun for example_bash_decorator to None, run_after=None
[2024-10-13T09:58:08.734+0000] {processor.py:208} INFO - Processing /home/airflow/.local/lib/python3.12/site-packages/airflow/example_dags/example_bash_decorator.py took 0.458 seconds
[2024-10-13T09:58:40.151+0000] {processor.py:186} INFO - Started process (PID=1723) to work on /home/airflow/.local/lib/python3.12/site-packages/airflow/example_dags/example_bash_decorator.py
[2024-10-13T09:58:40.156+0000] {processor.py:914} INFO - Processing file /home/airflow/.local/lib/python3.12/site-packages/airflow/example_dags/example_bash_decorator.py for tasks to queue
[2024-10-13T09:58:40.162+0000] {logging_mixin.py:190} INFO - [2024-10-13T09:58:40.162+0000] {dagbag.py:588} INFO - Filling up the DagBag from /home/airflow/.local/lib/python3.12/site-packages/airflow/example_dags/example_bash_decorator.py
[2024-10-13T09:58:40.235+0000] {processor.py:925} INFO - DAG(s) 'example_bash_decorator' retrieved from /home/airflow/.local/lib/python3.12/site-packages/airflow/example_dags/example_bash_decorator.py
[2024-10-13T09:58:40.289+0000] {logging_mixin.py:190} INFO - [2024-10-13T09:58:40.289+0000] {dag.py:3239} INFO - Sync 1 DAGs
[2024-10-13T09:58:40.317+0000] {logging_mixin.py:190} INFO - [2024-10-13T09:58:40.317+0000] {dag.py:4180} INFO - Setting next_dagrun for example_bash_decorator to None, run_after=None
[2024-10-13T09:58:40.355+0000] {processor.py:208} INFO - Processing /home/airflow/.local/lib/python3.12/site-packages/airflow/example_dags/example_bash_decorator.py took 0.248 seconds
[2024-10-13T09:59:19.060+0000] {processor.py:186} INFO - Started process (PID=1787) to work on /home/airflow/.local/lib/python3.12/site-packages/airflow/example_dags/example_bash_decorator.py
[2024-10-13T09:59:19.067+0000] {processor.py:914} INFO - Processing file /home/airflow/.local/lib/python3.12/site-packages/airflow/example_dags/example_bash_decorator.py for tasks to queue
[2024-10-13T09:59:19.073+0000] {logging_mixin.py:190} INFO - [2024-10-13T09:59:19.073+0000] {dagbag.py:588} INFO - Filling up the DagBag from /home/airflow/.local/lib/python3.12/site-packages/airflow/example_dags/example_bash_decorator.py
[2024-10-13T09:59:19.146+0000] {processor.py:925} INFO - DAG(s) 'example_bash_decorator' retrieved from /home/airflow/.local/lib/python3.12/site-packages/airflow/example_dags/example_bash_decorator.py
[2024-10-13T09:59:19.245+0000] {logging_mixin.py:190} INFO - [2024-10-13T09:59:19.244+0000] {dag.py:3239} INFO - Sync 1 DAGs
[2024-10-13T09:59:19.284+0000] {logging_mixin.py:190} INFO - [2024-10-13T09:59:19.284+0000] {dag.py:4180} INFO - Setting next_dagrun for example_bash_decorator to None, run_after=None
[2024-10-13T09:59:19.401+0000] {processor.py:208} INFO - Processing /home/airflow/.local/lib/python3.12/site-packages/airflow/example_dags/example_bash_decorator.py took 0.365 seconds
[2024-10-13T09:59:52.306+0000] {processor.py:186} INFO - Started process (PID=1850) to work on /home/airflow/.local/lib/python3.12/site-packages/airflow/example_dags/example_bash_decorator.py
[2024-10-13T09:59:52.309+0000] {processor.py:914} INFO - Processing file /home/airflow/.local/lib/python3.12/site-packages/airflow/example_dags/example_bash_decorator.py for tasks to queue
[2024-10-13T09:59:52.313+0000] {logging_mixin.py:190} INFO - [2024-10-13T09:59:52.313+0000] {dagbag.py:588} INFO - Filling up the DagBag from /home/airflow/.local/lib/python3.12/site-packages/airflow/example_dags/example_bash_decorator.py
[2024-10-13T09:59:52.351+0000] {processor.py:925} INFO - DAG(s) 'example_bash_decorator' retrieved from /home/airflow/.local/lib/python3.12/site-packages/airflow/example_dags/example_bash_decorator.py
[2024-10-13T09:59:52.402+0000] {logging_mixin.py:190} INFO - [2024-10-13T09:59:52.402+0000] {dag.py:3239} INFO - Sync 1 DAGs
[2024-10-13T09:59:52.437+0000] {logging_mixin.py:190} INFO - [2024-10-13T09:59:52.437+0000] {dag.py:4180} INFO - Setting next_dagrun for example_bash_decorator to None, run_after=None
[2024-10-13T09:59:52.480+0000] {processor.py:208} INFO - Processing /home/airflow/.local/lib/python3.12/site-packages/airflow/example_dags/example_bash_decorator.py took 0.185 seconds
[2024-10-13T10:06:32.162+0000] {processor.py:186} INFO - Started process (PID=105) to work on /home/airflow/.local/lib/python3.12/site-packages/airflow/example_dags/example_bash_decorator.py
[2024-10-13T10:06:32.165+0000] {processor.py:914} INFO - Processing file /home/airflow/.local/lib/python3.12/site-packages/airflow/example_dags/example_bash_decorator.py for tasks to queue
[2024-10-13T10:06:32.171+0000] {logging_mixin.py:190} INFO - [2024-10-13T10:06:32.170+0000] {dagbag.py:588} INFO - Filling up the DagBag from /home/airflow/.local/lib/python3.12/site-packages/airflow/example_dags/example_bash_decorator.py
[2024-10-13T10:06:32.226+0000] {processor.py:925} INFO - DAG(s) 'example_bash_decorator' retrieved from /home/airflow/.local/lib/python3.12/site-packages/airflow/example_dags/example_bash_decorator.py
[2024-10-13T10:06:34.154+0000] {logging_mixin.py:190} INFO - [2024-10-13T10:06:34.145+0000] {dag.py:3239} INFO - Sync 1 DAGs
[2024-10-13T10:06:34.725+0000] {logging_mixin.py:190} INFO - [2024-10-13T10:06:34.725+0000] {dag.py:4180} INFO - Setting next_dagrun for example_bash_decorator to None, run_after=None
[2024-10-13T10:06:35.630+0000] {processor.py:208} INFO - Processing /home/airflow/.local/lib/python3.12/site-packages/airflow/example_dags/example_bash_decorator.py took 3.482 seconds
[2024-10-13T10:07:37.430+0000] {processor.py:186} INFO - Started process (PID=176) to work on /home/airflow/.local/lib/python3.12/site-packages/airflow/example_dags/example_bash_decorator.py
[2024-10-13T10:07:37.432+0000] {processor.py:914} INFO - Processing file /home/airflow/.local/lib/python3.12/site-packages/airflow/example_dags/example_bash_decorator.py for tasks to queue
[2024-10-13T10:07:37.439+0000] {logging_mixin.py:190} INFO - [2024-10-13T10:07:37.436+0000] {dagbag.py:588} INFO - Filling up the DagBag from /home/airflow/.local/lib/python3.12/site-packages/airflow/example_dags/example_bash_decorator.py
[2024-10-13T10:07:37.544+0000] {processor.py:925} INFO - DAG(s) 'example_bash_decorator' retrieved from /home/airflow/.local/lib/python3.12/site-packages/airflow/example_dags/example_bash_decorator.py
[2024-10-13T10:07:37.628+0000] {logging_mixin.py:190} INFO - [2024-10-13T10:07:37.628+0000] {dag.py:3239} INFO - Sync 1 DAGs
[2024-10-13T10:07:37.670+0000] {logging_mixin.py:190} INFO - [2024-10-13T10:07:37.670+0000] {dag.py:4180} INFO - Setting next_dagrun for example_bash_decorator to None, run_after=None
[2024-10-13T10:07:37.781+0000] {processor.py:208} INFO - Processing /home/airflow/.local/lib/python3.12/site-packages/airflow/example_dags/example_bash_decorator.py took 0.400 seconds
[2024-10-13T10:08:14.798+0000] {processor.py:186} INFO - Started process (PID=242) to work on /home/airflow/.local/lib/python3.12/site-packages/airflow/example_dags/example_bash_decorator.py
[2024-10-13T10:08:14.800+0000] {processor.py:914} INFO - Processing file /home/airflow/.local/lib/python3.12/site-packages/airflow/example_dags/example_bash_decorator.py for tasks to queue
[2024-10-13T10:08:14.806+0000] {logging_mixin.py:190} INFO - [2024-10-13T10:08:14.805+0000] {dagbag.py:588} INFO - Filling up the DagBag from /home/airflow/.local/lib/python3.12/site-packages/airflow/example_dags/example_bash_decorator.py
[2024-10-13T10:08:14.843+0000] {processor.py:925} INFO - DAG(s) 'example_bash_decorator' retrieved from /home/airflow/.local/lib/python3.12/site-packages/airflow/example_dags/example_bash_decorator.py
[2024-10-13T10:08:14.913+0000] {logging_mixin.py:190} INFO - [2024-10-13T10:08:14.912+0000] {dag.py:3239} INFO - Sync 1 DAGs
[2024-10-13T10:08:14.947+0000] {logging_mixin.py:190} INFO - [2024-10-13T10:08:14.946+0000] {dag.py:4180} INFO - Setting next_dagrun for example_bash_decorator to None, run_after=None
[2024-10-13T10:08:14.986+0000] {processor.py:208} INFO - Processing /home/airflow/.local/lib/python3.12/site-packages/airflow/example_dags/example_bash_decorator.py took 0.203 seconds
[2024-10-13T10:08:50.556+0000] {processor.py:186} INFO - Started process (PID=314) to work on /home/airflow/.local/lib/python3.12/site-packages/airflow/example_dags/example_bash_decorator.py
[2024-10-13T10:08:50.559+0000] {processor.py:914} INFO - Processing file /home/airflow/.local/lib/python3.12/site-packages/airflow/example_dags/example_bash_decorator.py for tasks to queue
[2024-10-13T10:08:50.564+0000] {logging_mixin.py:190} INFO - [2024-10-13T10:08:50.563+0000] {dagbag.py:588} INFO - Filling up the DagBag from /home/airflow/.local/lib/python3.12/site-packages/airflow/example_dags/example_bash_decorator.py
[2024-10-13T10:08:50.597+0000] {processor.py:925} INFO - DAG(s) 'example_bash_decorator' retrieved from /home/airflow/.local/lib/python3.12/site-packages/airflow/example_dags/example_bash_decorator.py
[2024-10-13T10:08:50.707+0000] {logging_mixin.py:190} INFO - [2024-10-13T10:08:50.707+0000] {dag.py:3239} INFO - Sync 1 DAGs
[2024-10-13T10:08:50.902+0000] {logging_mixin.py:190} INFO - [2024-10-13T10:08:50.901+0000] {dag.py:4180} INFO - Setting next_dagrun for example_bash_decorator to None, run_after=None
[2024-10-13T10:08:50.981+0000] {processor.py:208} INFO - Processing /home/airflow/.local/lib/python3.12/site-packages/airflow/example_dags/example_bash_decorator.py took 0.439 seconds
[2024-10-13T10:09:36.419+0000] {processor.py:186} INFO - Started process (PID=379) to work on /home/airflow/.local/lib/python3.12/site-packages/airflow/example_dags/example_bash_decorator.py
[2024-10-13T10:09:36.438+0000] {processor.py:914} INFO - Processing file /home/airflow/.local/lib/python3.12/site-packages/airflow/example_dags/example_bash_decorator.py for tasks to queue
[2024-10-13T10:09:36.464+0000] {logging_mixin.py:190} INFO - [2024-10-13T10:09:36.463+0000] {dagbag.py:588} INFO - Filling up the DagBag from /home/airflow/.local/lib/python3.12/site-packages/airflow/example_dags/example_bash_decorator.py
[2024-10-13T10:09:36.592+0000] {processor.py:925} INFO - DAG(s) 'example_bash_decorator' retrieved from /home/airflow/.local/lib/python3.12/site-packages/airflow/example_dags/example_bash_decorator.py
[2024-10-13T10:09:36.658+0000] {logging_mixin.py:190} INFO - [2024-10-13T10:09:36.657+0000] {dag.py:3239} INFO - Sync 1 DAGs
[2024-10-13T10:09:36.710+0000] {logging_mixin.py:190} INFO - [2024-10-13T10:09:36.710+0000] {dag.py:4180} INFO - Setting next_dagrun for example_bash_decorator to None, run_after=None
[2024-10-13T10:09:36.771+0000] {processor.py:208} INFO - Processing /home/airflow/.local/lib/python3.12/site-packages/airflow/example_dags/example_bash_decorator.py took 0.405 seconds
[2024-10-13T10:10:14.712+0000] {processor.py:186} INFO - Started process (PID=453) to work on /home/airflow/.local/lib/python3.12/site-packages/airflow/example_dags/example_bash_decorator.py
[2024-10-13T10:10:14.719+0000] {processor.py:914} INFO - Processing file /home/airflow/.local/lib/python3.12/site-packages/airflow/example_dags/example_bash_decorator.py for tasks to queue
[2024-10-13T10:10:14.724+0000] {logging_mixin.py:190} INFO - [2024-10-13T10:10:14.723+0000] {dagbag.py:588} INFO - Filling up the DagBag from /home/airflow/.local/lib/python3.12/site-packages/airflow/example_dags/example_bash_decorator.py
[2024-10-13T10:10:14.757+0000] {processor.py:925} INFO - DAG(s) 'example_bash_decorator' retrieved from /home/airflow/.local/lib/python3.12/site-packages/airflow/example_dags/example_bash_decorator.py
[2024-10-13T10:10:14.810+0000] {logging_mixin.py:190} INFO - [2024-10-13T10:10:14.810+0000] {dag.py:3239} INFO - Sync 1 DAGs
[2024-10-13T10:10:14.845+0000] {logging_mixin.py:190} INFO - [2024-10-13T10:10:14.844+0000] {dag.py:4180} INFO - Setting next_dagrun for example_bash_decorator to None, run_after=None
[2024-10-13T10:10:14.888+0000] {processor.py:208} INFO - Processing /home/airflow/.local/lib/python3.12/site-packages/airflow/example_dags/example_bash_decorator.py took 0.189 seconds
[2024-10-13T10:10:45.078+0000] {processor.py:186} INFO - Started process (PID=515) to work on /home/airflow/.local/lib/python3.12/site-packages/airflow/example_dags/example_bash_decorator.py
[2024-10-13T10:10:45.081+0000] {processor.py:914} INFO - Processing file /home/airflow/.local/lib/python3.12/site-packages/airflow/example_dags/example_bash_decorator.py for tasks to queue
[2024-10-13T10:10:45.086+0000] {logging_mixin.py:190} INFO - [2024-10-13T10:10:45.085+0000] {dagbag.py:588} INFO - Filling up the DagBag from /home/airflow/.local/lib/python3.12/site-packages/airflow/example_dags/example_bash_decorator.py
[2024-10-13T10:10:45.140+0000] {processor.py:925} INFO - DAG(s) 'example_bash_decorator' retrieved from /home/airflow/.local/lib/python3.12/site-packages/airflow/example_dags/example_bash_decorator.py
[2024-10-13T10:10:45.215+0000] {logging_mixin.py:190} INFO - [2024-10-13T10:10:45.214+0000] {dag.py:3239} INFO - Sync 1 DAGs
[2024-10-13T10:10:45.261+0000] {logging_mixin.py:190} INFO - [2024-10-13T10:10:45.261+0000] {dag.py:4180} INFO - Setting next_dagrun for example_bash_decorator to None, run_after=None
[2024-10-13T10:10:45.309+0000] {processor.py:208} INFO - Processing /home/airflow/.local/lib/python3.12/site-packages/airflow/example_dags/example_bash_decorator.py took 0.242 seconds
[2024-10-13T10:11:21.631+0000] {processor.py:186} INFO - Started process (PID=583) to work on /home/airflow/.local/lib/python3.12/site-packages/airflow/example_dags/example_bash_decorator.py
[2024-10-13T10:11:21.634+0000] {processor.py:914} INFO - Processing file /home/airflow/.local/lib/python3.12/site-packages/airflow/example_dags/example_bash_decorator.py for tasks to queue
[2024-10-13T10:11:21.638+0000] {logging_mixin.py:190} INFO - [2024-10-13T10:11:21.638+0000] {dagbag.py:588} INFO - Filling up the DagBag from /home/airflow/.local/lib/python3.12/site-packages/airflow/example_dags/example_bash_decorator.py
[2024-10-13T10:11:21.666+0000] {processor.py:925} INFO - DAG(s) 'example_bash_decorator' retrieved from /home/airflow/.local/lib/python3.12/site-packages/airflow/example_dags/example_bash_decorator.py
[2024-10-13T10:11:21.717+0000] {logging_mixin.py:190} INFO - [2024-10-13T10:11:21.715+0000] {dag.py:3239} INFO - Sync 1 DAGs
[2024-10-13T10:11:21.758+0000] {logging_mixin.py:190} INFO - [2024-10-13T10:11:21.757+0000] {dag.py:4180} INFO - Setting next_dagrun for example_bash_decorator to None, run_after=None
[2024-10-13T10:11:21.808+0000] {processor.py:208} INFO - Processing /home/airflow/.local/lib/python3.12/site-packages/airflow/example_dags/example_bash_decorator.py took 0.189 seconds
[2024-10-13T10:11:52.821+0000] {processor.py:186} INFO - Started process (PID=645) to work on /home/airflow/.local/lib/python3.12/site-packages/airflow/example_dags/example_bash_decorator.py
[2024-10-13T10:11:52.823+0000] {processor.py:914} INFO - Processing file /home/airflow/.local/lib/python3.12/site-packages/airflow/example_dags/example_bash_decorator.py for tasks to queue
[2024-10-13T10:11:52.828+0000] {logging_mixin.py:190} INFO - [2024-10-13T10:11:52.827+0000] {dagbag.py:588} INFO - Filling up the DagBag from /home/airflow/.local/lib/python3.12/site-packages/airflow/example_dags/example_bash_decorator.py
[2024-10-13T10:11:52.866+0000] {processor.py:925} INFO - DAG(s) 'example_bash_decorator' retrieved from /home/airflow/.local/lib/python3.12/site-packages/airflow/example_dags/example_bash_decorator.py
[2024-10-13T10:11:52.921+0000] {logging_mixin.py:190} INFO - [2024-10-13T10:11:52.921+0000] {dag.py:3239} INFO - Sync 1 DAGs
[2024-10-13T10:11:52.956+0000] {logging_mixin.py:190} INFO - [2024-10-13T10:11:52.956+0000] {dag.py:4180} INFO - Setting next_dagrun for example_bash_decorator to None, run_after=None
[2024-10-13T10:11:52.996+0000] {processor.py:208} INFO - Processing /home/airflow/.local/lib/python3.12/site-packages/airflow/example_dags/example_bash_decorator.py took 0.191 seconds
[2024-10-13T10:12:24.261+0000] {processor.py:186} INFO - Started process (PID=707) to work on /home/airflow/.local/lib/python3.12/site-packages/airflow/example_dags/example_bash_decorator.py
[2024-10-13T10:12:24.263+0000] {processor.py:914} INFO - Processing file /home/airflow/.local/lib/python3.12/site-packages/airflow/example_dags/example_bash_decorator.py for tasks to queue
[2024-10-13T10:12:24.267+0000] {logging_mixin.py:190} INFO - [2024-10-13T10:12:24.266+0000] {dagbag.py:588} INFO - Filling up the DagBag from /home/airflow/.local/lib/python3.12/site-packages/airflow/example_dags/example_bash_decorator.py
[2024-10-13T10:12:24.298+0000] {processor.py:925} INFO - DAG(s) 'example_bash_decorator' retrieved from /home/airflow/.local/lib/python3.12/site-packages/airflow/example_dags/example_bash_decorator.py
[2024-10-13T10:12:24.345+0000] {logging_mixin.py:190} INFO - [2024-10-13T10:12:24.345+0000] {dag.py:3239} INFO - Sync 1 DAGs
[2024-10-13T10:12:24.399+0000] {logging_mixin.py:190} INFO - [2024-10-13T10:12:24.398+0000] {dag.py:4180} INFO - Setting next_dagrun for example_bash_decorator to None, run_after=None
[2024-10-13T10:12:24.485+0000] {processor.py:208} INFO - Processing /home/airflow/.local/lib/python3.12/site-packages/airflow/example_dags/example_bash_decorator.py took 0.236 seconds
[2024-10-13T10:12:57.104+0000] {processor.py:186} INFO - Started process (PID=775) to work on /home/airflow/.local/lib/python3.12/site-packages/airflow/example_dags/example_bash_decorator.py
[2024-10-13T10:12:57.106+0000] {processor.py:914} INFO - Processing file /home/airflow/.local/lib/python3.12/site-packages/airflow/example_dags/example_bash_decorator.py for tasks to queue
[2024-10-13T10:12:57.114+0000] {logging_mixin.py:190} INFO - [2024-10-13T10:12:57.113+0000] {dagbag.py:588} INFO - Filling up the DagBag from /home/airflow/.local/lib/python3.12/site-packages/airflow/example_dags/example_bash_decorator.py
[2024-10-13T10:12:57.257+0000] {processor.py:925} INFO - DAG(s) 'example_bash_decorator' retrieved from /home/airflow/.local/lib/python3.12/site-packages/airflow/example_dags/example_bash_decorator.py
[2024-10-13T10:12:57.334+0000] {logging_mixin.py:190} INFO - [2024-10-13T10:12:57.334+0000] {dag.py:3239} INFO - Sync 1 DAGs
[2024-10-13T10:12:57.393+0000] {logging_mixin.py:190} INFO - [2024-10-13T10:12:57.393+0000] {dag.py:4180} INFO - Setting next_dagrun for example_bash_decorator to None, run_after=None
[2024-10-13T10:12:57.440+0000] {processor.py:208} INFO - Processing /home/airflow/.local/lib/python3.12/site-packages/airflow/example_dags/example_bash_decorator.py took 0.349 seconds
[2024-10-13T10:13:27.925+0000] {processor.py:186} INFO - Started process (PID=837) to work on /home/airflow/.local/lib/python3.12/site-packages/airflow/example_dags/example_bash_decorator.py
[2024-10-13T10:13:27.927+0000] {processor.py:914} INFO - Processing file /home/airflow/.local/lib/python3.12/site-packages/airflow/example_dags/example_bash_decorator.py for tasks to queue
[2024-10-13T10:13:27.932+0000] {logging_mixin.py:190} INFO - [2024-10-13T10:13:27.931+0000] {dagbag.py:588} INFO - Filling up the DagBag from /home/airflow/.local/lib/python3.12/site-packages/airflow/example_dags/example_bash_decorator.py
[2024-10-13T10:13:27.970+0000] {processor.py:925} INFO - DAG(s) 'example_bash_decorator' retrieved from /home/airflow/.local/lib/python3.12/site-packages/airflow/example_dags/example_bash_decorator.py
[2024-10-13T10:13:28.028+0000] {logging_mixin.py:190} INFO - [2024-10-13T10:13:28.027+0000] {dag.py:3239} INFO - Sync 1 DAGs
[2024-10-13T10:13:28.063+0000] {logging_mixin.py:190} INFO - [2024-10-13T10:13:28.063+0000] {dag.py:4180} INFO - Setting next_dagrun for example_bash_decorator to None, run_after=None
[2024-10-13T10:13:28.104+0000] {processor.py:208} INFO - Processing /home/airflow/.local/lib/python3.12/site-packages/airflow/example_dags/example_bash_decorator.py took 0.203 seconds
[2024-10-13T10:13:58.307+0000] {processor.py:186} INFO - Started process (PID=898) to work on /home/airflow/.local/lib/python3.12/site-packages/airflow/example_dags/example_bash_decorator.py
[2024-10-13T10:13:58.310+0000] {processor.py:914} INFO - Processing file /home/airflow/.local/lib/python3.12/site-packages/airflow/example_dags/example_bash_decorator.py for tasks to queue
[2024-10-13T10:13:58.314+0000] {logging_mixin.py:190} INFO - [2024-10-13T10:13:58.314+0000] {dagbag.py:588} INFO - Filling up the DagBag from /home/airflow/.local/lib/python3.12/site-packages/airflow/example_dags/example_bash_decorator.py
[2024-10-13T10:13:58.341+0000] {processor.py:925} INFO - DAG(s) 'example_bash_decorator' retrieved from /home/airflow/.local/lib/python3.12/site-packages/airflow/example_dags/example_bash_decorator.py
[2024-10-13T10:13:58.384+0000] {logging_mixin.py:190} INFO - [2024-10-13T10:13:58.384+0000] {dag.py:3239} INFO - Sync 1 DAGs
[2024-10-13T10:13:58.415+0000] {logging_mixin.py:190} INFO - [2024-10-13T10:13:58.414+0000] {dag.py:4180} INFO - Setting next_dagrun for example_bash_decorator to None, run_after=None
[2024-10-13T10:13:58.451+0000] {processor.py:208} INFO - Processing /home/airflow/.local/lib/python3.12/site-packages/airflow/example_dags/example_bash_decorator.py took 0.154 seconds
[2024-10-13T10:14:28.803+0000] {processor.py:186} INFO - Started process (PID=958) to work on /home/airflow/.local/lib/python3.12/site-packages/airflow/example_dags/example_bash_decorator.py
[2024-10-13T10:14:28.806+0000] {processor.py:914} INFO - Processing file /home/airflow/.local/lib/python3.12/site-packages/airflow/example_dags/example_bash_decorator.py for tasks to queue
[2024-10-13T10:14:28.811+0000] {logging_mixin.py:190} INFO - [2024-10-13T10:14:28.810+0000] {dagbag.py:588} INFO - Filling up the DagBag from /home/airflow/.local/lib/python3.12/site-packages/airflow/example_dags/example_bash_decorator.py
[2024-10-13T10:14:28.840+0000] {processor.py:925} INFO - DAG(s) 'example_bash_decorator' retrieved from /home/airflow/.local/lib/python3.12/site-packages/airflow/example_dags/example_bash_decorator.py
[2024-10-13T10:14:28.883+0000] {logging_mixin.py:190} INFO - [2024-10-13T10:14:28.882+0000] {dag.py:3239} INFO - Sync 1 DAGs
[2024-10-13T10:14:28.908+0000] {logging_mixin.py:190} INFO - [2024-10-13T10:14:28.907+0000] {dag.py:4180} INFO - Setting next_dagrun for example_bash_decorator to None, run_after=None
[2024-10-13T10:14:28.948+0000] {processor.py:208} INFO - Processing /home/airflow/.local/lib/python3.12/site-packages/airflow/example_dags/example_bash_decorator.py took 0.156 seconds
[2024-10-13T10:15:00.125+0000] {processor.py:186} INFO - Started process (PID=1023) to work on /home/airflow/.local/lib/python3.12/site-packages/airflow/example_dags/example_bash_decorator.py
[2024-10-13T10:15:00.128+0000] {processor.py:914} INFO - Processing file /home/airflow/.local/lib/python3.12/site-packages/airflow/example_dags/example_bash_decorator.py for tasks to queue
[2024-10-13T10:15:00.137+0000] {logging_mixin.py:190} INFO - [2024-10-13T10:15:00.136+0000] {dagbag.py:588} INFO - Filling up the DagBag from /home/airflow/.local/lib/python3.12/site-packages/airflow/example_dags/example_bash_decorator.py
[2024-10-13T10:15:00.175+0000] {processor.py:925} INFO - DAG(s) 'example_bash_decorator' retrieved from /home/airflow/.local/lib/python3.12/site-packages/airflow/example_dags/example_bash_decorator.py
[2024-10-13T10:15:00.227+0000] {logging_mixin.py:190} INFO - [2024-10-13T10:15:00.226+0000] {dag.py:3239} INFO - Sync 1 DAGs
[2024-10-13T10:15:00.260+0000] {logging_mixin.py:190} INFO - [2024-10-13T10:15:00.259+0000] {dag.py:4180} INFO - Setting next_dagrun for example_bash_decorator to None, run_after=None
[2024-10-13T10:15:00.304+0000] {processor.py:208} INFO - Processing /home/airflow/.local/lib/python3.12/site-packages/airflow/example_dags/example_bash_decorator.py took 0.191 seconds
[2024-10-13T10:15:38.217+0000] {processor.py:186} INFO - Started process (PID=1086) to work on /home/airflow/.local/lib/python3.12/site-packages/airflow/example_dags/example_bash_decorator.py
[2024-10-13T10:15:38.220+0000] {processor.py:914} INFO - Processing file /home/airflow/.local/lib/python3.12/site-packages/airflow/example_dags/example_bash_decorator.py for tasks to queue
[2024-10-13T10:15:38.226+0000] {logging_mixin.py:190} INFO - [2024-10-13T10:15:38.225+0000] {dagbag.py:588} INFO - Filling up the DagBag from /home/airflow/.local/lib/python3.12/site-packages/airflow/example_dags/example_bash_decorator.py
[2024-10-13T10:15:38.271+0000] {processor.py:925} INFO - DAG(s) 'example_bash_decorator' retrieved from /home/airflow/.local/lib/python3.12/site-packages/airflow/example_dags/example_bash_decorator.py
[2024-10-13T10:15:38.345+0000] {logging_mixin.py:190} INFO - [2024-10-13T10:15:38.344+0000] {dag.py:3239} INFO - Sync 1 DAGs
[2024-10-13T10:15:38.414+0000] {logging_mixin.py:190} INFO - [2024-10-13T10:15:38.413+0000] {dag.py:4180} INFO - Setting next_dagrun for example_bash_decorator to None, run_after=None
[2024-10-13T10:15:38.475+0000] {processor.py:208} INFO - Processing /home/airflow/.local/lib/python3.12/site-packages/airflow/example_dags/example_bash_decorator.py took 0.274 seconds
[2024-10-13T10:16:09.335+0000] {processor.py:186} INFO - Started process (PID=1148) to work on /home/airflow/.local/lib/python3.12/site-packages/airflow/example_dags/example_bash_decorator.py
[2024-10-13T10:16:09.338+0000] {processor.py:914} INFO - Processing file /home/airflow/.local/lib/python3.12/site-packages/airflow/example_dags/example_bash_decorator.py for tasks to queue
[2024-10-13T10:16:09.345+0000] {logging_mixin.py:190} INFO - [2024-10-13T10:16:09.344+0000] {dagbag.py:588} INFO - Filling up the DagBag from /home/airflow/.local/lib/python3.12/site-packages/airflow/example_dags/example_bash_decorator.py
[2024-10-13T10:16:09.388+0000] {processor.py:925} INFO - DAG(s) 'example_bash_decorator' retrieved from /home/airflow/.local/lib/python3.12/site-packages/airflow/example_dags/example_bash_decorator.py
[2024-10-13T10:16:09.449+0000] {logging_mixin.py:190} INFO - [2024-10-13T10:16:09.449+0000] {dag.py:3239} INFO - Sync 1 DAGs
[2024-10-13T10:16:09.487+0000] {logging_mixin.py:190} INFO - [2024-10-13T10:16:09.486+0000] {dag.py:4180} INFO - Setting next_dagrun for example_bash_decorator to None, run_after=None
[2024-10-13T10:16:09.553+0000] {processor.py:208} INFO - Processing /home/airflow/.local/lib/python3.12/site-packages/airflow/example_dags/example_bash_decorator.py took 0.235 seconds
[2024-10-13T10:16:40.472+0000] {processor.py:186} INFO - Started process (PID=1211) to work on /home/airflow/.local/lib/python3.12/site-packages/airflow/example_dags/example_bash_decorator.py
[2024-10-13T10:16:40.475+0000] {processor.py:914} INFO - Processing file /home/airflow/.local/lib/python3.12/site-packages/airflow/example_dags/example_bash_decorator.py for tasks to queue
[2024-10-13T10:16:40.481+0000] {logging_mixin.py:190} INFO - [2024-10-13T10:16:40.480+0000] {dagbag.py:588} INFO - Filling up the DagBag from /home/airflow/.local/lib/python3.12/site-packages/airflow/example_dags/example_bash_decorator.py
[2024-10-13T10:16:40.522+0000] {processor.py:925} INFO - DAG(s) 'example_bash_decorator' retrieved from /home/airflow/.local/lib/python3.12/site-packages/airflow/example_dags/example_bash_decorator.py
[2024-10-13T10:16:40.592+0000] {logging_mixin.py:190} INFO - [2024-10-13T10:16:40.591+0000] {dag.py:3239} INFO - Sync 1 DAGs
[2024-10-13T10:16:40.628+0000] {logging_mixin.py:190} INFO - [2024-10-13T10:16:40.627+0000] {dag.py:4180} INFO - Setting next_dagrun for example_bash_decorator to None, run_after=None
[2024-10-13T10:16:40.672+0000] {processor.py:208} INFO - Processing /home/airflow/.local/lib/python3.12/site-packages/airflow/example_dags/example_bash_decorator.py took 0.214 seconds
[2024-10-13T10:17:12.395+0000] {processor.py:186} INFO - Started process (PID=1273) to work on /home/airflow/.local/lib/python3.12/site-packages/airflow/example_dags/example_bash_decorator.py
[2024-10-13T10:17:12.399+0000] {processor.py:914} INFO - Processing file /home/airflow/.local/lib/python3.12/site-packages/airflow/example_dags/example_bash_decorator.py for tasks to queue
[2024-10-13T10:17:12.410+0000] {logging_mixin.py:190} INFO - [2024-10-13T10:17:12.409+0000] {dagbag.py:588} INFO - Filling up the DagBag from /home/airflow/.local/lib/python3.12/site-packages/airflow/example_dags/example_bash_decorator.py
[2024-10-13T10:17:12.461+0000] {processor.py:925} INFO - DAG(s) 'example_bash_decorator' retrieved from /home/airflow/.local/lib/python3.12/site-packages/airflow/example_dags/example_bash_decorator.py
[2024-10-13T10:17:12.553+0000] {logging_mixin.py:190} INFO - [2024-10-13T10:17:12.552+0000] {dag.py:3239} INFO - Sync 1 DAGs
[2024-10-13T10:17:12.630+0000] {logging_mixin.py:190} INFO - [2024-10-13T10:17:12.629+0000] {dag.py:4180} INFO - Setting next_dagrun for example_bash_decorator to None, run_after=None
[2024-10-13T10:17:12.697+0000] {processor.py:208} INFO - Processing /home/airflow/.local/lib/python3.12/site-packages/airflow/example_dags/example_bash_decorator.py took 0.330 seconds
[2024-10-13T10:17:43.192+0000] {processor.py:186} INFO - Started process (PID=1335) to work on /home/airflow/.local/lib/python3.12/site-packages/airflow/example_dags/example_bash_decorator.py
[2024-10-13T10:17:43.194+0000] {processor.py:914} INFO - Processing file /home/airflow/.local/lib/python3.12/site-packages/airflow/example_dags/example_bash_decorator.py for tasks to queue
[2024-10-13T10:17:43.207+0000] {logging_mixin.py:190} INFO - [2024-10-13T10:17:43.207+0000] {dagbag.py:588} INFO - Filling up the DagBag from /home/airflow/.local/lib/python3.12/site-packages/airflow/example_dags/example_bash_decorator.py
[2024-10-13T10:17:43.312+0000] {processor.py:925} INFO - DAG(s) 'example_bash_decorator' retrieved from /home/airflow/.local/lib/python3.12/site-packages/airflow/example_dags/example_bash_decorator.py
[2024-10-13T10:17:43.408+0000] {logging_mixin.py:190} INFO - [2024-10-13T10:17:43.408+0000] {dag.py:3239} INFO - Sync 1 DAGs
[2024-10-13T10:17:43.448+0000] {logging_mixin.py:190} INFO - [2024-10-13T10:17:43.447+0000] {dag.py:4180} INFO - Setting next_dagrun for example_bash_decorator to None, run_after=None
[2024-10-13T10:17:43.498+0000] {processor.py:208} INFO - Processing /home/airflow/.local/lib/python3.12/site-packages/airflow/example_dags/example_bash_decorator.py took 0.328 seconds
[2024-10-13T10:18:17.282+0000] {processor.py:186} INFO - Started process (PID=1397) to work on /home/airflow/.local/lib/python3.12/site-packages/airflow/example_dags/example_bash_decorator.py
[2024-10-13T10:18:17.293+0000] {processor.py:914} INFO - Processing file /home/airflow/.local/lib/python3.12/site-packages/airflow/example_dags/example_bash_decorator.py for tasks to queue
[2024-10-13T10:18:17.301+0000] {logging_mixin.py:190} INFO - [2024-10-13T10:18:17.300+0000] {dagbag.py:588} INFO - Filling up the DagBag from /home/airflow/.local/lib/python3.12/site-packages/airflow/example_dags/example_bash_decorator.py
[2024-10-13T10:18:17.397+0000] {processor.py:925} INFO - DAG(s) 'example_bash_decorator' retrieved from /home/airflow/.local/lib/python3.12/site-packages/airflow/example_dags/example_bash_decorator.py
[2024-10-13T10:18:17.516+0000] {logging_mixin.py:190} INFO - [2024-10-13T10:18:17.515+0000] {dag.py:3239} INFO - Sync 1 DAGs
[2024-10-13T10:18:17.671+0000] {logging_mixin.py:190} INFO - [2024-10-13T10:18:17.664+0000] {dag.py:4180} INFO - Setting next_dagrun for example_bash_decorator to None, run_after=None
[2024-10-13T10:18:18.092+0000] {processor.py:208} INFO - Processing /home/airflow/.local/lib/python3.12/site-packages/airflow/example_dags/example_bash_decorator.py took 0.837 seconds
[2024-10-13T10:19:10.860+0000] {processor.py:186} INFO - Started process (PID=1465) to work on /home/airflow/.local/lib/python3.12/site-packages/airflow/example_dags/example_bash_decorator.py
[2024-10-13T10:19:10.862+0000] {processor.py:914} INFO - Processing file /home/airflow/.local/lib/python3.12/site-packages/airflow/example_dags/example_bash_decorator.py for tasks to queue
[2024-10-13T10:19:10.870+0000] {logging_mixin.py:190} INFO - [2024-10-13T10:19:10.869+0000] {dagbag.py:588} INFO - Filling up the DagBag from /home/airflow/.local/lib/python3.12/site-packages/airflow/example_dags/example_bash_decorator.py
[2024-10-13T10:19:11.061+0000] {processor.py:925} INFO - DAG(s) 'example_bash_decorator' retrieved from /home/airflow/.local/lib/python3.12/site-packages/airflow/example_dags/example_bash_decorator.py
[2024-10-13T10:19:11.203+0000] {logging_mixin.py:190} INFO - [2024-10-13T10:19:11.201+0000] {dag.py:3239} INFO - Sync 1 DAGs
[2024-10-13T10:19:11.393+0000] {logging_mixin.py:190} INFO - [2024-10-13T10:19:11.392+0000] {dag.py:4180} INFO - Setting next_dagrun for example_bash_decorator to None, run_after=None
[2024-10-13T10:19:11.560+0000] {processor.py:208} INFO - Processing /home/airflow/.local/lib/python3.12/site-packages/airflow/example_dags/example_bash_decorator.py took 0.713 seconds
[2024-10-13T10:19:42.497+0000] {processor.py:186} INFO - Started process (PID=1527) to work on /home/airflow/.local/lib/python3.12/site-packages/airflow/example_dags/example_bash_decorator.py
[2024-10-13T10:19:42.499+0000] {processor.py:914} INFO - Processing file /home/airflow/.local/lib/python3.12/site-packages/airflow/example_dags/example_bash_decorator.py for tasks to queue
[2024-10-13T10:19:42.503+0000] {logging_mixin.py:190} INFO - [2024-10-13T10:19:42.502+0000] {dagbag.py:588} INFO - Filling up the DagBag from /home/airflow/.local/lib/python3.12/site-packages/airflow/example_dags/example_bash_decorator.py
[2024-10-13T10:19:42.529+0000] {processor.py:925} INFO - DAG(s) 'example_bash_decorator' retrieved from /home/airflow/.local/lib/python3.12/site-packages/airflow/example_dags/example_bash_decorator.py
[2024-10-13T10:19:42.570+0000] {logging_mixin.py:190} INFO - [2024-10-13T10:19:42.570+0000] {dag.py:3239} INFO - Sync 1 DAGs
[2024-10-13T10:19:42.593+0000] {logging_mixin.py:190} INFO - [2024-10-13T10:19:42.593+0000] {dag.py:4180} INFO - Setting next_dagrun for example_bash_decorator to None, run_after=None
[2024-10-13T10:19:42.624+0000] {processor.py:208} INFO - Processing /home/airflow/.local/lib/python3.12/site-packages/airflow/example_dags/example_bash_decorator.py took 0.137 seconds
[2024-10-13T10:20:13.162+0000] {processor.py:186} INFO - Started process (PID=1587) to work on /home/airflow/.local/lib/python3.12/site-packages/airflow/example_dags/example_bash_decorator.py
[2024-10-13T10:20:13.165+0000] {processor.py:914} INFO - Processing file /home/airflow/.local/lib/python3.12/site-packages/airflow/example_dags/example_bash_decorator.py for tasks to queue
[2024-10-13T10:20:13.169+0000] {logging_mixin.py:190} INFO - [2024-10-13T10:20:13.168+0000] {dagbag.py:588} INFO - Filling up the DagBag from /home/airflow/.local/lib/python3.12/site-packages/airflow/example_dags/example_bash_decorator.py
[2024-10-13T10:20:13.209+0000] {processor.py:925} INFO - DAG(s) 'example_bash_decorator' retrieved from /home/airflow/.local/lib/python3.12/site-packages/airflow/example_dags/example_bash_decorator.py
[2024-10-13T10:20:13.254+0000] {logging_mixin.py:190} INFO - [2024-10-13T10:20:13.253+0000] {dag.py:3239} INFO - Sync 1 DAGs
[2024-10-13T10:20:13.316+0000] {logging_mixin.py:190} INFO - [2024-10-13T10:20:13.316+0000] {dag.py:4180} INFO - Setting next_dagrun for example_bash_decorator to None, run_after=None
[2024-10-13T10:20:13.353+0000] {processor.py:208} INFO - Processing /home/airflow/.local/lib/python3.12/site-packages/airflow/example_dags/example_bash_decorator.py took 0.203 seconds
[2024-10-13T10:20:43.865+0000] {processor.py:186} INFO - Started process (PID=1649) to work on /home/airflow/.local/lib/python3.12/site-packages/airflow/example_dags/example_bash_decorator.py
[2024-10-13T10:20:43.871+0000] {processor.py:914} INFO - Processing file /home/airflow/.local/lib/python3.12/site-packages/airflow/example_dags/example_bash_decorator.py for tasks to queue
[2024-10-13T10:20:43.877+0000] {logging_mixin.py:190} INFO - [2024-10-13T10:20:43.876+0000] {dagbag.py:588} INFO - Filling up the DagBag from /home/airflow/.local/lib/python3.12/site-packages/airflow/example_dags/example_bash_decorator.py
[2024-10-13T10:20:43.911+0000] {processor.py:925} INFO - DAG(s) 'example_bash_decorator' retrieved from /home/airflow/.local/lib/python3.12/site-packages/airflow/example_dags/example_bash_decorator.py
[2024-10-13T10:20:43.966+0000] {logging_mixin.py:190} INFO - [2024-10-13T10:20:43.965+0000] {dag.py:3239} INFO - Sync 1 DAGs
[2024-10-13T10:20:43.999+0000] {logging_mixin.py:190} INFO - [2024-10-13T10:20:43.999+0000] {dag.py:4180} INFO - Setting next_dagrun for example_bash_decorator to None, run_after=None
[2024-10-13T10:20:44.044+0000] {processor.py:208} INFO - Processing /home/airflow/.local/lib/python3.12/site-packages/airflow/example_dags/example_bash_decorator.py took 0.196 seconds
[2024-10-13T10:21:14.162+0000] {processor.py:186} INFO - Started process (PID=1710) to work on /home/airflow/.local/lib/python3.12/site-packages/airflow/example_dags/example_bash_decorator.py
[2024-10-13T10:21:14.165+0000] {processor.py:914} INFO - Processing file /home/airflow/.local/lib/python3.12/site-packages/airflow/example_dags/example_bash_decorator.py for tasks to queue
[2024-10-13T10:21:14.169+0000] {logging_mixin.py:190} INFO - [2024-10-13T10:21:14.169+0000] {dagbag.py:588} INFO - Filling up the DagBag from /home/airflow/.local/lib/python3.12/site-packages/airflow/example_dags/example_bash_decorator.py
[2024-10-13T10:21:14.198+0000] {processor.py:925} INFO - DAG(s) 'example_bash_decorator' retrieved from /home/airflow/.local/lib/python3.12/site-packages/airflow/example_dags/example_bash_decorator.py
[2024-10-13T10:21:14.254+0000] {logging_mixin.py:190} INFO - [2024-10-13T10:21:14.254+0000] {dag.py:3239} INFO - Sync 1 DAGs
[2024-10-13T10:21:14.283+0000] {logging_mixin.py:190} INFO - [2024-10-13T10:21:14.283+0000] {dag.py:4180} INFO - Setting next_dagrun for example_bash_decorator to None, run_after=None
[2024-10-13T10:21:14.314+0000] {processor.py:208} INFO - Processing /home/airflow/.local/lib/python3.12/site-packages/airflow/example_dags/example_bash_decorator.py took 0.163 seconds
[2024-10-13T10:21:44.903+0000] {processor.py:186} INFO - Started process (PID=1773) to work on /home/airflow/.local/lib/python3.12/site-packages/airflow/example_dags/example_bash_decorator.py
[2024-10-13T10:21:44.905+0000] {processor.py:914} INFO - Processing file /home/airflow/.local/lib/python3.12/site-packages/airflow/example_dags/example_bash_decorator.py for tasks to queue
[2024-10-13T10:21:44.910+0000] {logging_mixin.py:190} INFO - [2024-10-13T10:21:44.909+0000] {dagbag.py:588} INFO - Filling up the DagBag from /home/airflow/.local/lib/python3.12/site-packages/airflow/example_dags/example_bash_decorator.py
[2024-10-13T10:21:44.939+0000] {processor.py:925} INFO - DAG(s) 'example_bash_decorator' retrieved from /home/airflow/.local/lib/python3.12/site-packages/airflow/example_dags/example_bash_decorator.py
[2024-10-13T10:21:44.986+0000] {logging_mixin.py:190} INFO - [2024-10-13T10:21:44.986+0000] {dag.py:3239} INFO - Sync 1 DAGs
[2024-10-13T10:21:45.015+0000] {logging_mixin.py:190} INFO - [2024-10-13T10:21:45.015+0000] {dag.py:4180} INFO - Setting next_dagrun for example_bash_decorator to None, run_after=None
[2024-10-13T10:21:45.050+0000] {processor.py:208} INFO - Processing /home/airflow/.local/lib/python3.12/site-packages/airflow/example_dags/example_bash_decorator.py took 0.157 seconds
[2024-10-13T10:22:16.310+0000] {processor.py:186} INFO - Started process (PID=1837) to work on /home/airflow/.local/lib/python3.12/site-packages/airflow/example_dags/example_bash_decorator.py
[2024-10-13T10:22:16.314+0000] {processor.py:914} INFO - Processing file /home/airflow/.local/lib/python3.12/site-packages/airflow/example_dags/example_bash_decorator.py for tasks to queue
[2024-10-13T10:22:16.330+0000] {logging_mixin.py:190} INFO - [2024-10-13T10:22:16.329+0000] {dagbag.py:588} INFO - Filling up the DagBag from /home/airflow/.local/lib/python3.12/site-packages/airflow/example_dags/example_bash_decorator.py
[2024-10-13T10:22:16.437+0000] {processor.py:925} INFO - DAG(s) 'example_bash_decorator' retrieved from /home/airflow/.local/lib/python3.12/site-packages/airflow/example_dags/example_bash_decorator.py
[2024-10-13T10:22:16.566+0000] {logging_mixin.py:190} INFO - [2024-10-13T10:22:16.565+0000] {dag.py:3239} INFO - Sync 1 DAGs
[2024-10-13T10:22:16.606+0000] {logging_mixin.py:190} INFO - [2024-10-13T10:22:16.605+0000] {dag.py:4180} INFO - Setting next_dagrun for example_bash_decorator to None, run_after=None
[2024-10-13T10:22:16.641+0000] {processor.py:208} INFO - Processing /home/airflow/.local/lib/python3.12/site-packages/airflow/example_dags/example_bash_decorator.py took 0.352 seconds
[2024-10-13T10:22:48.455+0000] {processor.py:186} INFO - Started process (PID=1899) to work on /home/airflow/.local/lib/python3.12/site-packages/airflow/example_dags/example_bash_decorator.py
[2024-10-13T10:22:48.458+0000] {processor.py:914} INFO - Processing file /home/airflow/.local/lib/python3.12/site-packages/airflow/example_dags/example_bash_decorator.py for tasks to queue
[2024-10-13T10:22:48.462+0000] {logging_mixin.py:190} INFO - [2024-10-13T10:22:48.462+0000] {dagbag.py:588} INFO - Filling up the DagBag from /home/airflow/.local/lib/python3.12/site-packages/airflow/example_dags/example_bash_decorator.py
[2024-10-13T10:22:48.530+0000] {processor.py:925} INFO - DAG(s) 'example_bash_decorator' retrieved from /home/airflow/.local/lib/python3.12/site-packages/airflow/example_dags/example_bash_decorator.py
[2024-10-13T10:22:48.602+0000] {logging_mixin.py:190} INFO - [2024-10-13T10:22:48.601+0000] {dag.py:3239} INFO - Sync 1 DAGs
[2024-10-13T10:22:48.667+0000] {logging_mixin.py:190} INFO - [2024-10-13T10:22:48.666+0000] {dag.py:4180} INFO - Setting next_dagrun for example_bash_decorator to None, run_after=None
[2024-10-13T10:22:48.814+0000] {processor.py:208} INFO - Processing /home/airflow/.local/lib/python3.12/site-packages/airflow/example_dags/example_bash_decorator.py took 0.375 seconds
[2024-10-13T10:23:25.534+0000] {processor.py:186} INFO - Started process (PID=1962) to work on /home/airflow/.local/lib/python3.12/site-packages/airflow/example_dags/example_bash_decorator.py
[2024-10-13T10:23:25.537+0000] {processor.py:914} INFO - Processing file /home/airflow/.local/lib/python3.12/site-packages/airflow/example_dags/example_bash_decorator.py for tasks to queue
[2024-10-13T10:23:25.545+0000] {logging_mixin.py:190} INFO - [2024-10-13T10:23:25.544+0000] {dagbag.py:588} INFO - Filling up the DagBag from /home/airflow/.local/lib/python3.12/site-packages/airflow/example_dags/example_bash_decorator.py
[2024-10-13T10:23:25.593+0000] {processor.py:925} INFO - DAG(s) 'example_bash_decorator' retrieved from /home/airflow/.local/lib/python3.12/site-packages/airflow/example_dags/example_bash_decorator.py
[2024-10-13T10:23:25.687+0000] {logging_mixin.py:190} INFO - [2024-10-13T10:23:25.686+0000] {dag.py:3239} INFO - Sync 1 DAGs
[2024-10-13T10:23:25.745+0000] {logging_mixin.py:190} INFO - [2024-10-13T10:23:25.744+0000] {dag.py:4180} INFO - Setting next_dagrun for example_bash_decorator to None, run_after=None
[2024-10-13T10:23:25.835+0000] {processor.py:208} INFO - Processing /home/airflow/.local/lib/python3.12/site-packages/airflow/example_dags/example_bash_decorator.py took 0.334 seconds
[2024-10-13T10:24:32.731+0000] {processor.py:186} INFO - Started process (PID=2035) to work on /home/airflow/.local/lib/python3.12/site-packages/airflow/example_dags/example_bash_decorator.py
[2024-10-13T10:24:32.735+0000] {processor.py:914} INFO - Processing file /home/airflow/.local/lib/python3.12/site-packages/airflow/example_dags/example_bash_decorator.py for tasks to queue
[2024-10-13T10:24:32.742+0000] {logging_mixin.py:190} INFO - [2024-10-13T10:24:32.741+0000] {dagbag.py:588} INFO - Filling up the DagBag from /home/airflow/.local/lib/python3.12/site-packages/airflow/example_dags/example_bash_decorator.py
[2024-10-13T10:24:32.792+0000] {processor.py:925} INFO - DAG(s) 'example_bash_decorator' retrieved from /home/airflow/.local/lib/python3.12/site-packages/airflow/example_dags/example_bash_decorator.py
[2024-10-13T10:24:32.865+0000] {logging_mixin.py:190} INFO - [2024-10-13T10:24:32.864+0000] {dag.py:3239} INFO - Sync 1 DAGs
[2024-10-13T10:24:32.935+0000] {logging_mixin.py:190} INFO - [2024-10-13T10:24:32.934+0000] {dag.py:4180} INFO - Setting next_dagrun for example_bash_decorator to None, run_after=None
[2024-10-13T10:24:33.013+0000] {processor.py:208} INFO - Processing /home/airflow/.local/lib/python3.12/site-packages/airflow/example_dags/example_bash_decorator.py took 0.299 seconds
[2024-10-13T10:25:03.114+0000] {processor.py:186} INFO - Started process (PID=2097) to work on /home/airflow/.local/lib/python3.12/site-packages/airflow/example_dags/example_bash_decorator.py
[2024-10-13T10:25:03.119+0000] {processor.py:914} INFO - Processing file /home/airflow/.local/lib/python3.12/site-packages/airflow/example_dags/example_bash_decorator.py for tasks to queue
[2024-10-13T10:25:03.131+0000] {logging_mixin.py:190} INFO - [2024-10-13T10:25:03.126+0000] {dagbag.py:588} INFO - Filling up the DagBag from /home/airflow/.local/lib/python3.12/site-packages/airflow/example_dags/example_bash_decorator.py
[2024-10-13T10:25:03.193+0000] {processor.py:925} INFO - DAG(s) 'example_bash_decorator' retrieved from /home/airflow/.local/lib/python3.12/site-packages/airflow/example_dags/example_bash_decorator.py
[2024-10-13T10:25:03.269+0000] {logging_mixin.py:190} INFO - [2024-10-13T10:25:03.268+0000] {dag.py:3239} INFO - Sync 1 DAGs
[2024-10-13T10:25:03.356+0000] {logging_mixin.py:190} INFO - [2024-10-13T10:25:03.355+0000] {dag.py:4180} INFO - Setting next_dagrun for example_bash_decorator to None, run_after=None
[2024-10-13T10:25:03.405+0000] {processor.py:208} INFO - Processing /home/airflow/.local/lib/python3.12/site-packages/airflow/example_dags/example_bash_decorator.py took 0.310 seconds
[2024-10-13T10:25:33.639+0000] {processor.py:186} INFO - Started process (PID=2159) to work on /home/airflow/.local/lib/python3.12/site-packages/airflow/example_dags/example_bash_decorator.py
[2024-10-13T10:25:33.642+0000] {processor.py:914} INFO - Processing file /home/airflow/.local/lib/python3.12/site-packages/airflow/example_dags/example_bash_decorator.py for tasks to queue
[2024-10-13T10:25:33.651+0000] {logging_mixin.py:190} INFO - [2024-10-13T10:25:33.650+0000] {dagbag.py:588} INFO - Filling up the DagBag from /home/airflow/.local/lib/python3.12/site-packages/airflow/example_dags/example_bash_decorator.py
[2024-10-13T10:25:33.712+0000] {processor.py:925} INFO - DAG(s) 'example_bash_decorator' retrieved from /home/airflow/.local/lib/python3.12/site-packages/airflow/example_dags/example_bash_decorator.py
[2024-10-13T10:25:33.801+0000] {logging_mixin.py:190} INFO - [2024-10-13T10:25:33.800+0000] {dag.py:3239} INFO - Sync 1 DAGs
[2024-10-13T10:25:33.839+0000] {logging_mixin.py:190} INFO - [2024-10-13T10:25:33.839+0000] {dag.py:4180} INFO - Setting next_dagrun for example_bash_decorator to None, run_after=None
[2024-10-13T10:25:33.880+0000] {processor.py:208} INFO - Processing /home/airflow/.local/lib/python3.12/site-packages/airflow/example_dags/example_bash_decorator.py took 0.257 seconds
[2024-10-13T10:26:04.362+0000] {processor.py:186} INFO - Started process (PID=2222) to work on /home/airflow/.local/lib/python3.12/site-packages/airflow/example_dags/example_bash_decorator.py
[2024-10-13T10:26:04.381+0000] {processor.py:914} INFO - Processing file /home/airflow/.local/lib/python3.12/site-packages/airflow/example_dags/example_bash_decorator.py for tasks to queue
[2024-10-13T10:26:04.403+0000] {logging_mixin.py:190} INFO - [2024-10-13T10:26:04.402+0000] {dagbag.py:588} INFO - Filling up the DagBag from /home/airflow/.local/lib/python3.12/site-packages/airflow/example_dags/example_bash_decorator.py
[2024-10-13T10:26:04.477+0000] {processor.py:925} INFO - DAG(s) 'example_bash_decorator' retrieved from /home/airflow/.local/lib/python3.12/site-packages/airflow/example_dags/example_bash_decorator.py
[2024-10-13T10:26:04.727+0000] {logging_mixin.py:190} INFO - [2024-10-13T10:26:04.726+0000] {dag.py:3239} INFO - Sync 1 DAGs
[2024-10-13T10:26:04.874+0000] {logging_mixin.py:190} INFO - [2024-10-13T10:26:04.873+0000] {dag.py:4180} INFO - Setting next_dagrun for example_bash_decorator to None, run_after=None
[2024-10-13T10:26:05.079+0000] {processor.py:208} INFO - Processing /home/airflow/.local/lib/python3.12/site-packages/airflow/example_dags/example_bash_decorator.py took 0.744 seconds
[2024-10-13T10:28:02.207+0000] {processor.py:186} INFO - Started process (PID=2301) to work on /home/airflow/.local/lib/python3.12/site-packages/airflow/example_dags/example_bash_decorator.py
[2024-10-13T10:28:02.234+0000] {processor.py:914} INFO - Processing file /home/airflow/.local/lib/python3.12/site-packages/airflow/example_dags/example_bash_decorator.py for tasks to queue
[2024-10-13T10:28:02.242+0000] {logging_mixin.py:190} INFO - [2024-10-13T10:28:02.241+0000] {dagbag.py:588} INFO - Filling up the DagBag from /home/airflow/.local/lib/python3.12/site-packages/airflow/example_dags/example_bash_decorator.py
[2024-10-13T10:28:02.518+0000] {processor.py:925} INFO - DAG(s) 'example_bash_decorator' retrieved from /home/airflow/.local/lib/python3.12/site-packages/airflow/example_dags/example_bash_decorator.py
[2024-10-13T10:28:02.985+0000] {logging_mixin.py:190} INFO - [2024-10-13T10:28:02.983+0000] {dag.py:3239} INFO - Sync 1 DAGs
[2024-10-13T10:28:03.352+0000] {logging_mixin.py:190} INFO - [2024-10-13T10:28:03.352+0000] {dag.py:4180} INFO - Setting next_dagrun for example_bash_decorator to None, run_after=None
[2024-10-13T10:28:03.824+0000] {processor.py:208} INFO - Processing /home/airflow/.local/lib/python3.12/site-packages/airflow/example_dags/example_bash_decorator.py took 1.699 seconds
[2024-10-13T10:28:51.644+0000] {processor.py:186} INFO - Started process (PID=2375) to work on /home/airflow/.local/lib/python3.12/site-packages/airflow/example_dags/example_bash_decorator.py
[2024-10-13T10:28:51.646+0000] {processor.py:914} INFO - Processing file /home/airflow/.local/lib/python3.12/site-packages/airflow/example_dags/example_bash_decorator.py for tasks to queue
[2024-10-13T10:28:51.654+0000] {logging_mixin.py:190} INFO - [2024-10-13T10:28:51.653+0000] {dagbag.py:588} INFO - Filling up the DagBag from /home/airflow/.local/lib/python3.12/site-packages/airflow/example_dags/example_bash_decorator.py
[2024-10-13T10:28:51.692+0000] {processor.py:925} INFO - DAG(s) 'example_bash_decorator' retrieved from /home/airflow/.local/lib/python3.12/site-packages/airflow/example_dags/example_bash_decorator.py
[2024-10-13T10:28:51.801+0000] {logging_mixin.py:190} INFO - [2024-10-13T10:28:51.800+0000] {dag.py:3239} INFO - Sync 1 DAGs
[2024-10-13T10:28:51.880+0000] {logging_mixin.py:190} INFO - [2024-10-13T10:28:51.880+0000] {dag.py:4180} INFO - Setting next_dagrun for example_bash_decorator to None, run_after=None
[2024-10-13T10:28:51.982+0000] {processor.py:208} INFO - Processing /home/airflow/.local/lib/python3.12/site-packages/airflow/example_dags/example_bash_decorator.py took 0.353 seconds
[2024-10-13T10:29:24.437+0000] {processor.py:186} INFO - Started process (PID=2438) to work on /home/airflow/.local/lib/python3.12/site-packages/airflow/example_dags/example_bash_decorator.py
[2024-10-13T10:29:24.440+0000] {processor.py:914} INFO - Processing file /home/airflow/.local/lib/python3.12/site-packages/airflow/example_dags/example_bash_decorator.py for tasks to queue
[2024-10-13T10:29:24.449+0000] {logging_mixin.py:190} INFO - [2024-10-13T10:29:24.448+0000] {dagbag.py:588} INFO - Filling up the DagBag from /home/airflow/.local/lib/python3.12/site-packages/airflow/example_dags/example_bash_decorator.py
[2024-10-13T10:29:24.505+0000] {processor.py:925} INFO - DAG(s) 'example_bash_decorator' retrieved from /home/airflow/.local/lib/python3.12/site-packages/airflow/example_dags/example_bash_decorator.py
[2024-10-13T10:29:24.602+0000] {logging_mixin.py:190} INFO - [2024-10-13T10:29:24.600+0000] {dag.py:3239} INFO - Sync 1 DAGs
[2024-10-13T10:29:24.713+0000] {logging_mixin.py:190} INFO - [2024-10-13T10:29:24.712+0000] {dag.py:4180} INFO - Setting next_dagrun for example_bash_decorator to None, run_after=None
[2024-10-13T10:29:24.794+0000] {processor.py:208} INFO - Processing /home/airflow/.local/lib/python3.12/site-packages/airflow/example_dags/example_bash_decorator.py took 0.377 seconds
[2024-10-13T10:30:01.523+0000] {processor.py:186} INFO - Started process (PID=2505) to work on /home/airflow/.local/lib/python3.12/site-packages/airflow/example_dags/example_bash_decorator.py
[2024-10-13T10:30:01.525+0000] {processor.py:914} INFO - Processing file /home/airflow/.local/lib/python3.12/site-packages/airflow/example_dags/example_bash_decorator.py for tasks to queue
[2024-10-13T10:30:01.534+0000] {logging_mixin.py:190} INFO - [2024-10-13T10:30:01.533+0000] {dagbag.py:588} INFO - Filling up the DagBag from /home/airflow/.local/lib/python3.12/site-packages/airflow/example_dags/example_bash_decorator.py
[2024-10-13T10:30:01.585+0000] {processor.py:925} INFO - DAG(s) 'example_bash_decorator' retrieved from /home/airflow/.local/lib/python3.12/site-packages/airflow/example_dags/example_bash_decorator.py
[2024-10-13T10:30:01.664+0000] {logging_mixin.py:190} INFO - [2024-10-13T10:30:01.662+0000] {dag.py:3239} INFO - Sync 1 DAGs
[2024-10-13T10:30:01.718+0000] {logging_mixin.py:190} INFO - [2024-10-13T10:30:01.717+0000] {dag.py:4180} INFO - Setting next_dagrun for example_bash_decorator to None, run_after=None
[2024-10-13T10:30:01.771+0000] {processor.py:208} INFO - Processing /home/airflow/.local/lib/python3.12/site-packages/airflow/example_dags/example_bash_decorator.py took 0.274 seconds
[2024-10-13T10:30:34.999+0000] {processor.py:186} INFO - Started process (PID=2571) to work on /home/airflow/.local/lib/python3.12/site-packages/airflow/example_dags/example_bash_decorator.py
[2024-10-13T10:30:35.001+0000] {processor.py:914} INFO - Processing file /home/airflow/.local/lib/python3.12/site-packages/airflow/example_dags/example_bash_decorator.py for tasks to queue
[2024-10-13T10:30:35.008+0000] {logging_mixin.py:190} INFO - [2024-10-13T10:30:35.007+0000] {dagbag.py:588} INFO - Filling up the DagBag from /home/airflow/.local/lib/python3.12/site-packages/airflow/example_dags/example_bash_decorator.py
[2024-10-13T10:30:35.076+0000] {processor.py:925} INFO - DAG(s) 'example_bash_decorator' retrieved from /home/airflow/.local/lib/python3.12/site-packages/airflow/example_dags/example_bash_decorator.py
[2024-10-13T10:30:35.149+0000] {logging_mixin.py:190} INFO - [2024-10-13T10:30:35.148+0000] {dag.py:3239} INFO - Sync 1 DAGs
[2024-10-13T10:30:35.188+0000] {logging_mixin.py:190} INFO - [2024-10-13T10:30:35.188+0000] {dag.py:4180} INFO - Setting next_dagrun for example_bash_decorator to None, run_after=None
[2024-10-13T10:30:35.257+0000] {processor.py:208} INFO - Processing /home/airflow/.local/lib/python3.12/site-packages/airflow/example_dags/example_bash_decorator.py took 0.281 seconds
[2024-10-13T10:31:05.657+0000] {processor.py:186} INFO - Started process (PID=2633) to work on /home/airflow/.local/lib/python3.12/site-packages/airflow/example_dags/example_bash_decorator.py
[2024-10-13T10:31:05.659+0000] {processor.py:914} INFO - Processing file /home/airflow/.local/lib/python3.12/site-packages/airflow/example_dags/example_bash_decorator.py for tasks to queue
[2024-10-13T10:31:05.666+0000] {logging_mixin.py:190} INFO - [2024-10-13T10:31:05.665+0000] {dagbag.py:588} INFO - Filling up the DagBag from /home/airflow/.local/lib/python3.12/site-packages/airflow/example_dags/example_bash_decorator.py
[2024-10-13T10:31:05.703+0000] {processor.py:925} INFO - DAG(s) 'example_bash_decorator' retrieved from /home/airflow/.local/lib/python3.12/site-packages/airflow/example_dags/example_bash_decorator.py
[2024-10-13T10:31:05.767+0000] {logging_mixin.py:190} INFO - [2024-10-13T10:31:05.767+0000] {dag.py:3239} INFO - Sync 1 DAGs
[2024-10-13T10:31:05.797+0000] {logging_mixin.py:190} INFO - [2024-10-13T10:31:05.797+0000] {dag.py:4180} INFO - Setting next_dagrun for example_bash_decorator to None, run_after=None
[2024-10-13T10:31:05.838+0000] {processor.py:208} INFO - Processing /home/airflow/.local/lib/python3.12/site-packages/airflow/example_dags/example_bash_decorator.py took 0.193 seconds
[2024-10-13T10:31:43.460+0000] {processor.py:186} INFO - Started process (PID=2697) to work on /home/airflow/.local/lib/python3.12/site-packages/airflow/example_dags/example_bash_decorator.py
[2024-10-13T10:31:43.462+0000] {processor.py:914} INFO - Processing file /home/airflow/.local/lib/python3.12/site-packages/airflow/example_dags/example_bash_decorator.py for tasks to queue
[2024-10-13T10:31:43.478+0000] {logging_mixin.py:190} INFO - [2024-10-13T10:31:43.478+0000] {dagbag.py:588} INFO - Filling up the DagBag from /home/airflow/.local/lib/python3.12/site-packages/airflow/example_dags/example_bash_decorator.py
[2024-10-13T10:31:43.547+0000] {processor.py:925} INFO - DAG(s) 'example_bash_decorator' retrieved from /home/airflow/.local/lib/python3.12/site-packages/airflow/example_dags/example_bash_decorator.py
[2024-10-13T10:31:43.660+0000] {logging_mixin.py:190} INFO - [2024-10-13T10:31:43.659+0000] {dag.py:3239} INFO - Sync 1 DAGs
[2024-10-13T10:31:43.936+0000] {logging_mixin.py:190} INFO - [2024-10-13T10:31:43.936+0000] {dag.py:4180} INFO - Setting next_dagrun for example_bash_decorator to None, run_after=None
[2024-10-13T10:31:44.213+0000] {processor.py:208} INFO - Processing /home/airflow/.local/lib/python3.12/site-packages/airflow/example_dags/example_bash_decorator.py took 0.767 seconds
[2024-10-13T10:34:51.138+0000] {processor.py:186} INFO - Started process (PID=2834) to work on /home/airflow/.local/lib/python3.12/site-packages/airflow/example_dags/example_bash_decorator.py
[2024-10-13T10:34:51.147+0000] {processor.py:914} INFO - Processing file /home/airflow/.local/lib/python3.12/site-packages/airflow/example_dags/example_bash_decorator.py for tasks to queue
[2024-10-13T10:34:51.192+0000] {logging_mixin.py:190} INFO - [2024-10-13T10:34:51.187+0000] {dagbag.py:588} INFO - Filling up the DagBag from /home/airflow/.local/lib/python3.12/site-packages/airflow/example_dags/example_bash_decorator.py
[2024-10-13T10:34:51.406+0000] {processor.py:925} INFO - DAG(s) 'example_bash_decorator' retrieved from /home/airflow/.local/lib/python3.12/site-packages/airflow/example_dags/example_bash_decorator.py
[2024-10-13T10:34:51.665+0000] {logging_mixin.py:190} INFO - [2024-10-13T10:34:51.665+0000] {dag.py:3239} INFO - Sync 1 DAGs
[2024-10-13T10:34:51.804+0000] {logging_mixin.py:190} INFO - [2024-10-13T10:34:51.803+0000] {dag.py:4180} INFO - Setting next_dagrun for example_bash_decorator to None, run_after=None
[2024-10-13T10:34:52.050+0000] {processor.py:208} INFO - Processing /home/airflow/.local/lib/python3.12/site-packages/airflow/example_dags/example_bash_decorator.py took 1.284 seconds
