[2024-10-13T09:43:36.364+0000] {processor.py:186} INFO - Started process (PID=63) to work on /home/airflow/.local/lib/python3.12/site-packages/airflow/example_dags/example_sensors.py
[2024-10-13T09:43:36.405+0000] {processor.py:914} INFO - Processing file /home/airflow/.local/lib/python3.12/site-packages/airflow/example_dags/example_sensors.py for tasks to queue
[2024-10-13T09:43:36.585+0000] {logging_mixin.py:190} INFO - [2024-10-13T09:43:36.584+0000] {dagbag.py:588} INFO - Filling up the DagBag from /home/airflow/.local/lib/python3.12/site-packages/airflow/example_dags/example_sensors.py
[2024-10-13T09:43:36.748+0000] {processor.py:925} INFO - DAG(s) 'example_sensors' retrieved from /home/airflow/.local/lib/python3.12/site-packages/airflow/example_dags/example_sensors.py
[2024-10-13T09:43:37.767+0000] {logging_mixin.py:190} INFO - [2024-10-13T09:43:37.764+0000] {override.py:1900} INFO - Created Permission View: can read on DAG:example_sensors
[2024-10-13T09:43:37.834+0000] {logging_mixin.py:190} INFO - [2024-10-13T09:43:37.833+0000] {override.py:1900} INFO - Created Permission View: can delete on DAG:example_sensors
[2024-10-13T09:43:37.887+0000] {logging_mixin.py:190} INFO - [2024-10-13T09:43:37.887+0000] {override.py:1900} INFO - Created Permission View: can edit on DAG:example_sensors
[2024-10-13T09:43:37.929+0000] {logging_mixin.py:190} INFO - [2024-10-13T09:43:37.928+0000] {override.py:1900} INFO - Created Permission View: can create on DAG Run:example_sensors
[2024-10-13T09:43:37.969+0000] {logging_mixin.py:190} INFO - [2024-10-13T09:43:37.968+0000] {override.py:1900} INFO - Created Permission View: menu access on DAG Run:example_sensors
[2024-10-13T09:43:38.004+0000] {logging_mixin.py:190} INFO - [2024-10-13T09:43:38.004+0000] {override.py:1900} INFO - Created Permission View: can read on DAG Run:example_sensors
[2024-10-13T09:43:38.042+0000] {logging_mixin.py:190} INFO - [2024-10-13T09:43:38.041+0000] {override.py:1900} INFO - Created Permission View: can delete on DAG Run:example_sensors
[2024-10-13T09:43:38.046+0000] {logging_mixin.py:190} INFO - [2024-10-13T09:43:38.045+0000] {dag.py:3239} INFO - Sync 1 DAGs
[2024-10-13T09:43:38.126+0000] {logging_mixin.py:190} INFO - [2024-10-13T09:43:38.126+0000] {dag.py:3262} INFO - Creating ORM DAG for example_sensors
[2024-10-13T09:43:38.128+0000] {logging_mixin.py:190} INFO - [2024-10-13T09:43:38.128+0000] {dag.py:4180} INFO - Setting next_dagrun for example_sensors to None, run_after=None
[2024-10-13T09:43:38.209+0000] {processor.py:208} INFO - Processing /home/airflow/.local/lib/python3.12/site-packages/airflow/example_dags/example_sensors.py took 1.985 seconds
[2024-10-13T09:45:07.227+0000] {processor.py:186} INFO - Started process (PID=130) to work on /home/airflow/.local/lib/python3.12/site-packages/airflow/example_dags/example_sensors.py
[2024-10-13T09:45:07.229+0000] {processor.py:914} INFO - Processing file /home/airflow/.local/lib/python3.12/site-packages/airflow/example_dags/example_sensors.py for tasks to queue
[2024-10-13T09:45:07.235+0000] {logging_mixin.py:190} INFO - [2024-10-13T09:45:07.235+0000] {dagbag.py:588} INFO - Filling up the DagBag from /home/airflow/.local/lib/python3.12/site-packages/airflow/example_dags/example_sensors.py
[2024-10-13T09:45:07.264+0000] {processor.py:925} INFO - DAG(s) 'example_sensors' retrieved from /home/airflow/.local/lib/python3.12/site-packages/airflow/example_dags/example_sensors.py
[2024-10-13T09:45:07.346+0000] {logging_mixin.py:190} INFO - [2024-10-13T09:45:07.346+0000] {dag.py:3239} INFO - Sync 1 DAGs
[2024-10-13T09:45:07.404+0000] {logging_mixin.py:190} INFO - [2024-10-13T09:45:07.404+0000] {dag.py:4180} INFO - Setting next_dagrun for example_sensors to None, run_after=None
[2024-10-13T09:45:07.482+0000] {processor.py:208} INFO - Processing /home/airflow/.local/lib/python3.12/site-packages/airflow/example_dags/example_sensors.py took 0.269 seconds
[2024-10-13T09:45:44.496+0000] {processor.py:186} INFO - Started process (PID=197) to work on /home/airflow/.local/lib/python3.12/site-packages/airflow/example_dags/example_sensors.py
[2024-10-13T09:45:44.503+0000] {processor.py:914} INFO - Processing file /home/airflow/.local/lib/python3.12/site-packages/airflow/example_dags/example_sensors.py for tasks to queue
[2024-10-13T09:45:44.513+0000] {logging_mixin.py:190} INFO - [2024-10-13T09:45:44.512+0000] {dagbag.py:588} INFO - Filling up the DagBag from /home/airflow/.local/lib/python3.12/site-packages/airflow/example_dags/example_sensors.py
[2024-10-13T09:45:44.558+0000] {processor.py:925} INFO - DAG(s) 'example_sensors' retrieved from /home/airflow/.local/lib/python3.12/site-packages/airflow/example_dags/example_sensors.py
[2024-10-13T09:45:44.668+0000] {logging_mixin.py:190} INFO - [2024-10-13T09:45:44.667+0000] {dag.py:3239} INFO - Sync 1 DAGs
[2024-10-13T09:45:44.762+0000] {logging_mixin.py:190} INFO - [2024-10-13T09:45:44.761+0000] {dag.py:4180} INFO - Setting next_dagrun for example_sensors to None, run_after=None
[2024-10-13T09:45:44.879+0000] {processor.py:208} INFO - Processing /home/airflow/.local/lib/python3.12/site-packages/airflow/example_dags/example_sensors.py took 0.404 seconds
[2024-10-13T09:46:17.681+0000] {processor.py:186} INFO - Started process (PID=259) to work on /home/airflow/.local/lib/python3.12/site-packages/airflow/example_dags/example_sensors.py
[2024-10-13T09:46:17.684+0000] {processor.py:914} INFO - Processing file /home/airflow/.local/lib/python3.12/site-packages/airflow/example_dags/example_sensors.py for tasks to queue
[2024-10-13T09:46:17.689+0000] {logging_mixin.py:190} INFO - [2024-10-13T09:46:17.689+0000] {dagbag.py:588} INFO - Filling up the DagBag from /home/airflow/.local/lib/python3.12/site-packages/airflow/example_dags/example_sensors.py
[2024-10-13T09:46:17.709+0000] {processor.py:925} INFO - DAG(s) 'example_sensors' retrieved from /home/airflow/.local/lib/python3.12/site-packages/airflow/example_dags/example_sensors.py
[2024-10-13T09:46:17.755+0000] {logging_mixin.py:190} INFO - [2024-10-13T09:46:17.754+0000] {dag.py:3239} INFO - Sync 1 DAGs
[2024-10-13T09:46:17.779+0000] {logging_mixin.py:190} INFO - [2024-10-13T09:46:17.779+0000] {dag.py:4180} INFO - Setting next_dagrun for example_sensors to None, run_after=None
[2024-10-13T09:46:17.862+0000] {processor.py:208} INFO - Processing /home/airflow/.local/lib/python3.12/site-packages/airflow/example_dags/example_sensors.py took 0.197 seconds
[2024-10-13T09:46:48.221+0000] {processor.py:186} INFO - Started process (PID=321) to work on /home/airflow/.local/lib/python3.12/site-packages/airflow/example_dags/example_sensors.py
[2024-10-13T09:46:48.224+0000] {processor.py:914} INFO - Processing file /home/airflow/.local/lib/python3.12/site-packages/airflow/example_dags/example_sensors.py for tasks to queue
[2024-10-13T09:46:48.239+0000] {logging_mixin.py:190} INFO - [2024-10-13T09:46:48.236+0000] {dagbag.py:588} INFO - Filling up the DagBag from /home/airflow/.local/lib/python3.12/site-packages/airflow/example_dags/example_sensors.py
[2024-10-13T09:46:48.301+0000] {processor.py:925} INFO - DAG(s) 'example_sensors' retrieved from /home/airflow/.local/lib/python3.12/site-packages/airflow/example_dags/example_sensors.py
[2024-10-13T09:46:48.531+0000] {logging_mixin.py:190} INFO - [2024-10-13T09:46:48.531+0000] {dag.py:3239} INFO - Sync 1 DAGs
[2024-10-13T09:46:48.634+0000] {logging_mixin.py:190} INFO - [2024-10-13T09:46:48.632+0000] {dag.py:4180} INFO - Setting next_dagrun for example_sensors to None, run_after=None
[2024-10-13T09:46:48.716+0000] {processor.py:208} INFO - Processing /home/airflow/.local/lib/python3.12/site-packages/airflow/example_dags/example_sensors.py took 0.523 seconds
[2024-10-13T09:47:18.786+0000] {processor.py:186} INFO - Started process (PID=379) to work on /home/airflow/.local/lib/python3.12/site-packages/airflow/example_dags/example_sensors.py
[2024-10-13T09:47:18.788+0000] {processor.py:914} INFO - Processing file /home/airflow/.local/lib/python3.12/site-packages/airflow/example_dags/example_sensors.py for tasks to queue
[2024-10-13T09:47:18.794+0000] {logging_mixin.py:190} INFO - [2024-10-13T09:47:18.793+0000] {dagbag.py:588} INFO - Filling up the DagBag from /home/airflow/.local/lib/python3.12/site-packages/airflow/example_dags/example_sensors.py
[2024-10-13T09:47:18.821+0000] {processor.py:925} INFO - DAG(s) 'example_sensors' retrieved from /home/airflow/.local/lib/python3.12/site-packages/airflow/example_dags/example_sensors.py
[2024-10-13T09:47:18.905+0000] {logging_mixin.py:190} INFO - [2024-10-13T09:47:18.905+0000] {dag.py:3239} INFO - Sync 1 DAGs
[2024-10-13T09:47:18.935+0000] {logging_mixin.py:190} INFO - [2024-10-13T09:47:18.934+0000] {dag.py:4180} INFO - Setting next_dagrun for example_sensors to None, run_after=None
[2024-10-13T09:47:18.977+0000] {processor.py:208} INFO - Processing /home/airflow/.local/lib/python3.12/site-packages/airflow/example_dags/example_sensors.py took 0.202 seconds
[2024-10-13T09:47:49.394+0000] {processor.py:186} INFO - Started process (PID=440) to work on /home/airflow/.local/lib/python3.12/site-packages/airflow/example_dags/example_sensors.py
[2024-10-13T09:47:49.397+0000] {processor.py:914} INFO - Processing file /home/airflow/.local/lib/python3.12/site-packages/airflow/example_dags/example_sensors.py for tasks to queue
[2024-10-13T09:47:49.403+0000] {logging_mixin.py:190} INFO - [2024-10-13T09:47:49.403+0000] {dagbag.py:588} INFO - Filling up the DagBag from /home/airflow/.local/lib/python3.12/site-packages/airflow/example_dags/example_sensors.py
[2024-10-13T09:47:49.424+0000] {processor.py:925} INFO - DAG(s) 'example_sensors' retrieved from /home/airflow/.local/lib/python3.12/site-packages/airflow/example_dags/example_sensors.py
[2024-10-13T09:47:49.473+0000] {logging_mixin.py:190} INFO - [2024-10-13T09:47:49.473+0000] {dag.py:3239} INFO - Sync 1 DAGs
[2024-10-13T09:47:49.505+0000] {logging_mixin.py:190} INFO - [2024-10-13T09:47:49.504+0000] {dag.py:4180} INFO - Setting next_dagrun for example_sensors to None, run_after=None
[2024-10-13T09:47:49.542+0000] {processor.py:208} INFO - Processing /home/airflow/.local/lib/python3.12/site-packages/airflow/example_dags/example_sensors.py took 0.160 seconds
[2024-10-13T09:48:20.034+0000] {processor.py:186} INFO - Started process (PID=502) to work on /home/airflow/.local/lib/python3.12/site-packages/airflow/example_dags/example_sensors.py
[2024-10-13T09:48:20.037+0000] {processor.py:914} INFO - Processing file /home/airflow/.local/lib/python3.12/site-packages/airflow/example_dags/example_sensors.py for tasks to queue
[2024-10-13T09:48:20.041+0000] {logging_mixin.py:190} INFO - [2024-10-13T09:48:20.041+0000] {dagbag.py:588} INFO - Filling up the DagBag from /home/airflow/.local/lib/python3.12/site-packages/airflow/example_dags/example_sensors.py
[2024-10-13T09:48:20.063+0000] {processor.py:925} INFO - DAG(s) 'example_sensors' retrieved from /home/airflow/.local/lib/python3.12/site-packages/airflow/example_dags/example_sensors.py
[2024-10-13T09:48:20.113+0000] {logging_mixin.py:190} INFO - [2024-10-13T09:48:20.113+0000] {dag.py:3239} INFO - Sync 1 DAGs
[2024-10-13T09:48:20.140+0000] {logging_mixin.py:190} INFO - [2024-10-13T09:48:20.139+0000] {dag.py:4180} INFO - Setting next_dagrun for example_sensors to None, run_after=None
[2024-10-13T09:48:20.176+0000] {processor.py:208} INFO - Processing /home/airflow/.local/lib/python3.12/site-packages/airflow/example_dags/example_sensors.py took 0.154 seconds
[2024-10-13T09:48:50.643+0000] {processor.py:186} INFO - Started process (PID=564) to work on /home/airflow/.local/lib/python3.12/site-packages/airflow/example_dags/example_sensors.py
[2024-10-13T09:48:50.646+0000] {processor.py:914} INFO - Processing file /home/airflow/.local/lib/python3.12/site-packages/airflow/example_dags/example_sensors.py for tasks to queue
[2024-10-13T09:48:50.652+0000] {logging_mixin.py:190} INFO - [2024-10-13T09:48:50.651+0000] {dagbag.py:588} INFO - Filling up the DagBag from /home/airflow/.local/lib/python3.12/site-packages/airflow/example_dags/example_sensors.py
[2024-10-13T09:48:50.675+0000] {processor.py:925} INFO - DAG(s) 'example_sensors' retrieved from /home/airflow/.local/lib/python3.12/site-packages/airflow/example_dags/example_sensors.py
[2024-10-13T09:48:50.736+0000] {logging_mixin.py:190} INFO - [2024-10-13T09:48:50.736+0000] {dag.py:3239} INFO - Sync 1 DAGs
[2024-10-13T09:48:50.760+0000] {logging_mixin.py:190} INFO - [2024-10-13T09:48:50.760+0000] {dag.py:4180} INFO - Setting next_dagrun for example_sensors to None, run_after=None
[2024-10-13T09:48:50.796+0000] {processor.py:208} INFO - Processing /home/airflow/.local/lib/python3.12/site-packages/airflow/example_dags/example_sensors.py took 0.165 seconds
[2024-10-13T09:49:22.149+0000] {processor.py:186} INFO - Started process (PID=623) to work on /home/airflow/.local/lib/python3.12/site-packages/airflow/example_dags/example_sensors.py
[2024-10-13T09:49:22.151+0000] {processor.py:914} INFO - Processing file /home/airflow/.local/lib/python3.12/site-packages/airflow/example_dags/example_sensors.py for tasks to queue
[2024-10-13T09:49:22.156+0000] {logging_mixin.py:190} INFO - [2024-10-13T09:49:22.155+0000] {dagbag.py:588} INFO - Filling up the DagBag from /home/airflow/.local/lib/python3.12/site-packages/airflow/example_dags/example_sensors.py
[2024-10-13T09:49:22.187+0000] {processor.py:925} INFO - DAG(s) 'example_sensors' retrieved from /home/airflow/.local/lib/python3.12/site-packages/airflow/example_dags/example_sensors.py
[2024-10-13T09:49:22.271+0000] {logging_mixin.py:190} INFO - [2024-10-13T09:49:22.270+0000] {dag.py:3239} INFO - Sync 1 DAGs
[2024-10-13T09:49:22.324+0000] {logging_mixin.py:190} INFO - [2024-10-13T09:49:22.323+0000] {dag.py:4180} INFO - Setting next_dagrun for example_sensors to None, run_after=None
[2024-10-13T09:49:22.412+0000] {processor.py:208} INFO - Processing /home/airflow/.local/lib/python3.12/site-packages/airflow/example_dags/example_sensors.py took 0.278 seconds
[2024-10-13T09:49:52.575+0000] {processor.py:186} INFO - Started process (PID=684) to work on /home/airflow/.local/lib/python3.12/site-packages/airflow/example_dags/example_sensors.py
[2024-10-13T09:49:52.577+0000] {processor.py:914} INFO - Processing file /home/airflow/.local/lib/python3.12/site-packages/airflow/example_dags/example_sensors.py for tasks to queue
[2024-10-13T09:49:52.581+0000] {logging_mixin.py:190} INFO - [2024-10-13T09:49:52.581+0000] {dagbag.py:588} INFO - Filling up the DagBag from /home/airflow/.local/lib/python3.12/site-packages/airflow/example_dags/example_sensors.py
[2024-10-13T09:49:52.601+0000] {processor.py:925} INFO - DAG(s) 'example_sensors' retrieved from /home/airflow/.local/lib/python3.12/site-packages/airflow/example_dags/example_sensors.py
[2024-10-13T09:49:52.646+0000] {logging_mixin.py:190} INFO - [2024-10-13T09:49:52.645+0000] {dag.py:3239} INFO - Sync 1 DAGs
[2024-10-13T09:49:52.671+0000] {logging_mixin.py:190} INFO - [2024-10-13T09:49:52.670+0000] {dag.py:4180} INFO - Setting next_dagrun for example_sensors to None, run_after=None
[2024-10-13T09:49:52.706+0000] {processor.py:208} INFO - Processing /home/airflow/.local/lib/python3.12/site-packages/airflow/example_dags/example_sensors.py took 0.141 seconds
[2024-10-13T09:50:23.078+0000] {processor.py:186} INFO - Started process (PID=745) to work on /home/airflow/.local/lib/python3.12/site-packages/airflow/example_dags/example_sensors.py
[2024-10-13T09:50:23.080+0000] {processor.py:914} INFO - Processing file /home/airflow/.local/lib/python3.12/site-packages/airflow/example_dags/example_sensors.py for tasks to queue
[2024-10-13T09:50:23.085+0000] {logging_mixin.py:190} INFO - [2024-10-13T09:50:23.084+0000] {dagbag.py:588} INFO - Filling up the DagBag from /home/airflow/.local/lib/python3.12/site-packages/airflow/example_dags/example_sensors.py
[2024-10-13T09:50:23.103+0000] {processor.py:925} INFO - DAG(s) 'example_sensors' retrieved from /home/airflow/.local/lib/python3.12/site-packages/airflow/example_dags/example_sensors.py
[2024-10-13T09:50:23.147+0000] {logging_mixin.py:190} INFO - [2024-10-13T09:50:23.146+0000] {dag.py:3239} INFO - Sync 1 DAGs
[2024-10-13T09:50:23.170+0000] {logging_mixin.py:190} INFO - [2024-10-13T09:50:23.170+0000] {dag.py:4180} INFO - Setting next_dagrun for example_sensors to None, run_after=None
[2024-10-13T09:50:23.210+0000] {processor.py:208} INFO - Processing /home/airflow/.local/lib/python3.12/site-packages/airflow/example_dags/example_sensors.py took 0.144 seconds
[2024-10-13T09:50:53.638+0000] {processor.py:186} INFO - Started process (PID=807) to work on /home/airflow/.local/lib/python3.12/site-packages/airflow/example_dags/example_sensors.py
[2024-10-13T09:50:53.639+0000] {processor.py:914} INFO - Processing file /home/airflow/.local/lib/python3.12/site-packages/airflow/example_dags/example_sensors.py for tasks to queue
[2024-10-13T09:50:53.644+0000] {logging_mixin.py:190} INFO - [2024-10-13T09:50:53.644+0000] {dagbag.py:588} INFO - Filling up the DagBag from /home/airflow/.local/lib/python3.12/site-packages/airflow/example_dags/example_sensors.py
[2024-10-13T09:50:53.665+0000] {processor.py:925} INFO - DAG(s) 'example_sensors' retrieved from /home/airflow/.local/lib/python3.12/site-packages/airflow/example_dags/example_sensors.py
[2024-10-13T09:50:53.725+0000] {logging_mixin.py:190} INFO - [2024-10-13T09:50:53.725+0000] {dag.py:3239} INFO - Sync 1 DAGs
[2024-10-13T09:50:53.765+0000] {logging_mixin.py:190} INFO - [2024-10-13T09:50:53.764+0000] {dag.py:4180} INFO - Setting next_dagrun for example_sensors to None, run_after=None
[2024-10-13T09:50:53.806+0000] {processor.py:208} INFO - Processing /home/airflow/.local/lib/python3.12/site-packages/airflow/example_dags/example_sensors.py took 0.179 seconds
[2024-10-13T09:51:24.243+0000] {processor.py:186} INFO - Started process (PID=867) to work on /home/airflow/.local/lib/python3.12/site-packages/airflow/example_dags/example_sensors.py
[2024-10-13T09:51:24.245+0000] {processor.py:914} INFO - Processing file /home/airflow/.local/lib/python3.12/site-packages/airflow/example_dags/example_sensors.py for tasks to queue
[2024-10-13T09:51:24.249+0000] {logging_mixin.py:190} INFO - [2024-10-13T09:51:24.249+0000] {dagbag.py:588} INFO - Filling up the DagBag from /home/airflow/.local/lib/python3.12/site-packages/airflow/example_dags/example_sensors.py
[2024-10-13T09:51:24.274+0000] {processor.py:925} INFO - DAG(s) 'example_sensors' retrieved from /home/airflow/.local/lib/python3.12/site-packages/airflow/example_dags/example_sensors.py
[2024-10-13T09:51:24.335+0000] {logging_mixin.py:190} INFO - [2024-10-13T09:51:24.334+0000] {dag.py:3239} INFO - Sync 1 DAGs
[2024-10-13T09:51:24.374+0000] {logging_mixin.py:190} INFO - [2024-10-13T09:51:24.374+0000] {dag.py:4180} INFO - Setting next_dagrun for example_sensors to None, run_after=None
[2024-10-13T09:51:24.481+0000] {processor.py:208} INFO - Processing /home/airflow/.local/lib/python3.12/site-packages/airflow/example_dags/example_sensors.py took 0.250 seconds
[2024-10-13T09:51:55.399+0000] {processor.py:186} INFO - Started process (PID=929) to work on /home/airflow/.local/lib/python3.12/site-packages/airflow/example_dags/example_sensors.py
[2024-10-13T09:51:55.401+0000] {processor.py:914} INFO - Processing file /home/airflow/.local/lib/python3.12/site-packages/airflow/example_dags/example_sensors.py for tasks to queue
[2024-10-13T09:51:55.406+0000] {logging_mixin.py:190} INFO - [2024-10-13T09:51:55.406+0000] {dagbag.py:588} INFO - Filling up the DagBag from /home/airflow/.local/lib/python3.12/site-packages/airflow/example_dags/example_sensors.py
[2024-10-13T09:51:55.432+0000] {processor.py:925} INFO - DAG(s) 'example_sensors' retrieved from /home/airflow/.local/lib/python3.12/site-packages/airflow/example_dags/example_sensors.py
[2024-10-13T09:51:55.485+0000] {logging_mixin.py:190} INFO - [2024-10-13T09:51:55.484+0000] {dag.py:3239} INFO - Sync 1 DAGs
[2024-10-13T09:51:55.519+0000] {logging_mixin.py:190} INFO - [2024-10-13T09:51:55.518+0000] {dag.py:4180} INFO - Setting next_dagrun for example_sensors to None, run_after=None
[2024-10-13T09:51:55.559+0000] {processor.py:208} INFO - Processing /home/airflow/.local/lib/python3.12/site-packages/airflow/example_dags/example_sensors.py took 0.172 seconds
[2024-10-13T09:52:26.681+0000] {processor.py:186} INFO - Started process (PID=993) to work on /home/airflow/.local/lib/python3.12/site-packages/airflow/example_dags/example_sensors.py
[2024-10-13T09:52:26.705+0000] {processor.py:914} INFO - Processing file /home/airflow/.local/lib/python3.12/site-packages/airflow/example_dags/example_sensors.py for tasks to queue
[2024-10-13T09:52:26.725+0000] {logging_mixin.py:190} INFO - [2024-10-13T09:52:26.720+0000] {dagbag.py:588} INFO - Filling up the DagBag from /home/airflow/.local/lib/python3.12/site-packages/airflow/example_dags/example_sensors.py
[2024-10-13T09:52:26.818+0000] {processor.py:925} INFO - DAG(s) 'example_sensors' retrieved from /home/airflow/.local/lib/python3.12/site-packages/airflow/example_dags/example_sensors.py
[2024-10-13T09:52:27.037+0000] {logging_mixin.py:190} INFO - [2024-10-13T09:52:27.034+0000] {dag.py:3239} INFO - Sync 1 DAGs
[2024-10-13T09:52:27.182+0000] {logging_mixin.py:190} INFO - [2024-10-13T09:52:27.182+0000] {dag.py:4180} INFO - Setting next_dagrun for example_sensors to None, run_after=None
[2024-10-13T09:52:27.323+0000] {processor.py:208} INFO - Processing /home/airflow/.local/lib/python3.12/site-packages/airflow/example_dags/example_sensors.py took 0.714 seconds
[2024-10-13T09:52:59.049+0000] {processor.py:186} INFO - Started process (PID=1053) to work on /home/airflow/.local/lib/python3.12/site-packages/airflow/example_dags/example_sensors.py
[2024-10-13T09:52:59.051+0000] {processor.py:914} INFO - Processing file /home/airflow/.local/lib/python3.12/site-packages/airflow/example_dags/example_sensors.py for tasks to queue
[2024-10-13T09:52:59.055+0000] {logging_mixin.py:190} INFO - [2024-10-13T09:52:59.055+0000] {dagbag.py:588} INFO - Filling up the DagBag from /home/airflow/.local/lib/python3.12/site-packages/airflow/example_dags/example_sensors.py
[2024-10-13T09:52:59.077+0000] {processor.py:925} INFO - DAG(s) 'example_sensors' retrieved from /home/airflow/.local/lib/python3.12/site-packages/airflow/example_dags/example_sensors.py
[2024-10-13T09:52:59.136+0000] {logging_mixin.py:190} INFO - [2024-10-13T09:52:59.135+0000] {dag.py:3239} INFO - Sync 1 DAGs
[2024-10-13T09:52:59.184+0000] {logging_mixin.py:190} INFO - [2024-10-13T09:52:59.184+0000] {dag.py:4180} INFO - Setting next_dagrun for example_sensors to None, run_after=None
[2024-10-13T09:52:59.229+0000] {processor.py:208} INFO - Processing /home/airflow/.local/lib/python3.12/site-packages/airflow/example_dags/example_sensors.py took 0.192 seconds
[2024-10-13T09:53:29.851+0000] {processor.py:186} INFO - Started process (PID=1115) to work on /home/airflow/.local/lib/python3.12/site-packages/airflow/example_dags/example_sensors.py
[2024-10-13T09:53:29.853+0000] {processor.py:914} INFO - Processing file /home/airflow/.local/lib/python3.12/site-packages/airflow/example_dags/example_sensors.py for tasks to queue
[2024-10-13T09:53:29.858+0000] {logging_mixin.py:190} INFO - [2024-10-13T09:53:29.857+0000] {dagbag.py:588} INFO - Filling up the DagBag from /home/airflow/.local/lib/python3.12/site-packages/airflow/example_dags/example_sensors.py
[2024-10-13T09:53:29.879+0000] {processor.py:925} INFO - DAG(s) 'example_sensors' retrieved from /home/airflow/.local/lib/python3.12/site-packages/airflow/example_dags/example_sensors.py
[2024-10-13T09:53:29.942+0000] {logging_mixin.py:190} INFO - [2024-10-13T09:53:29.942+0000] {dag.py:3239} INFO - Sync 1 DAGs
[2024-10-13T09:53:29.975+0000] {logging_mixin.py:190} INFO - [2024-10-13T09:53:29.974+0000] {dag.py:4180} INFO - Setting next_dagrun for example_sensors to None, run_after=None
[2024-10-13T09:53:30.025+0000] {processor.py:208} INFO - Processing /home/airflow/.local/lib/python3.12/site-packages/airflow/example_dags/example_sensors.py took 0.185 seconds
[2024-10-13T09:54:00.536+0000] {processor.py:186} INFO - Started process (PID=1177) to work on /home/airflow/.local/lib/python3.12/site-packages/airflow/example_dags/example_sensors.py
[2024-10-13T09:54:00.538+0000] {processor.py:914} INFO - Processing file /home/airflow/.local/lib/python3.12/site-packages/airflow/example_dags/example_sensors.py for tasks to queue
[2024-10-13T09:54:00.547+0000] {logging_mixin.py:190} INFO - [2024-10-13T09:54:00.547+0000] {dagbag.py:588} INFO - Filling up the DagBag from /home/airflow/.local/lib/python3.12/site-packages/airflow/example_dags/example_sensors.py
[2024-10-13T09:54:00.575+0000] {processor.py:925} INFO - DAG(s) 'example_sensors' retrieved from /home/airflow/.local/lib/python3.12/site-packages/airflow/example_dags/example_sensors.py
[2024-10-13T09:54:00.643+0000] {logging_mixin.py:190} INFO - [2024-10-13T09:54:00.643+0000] {dag.py:3239} INFO - Sync 1 DAGs
[2024-10-13T09:54:00.681+0000] {logging_mixin.py:190} INFO - [2024-10-13T09:54:00.680+0000] {dag.py:4180} INFO - Setting next_dagrun for example_sensors to None, run_after=None
[2024-10-13T09:54:00.724+0000] {processor.py:208} INFO - Processing /home/airflow/.local/lib/python3.12/site-packages/airflow/example_dags/example_sensors.py took 0.206 seconds
[2024-10-13T09:54:31.186+0000] {processor.py:186} INFO - Started process (PID=1239) to work on /home/airflow/.local/lib/python3.12/site-packages/airflow/example_dags/example_sensors.py
[2024-10-13T09:54:31.188+0000] {processor.py:914} INFO - Processing file /home/airflow/.local/lib/python3.12/site-packages/airflow/example_dags/example_sensors.py for tasks to queue
[2024-10-13T09:54:31.194+0000] {logging_mixin.py:190} INFO - [2024-10-13T09:54:31.193+0000] {dagbag.py:588} INFO - Filling up the DagBag from /home/airflow/.local/lib/python3.12/site-packages/airflow/example_dags/example_sensors.py
[2024-10-13T09:54:31.218+0000] {processor.py:925} INFO - DAG(s) 'example_sensors' retrieved from /home/airflow/.local/lib/python3.12/site-packages/airflow/example_dags/example_sensors.py
[2024-10-13T09:54:31.270+0000] {logging_mixin.py:190} INFO - [2024-10-13T09:54:31.270+0000] {dag.py:3239} INFO - Sync 1 DAGs
[2024-10-13T09:54:31.305+0000] {logging_mixin.py:190} INFO - [2024-10-13T09:54:31.305+0000] {dag.py:4180} INFO - Setting next_dagrun for example_sensors to None, run_after=None
[2024-10-13T09:54:31.347+0000] {processor.py:208} INFO - Processing /home/airflow/.local/lib/python3.12/site-packages/airflow/example_dags/example_sensors.py took 0.173 seconds
[2024-10-13T09:55:02.634+0000] {processor.py:186} INFO - Started process (PID=1300) to work on /home/airflow/.local/lib/python3.12/site-packages/airflow/example_dags/example_sensors.py
[2024-10-13T09:55:02.636+0000] {processor.py:914} INFO - Processing file /home/airflow/.local/lib/python3.12/site-packages/airflow/example_dags/example_sensors.py for tasks to queue
[2024-10-13T09:55:02.643+0000] {logging_mixin.py:190} INFO - [2024-10-13T09:55:02.642+0000] {dagbag.py:588} INFO - Filling up the DagBag from /home/airflow/.local/lib/python3.12/site-packages/airflow/example_dags/example_sensors.py
[2024-10-13T09:55:02.673+0000] {processor.py:925} INFO - DAG(s) 'example_sensors' retrieved from /home/airflow/.local/lib/python3.12/site-packages/airflow/example_dags/example_sensors.py
[2024-10-13T09:55:02.752+0000] {logging_mixin.py:190} INFO - [2024-10-13T09:55:02.751+0000] {dag.py:3239} INFO - Sync 1 DAGs
[2024-10-13T09:55:02.793+0000] {logging_mixin.py:190} INFO - [2024-10-13T09:55:02.793+0000] {dag.py:4180} INFO - Setting next_dagrun for example_sensors to None, run_after=None
[2024-10-13T09:55:02.834+0000] {processor.py:208} INFO - Processing /home/airflow/.local/lib/python3.12/site-packages/airflow/example_dags/example_sensors.py took 0.217 seconds
[2024-10-13T09:55:33.299+0000] {processor.py:186} INFO - Started process (PID=1362) to work on /home/airflow/.local/lib/python3.12/site-packages/airflow/example_dags/example_sensors.py
[2024-10-13T09:55:33.301+0000] {processor.py:914} INFO - Processing file /home/airflow/.local/lib/python3.12/site-packages/airflow/example_dags/example_sensors.py for tasks to queue
[2024-10-13T09:55:33.311+0000] {logging_mixin.py:190} INFO - [2024-10-13T09:55:33.307+0000] {dagbag.py:588} INFO - Filling up the DagBag from /home/airflow/.local/lib/python3.12/site-packages/airflow/example_dags/example_sensors.py
[2024-10-13T09:55:33.358+0000] {processor.py:925} INFO - DAG(s) 'example_sensors' retrieved from /home/airflow/.local/lib/python3.12/site-packages/airflow/example_dags/example_sensors.py
[2024-10-13T09:55:33.430+0000] {logging_mixin.py:190} INFO - [2024-10-13T09:55:33.429+0000] {dag.py:3239} INFO - Sync 1 DAGs
[2024-10-13T09:55:33.469+0000] {logging_mixin.py:190} INFO - [2024-10-13T09:55:33.468+0000] {dag.py:4180} INFO - Setting next_dagrun for example_sensors to None, run_after=None
[2024-10-13T09:55:33.506+0000] {processor.py:208} INFO - Processing /home/airflow/.local/lib/python3.12/site-packages/airflow/example_dags/example_sensors.py took 0.225 seconds
[2024-10-13T09:56:03.569+0000] {processor.py:186} INFO - Started process (PID=1423) to work on /home/airflow/.local/lib/python3.12/site-packages/airflow/example_dags/example_sensors.py
[2024-10-13T09:56:03.571+0000] {processor.py:914} INFO - Processing file /home/airflow/.local/lib/python3.12/site-packages/airflow/example_dags/example_sensors.py for tasks to queue
[2024-10-13T09:56:03.576+0000] {logging_mixin.py:190} INFO - [2024-10-13T09:56:03.575+0000] {dagbag.py:588} INFO - Filling up the DagBag from /home/airflow/.local/lib/python3.12/site-packages/airflow/example_dags/example_sensors.py
[2024-10-13T09:56:03.595+0000] {processor.py:925} INFO - DAG(s) 'example_sensors' retrieved from /home/airflow/.local/lib/python3.12/site-packages/airflow/example_dags/example_sensors.py
[2024-10-13T09:56:03.645+0000] {logging_mixin.py:190} INFO - [2024-10-13T09:56:03.645+0000] {dag.py:3239} INFO - Sync 1 DAGs
[2024-10-13T09:56:03.674+0000] {logging_mixin.py:190} INFO - [2024-10-13T09:56:03.673+0000] {dag.py:4180} INFO - Setting next_dagrun for example_sensors to None, run_after=None
[2024-10-13T09:56:03.710+0000] {processor.py:208} INFO - Processing /home/airflow/.local/lib/python3.12/site-packages/airflow/example_dags/example_sensors.py took 0.151 seconds
[2024-10-13T09:56:34.037+0000] {processor.py:186} INFO - Started process (PID=1485) to work on /home/airflow/.local/lib/python3.12/site-packages/airflow/example_dags/example_sensors.py
[2024-10-13T09:56:34.039+0000] {processor.py:914} INFO - Processing file /home/airflow/.local/lib/python3.12/site-packages/airflow/example_dags/example_sensors.py for tasks to queue
[2024-10-13T09:56:34.045+0000] {logging_mixin.py:190} INFO - [2024-10-13T09:56:34.044+0000] {dagbag.py:588} INFO - Filling up the DagBag from /home/airflow/.local/lib/python3.12/site-packages/airflow/example_dags/example_sensors.py
[2024-10-13T09:56:34.070+0000] {processor.py:925} INFO - DAG(s) 'example_sensors' retrieved from /home/airflow/.local/lib/python3.12/site-packages/airflow/example_dags/example_sensors.py
[2024-10-13T09:56:34.117+0000] {logging_mixin.py:190} INFO - [2024-10-13T09:56:34.117+0000] {dag.py:3239} INFO - Sync 1 DAGs
[2024-10-13T09:56:34.138+0000] {logging_mixin.py:190} INFO - [2024-10-13T09:56:34.138+0000] {dag.py:4180} INFO - Setting next_dagrun for example_sensors to None, run_after=None
[2024-10-13T09:56:34.169+0000] {processor.py:208} INFO - Processing /home/airflow/.local/lib/python3.12/site-packages/airflow/example_dags/example_sensors.py took 0.144 seconds
[2024-10-13T09:57:04.901+0000] {processor.py:186} INFO - Started process (PID=1546) to work on /home/airflow/.local/lib/python3.12/site-packages/airflow/example_dags/example_sensors.py
[2024-10-13T09:57:04.903+0000] {processor.py:914} INFO - Processing file /home/airflow/.local/lib/python3.12/site-packages/airflow/example_dags/example_sensors.py for tasks to queue
[2024-10-13T09:57:04.907+0000] {logging_mixin.py:190} INFO - [2024-10-13T09:57:04.906+0000] {dagbag.py:588} INFO - Filling up the DagBag from /home/airflow/.local/lib/python3.12/site-packages/airflow/example_dags/example_sensors.py
[2024-10-13T09:57:04.929+0000] {processor.py:925} INFO - DAG(s) 'example_sensors' retrieved from /home/airflow/.local/lib/python3.12/site-packages/airflow/example_dags/example_sensors.py
[2024-10-13T09:57:04.980+0000] {logging_mixin.py:190} INFO - [2024-10-13T09:57:04.979+0000] {dag.py:3239} INFO - Sync 1 DAGs
[2024-10-13T09:57:05.016+0000] {logging_mixin.py:190} INFO - [2024-10-13T09:57:05.016+0000] {dag.py:4180} INFO - Setting next_dagrun for example_sensors to None, run_after=None
[2024-10-13T09:57:05.051+0000] {processor.py:208} INFO - Processing /home/airflow/.local/lib/python3.12/site-packages/airflow/example_dags/example_sensors.py took 0.161 seconds
[2024-10-13T09:57:39.726+0000] {processor.py:186} INFO - Started process (PID=1608) to work on /home/airflow/.local/lib/python3.12/site-packages/airflow/example_dags/example_sensors.py
[2024-10-13T09:57:39.731+0000] {processor.py:914} INFO - Processing file /home/airflow/.local/lib/python3.12/site-packages/airflow/example_dags/example_sensors.py for tasks to queue
[2024-10-13T09:57:39.738+0000] {logging_mixin.py:190} INFO - [2024-10-13T09:57:39.737+0000] {dagbag.py:588} INFO - Filling up the DagBag from /home/airflow/.local/lib/python3.12/site-packages/airflow/example_dags/example_sensors.py
[2024-10-13T09:57:39.768+0000] {processor.py:925} INFO - DAG(s) 'example_sensors' retrieved from /home/airflow/.local/lib/python3.12/site-packages/airflow/example_dags/example_sensors.py
[2024-10-13T09:57:39.820+0000] {logging_mixin.py:190} INFO - [2024-10-13T09:57:39.820+0000] {dag.py:3239} INFO - Sync 1 DAGs
[2024-10-13T09:57:39.847+0000] {logging_mixin.py:190} INFO - [2024-10-13T09:57:39.846+0000] {dag.py:4180} INFO - Setting next_dagrun for example_sensors to None, run_after=None
[2024-10-13T09:57:39.882+0000] {processor.py:208} INFO - Processing /home/airflow/.local/lib/python3.12/site-packages/airflow/example_dags/example_sensors.py took 0.187 seconds
[2024-10-13T09:58:25.004+0000] {processor.py:186} INFO - Started process (PID=1670) to work on /home/airflow/.local/lib/python3.12/site-packages/airflow/example_dags/example_sensors.py
[2024-10-13T09:58:25.006+0000] {processor.py:914} INFO - Processing file /home/airflow/.local/lib/python3.12/site-packages/airflow/example_dags/example_sensors.py for tasks to queue
[2024-10-13T09:58:25.014+0000] {logging_mixin.py:190} INFO - [2024-10-13T09:58:25.013+0000] {dagbag.py:588} INFO - Filling up the DagBag from /home/airflow/.local/lib/python3.12/site-packages/airflow/example_dags/example_sensors.py
[2024-10-13T09:58:25.222+0000] {processor.py:925} INFO - DAG(s) 'example_sensors' retrieved from /home/airflow/.local/lib/python3.12/site-packages/airflow/example_dags/example_sensors.py
[2024-10-13T09:58:25.798+0000] {logging_mixin.py:190} INFO - [2024-10-13T09:58:25.795+0000] {dag.py:3239} INFO - Sync 1 DAGs
[2024-10-13T09:58:26.013+0000] {logging_mixin.py:190} INFO - [2024-10-13T09:58:26.012+0000] {dag.py:4180} INFO - Setting next_dagrun for example_sensors to None, run_after=None
[2024-10-13T09:58:26.207+0000] {processor.py:208} INFO - Processing /home/airflow/.local/lib/python3.12/site-packages/airflow/example_dags/example_sensors.py took 1.221 seconds
[2024-10-13T09:58:56.899+0000] {processor.py:186} INFO - Started process (PID=1738) to work on /home/airflow/.local/lib/python3.12/site-packages/airflow/example_dags/example_sensors.py
[2024-10-13T09:58:56.902+0000] {processor.py:914} INFO - Processing file /home/airflow/.local/lib/python3.12/site-packages/airflow/example_dags/example_sensors.py for tasks to queue
[2024-10-13T09:58:56.910+0000] {logging_mixin.py:190} INFO - [2024-10-13T09:58:56.908+0000] {dagbag.py:588} INFO - Filling up the DagBag from /home/airflow/.local/lib/python3.12/site-packages/airflow/example_dags/example_sensors.py
[2024-10-13T09:58:57.042+0000] {processor.py:925} INFO - DAG(s) 'example_sensors' retrieved from /home/airflow/.local/lib/python3.12/site-packages/airflow/example_dags/example_sensors.py
[2024-10-13T09:58:57.142+0000] {logging_mixin.py:190} INFO - [2024-10-13T09:58:57.138+0000] {dag.py:3239} INFO - Sync 1 DAGs
[2024-10-13T09:58:57.262+0000] {logging_mixin.py:190} INFO - [2024-10-13T09:58:57.261+0000] {dag.py:4180} INFO - Setting next_dagrun for example_sensors to None, run_after=None
[2024-10-13T09:58:57.367+0000] {processor.py:208} INFO - Processing /home/airflow/.local/lib/python3.12/site-packages/airflow/example_dags/example_sensors.py took 0.499 seconds
[2024-10-13T09:59:27.720+0000] {processor.py:186} INFO - Started process (PID=1800) to work on /home/airflow/.local/lib/python3.12/site-packages/airflow/example_dags/example_sensors.py
[2024-10-13T09:59:27.729+0000] {processor.py:914} INFO - Processing file /home/airflow/.local/lib/python3.12/site-packages/airflow/example_dags/example_sensors.py for tasks to queue
[2024-10-13T09:59:27.745+0000] {logging_mixin.py:190} INFO - [2024-10-13T09:59:27.744+0000] {dagbag.py:588} INFO - Filling up the DagBag from /home/airflow/.local/lib/python3.12/site-packages/airflow/example_dags/example_sensors.py
[2024-10-13T09:59:27.798+0000] {processor.py:925} INFO - DAG(s) 'example_sensors' retrieved from /home/airflow/.local/lib/python3.12/site-packages/airflow/example_dags/example_sensors.py
[2024-10-13T09:59:29.849+0000] {logging_mixin.py:190} INFO - [2024-10-13T09:59:29.848+0000] {dag.py:3239} INFO - Sync 1 DAGs
[2024-10-13T09:59:30.677+0000] {logging_mixin.py:190} INFO - [2024-10-13T09:59:30.676+0000] {dag.py:4180} INFO - Setting next_dagrun for example_sensors to None, run_after=None
[2024-10-13T09:59:31.126+0000] {processor.py:208} INFO - Processing /home/airflow/.local/lib/python3.12/site-packages/airflow/example_dags/example_sensors.py took 3.455 seconds
[2024-10-13T10:00:01.934+0000] {processor.py:186} INFO - Started process (PID=1861) to work on /home/airflow/.local/lib/python3.12/site-packages/airflow/example_dags/example_sensors.py
[2024-10-13T10:00:01.936+0000] {processor.py:914} INFO - Processing file /home/airflow/.local/lib/python3.12/site-packages/airflow/example_dags/example_sensors.py for tasks to queue
[2024-10-13T10:00:01.944+0000] {logging_mixin.py:190} INFO - [2024-10-13T10:00:01.944+0000] {dagbag.py:588} INFO - Filling up the DagBag from /home/airflow/.local/lib/python3.12/site-packages/airflow/example_dags/example_sensors.py
[2024-10-13T10:00:01.970+0000] {processor.py:925} INFO - DAG(s) 'example_sensors' retrieved from /home/airflow/.local/lib/python3.12/site-packages/airflow/example_dags/example_sensors.py
[2024-10-13T10:00:02.048+0000] {logging_mixin.py:190} INFO - [2024-10-13T10:00:02.048+0000] {dag.py:3239} INFO - Sync 1 DAGs
[2024-10-13T10:00:02.097+0000] {logging_mixin.py:190} INFO - [2024-10-13T10:00:02.096+0000] {dag.py:4180} INFO - Setting next_dagrun for example_sensors to None, run_after=None
[2024-10-13T10:00:02.168+0000] {processor.py:208} INFO - Processing /home/airflow/.local/lib/python3.12/site-packages/airflow/example_dags/example_sensors.py took 0.249 seconds
[2024-10-13T10:05:57.418+0000] {processor.py:186} INFO - Started process (PID=65) to work on /home/airflow/.local/lib/python3.12/site-packages/airflow/example_dags/example_sensors.py
[2024-10-13T10:05:57.423+0000] {processor.py:914} INFO - Processing file /home/airflow/.local/lib/python3.12/site-packages/airflow/example_dags/example_sensors.py for tasks to queue
[2024-10-13T10:05:57.438+0000] {logging_mixin.py:190} INFO - [2024-10-13T10:05:57.434+0000] {dagbag.py:588} INFO - Filling up the DagBag from /home/airflow/.local/lib/python3.12/site-packages/airflow/example_dags/example_sensors.py
[2024-10-13T10:05:57.512+0000] {processor.py:925} INFO - DAG(s) 'example_sensors' retrieved from /home/airflow/.local/lib/python3.12/site-packages/airflow/example_dags/example_sensors.py
[2024-10-13T10:05:57.996+0000] {logging_mixin.py:190} INFO - [2024-10-13T10:05:57.995+0000] {dag.py:3239} INFO - Sync 1 DAGs
[2024-10-13T10:05:58.076+0000] {logging_mixin.py:190} INFO - [2024-10-13T10:05:58.075+0000] {dag.py:4180} INFO - Setting next_dagrun for example_sensors to None, run_after=None
[2024-10-13T10:05:58.186+0000] {processor.py:208} INFO - Processing /home/airflow/.local/lib/python3.12/site-packages/airflow/example_dags/example_sensors.py took 0.802 seconds
[2024-10-13T10:07:10.015+0000] {processor.py:186} INFO - Started process (PID=134) to work on /home/airflow/.local/lib/python3.12/site-packages/airflow/example_dags/example_sensors.py
[2024-10-13T10:07:10.027+0000] {processor.py:914} INFO - Processing file /home/airflow/.local/lib/python3.12/site-packages/airflow/example_dags/example_sensors.py for tasks to queue
[2024-10-13T10:07:10.041+0000] {logging_mixin.py:190} INFO - [2024-10-13T10:07:10.040+0000] {dagbag.py:588} INFO - Filling up the DagBag from /home/airflow/.local/lib/python3.12/site-packages/airflow/example_dags/example_sensors.py
[2024-10-13T10:07:10.104+0000] {processor.py:925} INFO - DAG(s) 'example_sensors' retrieved from /home/airflow/.local/lib/python3.12/site-packages/airflow/example_dags/example_sensors.py
[2024-10-13T10:07:10.355+0000] {logging_mixin.py:190} INFO - [2024-10-13T10:07:10.354+0000] {dag.py:3239} INFO - Sync 1 DAGs
[2024-10-13T10:07:10.533+0000] {logging_mixin.py:190} INFO - [2024-10-13T10:07:10.532+0000] {dag.py:4180} INFO - Setting next_dagrun for example_sensors to None, run_after=None
[2024-10-13T10:07:11.575+0000] {processor.py:208} INFO - Processing /home/airflow/.local/lib/python3.12/site-packages/airflow/example_dags/example_sensors.py took 1.604 seconds
[2024-10-13T10:07:45.878+0000] {processor.py:186} INFO - Started process (PID=195) to work on /home/airflow/.local/lib/python3.12/site-packages/airflow/example_dags/example_sensors.py
[2024-10-13T10:07:45.883+0000] {processor.py:914} INFO - Processing file /home/airflow/.local/lib/python3.12/site-packages/airflow/example_dags/example_sensors.py for tasks to queue
[2024-10-13T10:07:45.920+0000] {logging_mixin.py:190} INFO - [2024-10-13T10:07:45.917+0000] {dagbag.py:588} INFO - Filling up the DagBag from /home/airflow/.local/lib/python3.12/site-packages/airflow/example_dags/example_sensors.py
[2024-10-13T10:07:46.308+0000] {processor.py:925} INFO - DAG(s) 'example_sensors' retrieved from /home/airflow/.local/lib/python3.12/site-packages/airflow/example_dags/example_sensors.py
[2024-10-13T10:07:46.754+0000] {logging_mixin.py:190} INFO - [2024-10-13T10:07:46.754+0000] {dag.py:3239} INFO - Sync 1 DAGs
[2024-10-13T10:07:47.168+0000] {logging_mixin.py:190} INFO - [2024-10-13T10:07:47.167+0000] {dag.py:4180} INFO - Setting next_dagrun for example_sensors to None, run_after=None
[2024-10-13T10:07:47.847+0000] {processor.py:208} INFO - Processing /home/airflow/.local/lib/python3.12/site-packages/airflow/example_dags/example_sensors.py took 2.033 seconds
[2024-10-13T10:08:18.866+0000] {processor.py:186} INFO - Started process (PID=262) to work on /home/airflow/.local/lib/python3.12/site-packages/airflow/example_dags/example_sensors.py
[2024-10-13T10:08:18.872+0000] {processor.py:914} INFO - Processing file /home/airflow/.local/lib/python3.12/site-packages/airflow/example_dags/example_sensors.py for tasks to queue
[2024-10-13T10:08:18.982+0000] {logging_mixin.py:190} INFO - [2024-10-13T10:08:18.981+0000] {dagbag.py:588} INFO - Filling up the DagBag from /home/airflow/.local/lib/python3.12/site-packages/airflow/example_dags/example_sensors.py
[2024-10-13T10:08:19.825+0000] {processor.py:925} INFO - DAG(s) 'example_sensors' retrieved from /home/airflow/.local/lib/python3.12/site-packages/airflow/example_dags/example_sensors.py
[2024-10-13T10:08:20.987+0000] {logging_mixin.py:190} INFO - [2024-10-13T10:08:20.985+0000] {dag.py:3239} INFO - Sync 1 DAGs
[2024-10-13T10:08:21.200+0000] {logging_mixin.py:190} INFO - [2024-10-13T10:08:21.188+0000] {dag.py:4180} INFO - Setting next_dagrun for example_sensors to None, run_after=None
[2024-10-13T10:08:21.416+0000] {processor.py:208} INFO - Processing /home/airflow/.local/lib/python3.12/site-packages/airflow/example_dags/example_sensors.py took 2.668 seconds
[2024-10-13T10:08:55.159+0000] {processor.py:186} INFO - Started process (PID=323) to work on /home/airflow/.local/lib/python3.12/site-packages/airflow/example_dags/example_sensors.py
[2024-10-13T10:08:55.162+0000] {processor.py:914} INFO - Processing file /home/airflow/.local/lib/python3.12/site-packages/airflow/example_dags/example_sensors.py for tasks to queue
[2024-10-13T10:08:55.190+0000] {logging_mixin.py:190} INFO - [2024-10-13T10:08:55.190+0000] {dagbag.py:588} INFO - Filling up the DagBag from /home/airflow/.local/lib/python3.12/site-packages/airflow/example_dags/example_sensors.py
[2024-10-13T10:08:55.238+0000] {processor.py:925} INFO - DAG(s) 'example_sensors' retrieved from /home/airflow/.local/lib/python3.12/site-packages/airflow/example_dags/example_sensors.py
[2024-10-13T10:08:55.416+0000] {logging_mixin.py:190} INFO - [2024-10-13T10:08:55.416+0000] {dag.py:3239} INFO - Sync 1 DAGs
[2024-10-13T10:08:55.479+0000] {logging_mixin.py:190} INFO - [2024-10-13T10:08:55.478+0000] {dag.py:4180} INFO - Setting next_dagrun for example_sensors to None, run_after=None
[2024-10-13T10:08:55.544+0000] {processor.py:208} INFO - Processing /home/airflow/.local/lib/python3.12/site-packages/airflow/example_dags/example_sensors.py took 0.423 seconds
[2024-10-13T10:09:33.235+0000] {processor.py:186} INFO - Started process (PID=367) to work on /home/airflow/.local/lib/python3.12/site-packages/airflow/example_dags/example_sensors.py
[2024-10-13T10:09:33.238+0000] {processor.py:914} INFO - Processing file /home/airflow/.local/lib/python3.12/site-packages/airflow/example_dags/example_sensors.py for tasks to queue
[2024-10-13T10:09:33.243+0000] {logging_mixin.py:190} INFO - [2024-10-13T10:09:33.243+0000] {dagbag.py:588} INFO - Filling up the DagBag from /home/airflow/.local/lib/python3.12/site-packages/airflow/example_dags/example_sensors.py
[2024-10-13T10:09:33.290+0000] {processor.py:925} INFO - DAG(s) 'example_sensors' retrieved from /home/airflow/.local/lib/python3.12/site-packages/airflow/example_dags/example_sensors.py
[2024-10-13T10:09:33.399+0000] {logging_mixin.py:190} INFO - [2024-10-13T10:09:33.397+0000] {dag.py:3239} INFO - Sync 1 DAGs
[2024-10-13T10:09:33.467+0000] {logging_mixin.py:190} INFO - [2024-10-13T10:09:33.467+0000] {dag.py:4180} INFO - Setting next_dagrun for example_sensors to None, run_after=None
[2024-10-13T10:09:33.513+0000] {processor.py:208} INFO - Processing /home/airflow/.local/lib/python3.12/site-packages/airflow/example_dags/example_sensors.py took 0.297 seconds
[2024-10-13T10:10:08.621+0000] {processor.py:186} INFO - Started process (PID=429) to work on /home/airflow/.local/lib/python3.12/site-packages/airflow/example_dags/example_sensors.py
[2024-10-13T10:10:08.623+0000] {processor.py:914} INFO - Processing file /home/airflow/.local/lib/python3.12/site-packages/airflow/example_dags/example_sensors.py for tasks to queue
[2024-10-13T10:10:08.633+0000] {logging_mixin.py:190} INFO - [2024-10-13T10:10:08.633+0000] {dagbag.py:588} INFO - Filling up the DagBag from /home/airflow/.local/lib/python3.12/site-packages/airflow/example_dags/example_sensors.py
[2024-10-13T10:10:08.804+0000] {processor.py:925} INFO - DAG(s) 'example_sensors' retrieved from /home/airflow/.local/lib/python3.12/site-packages/airflow/example_dags/example_sensors.py
[2024-10-13T10:10:08.973+0000] {logging_mixin.py:190} INFO - [2024-10-13T10:10:08.973+0000] {dag.py:3239} INFO - Sync 1 DAGs
[2024-10-13T10:10:09.018+0000] {logging_mixin.py:190} INFO - [2024-10-13T10:10:09.018+0000] {dag.py:4180} INFO - Setting next_dagrun for example_sensors to None, run_after=None
[2024-10-13T10:10:09.182+0000] {processor.py:208} INFO - Processing /home/airflow/.local/lib/python3.12/site-packages/airflow/example_dags/example_sensors.py took 0.577 seconds
[2024-10-13T10:10:39.848+0000] {processor.py:186} INFO - Started process (PID=491) to work on /home/airflow/.local/lib/python3.12/site-packages/airflow/example_dags/example_sensors.py
[2024-10-13T10:10:39.849+0000] {processor.py:914} INFO - Processing file /home/airflow/.local/lib/python3.12/site-packages/airflow/example_dags/example_sensors.py for tasks to queue
[2024-10-13T10:10:39.854+0000] {logging_mixin.py:190} INFO - [2024-10-13T10:10:39.853+0000] {dagbag.py:588} INFO - Filling up the DagBag from /home/airflow/.local/lib/python3.12/site-packages/airflow/example_dags/example_sensors.py
[2024-10-13T10:10:39.873+0000] {processor.py:925} INFO - DAG(s) 'example_sensors' retrieved from /home/airflow/.local/lib/python3.12/site-packages/airflow/example_dags/example_sensors.py
[2024-10-13T10:10:39.946+0000] {logging_mixin.py:190} INFO - [2024-10-13T10:10:39.945+0000] {dag.py:3239} INFO - Sync 1 DAGs
[2024-10-13T10:10:39.972+0000] {logging_mixin.py:190} INFO - [2024-10-13T10:10:39.971+0000] {dag.py:4180} INFO - Setting next_dagrun for example_sensors to None, run_after=None
[2024-10-13T10:10:40.009+0000] {processor.py:208} INFO - Processing /home/airflow/.local/lib/python3.12/site-packages/airflow/example_dags/example_sensors.py took 0.174 seconds
[2024-10-13T10:11:10.223+0000] {processor.py:186} INFO - Started process (PID=553) to work on /home/airflow/.local/lib/python3.12/site-packages/airflow/example_dags/example_sensors.py
[2024-10-13T10:11:10.226+0000] {processor.py:914} INFO - Processing file /home/airflow/.local/lib/python3.12/site-packages/airflow/example_dags/example_sensors.py for tasks to queue
[2024-10-13T10:11:10.231+0000] {logging_mixin.py:190} INFO - [2024-10-13T10:11:10.230+0000] {dagbag.py:588} INFO - Filling up the DagBag from /home/airflow/.local/lib/python3.12/site-packages/airflow/example_dags/example_sensors.py
[2024-10-13T10:11:10.247+0000] {processor.py:925} INFO - DAG(s) 'example_sensors' retrieved from /home/airflow/.local/lib/python3.12/site-packages/airflow/example_dags/example_sensors.py
[2024-10-13T10:11:10.290+0000] {logging_mixin.py:190} INFO - [2024-10-13T10:11:10.289+0000] {dag.py:3239} INFO - Sync 1 DAGs
[2024-10-13T10:11:10.313+0000] {logging_mixin.py:190} INFO - [2024-10-13T10:11:10.313+0000] {dag.py:4180} INFO - Setting next_dagrun for example_sensors to None, run_after=None
[2024-10-13T10:11:10.345+0000] {processor.py:208} INFO - Processing /home/airflow/.local/lib/python3.12/site-packages/airflow/example_dags/example_sensors.py took 0.131 seconds
[2024-10-13T10:11:40.434+0000] {processor.py:186} INFO - Started process (PID=615) to work on /home/airflow/.local/lib/python3.12/site-packages/airflow/example_dags/example_sensors.py
[2024-10-13T10:11:40.435+0000] {processor.py:914} INFO - Processing file /home/airflow/.local/lib/python3.12/site-packages/airflow/example_dags/example_sensors.py for tasks to queue
[2024-10-13T10:11:40.440+0000] {logging_mixin.py:190} INFO - [2024-10-13T10:11:40.439+0000] {dagbag.py:588} INFO - Filling up the DagBag from /home/airflow/.local/lib/python3.12/site-packages/airflow/example_dags/example_sensors.py
[2024-10-13T10:11:40.457+0000] {processor.py:925} INFO - DAG(s) 'example_sensors' retrieved from /home/airflow/.local/lib/python3.12/site-packages/airflow/example_dags/example_sensors.py
[2024-10-13T10:11:40.500+0000] {logging_mixin.py:190} INFO - [2024-10-13T10:11:40.500+0000] {dag.py:3239} INFO - Sync 1 DAGs
[2024-10-13T10:11:40.526+0000] {logging_mixin.py:190} INFO - [2024-10-13T10:11:40.525+0000] {dag.py:4180} INFO - Setting next_dagrun for example_sensors to None, run_after=None
[2024-10-13T10:11:40.559+0000] {processor.py:208} INFO - Processing /home/airflow/.local/lib/python3.12/site-packages/airflow/example_dags/example_sensors.py took 0.135 seconds
[2024-10-13T10:12:12.270+0000] {processor.py:186} INFO - Started process (PID=677) to work on /home/airflow/.local/lib/python3.12/site-packages/airflow/example_dags/example_sensors.py
[2024-10-13T10:12:12.288+0000] {processor.py:914} INFO - Processing file /home/airflow/.local/lib/python3.12/site-packages/airflow/example_dags/example_sensors.py for tasks to queue
[2024-10-13T10:12:12.351+0000] {logging_mixin.py:190} INFO - [2024-10-13T10:12:12.332+0000] {dagbag.py:588} INFO - Filling up the DagBag from /home/airflow/.local/lib/python3.12/site-packages/airflow/example_dags/example_sensors.py
[2024-10-13T10:12:13.796+0000] {processor.py:925} INFO - DAG(s) 'example_sensors' retrieved from /home/airflow/.local/lib/python3.12/site-packages/airflow/example_dags/example_sensors.py
[2024-10-13T10:12:14.537+0000] {logging_mixin.py:190} INFO - [2024-10-13T10:12:14.531+0000] {dag.py:3239} INFO - Sync 1 DAGs
[2024-10-13T10:12:14.678+0000] {logging_mixin.py:190} INFO - [2024-10-13T10:12:14.672+0000] {dag.py:4180} INFO - Setting next_dagrun for example_sensors to None, run_after=None
[2024-10-13T10:12:14.762+0000] {processor.py:208} INFO - Processing /home/airflow/.local/lib/python3.12/site-packages/airflow/example_dags/example_sensors.py took 2.737 seconds
[2024-10-13T10:12:45.577+0000] {processor.py:186} INFO - Started process (PID=740) to work on /home/airflow/.local/lib/python3.12/site-packages/airflow/example_dags/example_sensors.py
[2024-10-13T10:12:45.582+0000] {processor.py:914} INFO - Processing file /home/airflow/.local/lib/python3.12/site-packages/airflow/example_dags/example_sensors.py for tasks to queue
[2024-10-13T10:12:45.589+0000] {logging_mixin.py:190} INFO - [2024-10-13T10:12:45.588+0000] {dagbag.py:588} INFO - Filling up the DagBag from /home/airflow/.local/lib/python3.12/site-packages/airflow/example_dags/example_sensors.py
[2024-10-13T10:12:45.629+0000] {processor.py:925} INFO - DAG(s) 'example_sensors' retrieved from /home/airflow/.local/lib/python3.12/site-packages/airflow/example_dags/example_sensors.py
[2024-10-13T10:12:45.727+0000] {logging_mixin.py:190} INFO - [2024-10-13T10:12:45.726+0000] {dag.py:3239} INFO - Sync 1 DAGs
[2024-10-13T10:12:45.762+0000] {logging_mixin.py:190} INFO - [2024-10-13T10:12:45.762+0000] {dag.py:4180} INFO - Setting next_dagrun for example_sensors to None, run_after=None
[2024-10-13T10:12:45.819+0000] {processor.py:208} INFO - Processing /home/airflow/.local/lib/python3.12/site-packages/airflow/example_dags/example_sensors.py took 0.264 seconds
[2024-10-13T10:13:15.926+0000] {processor.py:186} INFO - Started process (PID=802) to work on /home/airflow/.local/lib/python3.12/site-packages/airflow/example_dags/example_sensors.py
[2024-10-13T10:13:15.929+0000] {processor.py:914} INFO - Processing file /home/airflow/.local/lib/python3.12/site-packages/airflow/example_dags/example_sensors.py for tasks to queue
[2024-10-13T10:13:15.934+0000] {logging_mixin.py:190} INFO - [2024-10-13T10:13:15.933+0000] {dagbag.py:588} INFO - Filling up the DagBag from /home/airflow/.local/lib/python3.12/site-packages/airflow/example_dags/example_sensors.py
[2024-10-13T10:13:15.964+0000] {processor.py:925} INFO - DAG(s) 'example_sensors' retrieved from /home/airflow/.local/lib/python3.12/site-packages/airflow/example_dags/example_sensors.py
[2024-10-13T10:13:16.025+0000] {logging_mixin.py:190} INFO - [2024-10-13T10:13:16.025+0000] {dag.py:3239} INFO - Sync 1 DAGs
[2024-10-13T10:13:16.058+0000] {logging_mixin.py:190} INFO - [2024-10-13T10:13:16.058+0000] {dag.py:4180} INFO - Setting next_dagrun for example_sensors to None, run_after=None
[2024-10-13T10:13:16.146+0000] {processor.py:208} INFO - Processing /home/airflow/.local/lib/python3.12/site-packages/airflow/example_dags/example_sensors.py took 0.233 seconds
[2024-10-13T10:13:46.356+0000] {processor.py:186} INFO - Started process (PID=864) to work on /home/airflow/.local/lib/python3.12/site-packages/airflow/example_dags/example_sensors.py
[2024-10-13T10:13:46.373+0000] {processor.py:914} INFO - Processing file /home/airflow/.local/lib/python3.12/site-packages/airflow/example_dags/example_sensors.py for tasks to queue
[2024-10-13T10:13:46.393+0000] {logging_mixin.py:190} INFO - [2024-10-13T10:13:46.392+0000] {dagbag.py:588} INFO - Filling up the DagBag from /home/airflow/.local/lib/python3.12/site-packages/airflow/example_dags/example_sensors.py
[2024-10-13T10:13:46.450+0000] {processor.py:925} INFO - DAG(s) 'example_sensors' retrieved from /home/airflow/.local/lib/python3.12/site-packages/airflow/example_dags/example_sensors.py
[2024-10-13T10:13:46.529+0000] {logging_mixin.py:190} INFO - [2024-10-13T10:13:46.529+0000] {dag.py:3239} INFO - Sync 1 DAGs
[2024-10-13T10:13:46.561+0000] {logging_mixin.py:190} INFO - [2024-10-13T10:13:46.561+0000] {dag.py:4180} INFO - Setting next_dagrun for example_sensors to None, run_after=None
[2024-10-13T10:13:46.616+0000] {processor.py:208} INFO - Processing /home/airflow/.local/lib/python3.12/site-packages/airflow/example_dags/example_sensors.py took 0.301 seconds
[2024-10-13T10:14:16.908+0000] {processor.py:186} INFO - Started process (PID=926) to work on /home/airflow/.local/lib/python3.12/site-packages/airflow/example_dags/example_sensors.py
[2024-10-13T10:14:16.911+0000] {processor.py:914} INFO - Processing file /home/airflow/.local/lib/python3.12/site-packages/airflow/example_dags/example_sensors.py for tasks to queue
[2024-10-13T10:14:16.917+0000] {logging_mixin.py:190} INFO - [2024-10-13T10:14:16.916+0000] {dagbag.py:588} INFO - Filling up the DagBag from /home/airflow/.local/lib/python3.12/site-packages/airflow/example_dags/example_sensors.py
[2024-10-13T10:14:16.945+0000] {processor.py:925} INFO - DAG(s) 'example_sensors' retrieved from /home/airflow/.local/lib/python3.12/site-packages/airflow/example_dags/example_sensors.py
[2024-10-13T10:14:16.993+0000] {logging_mixin.py:190} INFO - [2024-10-13T10:14:16.992+0000] {dag.py:3239} INFO - Sync 1 DAGs
[2024-10-13T10:14:17.018+0000] {logging_mixin.py:190} INFO - [2024-10-13T10:14:17.018+0000] {dag.py:4180} INFO - Setting next_dagrun for example_sensors to None, run_after=None
[2024-10-13T10:14:17.058+0000] {processor.py:208} INFO - Processing /home/airflow/.local/lib/python3.12/site-packages/airflow/example_dags/example_sensors.py took 0.161 seconds
[2024-10-13T10:14:47.360+0000] {processor.py:186} INFO - Started process (PID=987) to work on /home/airflow/.local/lib/python3.12/site-packages/airflow/example_dags/example_sensors.py
[2024-10-13T10:14:47.365+0000] {processor.py:914} INFO - Processing file /home/airflow/.local/lib/python3.12/site-packages/airflow/example_dags/example_sensors.py for tasks to queue
[2024-10-13T10:14:47.383+0000] {logging_mixin.py:190} INFO - [2024-10-13T10:14:47.377+0000] {dagbag.py:588} INFO - Filling up the DagBag from /home/airflow/.local/lib/python3.12/site-packages/airflow/example_dags/example_sensors.py
[2024-10-13T10:14:47.480+0000] {processor.py:925} INFO - DAG(s) 'example_sensors' retrieved from /home/airflow/.local/lib/python3.12/site-packages/airflow/example_dags/example_sensors.py
[2024-10-13T10:14:47.579+0000] {logging_mixin.py:190} INFO - [2024-10-13T10:14:47.578+0000] {dag.py:3239} INFO - Sync 1 DAGs
[2024-10-13T10:14:47.622+0000] {logging_mixin.py:190} INFO - [2024-10-13T10:14:47.621+0000] {dag.py:4180} INFO - Setting next_dagrun for example_sensors to None, run_after=None
[2024-10-13T10:14:47.662+0000] {processor.py:208} INFO - Processing /home/airflow/.local/lib/python3.12/site-packages/airflow/example_dags/example_sensors.py took 0.357 seconds
[2024-10-13T10:15:19.690+0000] {processor.py:186} INFO - Started process (PID=1049) to work on /home/airflow/.local/lib/python3.12/site-packages/airflow/example_dags/example_sensors.py
[2024-10-13T10:15:19.704+0000] {processor.py:914} INFO - Processing file /home/airflow/.local/lib/python3.12/site-packages/airflow/example_dags/example_sensors.py for tasks to queue
[2024-10-13T10:15:19.842+0000] {logging_mixin.py:190} INFO - [2024-10-13T10:15:19.841+0000] {dagbag.py:588} INFO - Filling up the DagBag from /home/airflow/.local/lib/python3.12/site-packages/airflow/example_dags/example_sensors.py
[2024-10-13T10:15:20.044+0000] {processor.py:925} INFO - DAG(s) 'example_sensors' retrieved from /home/airflow/.local/lib/python3.12/site-packages/airflow/example_dags/example_sensors.py
[2024-10-13T10:15:20.340+0000] {logging_mixin.py:190} INFO - [2024-10-13T10:15:20.339+0000] {dag.py:3239} INFO - Sync 1 DAGs
[2024-10-13T10:15:20.456+0000] {logging_mixin.py:190} INFO - [2024-10-13T10:15:20.456+0000] {dag.py:4180} INFO - Setting next_dagrun for example_sensors to None, run_after=None
[2024-10-13T10:15:20.543+0000] {processor.py:208} INFO - Processing /home/airflow/.local/lib/python3.12/site-packages/airflow/example_dags/example_sensors.py took 0.888 seconds
[2024-10-13T10:15:50.893+0000] {processor.py:186} INFO - Started process (PID=1111) to work on /home/airflow/.local/lib/python3.12/site-packages/airflow/example_dags/example_sensors.py
[2024-10-13T10:15:50.895+0000] {processor.py:914} INFO - Processing file /home/airflow/.local/lib/python3.12/site-packages/airflow/example_dags/example_sensors.py for tasks to queue
[2024-10-13T10:15:50.900+0000] {logging_mixin.py:190} INFO - [2024-10-13T10:15:50.899+0000] {dagbag.py:588} INFO - Filling up the DagBag from /home/airflow/.local/lib/python3.12/site-packages/airflow/example_dags/example_sensors.py
[2024-10-13T10:15:50.919+0000] {processor.py:925} INFO - DAG(s) 'example_sensors' retrieved from /home/airflow/.local/lib/python3.12/site-packages/airflow/example_dags/example_sensors.py
[2024-10-13T10:15:50.967+0000] {logging_mixin.py:190} INFO - [2024-10-13T10:15:50.967+0000] {dag.py:3239} INFO - Sync 1 DAGs
[2024-10-13T10:15:50.998+0000] {logging_mixin.py:190} INFO - [2024-10-13T10:15:50.997+0000] {dag.py:4180} INFO - Setting next_dagrun for example_sensors to None, run_after=None
[2024-10-13T10:15:51.077+0000] {processor.py:208} INFO - Processing /home/airflow/.local/lib/python3.12/site-packages/airflow/example_dags/example_sensors.py took 0.195 seconds
[2024-10-13T10:16:22.126+0000] {processor.py:186} INFO - Started process (PID=1173) to work on /home/airflow/.local/lib/python3.12/site-packages/airflow/example_dags/example_sensors.py
[2024-10-13T10:16:22.128+0000] {processor.py:914} INFO - Processing file /home/airflow/.local/lib/python3.12/site-packages/airflow/example_dags/example_sensors.py for tasks to queue
[2024-10-13T10:16:22.133+0000] {logging_mixin.py:190} INFO - [2024-10-13T10:16:22.132+0000] {dagbag.py:588} INFO - Filling up the DagBag from /home/airflow/.local/lib/python3.12/site-packages/airflow/example_dags/example_sensors.py
[2024-10-13T10:16:22.151+0000] {processor.py:925} INFO - DAG(s) 'example_sensors' retrieved from /home/airflow/.local/lib/python3.12/site-packages/airflow/example_dags/example_sensors.py
[2024-10-13T10:16:22.198+0000] {logging_mixin.py:190} INFO - [2024-10-13T10:16:22.198+0000] {dag.py:3239} INFO - Sync 1 DAGs
[2024-10-13T10:16:22.222+0000] {logging_mixin.py:190} INFO - [2024-10-13T10:16:22.221+0000] {dag.py:4180} INFO - Setting next_dagrun for example_sensors to None, run_after=None
[2024-10-13T10:16:22.259+0000] {processor.py:208} INFO - Processing /home/airflow/.local/lib/python3.12/site-packages/airflow/example_dags/example_sensors.py took 0.146 seconds
[2024-10-13T10:16:53.027+0000] {processor.py:186} INFO - Started process (PID=1235) to work on /home/airflow/.local/lib/python3.12/site-packages/airflow/example_dags/example_sensors.py
[2024-10-13T10:16:53.029+0000] {processor.py:914} INFO - Processing file /home/airflow/.local/lib/python3.12/site-packages/airflow/example_dags/example_sensors.py for tasks to queue
[2024-10-13T10:16:53.036+0000] {logging_mixin.py:190} INFO - [2024-10-13T10:16:53.035+0000] {dagbag.py:588} INFO - Filling up the DagBag from /home/airflow/.local/lib/python3.12/site-packages/airflow/example_dags/example_sensors.py
[2024-10-13T10:16:53.059+0000] {processor.py:925} INFO - DAG(s) 'example_sensors' retrieved from /home/airflow/.local/lib/python3.12/site-packages/airflow/example_dags/example_sensors.py
[2024-10-13T10:16:53.116+0000] {logging_mixin.py:190} INFO - [2024-10-13T10:16:53.115+0000] {dag.py:3239} INFO - Sync 1 DAGs
[2024-10-13T10:16:53.144+0000] {logging_mixin.py:190} INFO - [2024-10-13T10:16:53.144+0000] {dag.py:4180} INFO - Setting next_dagrun for example_sensors to None, run_after=None
[2024-10-13T10:16:53.185+0000] {processor.py:208} INFO - Processing /home/airflow/.local/lib/python3.12/site-packages/airflow/example_dags/example_sensors.py took 0.172 seconds
[2024-10-13T10:17:23.673+0000] {processor.py:186} INFO - Started process (PID=1297) to work on /home/airflow/.local/lib/python3.12/site-packages/airflow/example_dags/example_sensors.py
[2024-10-13T10:17:23.675+0000] {processor.py:914} INFO - Processing file /home/airflow/.local/lib/python3.12/site-packages/airflow/example_dags/example_sensors.py for tasks to queue
[2024-10-13T10:17:23.681+0000] {logging_mixin.py:190} INFO - [2024-10-13T10:17:23.680+0000] {dagbag.py:588} INFO - Filling up the DagBag from /home/airflow/.local/lib/python3.12/site-packages/airflow/example_dags/example_sensors.py
[2024-10-13T10:17:23.721+0000] {processor.py:925} INFO - DAG(s) 'example_sensors' retrieved from /home/airflow/.local/lib/python3.12/site-packages/airflow/example_dags/example_sensors.py
[2024-10-13T10:17:23.826+0000] {logging_mixin.py:190} INFO - [2024-10-13T10:17:23.825+0000] {dag.py:3239} INFO - Sync 1 DAGs
[2024-10-13T10:17:24.008+0000] {logging_mixin.py:190} INFO - [2024-10-13T10:17:24.007+0000] {dag.py:4180} INFO - Setting next_dagrun for example_sensors to None, run_after=None
[2024-10-13T10:17:24.209+0000] {processor.py:208} INFO - Processing /home/airflow/.local/lib/python3.12/site-packages/airflow/example_dags/example_sensors.py took 0.552 seconds
[2024-10-13T10:17:55.521+0000] {processor.py:186} INFO - Started process (PID=1359) to work on /home/airflow/.local/lib/python3.12/site-packages/airflow/example_dags/example_sensors.py
[2024-10-13T10:17:55.530+0000] {processor.py:914} INFO - Processing file /home/airflow/.local/lib/python3.12/site-packages/airflow/example_dags/example_sensors.py for tasks to queue
[2024-10-13T10:17:55.547+0000] {logging_mixin.py:190} INFO - [2024-10-13T10:17:55.546+0000] {dagbag.py:588} INFO - Filling up the DagBag from /home/airflow/.local/lib/python3.12/site-packages/airflow/example_dags/example_sensors.py
[2024-10-13T10:17:55.595+0000] {processor.py:925} INFO - DAG(s) 'example_sensors' retrieved from /home/airflow/.local/lib/python3.12/site-packages/airflow/example_dags/example_sensors.py
[2024-10-13T10:17:55.680+0000] {logging_mixin.py:190} INFO - [2024-10-13T10:17:55.679+0000] {dag.py:3239} INFO - Sync 1 DAGs
[2024-10-13T10:17:55.705+0000] {logging_mixin.py:190} INFO - [2024-10-13T10:17:55.705+0000] {dag.py:4180} INFO - Setting next_dagrun for example_sensors to None, run_after=None
[2024-10-13T10:17:55.747+0000] {processor.py:208} INFO - Processing /home/airflow/.local/lib/python3.12/site-packages/airflow/example_dags/example_sensors.py took 0.272 seconds
[2024-10-13T10:18:35.827+0000] {processor.py:186} INFO - Started process (PID=1425) to work on /home/airflow/.local/lib/python3.12/site-packages/airflow/example_dags/example_sensors.py
[2024-10-13T10:18:35.834+0000] {processor.py:914} INFO - Processing file /home/airflow/.local/lib/python3.12/site-packages/airflow/example_dags/example_sensors.py for tasks to queue
[2024-10-13T10:18:35.849+0000] {logging_mixin.py:190} INFO - [2024-10-13T10:18:35.848+0000] {dagbag.py:588} INFO - Filling up the DagBag from /home/airflow/.local/lib/python3.12/site-packages/airflow/example_dags/example_sensors.py
[2024-10-13T10:18:35.906+0000] {processor.py:925} INFO - DAG(s) 'example_sensors' retrieved from /home/airflow/.local/lib/python3.12/site-packages/airflow/example_dags/example_sensors.py
[2024-10-13T10:18:36.110+0000] {logging_mixin.py:190} INFO - [2024-10-13T10:18:36.109+0000] {dag.py:3239} INFO - Sync 1 DAGs
[2024-10-13T10:18:36.342+0000] {logging_mixin.py:190} INFO - [2024-10-13T10:18:36.337+0000] {dag.py:4180} INFO - Setting next_dagrun for example_sensors to None, run_after=None
[2024-10-13T10:18:36.409+0000] {processor.py:208} INFO - Processing /home/airflow/.local/lib/python3.12/site-packages/airflow/example_dags/example_sensors.py took 0.626 seconds
[2024-10-13T10:19:28.166+0000] {processor.py:186} INFO - Started process (PID=1486) to work on /home/airflow/.local/lib/python3.12/site-packages/airflow/example_dags/example_sensors.py
[2024-10-13T10:19:28.175+0000] {processor.py:914} INFO - Processing file /home/airflow/.local/lib/python3.12/site-packages/airflow/example_dags/example_sensors.py for tasks to queue
[2024-10-13T10:19:28.214+0000] {logging_mixin.py:190} INFO - [2024-10-13T10:19:28.204+0000] {dagbag.py:588} INFO - Filling up the DagBag from /home/airflow/.local/lib/python3.12/site-packages/airflow/example_dags/example_sensors.py
[2024-10-13T10:19:28.334+0000] {processor.py:925} INFO - DAG(s) 'example_sensors' retrieved from /home/airflow/.local/lib/python3.12/site-packages/airflow/example_dags/example_sensors.py
[2024-10-13T10:19:28.539+0000] {logging_mixin.py:190} INFO - [2024-10-13T10:19:28.531+0000] {dag.py:3239} INFO - Sync 1 DAGs
[2024-10-13T10:19:28.712+0000] {logging_mixin.py:190} INFO - [2024-10-13T10:19:28.712+0000] {dag.py:4180} INFO - Setting next_dagrun for example_sensors to None, run_after=None
[2024-10-13T10:19:28.932+0000] {processor.py:208} INFO - Processing /home/airflow/.local/lib/python3.12/site-packages/airflow/example_dags/example_sensors.py took 0.840 seconds
[2024-10-13T10:19:59.955+0000] {processor.py:186} INFO - Started process (PID=1553) to work on /home/airflow/.local/lib/python3.12/site-packages/airflow/example_dags/example_sensors.py
[2024-10-13T10:19:59.957+0000] {processor.py:914} INFO - Processing file /home/airflow/.local/lib/python3.12/site-packages/airflow/example_dags/example_sensors.py for tasks to queue
[2024-10-13T10:19:59.964+0000] {logging_mixin.py:190} INFO - [2024-10-13T10:19:59.963+0000] {dagbag.py:588} INFO - Filling up the DagBag from /home/airflow/.local/lib/python3.12/site-packages/airflow/example_dags/example_sensors.py
[2024-10-13T10:20:00.003+0000] {processor.py:925} INFO - DAG(s) 'example_sensors' retrieved from /home/airflow/.local/lib/python3.12/site-packages/airflow/example_dags/example_sensors.py
[2024-10-13T10:20:00.093+0000] {logging_mixin.py:190} INFO - [2024-10-13T10:20:00.093+0000] {dag.py:3239} INFO - Sync 1 DAGs
[2024-10-13T10:20:00.147+0000] {logging_mixin.py:190} INFO - [2024-10-13T10:20:00.147+0000] {dag.py:4180} INFO - Setting next_dagrun for example_sensors to None, run_after=None
[2024-10-13T10:20:00.197+0000] {processor.py:208} INFO - Processing /home/airflow/.local/lib/python3.12/site-packages/airflow/example_dags/example_sensors.py took 0.262 seconds
[2024-10-13T10:20:30.599+0000] {processor.py:186} INFO - Started process (PID=1614) to work on /home/airflow/.local/lib/python3.12/site-packages/airflow/example_dags/example_sensors.py
[2024-10-13T10:20:30.603+0000] {processor.py:914} INFO - Processing file /home/airflow/.local/lib/python3.12/site-packages/airflow/example_dags/example_sensors.py for tasks to queue
[2024-10-13T10:20:30.615+0000] {logging_mixin.py:190} INFO - [2024-10-13T10:20:30.612+0000] {dagbag.py:588} INFO - Filling up the DagBag from /home/airflow/.local/lib/python3.12/site-packages/airflow/example_dags/example_sensors.py
[2024-10-13T10:20:30.649+0000] {processor.py:925} INFO - DAG(s) 'example_sensors' retrieved from /home/airflow/.local/lib/python3.12/site-packages/airflow/example_dags/example_sensors.py
[2024-10-13T10:20:30.725+0000] {logging_mixin.py:190} INFO - [2024-10-13T10:20:30.725+0000] {dag.py:3239} INFO - Sync 1 DAGs
[2024-10-13T10:20:30.777+0000] {logging_mixin.py:190} INFO - [2024-10-13T10:20:30.776+0000] {dag.py:4180} INFO - Setting next_dagrun for example_sensors to None, run_after=None
[2024-10-13T10:20:30.829+0000] {processor.py:208} INFO - Processing /home/airflow/.local/lib/python3.12/site-packages/airflow/example_dags/example_sensors.py took 0.248 seconds
[2024-10-13T10:21:00.987+0000] {processor.py:186} INFO - Started process (PID=1675) to work on /home/airflow/.local/lib/python3.12/site-packages/airflow/example_dags/example_sensors.py
[2024-10-13T10:21:00.989+0000] {processor.py:914} INFO - Processing file /home/airflow/.local/lib/python3.12/site-packages/airflow/example_dags/example_sensors.py for tasks to queue
[2024-10-13T10:21:00.993+0000] {logging_mixin.py:190} INFO - [2024-10-13T10:21:00.993+0000] {dagbag.py:588} INFO - Filling up the DagBag from /home/airflow/.local/lib/python3.12/site-packages/airflow/example_dags/example_sensors.py
[2024-10-13T10:21:01.013+0000] {processor.py:925} INFO - DAG(s) 'example_sensors' retrieved from /home/airflow/.local/lib/python3.12/site-packages/airflow/example_dags/example_sensors.py
[2024-10-13T10:21:01.063+0000] {logging_mixin.py:190} INFO - [2024-10-13T10:21:01.062+0000] {dag.py:3239} INFO - Sync 1 DAGs
[2024-10-13T10:21:01.093+0000] {logging_mixin.py:190} INFO - [2024-10-13T10:21:01.093+0000] {dag.py:4180} INFO - Setting next_dagrun for example_sensors to None, run_after=None
[2024-10-13T10:21:01.135+0000] {processor.py:208} INFO - Processing /home/airflow/.local/lib/python3.12/site-packages/airflow/example_dags/example_sensors.py took 0.158 seconds
[2024-10-13T10:21:33.741+0000] {processor.py:186} INFO - Started process (PID=1738) to work on /home/airflow/.local/lib/python3.12/site-packages/airflow/example_dags/example_sensors.py
[2024-10-13T10:21:33.755+0000] {processor.py:914} INFO - Processing file /home/airflow/.local/lib/python3.12/site-packages/airflow/example_dags/example_sensors.py for tasks to queue
[2024-10-13T10:21:33.771+0000] {logging_mixin.py:190} INFO - [2024-10-13T10:21:33.769+0000] {dagbag.py:588} INFO - Filling up the DagBag from /home/airflow/.local/lib/python3.12/site-packages/airflow/example_dags/example_sensors.py
[2024-10-13T10:21:33.881+0000] {processor.py:925} INFO - DAG(s) 'example_sensors' retrieved from /home/airflow/.local/lib/python3.12/site-packages/airflow/example_dags/example_sensors.py
[2024-10-13T10:21:33.982+0000] {logging_mixin.py:190} INFO - [2024-10-13T10:21:33.982+0000] {dag.py:3239} INFO - Sync 1 DAGs
[2024-10-13T10:21:34.024+0000] {logging_mixin.py:190} INFO - [2024-10-13T10:21:34.024+0000] {dag.py:4180} INFO - Setting next_dagrun for example_sensors to None, run_after=None
[2024-10-13T10:21:34.063+0000] {processor.py:208} INFO - Processing /home/airflow/.local/lib/python3.12/site-packages/airflow/example_dags/example_sensors.py took 0.393 seconds
[2024-10-13T10:22:04.442+0000] {processor.py:186} INFO - Started process (PID=1801) to work on /home/airflow/.local/lib/python3.12/site-packages/airflow/example_dags/example_sensors.py
[2024-10-13T10:22:04.445+0000] {processor.py:914} INFO - Processing file /home/airflow/.local/lib/python3.12/site-packages/airflow/example_dags/example_sensors.py for tasks to queue
[2024-10-13T10:22:04.449+0000] {logging_mixin.py:190} INFO - [2024-10-13T10:22:04.448+0000] {dagbag.py:588} INFO - Filling up the DagBag from /home/airflow/.local/lib/python3.12/site-packages/airflow/example_dags/example_sensors.py
[2024-10-13T10:22:04.468+0000] {processor.py:925} INFO - DAG(s) 'example_sensors' retrieved from /home/airflow/.local/lib/python3.12/site-packages/airflow/example_dags/example_sensors.py
[2024-10-13T10:22:04.520+0000] {logging_mixin.py:190} INFO - [2024-10-13T10:22:04.520+0000] {dag.py:3239} INFO - Sync 1 DAGs
[2024-10-13T10:22:04.547+0000] {logging_mixin.py:190} INFO - [2024-10-13T10:22:04.547+0000] {dag.py:4180} INFO - Setting next_dagrun for example_sensors to None, run_after=None
[2024-10-13T10:22:04.582+0000] {processor.py:208} INFO - Processing /home/airflow/.local/lib/python3.12/site-packages/airflow/example_dags/example_sensors.py took 0.150 seconds
[2024-10-13T10:22:34.643+0000] {processor.py:186} INFO - Started process (PID=1862) to work on /home/airflow/.local/lib/python3.12/site-packages/airflow/example_dags/example_sensors.py
[2024-10-13T10:22:34.646+0000] {processor.py:914} INFO - Processing file /home/airflow/.local/lib/python3.12/site-packages/airflow/example_dags/example_sensors.py for tasks to queue
[2024-10-13T10:22:34.651+0000] {logging_mixin.py:190} INFO - [2024-10-13T10:22:34.651+0000] {dagbag.py:588} INFO - Filling up the DagBag from /home/airflow/.local/lib/python3.12/site-packages/airflow/example_dags/example_sensors.py
[2024-10-13T10:22:34.675+0000] {processor.py:925} INFO - DAG(s) 'example_sensors' retrieved from /home/airflow/.local/lib/python3.12/site-packages/airflow/example_dags/example_sensors.py
[2024-10-13T10:22:34.738+0000] {logging_mixin.py:190} INFO - [2024-10-13T10:22:34.738+0000] {dag.py:3239} INFO - Sync 1 DAGs
[2024-10-13T10:22:34.762+0000] {logging_mixin.py:190} INFO - [2024-10-13T10:22:34.761+0000] {dag.py:4180} INFO - Setting next_dagrun for example_sensors to None, run_after=None
[2024-10-13T10:22:34.795+0000] {processor.py:208} INFO - Processing /home/airflow/.local/lib/python3.12/site-packages/airflow/example_dags/example_sensors.py took 0.163 seconds
[2024-10-13T10:23:12.268+0000] {processor.py:186} INFO - Started process (PID=1927) to work on /home/airflow/.local/lib/python3.12/site-packages/airflow/example_dags/example_sensors.py
[2024-10-13T10:23:12.270+0000] {processor.py:914} INFO - Processing file /home/airflow/.local/lib/python3.12/site-packages/airflow/example_dags/example_sensors.py for tasks to queue
[2024-10-13T10:23:12.279+0000] {logging_mixin.py:190} INFO - [2024-10-13T10:23:12.276+0000] {dagbag.py:588} INFO - Filling up the DagBag from /home/airflow/.local/lib/python3.12/site-packages/airflow/example_dags/example_sensors.py
[2024-10-13T10:23:12.321+0000] {processor.py:925} INFO - DAG(s) 'example_sensors' retrieved from /home/airflow/.local/lib/python3.12/site-packages/airflow/example_dags/example_sensors.py
[2024-10-13T10:23:12.407+0000] {logging_mixin.py:190} INFO - [2024-10-13T10:23:12.407+0000] {dag.py:3239} INFO - Sync 1 DAGs
[2024-10-13T10:23:12.458+0000] {logging_mixin.py:190} INFO - [2024-10-13T10:23:12.457+0000] {dag.py:4180} INFO - Setting next_dagrun for example_sensors to None, run_after=None
[2024-10-13T10:23:12.581+0000] {processor.py:208} INFO - Processing /home/airflow/.local/lib/python3.12/site-packages/airflow/example_dags/example_sensors.py took 0.331 seconds
[2024-10-13T10:24:08.277+0000] {processor.py:186} INFO - Started process (PID=1995) to work on /home/airflow/.local/lib/python3.12/site-packages/airflow/example_dags/example_sensors.py
[2024-10-13T10:24:08.285+0000] {processor.py:914} INFO - Processing file /home/airflow/.local/lib/python3.12/site-packages/airflow/example_dags/example_sensors.py for tasks to queue
[2024-10-13T10:24:08.360+0000] {logging_mixin.py:190} INFO - [2024-10-13T10:24:08.352+0000] {dagbag.py:588} INFO - Filling up the DagBag from /home/airflow/.local/lib/python3.12/site-packages/airflow/example_dags/example_sensors.py
[2024-10-13T10:24:08.414+0000] {processor.py:925} INFO - DAG(s) 'example_sensors' retrieved from /home/airflow/.local/lib/python3.12/site-packages/airflow/example_dags/example_sensors.py
[2024-10-13T10:24:08.569+0000] {logging_mixin.py:190} INFO - [2024-10-13T10:24:08.569+0000] {dag.py:3239} INFO - Sync 1 DAGs
[2024-10-13T10:24:08.702+0000] {logging_mixin.py:190} INFO - [2024-10-13T10:24:08.702+0000] {dag.py:4180} INFO - Setting next_dagrun for example_sensors to None, run_after=None
[2024-10-13T10:24:08.844+0000] {processor.py:208} INFO - Processing /home/airflow/.local/lib/python3.12/site-packages/airflow/example_dags/example_sensors.py took 0.596 seconds
[2024-10-13T10:24:39.513+0000] {processor.py:186} INFO - Started process (PID=2058) to work on /home/airflow/.local/lib/python3.12/site-packages/airflow/example_dags/example_sensors.py
[2024-10-13T10:24:39.517+0000] {processor.py:914} INFO - Processing file /home/airflow/.local/lib/python3.12/site-packages/airflow/example_dags/example_sensors.py for tasks to queue
[2024-10-13T10:24:39.521+0000] {logging_mixin.py:190} INFO - [2024-10-13T10:24:39.521+0000] {dagbag.py:588} INFO - Filling up the DagBag from /home/airflow/.local/lib/python3.12/site-packages/airflow/example_dags/example_sensors.py
[2024-10-13T10:24:39.545+0000] {processor.py:925} INFO - DAG(s) 'example_sensors' retrieved from /home/airflow/.local/lib/python3.12/site-packages/airflow/example_dags/example_sensors.py
[2024-10-13T10:24:39.606+0000] {logging_mixin.py:190} INFO - [2024-10-13T10:24:39.605+0000] {dag.py:3239} INFO - Sync 1 DAGs
[2024-10-13T10:24:39.644+0000] {logging_mixin.py:190} INFO - [2024-10-13T10:24:39.643+0000] {dag.py:4180} INFO - Setting next_dagrun for example_sensors to None, run_after=None
[2024-10-13T10:24:39.693+0000] {processor.py:208} INFO - Processing /home/airflow/.local/lib/python3.12/site-packages/airflow/example_dags/example_sensors.py took 0.193 seconds
[2024-10-13T10:25:10.484+0000] {processor.py:186} INFO - Started process (PID=2121) to work on /home/airflow/.local/lib/python3.12/site-packages/airflow/example_dags/example_sensors.py
[2024-10-13T10:25:10.488+0000] {processor.py:914} INFO - Processing file /home/airflow/.local/lib/python3.12/site-packages/airflow/example_dags/example_sensors.py for tasks to queue
[2024-10-13T10:25:10.496+0000] {logging_mixin.py:190} INFO - [2024-10-13T10:25:10.495+0000] {dagbag.py:588} INFO - Filling up the DagBag from /home/airflow/.local/lib/python3.12/site-packages/airflow/example_dags/example_sensors.py
[2024-10-13T10:25:10.536+0000] {processor.py:925} INFO - DAG(s) 'example_sensors' retrieved from /home/airflow/.local/lib/python3.12/site-packages/airflow/example_dags/example_sensors.py
[2024-10-13T10:25:10.602+0000] {logging_mixin.py:190} INFO - [2024-10-13T10:25:10.601+0000] {dag.py:3239} INFO - Sync 1 DAGs
[2024-10-13T10:25:10.649+0000] {logging_mixin.py:190} INFO - [2024-10-13T10:25:10.648+0000] {dag.py:4180} INFO - Setting next_dagrun for example_sensors to None, run_after=None
[2024-10-13T10:25:10.694+0000] {processor.py:208} INFO - Processing /home/airflow/.local/lib/python3.12/site-packages/airflow/example_dags/example_sensors.py took 0.243 seconds
[2024-10-13T10:25:41.984+0000] {processor.py:186} INFO - Started process (PID=2184) to work on /home/airflow/.local/lib/python3.12/site-packages/airflow/example_dags/example_sensors.py
[2024-10-13T10:25:41.987+0000] {processor.py:914} INFO - Processing file /home/airflow/.local/lib/python3.12/site-packages/airflow/example_dags/example_sensors.py for tasks to queue
[2024-10-13T10:25:41.994+0000] {logging_mixin.py:190} INFO - [2024-10-13T10:25:41.993+0000] {dagbag.py:588} INFO - Filling up the DagBag from /home/airflow/.local/lib/python3.12/site-packages/airflow/example_dags/example_sensors.py
[2024-10-13T10:25:42.041+0000] {processor.py:925} INFO - DAG(s) 'example_sensors' retrieved from /home/airflow/.local/lib/python3.12/site-packages/airflow/example_dags/example_sensors.py
[2024-10-13T10:25:42.288+0000] {logging_mixin.py:190} INFO - [2024-10-13T10:25:42.287+0000] {dag.py:3239} INFO - Sync 1 DAGs
[2024-10-13T10:25:42.341+0000] {logging_mixin.py:190} INFO - [2024-10-13T10:25:42.341+0000] {dag.py:4180} INFO - Setting next_dagrun for example_sensors to None, run_after=None
[2024-10-13T10:25:42.395+0000] {processor.py:208} INFO - Processing /home/airflow/.local/lib/python3.12/site-packages/airflow/example_dags/example_sensors.py took 0.432 seconds
[2024-10-13T10:26:29.954+0000] {processor.py:186} INFO - Started process (PID=2246) to work on /home/airflow/.local/lib/python3.12/site-packages/airflow/example_dags/example_sensors.py
[2024-10-13T10:26:29.956+0000] {processor.py:914} INFO - Processing file /home/airflow/.local/lib/python3.12/site-packages/airflow/example_dags/example_sensors.py for tasks to queue
[2024-10-13T10:26:29.966+0000] {logging_mixin.py:190} INFO - [2024-10-13T10:26:29.965+0000] {dagbag.py:588} INFO - Filling up the DagBag from /home/airflow/.local/lib/python3.12/site-packages/airflow/example_dags/example_sensors.py
[2024-10-13T10:26:30.446+0000] {processor.py:925} INFO - DAG(s) 'example_sensors' retrieved from /home/airflow/.local/lib/python3.12/site-packages/airflow/example_dags/example_sensors.py
[2024-10-13T10:26:32.075+0000] {logging_mixin.py:190} INFO - [2024-10-13T10:26:32.074+0000] {dag.py:3239} INFO - Sync 1 DAGs
[2024-10-13T10:26:33.059+0000] {logging_mixin.py:190} INFO - [2024-10-13T10:26:33.058+0000] {dag.py:4180} INFO - Setting next_dagrun for example_sensors to None, run_after=None
[2024-10-13T10:26:33.365+0000] {processor.py:208} INFO - Processing /home/airflow/.local/lib/python3.12/site-packages/airflow/example_dags/example_sensors.py took 3.463 seconds
[2024-10-13T10:28:19.712+0000] {processor.py:186} INFO - Started process (PID=2323) to work on /home/airflow/.local/lib/python3.12/site-packages/airflow/example_dags/example_sensors.py
[2024-10-13T10:28:19.721+0000] {processor.py:914} INFO - Processing file /home/airflow/.local/lib/python3.12/site-packages/airflow/example_dags/example_sensors.py for tasks to queue
[2024-10-13T10:28:19.738+0000] {logging_mixin.py:190} INFO - [2024-10-13T10:28:19.737+0000] {dagbag.py:588} INFO - Filling up the DagBag from /home/airflow/.local/lib/python3.12/site-packages/airflow/example_dags/example_sensors.py
[2024-10-13T10:28:19.786+0000] {processor.py:925} INFO - DAG(s) 'example_sensors' retrieved from /home/airflow/.local/lib/python3.12/site-packages/airflow/example_dags/example_sensors.py
[2024-10-13T10:28:19.989+0000] {logging_mixin.py:190} INFO - [2024-10-13T10:28:19.985+0000] {dag.py:3239} INFO - Sync 1 DAGs
[2024-10-13T10:28:20.159+0000] {logging_mixin.py:190} INFO - [2024-10-13T10:28:20.159+0000] {dag.py:4180} INFO - Setting next_dagrun for example_sensors to None, run_after=None
[2024-10-13T10:28:20.326+0000] {processor.py:208} INFO - Processing /home/airflow/.local/lib/python3.12/site-packages/airflow/example_dags/example_sensors.py took 0.641 seconds
[2024-10-13T10:28:55.209+0000] {processor.py:186} INFO - Started process (PID=2384) to work on /home/airflow/.local/lib/python3.12/site-packages/airflow/example_dags/example_sensors.py
[2024-10-13T10:28:55.223+0000] {processor.py:914} INFO - Processing file /home/airflow/.local/lib/python3.12/site-packages/airflow/example_dags/example_sensors.py for tasks to queue
[2024-10-13T10:28:55.229+0000] {logging_mixin.py:190} INFO - [2024-10-13T10:28:55.228+0000] {dagbag.py:588} INFO - Filling up the DagBag from /home/airflow/.local/lib/python3.12/site-packages/airflow/example_dags/example_sensors.py
[2024-10-13T10:28:55.259+0000] {processor.py:925} INFO - DAG(s) 'example_sensors' retrieved from /home/airflow/.local/lib/python3.12/site-packages/airflow/example_dags/example_sensors.py
[2024-10-13T10:28:55.346+0000] {logging_mixin.py:190} INFO - [2024-10-13T10:28:55.346+0000] {dag.py:3239} INFO - Sync 1 DAGs
[2024-10-13T10:28:55.416+0000] {logging_mixin.py:190} INFO - [2024-10-13T10:28:55.414+0000] {dag.py:4180} INFO - Setting next_dagrun for example_sensors to None, run_after=None
[2024-10-13T10:28:55.470+0000] {processor.py:208} INFO - Processing /home/airflow/.local/lib/python3.12/site-packages/airflow/example_dags/example_sensors.py took 0.276 seconds
[2024-10-13T10:29:26.586+0000] {processor.py:186} INFO - Started process (PID=2447) to work on /home/airflow/.local/lib/python3.12/site-packages/airflow/example_dags/example_sensors.py
[2024-10-13T10:29:26.589+0000] {processor.py:914} INFO - Processing file /home/airflow/.local/lib/python3.12/site-packages/airflow/example_dags/example_sensors.py for tasks to queue
[2024-10-13T10:29:26.596+0000] {logging_mixin.py:190} INFO - [2024-10-13T10:29:26.595+0000] {dagbag.py:588} INFO - Filling up the DagBag from /home/airflow/.local/lib/python3.12/site-packages/airflow/example_dags/example_sensors.py
[2024-10-13T10:29:26.647+0000] {processor.py:925} INFO - DAG(s) 'example_sensors' retrieved from /home/airflow/.local/lib/python3.12/site-packages/airflow/example_dags/example_sensors.py
[2024-10-13T10:29:26.753+0000] {logging_mixin.py:190} INFO - [2024-10-13T10:29:26.752+0000] {dag.py:3239} INFO - Sync 1 DAGs
[2024-10-13T10:29:26.802+0000] {logging_mixin.py:190} INFO - [2024-10-13T10:29:26.802+0000] {dag.py:4180} INFO - Setting next_dagrun for example_sensors to None, run_after=None
[2024-10-13T10:29:26.859+0000] {processor.py:208} INFO - Processing /home/airflow/.local/lib/python3.12/site-packages/airflow/example_dags/example_sensors.py took 0.302 seconds
[2024-10-13T10:30:03.440+0000] {processor.py:186} INFO - Started process (PID=2511) to work on /home/airflow/.local/lib/python3.12/site-packages/airflow/example_dags/example_sensors.py
[2024-10-13T10:30:03.444+0000] {processor.py:914} INFO - Processing file /home/airflow/.local/lib/python3.12/site-packages/airflow/example_dags/example_sensors.py for tasks to queue
[2024-10-13T10:30:03.459+0000] {logging_mixin.py:190} INFO - [2024-10-13T10:30:03.457+0000] {dagbag.py:588} INFO - Filling up the DagBag from /home/airflow/.local/lib/python3.12/site-packages/airflow/example_dags/example_sensors.py
[2024-10-13T10:30:03.545+0000] {processor.py:925} INFO - DAG(s) 'example_sensors' retrieved from /home/airflow/.local/lib/python3.12/site-packages/airflow/example_dags/example_sensors.py
[2024-10-13T10:30:03.757+0000] {logging_mixin.py:190} INFO - [2024-10-13T10:30:03.756+0000] {dag.py:3239} INFO - Sync 1 DAGs
[2024-10-13T10:30:04.027+0000] {logging_mixin.py:190} INFO - [2024-10-13T10:30:04.022+0000] {dag.py:4180} INFO - Setting next_dagrun for example_sensors to None, run_after=None
[2024-10-13T10:30:04.281+0000] {processor.py:208} INFO - Processing /home/airflow/.local/lib/python3.12/site-packages/airflow/example_dags/example_sensors.py took 0.866 seconds
[2024-10-13T10:30:35.522+0000] {processor.py:186} INFO - Started process (PID=2573) to work on /home/airflow/.local/lib/python3.12/site-packages/airflow/example_dags/example_sensors.py
[2024-10-13T10:30:35.530+0000] {processor.py:914} INFO - Processing file /home/airflow/.local/lib/python3.12/site-packages/airflow/example_dags/example_sensors.py for tasks to queue
[2024-10-13T10:30:35.548+0000] {logging_mixin.py:190} INFO - [2024-10-13T10:30:35.546+0000] {dagbag.py:588} INFO - Filling up the DagBag from /home/airflow/.local/lib/python3.12/site-packages/airflow/example_dags/example_sensors.py
[2024-10-13T10:30:35.591+0000] {processor.py:925} INFO - DAG(s) 'example_sensors' retrieved from /home/airflow/.local/lib/python3.12/site-packages/airflow/example_dags/example_sensors.py
[2024-10-13T10:30:35.673+0000] {logging_mixin.py:190} INFO - [2024-10-13T10:30:35.672+0000] {dag.py:3239} INFO - Sync 1 DAGs
[2024-10-13T10:30:35.816+0000] {logging_mixin.py:190} INFO - [2024-10-13T10:30:35.816+0000] {dag.py:4180} INFO - Setting next_dagrun for example_sensors to None, run_after=None
[2024-10-13T10:30:36.101+0000] {processor.py:208} INFO - Processing /home/airflow/.local/lib/python3.12/site-packages/airflow/example_dags/example_sensors.py took 0.609 seconds
[2024-10-13T10:31:06.844+0000] {processor.py:186} INFO - Started process (PID=2635) to work on /home/airflow/.local/lib/python3.12/site-packages/airflow/example_dags/example_sensors.py
[2024-10-13T10:31:06.856+0000] {processor.py:914} INFO - Processing file /home/airflow/.local/lib/python3.12/site-packages/airflow/example_dags/example_sensors.py for tasks to queue
[2024-10-13T10:31:06.869+0000] {logging_mixin.py:190} INFO - [2024-10-13T10:31:06.868+0000] {dagbag.py:588} INFO - Filling up the DagBag from /home/airflow/.local/lib/python3.12/site-packages/airflow/example_dags/example_sensors.py
[2024-10-13T10:31:06.917+0000] {processor.py:925} INFO - DAG(s) 'example_sensors' retrieved from /home/airflow/.local/lib/python3.12/site-packages/airflow/example_dags/example_sensors.py
[2024-10-13T10:31:07.056+0000] {logging_mixin.py:190} INFO - [2024-10-13T10:31:07.056+0000] {dag.py:3239} INFO - Sync 1 DAGs
[2024-10-13T10:31:07.145+0000] {logging_mixin.py:190} INFO - [2024-10-13T10:31:07.144+0000] {dag.py:4180} INFO - Setting next_dagrun for example_sensors to None, run_after=None
[2024-10-13T10:31:07.225+0000] {processor.py:208} INFO - Processing /home/airflow/.local/lib/python3.12/site-packages/airflow/example_dags/example_sensors.py took 0.407 seconds
[2024-10-13T10:31:44.396+0000] {processor.py:186} INFO - Started process (PID=2705) to work on /home/airflow/.local/lib/python3.12/site-packages/airflow/example_dags/example_sensors.py
[2024-10-13T10:31:44.400+0000] {processor.py:914} INFO - Processing file /home/airflow/.local/lib/python3.12/site-packages/airflow/example_dags/example_sensors.py for tasks to queue
[2024-10-13T10:31:44.407+0000] {logging_mixin.py:190} INFO - [2024-10-13T10:31:44.406+0000] {dagbag.py:588} INFO - Filling up the DagBag from /home/airflow/.local/lib/python3.12/site-packages/airflow/example_dags/example_sensors.py
[2024-10-13T10:31:44.448+0000] {processor.py:925} INFO - DAG(s) 'example_sensors' retrieved from /home/airflow/.local/lib/python3.12/site-packages/airflow/example_dags/example_sensors.py
[2024-10-13T10:31:44.545+0000] {logging_mixin.py:190} INFO - [2024-10-13T10:31:44.544+0000] {dag.py:3239} INFO - Sync 1 DAGs
[2024-10-13T10:31:44.611+0000] {logging_mixin.py:190} INFO - [2024-10-13T10:31:44.610+0000] {dag.py:4180} INFO - Setting next_dagrun for example_sensors to None, run_after=None
[2024-10-13T10:31:44.667+0000] {processor.py:208} INFO - Processing /home/airflow/.local/lib/python3.12/site-packages/airflow/example_dags/example_sensors.py took 0.286 seconds
[2024-10-13T10:33:40.141+0000] {processor.py:186} INFO - Started process (PID=2780) to work on /home/airflow/.local/lib/python3.12/site-packages/airflow/example_dags/example_sensors.py
[2024-10-13T10:33:40.241+0000] {processor.py:914} INFO - Processing file /home/airflow/.local/lib/python3.12/site-packages/airflow/example_dags/example_sensors.py for tasks to queue
[2024-10-13T10:33:40.395+0000] {logging_mixin.py:190} INFO - [2024-10-13T10:33:40.354+0000] {dagbag.py:588} INFO - Filling up the DagBag from /home/airflow/.local/lib/python3.12/site-packages/airflow/example_dags/example_sensors.py
[2024-10-13T10:33:40.618+0000] {processor.py:925} INFO - DAG(s) 'example_sensors' retrieved from /home/airflow/.local/lib/python3.12/site-packages/airflow/example_dags/example_sensors.py
[2024-10-13T10:33:42.126+0000] {logging_mixin.py:190} INFO - [2024-10-13T10:33:42.125+0000] {dag.py:3239} INFO - Sync 1 DAGs
[2024-10-13T10:33:42.529+0000] {logging_mixin.py:190} INFO - [2024-10-13T10:33:42.528+0000] {dag.py:4180} INFO - Setting next_dagrun for example_sensors to None, run_after=None
[2024-10-13T10:33:43.035+0000] {processor.py:208} INFO - Processing /home/airflow/.local/lib/python3.12/site-packages/airflow/example_dags/example_sensors.py took 3.074 seconds
[2024-10-13T10:36:06.011+0000] {processor.py:186} INFO - Started process (PID=2896) to work on /home/airflow/.local/lib/python3.12/site-packages/airflow/example_dags/example_sensors.py
[2024-10-13T10:36:06.016+0000] {processor.py:914} INFO - Processing file /home/airflow/.local/lib/python3.12/site-packages/airflow/example_dags/example_sensors.py for tasks to queue
[2024-10-13T10:36:06.042+0000] {logging_mixin.py:190} INFO - [2024-10-13T10:36:06.036+0000] {dagbag.py:588} INFO - Filling up the DagBag from /home/airflow/.local/lib/python3.12/site-packages/airflow/example_dags/example_sensors.py
[2024-10-13T10:36:06.236+0000] {processor.py:925} INFO - DAG(s) 'example_sensors' retrieved from /home/airflow/.local/lib/python3.12/site-packages/airflow/example_dags/example_sensors.py
[2024-10-13T10:36:06.708+0000] {logging_mixin.py:190} INFO - [2024-10-13T10:36:06.707+0000] {dag.py:3239} INFO - Sync 1 DAGs
[2024-10-13T10:36:08.225+0000] {logging_mixin.py:190} INFO - [2024-10-13T10:36:08.224+0000] {dag.py:4180} INFO - Setting next_dagrun for example_sensors to None, run_after=None
[2024-10-13T10:36:08.690+0000] {processor.py:208} INFO - Processing /home/airflow/.local/lib/python3.12/site-packages/airflow/example_dags/example_sensors.py took 2.921 seconds
[2024-10-13T10:39:19.618+0000] {processor.py:186} INFO - Started process (PID=2971) to work on /home/airflow/.local/lib/python3.12/site-packages/airflow/example_dags/example_sensors.py
[2024-10-13T10:39:19.630+0000] {processor.py:914} INFO - Processing file /home/airflow/.local/lib/python3.12/site-packages/airflow/example_dags/example_sensors.py for tasks to queue
[2024-10-13T10:39:19.682+0000] {logging_mixin.py:190} INFO - [2024-10-13T10:39:19.664+0000] {dagbag.py:588} INFO - Filling up the DagBag from /home/airflow/.local/lib/python3.12/site-packages/airflow/example_dags/example_sensors.py
[2024-10-13T10:39:19.910+0000] {processor.py:925} INFO - DAG(s) 'example_sensors' retrieved from /home/airflow/.local/lib/python3.12/site-packages/airflow/example_dags/example_sensors.py
[2024-10-13T10:39:20.840+0000] {logging_mixin.py:190} INFO - [2024-10-13T10:39:20.839+0000] {dag.py:3239} INFO - Sync 1 DAGs
[2024-10-13T10:39:20.965+0000] {logging_mixin.py:190} INFO - [2024-10-13T10:39:20.964+0000] {dag.py:4180} INFO - Setting next_dagrun for example_sensors to None, run_after=None
[2024-10-13T10:39:23.807+0000] {processor.py:208} INFO - Processing /home/airflow/.local/lib/python3.12/site-packages/airflow/example_dags/example_sensors.py took 4.513 seconds
