[2024-10-13T09:44:31.130+0000] {processor.py:186} INFO - Started process (PID=87) to work on /home/airflow/.local/lib/python3.12/site-packages/airflow/example_dags/example_branch_labels.py
[2024-10-13T09:44:31.151+0000] {processor.py:914} INFO - Processing file /home/airflow/.local/lib/python3.12/site-packages/airflow/example_dags/example_branch_labels.py for tasks to queue
[2024-10-13T09:44:31.181+0000] {logging_mixin.py:190} INFO - [2024-10-13T09:44:31.177+0000] {dagbag.py:588} INFO - Filling up the DagBag from /home/airflow/.local/lib/python3.12/site-packages/airflow/example_dags/example_branch_labels.py
[2024-10-13T09:44:31.439+0000] {processor.py:925} INFO - DAG(s) 'example_branch_labels' retrieved from /home/airflow/.local/lib/python3.12/site-packages/airflow/example_dags/example_branch_labels.py
[2024-10-13T09:44:33.839+0000] {logging_mixin.py:190} INFO - [2024-10-13T09:44:33.785+0000] {override.py:1900} INFO - Created Permission View: can read on DAG:example_branch_labels
[2024-10-13T09:44:34.416+0000] {logging_mixin.py:190} INFO - [2024-10-13T09:44:34.412+0000] {override.py:1900} INFO - Created Permission View: can delete on DAG:example_branch_labels
[2024-10-13T09:44:34.532+0000] {logging_mixin.py:190} INFO - [2024-10-13T09:44:34.528+0000] {override.py:1900} INFO - Created Permission View: can edit on DAG:example_branch_labels
[2024-10-13T09:44:34.669+0000] {logging_mixin.py:190} INFO - [2024-10-13T09:44:34.668+0000] {override.py:1900} INFO - Created Permission View: can create on DAG Run:example_branch_labels
[2024-10-13T09:44:34.758+0000] {logging_mixin.py:190} INFO - [2024-10-13T09:44:34.758+0000] {override.py:1900} INFO - Created Permission View: menu access on DAG Run:example_branch_labels
[2024-10-13T09:44:34.834+0000] {logging_mixin.py:190} INFO - [2024-10-13T09:44:34.833+0000] {override.py:1900} INFO - Created Permission View: can read on DAG Run:example_branch_labels
[2024-10-13T09:44:34.942+0000] {logging_mixin.py:190} INFO - [2024-10-13T09:44:34.941+0000] {override.py:1900} INFO - Created Permission View: can delete on DAG Run:example_branch_labels
[2024-10-13T09:44:34.952+0000] {logging_mixin.py:190} INFO - [2024-10-13T09:44:34.947+0000] {dag.py:3239} INFO - Sync 1 DAGs
[2024-10-13T09:44:35.488+0000] {logging_mixin.py:190} INFO - [2024-10-13T09:44:35.487+0000] {dag.py:3262} INFO - Creating ORM DAG for example_branch_labels
[2024-10-13T09:44:35.857+0000] {logging_mixin.py:190} INFO - [2024-10-13T09:44:35.857+0000] {dag.py:4180} INFO - Setting next_dagrun for example_branch_labels to 2024-10-12 00:00:00+00:00, run_after=2024-10-13 00:00:00+00:00
[2024-10-13T09:44:36.099+0000] {processor.py:208} INFO - Processing /home/airflow/.local/lib/python3.12/site-packages/airflow/example_dags/example_branch_labels.py took 5.061 seconds
[2024-10-13T09:45:10.486+0000] {processor.py:186} INFO - Started process (PID=153) to work on /home/airflow/.local/lib/python3.12/site-packages/airflow/example_dags/example_branch_labels.py
[2024-10-13T09:45:10.489+0000] {processor.py:914} INFO - Processing file /home/airflow/.local/lib/python3.12/site-packages/airflow/example_dags/example_branch_labels.py for tasks to queue
[2024-10-13T09:45:10.496+0000] {logging_mixin.py:190} INFO - [2024-10-13T09:45:10.495+0000] {dagbag.py:588} INFO - Filling up the DagBag from /home/airflow/.local/lib/python3.12/site-packages/airflow/example_dags/example_branch_labels.py
[2024-10-13T09:45:10.515+0000] {processor.py:925} INFO - DAG(s) 'example_branch_labels' retrieved from /home/airflow/.local/lib/python3.12/site-packages/airflow/example_dags/example_branch_labels.py
[2024-10-13T09:45:10.560+0000] {logging_mixin.py:190} INFO - [2024-10-13T09:45:10.559+0000] {dag.py:3239} INFO - Sync 1 DAGs
[2024-10-13T09:45:10.613+0000] {logging_mixin.py:190} INFO - [2024-10-13T09:45:10.613+0000] {dag.py:4180} INFO - Setting next_dagrun for example_branch_labels to 2024-10-12 00:00:00+00:00, run_after=2024-10-13 00:00:00+00:00
[2024-10-13T09:45:10.660+0000] {processor.py:208} INFO - Processing /home/airflow/.local/lib/python3.12/site-packages/airflow/example_dags/example_branch_labels.py took 0.185 seconds
[2024-10-13T09:45:48.332+0000] {processor.py:186} INFO - Started process (PID=215) to work on /home/airflow/.local/lib/python3.12/site-packages/airflow/example_dags/example_branch_labels.py
[2024-10-13T09:45:48.335+0000] {processor.py:914} INFO - Processing file /home/airflow/.local/lib/python3.12/site-packages/airflow/example_dags/example_branch_labels.py for tasks to queue
[2024-10-13T09:45:48.357+0000] {logging_mixin.py:190} INFO - [2024-10-13T09:45:48.356+0000] {dagbag.py:588} INFO - Filling up the DagBag from /home/airflow/.local/lib/python3.12/site-packages/airflow/example_dags/example_branch_labels.py
[2024-10-13T09:45:48.377+0000] {processor.py:925} INFO - DAG(s) 'example_branch_labels' retrieved from /home/airflow/.local/lib/python3.12/site-packages/airflow/example_dags/example_branch_labels.py
[2024-10-13T09:45:48.424+0000] {logging_mixin.py:190} INFO - [2024-10-13T09:45:48.424+0000] {dag.py:3239} INFO - Sync 1 DAGs
[2024-10-13T09:45:48.494+0000] {logging_mixin.py:190} INFO - [2024-10-13T09:45:48.493+0000] {dag.py:4180} INFO - Setting next_dagrun for example_branch_labels to 2024-10-12 00:00:00+00:00, run_after=2024-10-13 00:00:00+00:00
[2024-10-13T09:45:48.560+0000] {processor.py:208} INFO - Processing /home/airflow/.local/lib/python3.12/site-packages/airflow/example_dags/example_branch_labels.py took 0.258 seconds
[2024-10-13T09:46:19.755+0000] {processor.py:186} INFO - Started process (PID=277) to work on /home/airflow/.local/lib/python3.12/site-packages/airflow/example_dags/example_branch_labels.py
[2024-10-13T09:46:19.757+0000] {processor.py:914} INFO - Processing file /home/airflow/.local/lib/python3.12/site-packages/airflow/example_dags/example_branch_labels.py for tasks to queue
[2024-10-13T09:46:19.766+0000] {logging_mixin.py:190} INFO - [2024-10-13T09:46:19.765+0000] {dagbag.py:588} INFO - Filling up the DagBag from /home/airflow/.local/lib/python3.12/site-packages/airflow/example_dags/example_branch_labels.py
[2024-10-13T09:46:19.784+0000] {processor.py:925} INFO - DAG(s) 'example_branch_labels' retrieved from /home/airflow/.local/lib/python3.12/site-packages/airflow/example_dags/example_branch_labels.py
[2024-10-13T09:46:19.827+0000] {logging_mixin.py:190} INFO - [2024-10-13T09:46:19.827+0000] {dag.py:3239} INFO - Sync 1 DAGs
[2024-10-13T09:46:19.910+0000] {logging_mixin.py:190} INFO - [2024-10-13T09:46:19.909+0000] {dag.py:4180} INFO - Setting next_dagrun for example_branch_labels to 2024-10-12 00:00:00+00:00, run_after=2024-10-13 00:00:00+00:00
[2024-10-13T09:46:19.952+0000] {processor.py:208} INFO - Processing /home/airflow/.local/lib/python3.12/site-packages/airflow/example_dags/example_branch_labels.py took 0.208 seconds
[2024-10-13T09:46:53.016+0000] {processor.py:186} INFO - Started process (PID=339) to work on /home/airflow/.local/lib/python3.12/site-packages/airflow/example_dags/example_branch_labels.py
[2024-10-13T09:46:53.018+0000] {processor.py:914} INFO - Processing file /home/airflow/.local/lib/python3.12/site-packages/airflow/example_dags/example_branch_labels.py for tasks to queue
[2024-10-13T09:46:53.024+0000] {logging_mixin.py:190} INFO - [2024-10-13T09:46:53.024+0000] {dagbag.py:588} INFO - Filling up the DagBag from /home/airflow/.local/lib/python3.12/site-packages/airflow/example_dags/example_branch_labels.py
[2024-10-13T09:46:53.048+0000] {processor.py:925} INFO - DAG(s) 'example_branch_labels' retrieved from /home/airflow/.local/lib/python3.12/site-packages/airflow/example_dags/example_branch_labels.py
[2024-10-13T09:46:53.104+0000] {logging_mixin.py:190} INFO - [2024-10-13T09:46:53.103+0000] {dag.py:3239} INFO - Sync 1 DAGs
[2024-10-13T09:46:53.164+0000] {logging_mixin.py:190} INFO - [2024-10-13T09:46:53.163+0000] {dag.py:4180} INFO - Setting next_dagrun for example_branch_labels to 2024-10-12 00:00:00+00:00, run_after=2024-10-13 00:00:00+00:00
[2024-10-13T09:46:53.206+0000] {processor.py:208} INFO - Processing /home/airflow/.local/lib/python3.12/site-packages/airflow/example_dags/example_branch_labels.py took 0.204 seconds
[2024-10-13T09:47:23.696+0000] {processor.py:186} INFO - Started process (PID=400) to work on /home/airflow/.local/lib/python3.12/site-packages/airflow/example_dags/example_branch_labels.py
[2024-10-13T09:47:23.698+0000] {processor.py:914} INFO - Processing file /home/airflow/.local/lib/python3.12/site-packages/airflow/example_dags/example_branch_labels.py for tasks to queue
[2024-10-13T09:47:23.703+0000] {logging_mixin.py:190} INFO - [2024-10-13T09:47:23.702+0000] {dagbag.py:588} INFO - Filling up the DagBag from /home/airflow/.local/lib/python3.12/site-packages/airflow/example_dags/example_branch_labels.py
[2024-10-13T09:47:23.725+0000] {processor.py:925} INFO - DAG(s) 'example_branch_labels' retrieved from /home/airflow/.local/lib/python3.12/site-packages/airflow/example_dags/example_branch_labels.py
[2024-10-13T09:47:23.768+0000] {logging_mixin.py:190} INFO - [2024-10-13T09:47:23.767+0000] {dag.py:3239} INFO - Sync 1 DAGs
[2024-10-13T09:47:23.853+0000] {logging_mixin.py:190} INFO - [2024-10-13T09:47:23.853+0000] {dag.py:4180} INFO - Setting next_dagrun for example_branch_labels to 2024-10-12 00:00:00+00:00, run_after=2024-10-13 00:00:00+00:00
[2024-10-13T09:47:23.896+0000] {processor.py:208} INFO - Processing /home/airflow/.local/lib/python3.12/site-packages/airflow/example_dags/example_branch_labels.py took 0.212 seconds
[2024-10-13T09:47:54.306+0000] {processor.py:186} INFO - Started process (PID=461) to work on /home/airflow/.local/lib/python3.12/site-packages/airflow/example_dags/example_branch_labels.py
[2024-10-13T09:47:54.310+0000] {processor.py:914} INFO - Processing file /home/airflow/.local/lib/python3.12/site-packages/airflow/example_dags/example_branch_labels.py for tasks to queue
[2024-10-13T09:47:54.316+0000] {logging_mixin.py:190} INFO - [2024-10-13T09:47:54.315+0000] {dagbag.py:588} INFO - Filling up the DagBag from /home/airflow/.local/lib/python3.12/site-packages/airflow/example_dags/example_branch_labels.py
[2024-10-13T09:47:54.340+0000] {processor.py:925} INFO - DAG(s) 'example_branch_labels' retrieved from /home/airflow/.local/lib/python3.12/site-packages/airflow/example_dags/example_branch_labels.py
[2024-10-13T09:47:54.381+0000] {logging_mixin.py:190} INFO - [2024-10-13T09:47:54.381+0000] {dag.py:3239} INFO - Sync 1 DAGs
[2024-10-13T09:47:54.435+0000] {logging_mixin.py:190} INFO - [2024-10-13T09:47:54.435+0000] {dag.py:4180} INFO - Setting next_dagrun for example_branch_labels to 2024-10-12 00:00:00+00:00, run_after=2024-10-13 00:00:00+00:00
[2024-10-13T09:47:54.469+0000] {processor.py:208} INFO - Processing /home/airflow/.local/lib/python3.12/site-packages/airflow/example_dags/example_branch_labels.py took 0.173 seconds
[2024-10-13T09:48:24.738+0000] {processor.py:186} INFO - Started process (PID=523) to work on /home/airflow/.local/lib/python3.12/site-packages/airflow/example_dags/example_branch_labels.py
[2024-10-13T09:48:24.741+0000] {processor.py:914} INFO - Processing file /home/airflow/.local/lib/python3.12/site-packages/airflow/example_dags/example_branch_labels.py for tasks to queue
[2024-10-13T09:48:24.746+0000] {logging_mixin.py:190} INFO - [2024-10-13T09:48:24.745+0000] {dagbag.py:588} INFO - Filling up the DagBag from /home/airflow/.local/lib/python3.12/site-packages/airflow/example_dags/example_branch_labels.py
[2024-10-13T09:48:24.762+0000] {processor.py:925} INFO - DAG(s) 'example_branch_labels' retrieved from /home/airflow/.local/lib/python3.12/site-packages/airflow/example_dags/example_branch_labels.py
[2024-10-13T09:48:24.801+0000] {logging_mixin.py:190} INFO - [2024-10-13T09:48:24.801+0000] {dag.py:3239} INFO - Sync 1 DAGs
[2024-10-13T09:48:24.843+0000] {logging_mixin.py:190} INFO - [2024-10-13T09:48:24.843+0000] {dag.py:4180} INFO - Setting next_dagrun for example_branch_labels to 2024-10-12 00:00:00+00:00, run_after=2024-10-13 00:00:00+00:00
[2024-10-13T09:48:24.878+0000] {processor.py:208} INFO - Processing /home/airflow/.local/lib/python3.12/site-packages/airflow/example_dags/example_branch_labels.py took 0.150 seconds
[2024-10-13T09:48:55.182+0000] {processor.py:186} INFO - Started process (PID=585) to work on /home/airflow/.local/lib/python3.12/site-packages/airflow/example_dags/example_branch_labels.py
[2024-10-13T09:48:55.186+0000] {processor.py:914} INFO - Processing file /home/airflow/.local/lib/python3.12/site-packages/airflow/example_dags/example_branch_labels.py for tasks to queue
[2024-10-13T09:48:55.190+0000] {logging_mixin.py:190} INFO - [2024-10-13T09:48:55.189+0000] {dagbag.py:588} INFO - Filling up the DagBag from /home/airflow/.local/lib/python3.12/site-packages/airflow/example_dags/example_branch_labels.py
[2024-10-13T09:48:55.206+0000] {processor.py:925} INFO - DAG(s) 'example_branch_labels' retrieved from /home/airflow/.local/lib/python3.12/site-packages/airflow/example_dags/example_branch_labels.py
[2024-10-13T09:48:55.243+0000] {logging_mixin.py:190} INFO - [2024-10-13T09:48:55.242+0000] {dag.py:3239} INFO - Sync 1 DAGs
[2024-10-13T09:48:55.284+0000] {logging_mixin.py:190} INFO - [2024-10-13T09:48:55.284+0000] {dag.py:4180} INFO - Setting next_dagrun for example_branch_labels to 2024-10-12 00:00:00+00:00, run_after=2024-10-13 00:00:00+00:00
[2024-10-13T09:48:55.324+0000] {processor.py:208} INFO - Processing /home/airflow/.local/lib/python3.12/site-packages/airflow/example_dags/example_branch_labels.py took 0.151 seconds
[2024-10-13T09:49:26.854+0000] {processor.py:186} INFO - Started process (PID=647) to work on /home/airflow/.local/lib/python3.12/site-packages/airflow/example_dags/example_branch_labels.py
[2024-10-13T09:49:26.856+0000] {processor.py:914} INFO - Processing file /home/airflow/.local/lib/python3.12/site-packages/airflow/example_dags/example_branch_labels.py for tasks to queue
[2024-10-13T09:49:26.862+0000] {logging_mixin.py:190} INFO - [2024-10-13T09:49:26.861+0000] {dagbag.py:588} INFO - Filling up the DagBag from /home/airflow/.local/lib/python3.12/site-packages/airflow/example_dags/example_branch_labels.py
[2024-10-13T09:49:26.882+0000] {processor.py:925} INFO - DAG(s) 'example_branch_labels' retrieved from /home/airflow/.local/lib/python3.12/site-packages/airflow/example_dags/example_branch_labels.py
[2024-10-13T09:49:26.929+0000] {logging_mixin.py:190} INFO - [2024-10-13T09:49:26.929+0000] {dag.py:3239} INFO - Sync 1 DAGs
[2024-10-13T09:49:27.019+0000] {logging_mixin.py:190} INFO - [2024-10-13T09:49:27.019+0000] {dag.py:4180} INFO - Setting next_dagrun for example_branch_labels to 2024-10-12 00:00:00+00:00, run_after=2024-10-13 00:00:00+00:00
[2024-10-13T09:49:27.080+0000] {processor.py:208} INFO - Processing /home/airflow/.local/lib/python3.12/site-packages/airflow/example_dags/example_branch_labels.py took 0.243 seconds
[2024-10-13T09:50:00.074+0000] {processor.py:186} INFO - Started process (PID=708) to work on /home/airflow/.local/lib/python3.12/site-packages/airflow/example_dags/example_branch_labels.py
[2024-10-13T09:50:00.080+0000] {processor.py:914} INFO - Processing file /home/airflow/.local/lib/python3.12/site-packages/airflow/example_dags/example_branch_labels.py for tasks to queue
[2024-10-13T09:50:00.093+0000] {logging_mixin.py:190} INFO - [2024-10-13T09:50:00.088+0000] {dagbag.py:588} INFO - Filling up the DagBag from /home/airflow/.local/lib/python3.12/site-packages/airflow/example_dags/example_branch_labels.py
[2024-10-13T09:50:00.133+0000] {processor.py:925} INFO - DAG(s) 'example_branch_labels' retrieved from /home/airflow/.local/lib/python3.12/site-packages/airflow/example_dags/example_branch_labels.py
[2024-10-13T09:50:00.222+0000] {logging_mixin.py:190} INFO - [2024-10-13T09:50:00.222+0000] {dag.py:3239} INFO - Sync 1 DAGs
[2024-10-13T09:50:00.328+0000] {logging_mixin.py:190} INFO - [2024-10-13T09:50:00.325+0000] {dag.py:4180} INFO - Setting next_dagrun for example_branch_labels to 2024-10-12 00:00:00+00:00, run_after=2024-10-13 00:00:00+00:00
[2024-10-13T09:50:00.402+0000] {processor.py:208} INFO - Processing /home/airflow/.local/lib/python3.12/site-packages/airflow/example_dags/example_branch_labels.py took 0.358 seconds
[2024-10-13T09:50:31.043+0000] {processor.py:186} INFO - Started process (PID=769) to work on /home/airflow/.local/lib/python3.12/site-packages/airflow/example_dags/example_branch_labels.py
[2024-10-13T09:50:31.045+0000] {processor.py:914} INFO - Processing file /home/airflow/.local/lib/python3.12/site-packages/airflow/example_dags/example_branch_labels.py for tasks to queue
[2024-10-13T09:50:31.050+0000] {logging_mixin.py:190} INFO - [2024-10-13T09:50:31.050+0000] {dagbag.py:588} INFO - Filling up the DagBag from /home/airflow/.local/lib/python3.12/site-packages/airflow/example_dags/example_branch_labels.py
[2024-10-13T09:50:31.070+0000] {processor.py:925} INFO - DAG(s) 'example_branch_labels' retrieved from /home/airflow/.local/lib/python3.12/site-packages/airflow/example_dags/example_branch_labels.py
[2024-10-13T09:50:31.120+0000] {logging_mixin.py:190} INFO - [2024-10-13T09:50:31.119+0000] {dag.py:3239} INFO - Sync 1 DAGs
[2024-10-13T09:50:31.166+0000] {logging_mixin.py:190} INFO - [2024-10-13T09:50:31.166+0000] {dag.py:4180} INFO - Setting next_dagrun for example_branch_labels to 2024-10-12 00:00:00+00:00, run_after=2024-10-13 00:00:00+00:00
[2024-10-13T09:50:31.214+0000] {processor.py:208} INFO - Processing /home/airflow/.local/lib/python3.12/site-packages/airflow/example_dags/example_branch_labels.py took 0.183 seconds
[2024-10-13T09:51:01.497+0000] {processor.py:186} INFO - Started process (PID=831) to work on /home/airflow/.local/lib/python3.12/site-packages/airflow/example_dags/example_branch_labels.py
[2024-10-13T09:51:01.499+0000] {processor.py:914} INFO - Processing file /home/airflow/.local/lib/python3.12/site-packages/airflow/example_dags/example_branch_labels.py for tasks to queue
[2024-10-13T09:51:01.504+0000] {logging_mixin.py:190} INFO - [2024-10-13T09:51:01.503+0000] {dagbag.py:588} INFO - Filling up the DagBag from /home/airflow/.local/lib/python3.12/site-packages/airflow/example_dags/example_branch_labels.py
[2024-10-13T09:51:01.522+0000] {processor.py:925} INFO - DAG(s) 'example_branch_labels' retrieved from /home/airflow/.local/lib/python3.12/site-packages/airflow/example_dags/example_branch_labels.py
[2024-10-13T09:51:01.562+0000] {logging_mixin.py:190} INFO - [2024-10-13T09:51:01.561+0000] {dag.py:3239} INFO - Sync 1 DAGs
[2024-10-13T09:51:01.608+0000] {logging_mixin.py:190} INFO - [2024-10-13T09:51:01.608+0000] {dag.py:4180} INFO - Setting next_dagrun for example_branch_labels to 2024-10-12 00:00:00+00:00, run_after=2024-10-13 00:00:00+00:00
[2024-10-13T09:51:01.647+0000] {processor.py:208} INFO - Processing /home/airflow/.local/lib/python3.12/site-packages/airflow/example_dags/example_branch_labels.py took 0.161 seconds
[2024-10-13T09:51:32.963+0000] {processor.py:186} INFO - Started process (PID=893) to work on /home/airflow/.local/lib/python3.12/site-packages/airflow/example_dags/example_branch_labels.py
[2024-10-13T09:51:32.965+0000] {processor.py:914} INFO - Processing file /home/airflow/.local/lib/python3.12/site-packages/airflow/example_dags/example_branch_labels.py for tasks to queue
[2024-10-13T09:51:32.971+0000] {logging_mixin.py:190} INFO - [2024-10-13T09:51:32.970+0000] {dagbag.py:588} INFO - Filling up the DagBag from /home/airflow/.local/lib/python3.12/site-packages/airflow/example_dags/example_branch_labels.py
[2024-10-13T09:51:32.993+0000] {processor.py:925} INFO - DAG(s) 'example_branch_labels' retrieved from /home/airflow/.local/lib/python3.12/site-packages/airflow/example_dags/example_branch_labels.py
[2024-10-13T09:51:33.029+0000] {logging_mixin.py:190} INFO - [2024-10-13T09:51:33.029+0000] {dag.py:3239} INFO - Sync 1 DAGs
[2024-10-13T09:51:33.069+0000] {logging_mixin.py:190} INFO - [2024-10-13T09:51:33.069+0000] {dag.py:4180} INFO - Setting next_dagrun for example_branch_labels to 2024-10-12 00:00:00+00:00, run_after=2024-10-13 00:00:00+00:00
[2024-10-13T09:51:33.102+0000] {processor.py:208} INFO - Processing /home/airflow/.local/lib/python3.12/site-packages/airflow/example_dags/example_branch_labels.py took 0.149 seconds
[2024-10-13T09:52:14.982+0000] {processor.py:186} INFO - Started process (PID=961) to work on /home/airflow/.local/lib/python3.12/site-packages/airflow/example_dags/example_branch_labels.py
[2024-10-13T09:52:14.984+0000] {processor.py:914} INFO - Processing file /home/airflow/.local/lib/python3.12/site-packages/airflow/example_dags/example_branch_labels.py for tasks to queue
[2024-10-13T09:52:14.989+0000] {logging_mixin.py:190} INFO - [2024-10-13T09:52:14.988+0000] {dagbag.py:588} INFO - Filling up the DagBag from /home/airflow/.local/lib/python3.12/site-packages/airflow/example_dags/example_branch_labels.py
[2024-10-13T09:52:15.008+0000] {processor.py:925} INFO - DAG(s) 'example_branch_labels' retrieved from /home/airflow/.local/lib/python3.12/site-packages/airflow/example_dags/example_branch_labels.py
[2024-10-13T09:52:15.047+0000] {logging_mixin.py:190} INFO - [2024-10-13T09:52:15.047+0000] {dag.py:3239} INFO - Sync 1 DAGs
[2024-10-13T09:52:15.092+0000] {logging_mixin.py:190} INFO - [2024-10-13T09:52:15.091+0000] {dag.py:4180} INFO - Setting next_dagrun for example_branch_labels to 2024-10-12 00:00:00+00:00, run_after=2024-10-13 00:00:00+00:00
[2024-10-13T09:52:15.127+0000] {processor.py:208} INFO - Processing /home/airflow/.local/lib/python3.12/site-packages/airflow/example_dags/example_branch_labels.py took 0.158 seconds
[2024-10-13T09:52:45.575+0000] {processor.py:186} INFO - Started process (PID=1022) to work on /home/airflow/.local/lib/python3.12/site-packages/airflow/example_dags/example_branch_labels.py
[2024-10-13T09:52:45.576+0000] {processor.py:914} INFO - Processing file /home/airflow/.local/lib/python3.12/site-packages/airflow/example_dags/example_branch_labels.py for tasks to queue
[2024-10-13T09:52:45.585+0000] {logging_mixin.py:190} INFO - [2024-10-13T09:52:45.583+0000] {dagbag.py:588} INFO - Filling up the DagBag from /home/airflow/.local/lib/python3.12/site-packages/airflow/example_dags/example_branch_labels.py
[2024-10-13T09:52:45.609+0000] {processor.py:925} INFO - DAG(s) 'example_branch_labels' retrieved from /home/airflow/.local/lib/python3.12/site-packages/airflow/example_dags/example_branch_labels.py
[2024-10-13T09:52:45.660+0000] {logging_mixin.py:190} INFO - [2024-10-13T09:52:45.660+0000] {dag.py:3239} INFO - Sync 1 DAGs
[2024-10-13T09:52:45.709+0000] {logging_mixin.py:190} INFO - [2024-10-13T09:52:45.709+0000] {dag.py:4180} INFO - Setting next_dagrun for example_branch_labels to 2024-10-12 00:00:00+00:00, run_after=2024-10-13 00:00:00+00:00
[2024-10-13T09:52:45.750+0000] {processor.py:208} INFO - Processing /home/airflow/.local/lib/python3.12/site-packages/airflow/example_dags/example_branch_labels.py took 0.187 seconds
[2024-10-13T09:53:16.530+0000] {processor.py:186} INFO - Started process (PID=1083) to work on /home/airflow/.local/lib/python3.12/site-packages/airflow/example_dags/example_branch_labels.py
[2024-10-13T09:53:16.534+0000] {processor.py:914} INFO - Processing file /home/airflow/.local/lib/python3.12/site-packages/airflow/example_dags/example_branch_labels.py for tasks to queue
[2024-10-13T09:53:16.544+0000] {logging_mixin.py:190} INFO - [2024-10-13T09:53:16.543+0000] {dagbag.py:588} INFO - Filling up the DagBag from /home/airflow/.local/lib/python3.12/site-packages/airflow/example_dags/example_branch_labels.py
[2024-10-13T09:53:16.581+0000] {processor.py:925} INFO - DAG(s) 'example_branch_labels' retrieved from /home/airflow/.local/lib/python3.12/site-packages/airflow/example_dags/example_branch_labels.py
[2024-10-13T09:53:16.721+0000] {logging_mixin.py:190} INFO - [2024-10-13T09:53:16.720+0000] {dag.py:3239} INFO - Sync 1 DAGs
[2024-10-13T09:53:16.863+0000] {logging_mixin.py:190} INFO - [2024-10-13T09:53:16.861+0000] {dag.py:4180} INFO - Setting next_dagrun for example_branch_labels to 2024-10-12 00:00:00+00:00, run_after=2024-10-13 00:00:00+00:00
[2024-10-13T09:53:17.041+0000] {processor.py:208} INFO - Processing /home/airflow/.local/lib/python3.12/site-packages/airflow/example_dags/example_branch_labels.py took 0.546 seconds
[2024-10-13T09:53:47.911+0000] {processor.py:186} INFO - Started process (PID=1145) to work on /home/airflow/.local/lib/python3.12/site-packages/airflow/example_dags/example_branch_labels.py
[2024-10-13T09:53:47.914+0000] {processor.py:914} INFO - Processing file /home/airflow/.local/lib/python3.12/site-packages/airflow/example_dags/example_branch_labels.py for tasks to queue
[2024-10-13T09:53:47.920+0000] {logging_mixin.py:190} INFO - [2024-10-13T09:53:47.919+0000] {dagbag.py:588} INFO - Filling up the DagBag from /home/airflow/.local/lib/python3.12/site-packages/airflow/example_dags/example_branch_labels.py
[2024-10-13T09:53:47.947+0000] {processor.py:925} INFO - DAG(s) 'example_branch_labels' retrieved from /home/airflow/.local/lib/python3.12/site-packages/airflow/example_dags/example_branch_labels.py
[2024-10-13T09:53:47.993+0000] {logging_mixin.py:190} INFO - [2024-10-13T09:53:47.992+0000] {dag.py:3239} INFO - Sync 1 DAGs
[2024-10-13T09:53:48.147+0000] {logging_mixin.py:190} INFO - [2024-10-13T09:53:48.147+0000] {dag.py:4180} INFO - Setting next_dagrun for example_branch_labels to 2024-10-12 00:00:00+00:00, run_after=2024-10-13 00:00:00+00:00
[2024-10-13T09:53:48.249+0000] {processor.py:208} INFO - Processing /home/airflow/.local/lib/python3.12/site-packages/airflow/example_dags/example_branch_labels.py took 0.360 seconds
[2024-10-13T09:54:19.184+0000] {processor.py:186} INFO - Started process (PID=1207) to work on /home/airflow/.local/lib/python3.12/site-packages/airflow/example_dags/example_branch_labels.py
[2024-10-13T09:54:19.189+0000] {processor.py:914} INFO - Processing file /home/airflow/.local/lib/python3.12/site-packages/airflow/example_dags/example_branch_labels.py for tasks to queue
[2024-10-13T09:54:19.195+0000] {logging_mixin.py:190} INFO - [2024-10-13T09:54:19.194+0000] {dagbag.py:588} INFO - Filling up the DagBag from /home/airflow/.local/lib/python3.12/site-packages/airflow/example_dags/example_branch_labels.py
[2024-10-13T09:54:19.217+0000] {processor.py:925} INFO - DAG(s) 'example_branch_labels' retrieved from /home/airflow/.local/lib/python3.12/site-packages/airflow/example_dags/example_branch_labels.py
[2024-10-13T09:54:19.267+0000] {logging_mixin.py:190} INFO - [2024-10-13T09:54:19.267+0000] {dag.py:3239} INFO - Sync 1 DAGs
[2024-10-13T09:54:19.326+0000] {logging_mixin.py:190} INFO - [2024-10-13T09:54:19.326+0000] {dag.py:4180} INFO - Setting next_dagrun for example_branch_labels to 2024-10-12 00:00:00+00:00, run_after=2024-10-13 00:00:00+00:00
[2024-10-13T09:54:19.367+0000] {processor.py:208} INFO - Processing /home/airflow/.local/lib/python3.12/site-packages/airflow/example_dags/example_branch_labels.py took 0.208 seconds
[2024-10-13T09:54:49.865+0000] {processor.py:186} INFO - Started process (PID=1269) to work on /home/airflow/.local/lib/python3.12/site-packages/airflow/example_dags/example_branch_labels.py
[2024-10-13T09:54:49.867+0000] {processor.py:914} INFO - Processing file /home/airflow/.local/lib/python3.12/site-packages/airflow/example_dags/example_branch_labels.py for tasks to queue
[2024-10-13T09:54:49.871+0000] {logging_mixin.py:190} INFO - [2024-10-13T09:54:49.871+0000] {dagbag.py:588} INFO - Filling up the DagBag from /home/airflow/.local/lib/python3.12/site-packages/airflow/example_dags/example_branch_labels.py
[2024-10-13T09:54:49.889+0000] {processor.py:925} INFO - DAG(s) 'example_branch_labels' retrieved from /home/airflow/.local/lib/python3.12/site-packages/airflow/example_dags/example_branch_labels.py
[2024-10-13T09:54:49.935+0000] {logging_mixin.py:190} INFO - [2024-10-13T09:54:49.934+0000] {dag.py:3239} INFO - Sync 1 DAGs
[2024-10-13T09:54:49.982+0000] {logging_mixin.py:190} INFO - [2024-10-13T09:54:49.982+0000] {dag.py:4180} INFO - Setting next_dagrun for example_branch_labels to 2024-10-12 00:00:00+00:00, run_after=2024-10-13 00:00:00+00:00
[2024-10-13T09:54:50.025+0000] {processor.py:208} INFO - Processing /home/airflow/.local/lib/python3.12/site-packages/airflow/example_dags/example_branch_labels.py took 0.171 seconds
[2024-10-13T09:55:20.127+0000] {processor.py:186} INFO - Started process (PID=1331) to work on /home/airflow/.local/lib/python3.12/site-packages/airflow/example_dags/example_branch_labels.py
[2024-10-13T09:55:20.129+0000] {processor.py:914} INFO - Processing file /home/airflow/.local/lib/python3.12/site-packages/airflow/example_dags/example_branch_labels.py for tasks to queue
[2024-10-13T09:55:20.133+0000] {logging_mixin.py:190} INFO - [2024-10-13T09:55:20.133+0000] {dagbag.py:588} INFO - Filling up the DagBag from /home/airflow/.local/lib/python3.12/site-packages/airflow/example_dags/example_branch_labels.py
[2024-10-13T09:55:20.155+0000] {processor.py:925} INFO - DAG(s) 'example_branch_labels' retrieved from /home/airflow/.local/lib/python3.12/site-packages/airflow/example_dags/example_branch_labels.py
[2024-10-13T09:55:20.243+0000] {logging_mixin.py:190} INFO - [2024-10-13T09:55:20.242+0000] {dag.py:3239} INFO - Sync 1 DAGs
[2024-10-13T09:55:20.313+0000] {logging_mixin.py:190} INFO - [2024-10-13T09:55:20.313+0000] {dag.py:4180} INFO - Setting next_dagrun for example_branch_labels to 2024-10-12 00:00:00+00:00, run_after=2024-10-13 00:00:00+00:00
[2024-10-13T09:55:20.367+0000] {processor.py:208} INFO - Processing /home/airflow/.local/lib/python3.12/site-packages/airflow/example_dags/example_branch_labels.py took 0.251 seconds
[2024-10-13T09:55:50.728+0000] {processor.py:186} INFO - Started process (PID=1393) to work on /home/airflow/.local/lib/python3.12/site-packages/airflow/example_dags/example_branch_labels.py
[2024-10-13T09:55:50.732+0000] {processor.py:914} INFO - Processing file /home/airflow/.local/lib/python3.12/site-packages/airflow/example_dags/example_branch_labels.py for tasks to queue
[2024-10-13T09:55:50.737+0000] {logging_mixin.py:190} INFO - [2024-10-13T09:55:50.736+0000] {dagbag.py:588} INFO - Filling up the DagBag from /home/airflow/.local/lib/python3.12/site-packages/airflow/example_dags/example_branch_labels.py
[2024-10-13T09:55:50.756+0000] {processor.py:925} INFO - DAG(s) 'example_branch_labels' retrieved from /home/airflow/.local/lib/python3.12/site-packages/airflow/example_dags/example_branch_labels.py
[2024-10-13T09:55:50.808+0000] {logging_mixin.py:190} INFO - [2024-10-13T09:55:50.808+0000] {dag.py:3239} INFO - Sync 1 DAGs
[2024-10-13T09:55:50.852+0000] {logging_mixin.py:190} INFO - [2024-10-13T09:55:50.851+0000] {dag.py:4180} INFO - Setting next_dagrun for example_branch_labels to 2024-10-12 00:00:00+00:00, run_after=2024-10-13 00:00:00+00:00
[2024-10-13T09:55:50.893+0000] {processor.py:208} INFO - Processing /home/airflow/.local/lib/python3.12/site-packages/airflow/example_dags/example_branch_labels.py took 0.179 seconds
[2024-10-13T09:56:21.298+0000] {processor.py:186} INFO - Started process (PID=1455) to work on /home/airflow/.local/lib/python3.12/site-packages/airflow/example_dags/example_branch_labels.py
[2024-10-13T09:56:21.300+0000] {processor.py:914} INFO - Processing file /home/airflow/.local/lib/python3.12/site-packages/airflow/example_dags/example_branch_labels.py for tasks to queue
[2024-10-13T09:56:21.306+0000] {logging_mixin.py:190} INFO - [2024-10-13T09:56:21.305+0000] {dagbag.py:588} INFO - Filling up the DagBag from /home/airflow/.local/lib/python3.12/site-packages/airflow/example_dags/example_branch_labels.py
[2024-10-13T09:56:21.339+0000] {processor.py:925} INFO - DAG(s) 'example_branch_labels' retrieved from /home/airflow/.local/lib/python3.12/site-packages/airflow/example_dags/example_branch_labels.py
[2024-10-13T09:56:21.380+0000] {logging_mixin.py:190} INFO - [2024-10-13T09:56:21.380+0000] {dag.py:3239} INFO - Sync 1 DAGs
[2024-10-13T09:56:21.433+0000] {logging_mixin.py:190} INFO - [2024-10-13T09:56:21.433+0000] {dag.py:4180} INFO - Setting next_dagrun for example_branch_labels to 2024-10-12 00:00:00+00:00, run_after=2024-10-13 00:00:00+00:00
[2024-10-13T09:56:21.479+0000] {processor.py:208} INFO - Processing /home/airflow/.local/lib/python3.12/site-packages/airflow/example_dags/example_branch_labels.py took 0.195 seconds
[2024-10-13T09:56:51.608+0000] {processor.py:186} INFO - Started process (PID=1516) to work on /home/airflow/.local/lib/python3.12/site-packages/airflow/example_dags/example_branch_labels.py
[2024-10-13T09:56:51.611+0000] {processor.py:914} INFO - Processing file /home/airflow/.local/lib/python3.12/site-packages/airflow/example_dags/example_branch_labels.py for tasks to queue
[2024-10-13T09:56:51.623+0000] {logging_mixin.py:190} INFO - [2024-10-13T09:56:51.622+0000] {dagbag.py:588} INFO - Filling up the DagBag from /home/airflow/.local/lib/python3.12/site-packages/airflow/example_dags/example_branch_labels.py
[2024-10-13T09:56:51.688+0000] {processor.py:925} INFO - DAG(s) 'example_branch_labels' retrieved from /home/airflow/.local/lib/python3.12/site-packages/airflow/example_dags/example_branch_labels.py
[2024-10-13T09:56:51.859+0000] {logging_mixin.py:190} INFO - [2024-10-13T09:56:51.859+0000] {dag.py:3239} INFO - Sync 1 DAGs
[2024-10-13T09:56:52.019+0000] {logging_mixin.py:190} INFO - [2024-10-13T09:56:52.018+0000] {dag.py:4180} INFO - Setting next_dagrun for example_branch_labels to 2024-10-12 00:00:00+00:00, run_after=2024-10-13 00:00:00+00:00
[2024-10-13T09:56:52.098+0000] {processor.py:208} INFO - Processing /home/airflow/.local/lib/python3.12/site-packages/airflow/example_dags/example_branch_labels.py took 0.515 seconds
[2024-10-13T09:57:29.164+0000] {processor.py:186} INFO - Started process (PID=1573) to work on /home/airflow/.local/lib/python3.12/site-packages/airflow/example_dags/example_branch_labels.py
[2024-10-13T09:57:29.169+0000] {processor.py:914} INFO - Processing file /home/airflow/.local/lib/python3.12/site-packages/airflow/example_dags/example_branch_labels.py for tasks to queue
[2024-10-13T09:57:29.175+0000] {logging_mixin.py:190} INFO - [2024-10-13T09:57:29.174+0000] {dagbag.py:588} INFO - Filling up the DagBag from /home/airflow/.local/lib/python3.12/site-packages/airflow/example_dags/example_branch_labels.py
[2024-10-13T09:57:29.213+0000] {processor.py:925} INFO - DAG(s) 'example_branch_labels' retrieved from /home/airflow/.local/lib/python3.12/site-packages/airflow/example_dags/example_branch_labels.py
[2024-10-13T09:57:29.294+0000] {logging_mixin.py:190} INFO - [2024-10-13T09:57:29.293+0000] {dag.py:3239} INFO - Sync 1 DAGs
[2024-10-13T09:57:29.403+0000] {logging_mixin.py:190} INFO - [2024-10-13T09:57:29.402+0000] {dag.py:4180} INFO - Setting next_dagrun for example_branch_labels to 2024-10-12 00:00:00+00:00, run_after=2024-10-13 00:00:00+00:00
[2024-10-13T09:57:29.449+0000] {processor.py:208} INFO - Processing /home/airflow/.local/lib/python3.12/site-packages/airflow/example_dags/example_branch_labels.py took 0.300 seconds
[2024-10-13T09:58:01.234+0000] {processor.py:186} INFO - Started process (PID=1635) to work on /home/airflow/.local/lib/python3.12/site-packages/airflow/example_dags/example_branch_labels.py
[2024-10-13T09:58:01.237+0000] {processor.py:914} INFO - Processing file /home/airflow/.local/lib/python3.12/site-packages/airflow/example_dags/example_branch_labels.py for tasks to queue
[2024-10-13T09:58:01.242+0000] {logging_mixin.py:190} INFO - [2024-10-13T09:58:01.241+0000] {dagbag.py:588} INFO - Filling up the DagBag from /home/airflow/.local/lib/python3.12/site-packages/airflow/example_dags/example_branch_labels.py
[2024-10-13T09:58:01.262+0000] {processor.py:925} INFO - DAG(s) 'example_branch_labels' retrieved from /home/airflow/.local/lib/python3.12/site-packages/airflow/example_dags/example_branch_labels.py
[2024-10-13T09:58:01.302+0000] {logging_mixin.py:190} INFO - [2024-10-13T09:58:01.302+0000] {dag.py:3239} INFO - Sync 1 DAGs
[2024-10-13T09:58:01.362+0000] {logging_mixin.py:190} INFO - [2024-10-13T09:58:01.361+0000] {dag.py:4180} INFO - Setting next_dagrun for example_branch_labels to 2024-10-12 00:00:00+00:00, run_after=2024-10-13 00:00:00+00:00
[2024-10-13T09:58:01.413+0000] {processor.py:208} INFO - Processing /home/airflow/.local/lib/python3.12/site-packages/airflow/example_dags/example_branch_labels.py took 0.189 seconds
[2024-10-13T09:58:32.897+0000] {processor.py:186} INFO - Started process (PID=1697) to work on /home/airflow/.local/lib/python3.12/site-packages/airflow/example_dags/example_branch_labels.py
[2024-10-13T09:58:32.900+0000] {processor.py:914} INFO - Processing file /home/airflow/.local/lib/python3.12/site-packages/airflow/example_dags/example_branch_labels.py for tasks to queue
[2024-10-13T09:58:32.905+0000] {logging_mixin.py:190} INFO - [2024-10-13T09:58:32.904+0000] {dagbag.py:588} INFO - Filling up the DagBag from /home/airflow/.local/lib/python3.12/site-packages/airflow/example_dags/example_branch_labels.py
[2024-10-13T09:58:32.924+0000] {processor.py:925} INFO - DAG(s) 'example_branch_labels' retrieved from /home/airflow/.local/lib/python3.12/site-packages/airflow/example_dags/example_branch_labels.py
[2024-10-13T09:58:32.964+0000] {logging_mixin.py:190} INFO - [2024-10-13T09:58:32.963+0000] {dag.py:3239} INFO - Sync 1 DAGs
[2024-10-13T09:58:33.013+0000] {logging_mixin.py:190} INFO - [2024-10-13T09:58:33.012+0000] {dag.py:4180} INFO - Setting next_dagrun for example_branch_labels to 2024-10-12 00:00:00+00:00, run_after=2024-10-13 00:00:00+00:00
[2024-10-13T09:58:33.054+0000] {processor.py:208} INFO - Processing /home/airflow/.local/lib/python3.12/site-packages/airflow/example_dags/example_branch_labels.py took 0.169 seconds
[2024-10-13T09:59:09.580+0000] {processor.py:186} INFO - Started process (PID=1763) to work on /home/airflow/.local/lib/python3.12/site-packages/airflow/example_dags/example_branch_labels.py
[2024-10-13T09:59:09.598+0000] {processor.py:914} INFO - Processing file /home/airflow/.local/lib/python3.12/site-packages/airflow/example_dags/example_branch_labels.py for tasks to queue
[2024-10-13T09:59:09.621+0000] {logging_mixin.py:190} INFO - [2024-10-13T09:59:09.621+0000] {dagbag.py:588} INFO - Filling up the DagBag from /home/airflow/.local/lib/python3.12/site-packages/airflow/example_dags/example_branch_labels.py
[2024-10-13T09:59:09.679+0000] {processor.py:925} INFO - DAG(s) 'example_branch_labels' retrieved from /home/airflow/.local/lib/python3.12/site-packages/airflow/example_dags/example_branch_labels.py
[2024-10-13T09:59:10.035+0000] {logging_mixin.py:190} INFO - [2024-10-13T09:59:10.034+0000] {dag.py:3239} INFO - Sync 1 DAGs
[2024-10-13T09:59:10.199+0000] {logging_mixin.py:190} INFO - [2024-10-13T09:59:10.198+0000] {dag.py:4180} INFO - Setting next_dagrun for example_branch_labels to 2024-10-12 00:00:00+00:00, run_after=2024-10-13 00:00:00+00:00
[2024-10-13T09:59:10.682+0000] {processor.py:208} INFO - Processing /home/airflow/.local/lib/python3.12/site-packages/airflow/example_dags/example_branch_labels.py took 1.182 seconds
[2024-10-13T09:59:42.789+0000] {processor.py:186} INFO - Started process (PID=1825) to work on /home/airflow/.local/lib/python3.12/site-packages/airflow/example_dags/example_branch_labels.py
[2024-10-13T09:59:42.796+0000] {processor.py:914} INFO - Processing file /home/airflow/.local/lib/python3.12/site-packages/airflow/example_dags/example_branch_labels.py for tasks to queue
[2024-10-13T09:59:42.805+0000] {logging_mixin.py:190} INFO - [2024-10-13T09:59:42.804+0000] {dagbag.py:588} INFO - Filling up the DagBag from /home/airflow/.local/lib/python3.12/site-packages/airflow/example_dags/example_branch_labels.py
[2024-10-13T09:59:42.860+0000] {processor.py:925} INFO - DAG(s) 'example_branch_labels' retrieved from /home/airflow/.local/lib/python3.12/site-packages/airflow/example_dags/example_branch_labels.py
[2024-10-13T09:59:42.961+0000] {logging_mixin.py:190} INFO - [2024-10-13T09:59:42.959+0000] {dag.py:3239} INFO - Sync 1 DAGs
[2024-10-13T09:59:43.687+0000] {logging_mixin.py:190} INFO - [2024-10-13T09:59:43.686+0000] {dag.py:4180} INFO - Setting next_dagrun for example_branch_labels to 2024-10-12 00:00:00+00:00, run_after=2024-10-13 00:00:00+00:00
[2024-10-13T09:59:44.377+0000] {processor.py:208} INFO - Processing /home/airflow/.local/lib/python3.12/site-packages/airflow/example_dags/example_branch_labels.py took 1.625 seconds
[2024-10-13T10:06:07.719+0000] {processor.py:186} INFO - Started process (PID=83) to work on /home/airflow/.local/lib/python3.12/site-packages/airflow/example_dags/example_branch_labels.py
[2024-10-13T10:06:07.721+0000] {processor.py:914} INFO - Processing file /home/airflow/.local/lib/python3.12/site-packages/airflow/example_dags/example_branch_labels.py for tasks to queue
[2024-10-13T10:06:07.736+0000] {logging_mixin.py:190} INFO - [2024-10-13T10:06:07.735+0000] {dagbag.py:588} INFO - Filling up the DagBag from /home/airflow/.local/lib/python3.12/site-packages/airflow/example_dags/example_branch_labels.py
[2024-10-13T10:06:07.765+0000] {processor.py:925} INFO - DAG(s) 'example_branch_labels' retrieved from /home/airflow/.local/lib/python3.12/site-packages/airflow/example_dags/example_branch_labels.py
[2024-10-13T10:06:07.878+0000] {logging_mixin.py:190} INFO - [2024-10-13T10:06:07.876+0000] {dag.py:3239} INFO - Sync 1 DAGs
[2024-10-13T10:06:08.030+0000] {logging_mixin.py:190} INFO - [2024-10-13T10:06:08.029+0000] {dag.py:4180} INFO - Setting next_dagrun for example_branch_labels to 2024-10-12 00:00:00+00:00, run_after=2024-10-13 00:00:00+00:00
[2024-10-13T10:06:08.124+0000] {processor.py:208} INFO - Processing /home/airflow/.local/lib/python3.12/site-packages/airflow/example_dags/example_branch_labels.py took 0.422 seconds
[2024-10-13T10:07:18.997+0000] {processor.py:186} INFO - Started process (PID=157) to work on /home/airflow/.local/lib/python3.12/site-packages/airflow/example_dags/example_branch_labels.py
[2024-10-13T10:07:19.000+0000] {processor.py:914} INFO - Processing file /home/airflow/.local/lib/python3.12/site-packages/airflow/example_dags/example_branch_labels.py for tasks to queue
[2024-10-13T10:07:19.006+0000] {logging_mixin.py:190} INFO - [2024-10-13T10:07:19.005+0000] {dagbag.py:588} INFO - Filling up the DagBag from /home/airflow/.local/lib/python3.12/site-packages/airflow/example_dags/example_branch_labels.py
[2024-10-13T10:07:19.027+0000] {processor.py:925} INFO - DAG(s) 'example_branch_labels' retrieved from /home/airflow/.local/lib/python3.12/site-packages/airflow/example_dags/example_branch_labels.py
[2024-10-13T10:07:19.084+0000] {logging_mixin.py:190} INFO - [2024-10-13T10:07:19.083+0000] {dag.py:3239} INFO - Sync 1 DAGs
[2024-10-13T10:07:19.159+0000] {logging_mixin.py:190} INFO - [2024-10-13T10:07:19.159+0000] {dag.py:4180} INFO - Setting next_dagrun for example_branch_labels to 2024-10-12 00:00:00+00:00, run_after=2024-10-13 00:00:00+00:00
[2024-10-13T10:07:19.204+0000] {processor.py:208} INFO - Processing /home/airflow/.local/lib/python3.12/site-packages/airflow/example_dags/example_branch_labels.py took 0.222 seconds
[2024-10-13T10:07:53.711+0000] {processor.py:186} INFO - Started process (PID=219) to work on /home/airflow/.local/lib/python3.12/site-packages/airflow/example_dags/example_branch_labels.py
[2024-10-13T10:07:53.716+0000] {processor.py:914} INFO - Processing file /home/airflow/.local/lib/python3.12/site-packages/airflow/example_dags/example_branch_labels.py for tasks to queue
[2024-10-13T10:07:53.724+0000] {logging_mixin.py:190} INFO - [2024-10-13T10:07:53.721+0000] {dagbag.py:588} INFO - Filling up the DagBag from /home/airflow/.local/lib/python3.12/site-packages/airflow/example_dags/example_branch_labels.py
[2024-10-13T10:07:53.749+0000] {processor.py:925} INFO - DAG(s) 'example_branch_labels' retrieved from /home/airflow/.local/lib/python3.12/site-packages/airflow/example_dags/example_branch_labels.py
[2024-10-13T10:07:53.829+0000] {logging_mixin.py:190} INFO - [2024-10-13T10:07:53.828+0000] {dag.py:3239} INFO - Sync 1 DAGs
[2024-10-13T10:07:53.904+0000] {logging_mixin.py:190} INFO - [2024-10-13T10:07:53.904+0000] {dag.py:4180} INFO - Setting next_dagrun for example_branch_labels to 2024-10-12 00:00:00+00:00, run_after=2024-10-13 00:00:00+00:00
[2024-10-13T10:07:53.954+0000] {processor.py:208} INFO - Processing /home/airflow/.local/lib/python3.12/site-packages/airflow/example_dags/example_branch_labels.py took 0.260 seconds
[2024-10-13T10:08:39.020+0000] {processor.py:186} INFO - Started process (PID=282) to work on /home/airflow/.local/lib/python3.12/site-packages/airflow/example_dags/example_branch_labels.py
[2024-10-13T10:08:39.026+0000] {processor.py:914} INFO - Processing file /home/airflow/.local/lib/python3.12/site-packages/airflow/example_dags/example_branch_labels.py for tasks to queue
[2024-10-13T10:08:39.036+0000] {logging_mixin.py:190} INFO - [2024-10-13T10:08:39.033+0000] {dagbag.py:588} INFO - Filling up the DagBag from /home/airflow/.local/lib/python3.12/site-packages/airflow/example_dags/example_branch_labels.py
[2024-10-13T10:08:39.091+0000] {processor.py:925} INFO - DAG(s) 'example_branch_labels' retrieved from /home/airflow/.local/lib/python3.12/site-packages/airflow/example_dags/example_branch_labels.py
[2024-10-13T10:08:39.180+0000] {logging_mixin.py:190} INFO - [2024-10-13T10:08:39.179+0000] {dag.py:3239} INFO - Sync 1 DAGs
[2024-10-13T10:08:39.286+0000] {logging_mixin.py:190} INFO - [2024-10-13T10:08:39.286+0000] {dag.py:4180} INFO - Setting next_dagrun for example_branch_labels to 2024-10-12 00:00:00+00:00, run_after=2024-10-13 00:00:00+00:00
[2024-10-13T10:08:39.389+0000] {processor.py:208} INFO - Processing /home/airflow/.local/lib/python3.12/site-packages/airflow/example_dags/example_branch_labels.py took 0.399 seconds
[2024-10-13T10:09:15.731+0000] {processor.py:186} INFO - Started process (PID=343) to work on /home/airflow/.local/lib/python3.12/site-packages/airflow/example_dags/example_branch_labels.py
[2024-10-13T10:09:15.740+0000] {processor.py:914} INFO - Processing file /home/airflow/.local/lib/python3.12/site-packages/airflow/example_dags/example_branch_labels.py for tasks to queue
[2024-10-13T10:09:15.782+0000] {logging_mixin.py:190} INFO - [2024-10-13T10:09:15.778+0000] {dagbag.py:588} INFO - Filling up the DagBag from /home/airflow/.local/lib/python3.12/site-packages/airflow/example_dags/example_branch_labels.py
[2024-10-13T10:09:15.907+0000] {processor.py:925} INFO - DAG(s) 'example_branch_labels' retrieved from /home/airflow/.local/lib/python3.12/site-packages/airflow/example_dags/example_branch_labels.py
[2024-10-13T10:09:15.997+0000] {logging_mixin.py:190} INFO - [2024-10-13T10:09:15.997+0000] {dag.py:3239} INFO - Sync 1 DAGs
[2024-10-13T10:09:16.590+0000] {logging_mixin.py:190} INFO - [2024-10-13T10:09:16.583+0000] {dag.py:4180} INFO - Setting next_dagrun for example_branch_labels to 2024-10-12 00:00:00+00:00, run_after=2024-10-13 00:00:00+00:00
[2024-10-13T10:09:18.040+0000] {processor.py:208} INFO - Processing /home/airflow/.local/lib/python3.12/site-packages/airflow/example_dags/example_branch_labels.py took 2.341 seconds
[2024-10-13T10:09:49.951+0000] {processor.py:186} INFO - Started process (PID=405) to work on /home/airflow/.local/lib/python3.12/site-packages/airflow/example_dags/example_branch_labels.py
[2024-10-13T10:09:49.966+0000] {processor.py:914} INFO - Processing file /home/airflow/.local/lib/python3.12/site-packages/airflow/example_dags/example_branch_labels.py for tasks to queue
[2024-10-13T10:09:50.030+0000] {logging_mixin.py:190} INFO - [2024-10-13T10:09:50.016+0000] {dagbag.py:588} INFO - Filling up the DagBag from /home/airflow/.local/lib/python3.12/site-packages/airflow/example_dags/example_branch_labels.py
[2024-10-13T10:09:50.541+0000] {processor.py:925} INFO - DAG(s) 'example_branch_labels' retrieved from /home/airflow/.local/lib/python3.12/site-packages/airflow/example_dags/example_branch_labels.py
[2024-10-13T10:09:51.151+0000] {logging_mixin.py:190} INFO - [2024-10-13T10:09:51.151+0000] {dag.py:3239} INFO - Sync 1 DAGs
[2024-10-13T10:09:51.968+0000] {logging_mixin.py:190} INFO - [2024-10-13T10:09:51.967+0000] {dag.py:4180} INFO - Setting next_dagrun for example_branch_labels to 2024-10-12 00:00:00+00:00, run_after=2024-10-13 00:00:00+00:00
[2024-10-13T10:09:52.549+0000] {processor.py:208} INFO - Processing /home/airflow/.local/lib/python3.12/site-packages/airflow/example_dags/example_branch_labels.py took 3.265 seconds
[2024-10-13T10:10:23.373+0000] {processor.py:186} INFO - Started process (PID=467) to work on /home/airflow/.local/lib/python3.12/site-packages/airflow/example_dags/example_branch_labels.py
[2024-10-13T10:10:23.375+0000] {processor.py:914} INFO - Processing file /home/airflow/.local/lib/python3.12/site-packages/airflow/example_dags/example_branch_labels.py for tasks to queue
[2024-10-13T10:10:23.382+0000] {logging_mixin.py:190} INFO - [2024-10-13T10:10:23.381+0000] {dagbag.py:588} INFO - Filling up the DagBag from /home/airflow/.local/lib/python3.12/site-packages/airflow/example_dags/example_branch_labels.py
[2024-10-13T10:10:23.408+0000] {processor.py:925} INFO - DAG(s) 'example_branch_labels' retrieved from /home/airflow/.local/lib/python3.12/site-packages/airflow/example_dags/example_branch_labels.py
[2024-10-13T10:10:23.468+0000] {logging_mixin.py:190} INFO - [2024-10-13T10:10:23.467+0000] {dag.py:3239} INFO - Sync 1 DAGs
[2024-10-13T10:10:23.583+0000] {logging_mixin.py:190} INFO - [2024-10-13T10:10:23.582+0000] {dag.py:4180} INFO - Setting next_dagrun for example_branch_labels to 2024-10-12 00:00:00+00:00, run_after=2024-10-13 00:00:00+00:00
[2024-10-13T10:10:23.836+0000] {processor.py:208} INFO - Processing /home/airflow/.local/lib/python3.12/site-packages/airflow/example_dags/example_branch_labels.py took 0.481 seconds
[2024-10-13T10:10:54.034+0000] {processor.py:186} INFO - Started process (PID=529) to work on /home/airflow/.local/lib/python3.12/site-packages/airflow/example_dags/example_branch_labels.py
[2024-10-13T10:10:54.038+0000] {processor.py:914} INFO - Processing file /home/airflow/.local/lib/python3.12/site-packages/airflow/example_dags/example_branch_labels.py for tasks to queue
[2024-10-13T10:10:54.042+0000] {logging_mixin.py:190} INFO - [2024-10-13T10:10:54.041+0000] {dagbag.py:588} INFO - Filling up the DagBag from /home/airflow/.local/lib/python3.12/site-packages/airflow/example_dags/example_branch_labels.py
[2024-10-13T10:10:54.057+0000] {processor.py:925} INFO - DAG(s) 'example_branch_labels' retrieved from /home/airflow/.local/lib/python3.12/site-packages/airflow/example_dags/example_branch_labels.py
[2024-10-13T10:10:54.124+0000] {logging_mixin.py:190} INFO - [2024-10-13T10:10:54.118+0000] {dag.py:3239} INFO - Sync 1 DAGs
[2024-10-13T10:10:54.185+0000] {logging_mixin.py:190} INFO - [2024-10-13T10:10:54.184+0000] {dag.py:4180} INFO - Setting next_dagrun for example_branch_labels to 2024-10-12 00:00:00+00:00, run_after=2024-10-13 00:00:00+00:00
[2024-10-13T10:10:54.261+0000] {processor.py:208} INFO - Processing /home/airflow/.local/lib/python3.12/site-packages/airflow/example_dags/example_branch_labels.py took 0.237 seconds
[2024-10-13T10:11:24.512+0000] {processor.py:186} INFO - Started process (PID=597) to work on /home/airflow/.local/lib/python3.12/site-packages/airflow/example_dags/example_branch_labels.py
[2024-10-13T10:11:24.517+0000] {processor.py:914} INFO - Processing file /home/airflow/.local/lib/python3.12/site-packages/airflow/example_dags/example_branch_labels.py for tasks to queue
[2024-10-13T10:11:24.522+0000] {logging_mixin.py:190} INFO - [2024-10-13T10:11:24.522+0000] {dagbag.py:588} INFO - Filling up the DagBag from /home/airflow/.local/lib/python3.12/site-packages/airflow/example_dags/example_branch_labels.py
[2024-10-13T10:11:24.545+0000] {processor.py:925} INFO - DAG(s) 'example_branch_labels' retrieved from /home/airflow/.local/lib/python3.12/site-packages/airflow/example_dags/example_branch_labels.py
[2024-10-13T10:11:24.587+0000] {logging_mixin.py:190} INFO - [2024-10-13T10:11:24.586+0000] {dag.py:3239} INFO - Sync 1 DAGs
[2024-10-13T10:11:24.630+0000] {logging_mixin.py:190} INFO - [2024-10-13T10:11:24.629+0000] {dag.py:4180} INFO - Setting next_dagrun for example_branch_labels to 2024-10-12 00:00:00+00:00, run_after=2024-10-13 00:00:00+00:00
[2024-10-13T10:11:24.664+0000] {processor.py:208} INFO - Processing /home/airflow/.local/lib/python3.12/site-packages/airflow/example_dags/example_branch_labels.py took 0.166 seconds
[2024-10-13T10:11:55.196+0000] {processor.py:186} INFO - Started process (PID=659) to work on /home/airflow/.local/lib/python3.12/site-packages/airflow/example_dags/example_branch_labels.py
[2024-10-13T10:11:55.207+0000] {processor.py:914} INFO - Processing file /home/airflow/.local/lib/python3.12/site-packages/airflow/example_dags/example_branch_labels.py for tasks to queue
[2024-10-13T10:11:55.241+0000] {logging_mixin.py:190} INFO - [2024-10-13T10:11:55.237+0000] {dagbag.py:588} INFO - Filling up the DagBag from /home/airflow/.local/lib/python3.12/site-packages/airflow/example_dags/example_branch_labels.py
[2024-10-13T10:11:55.312+0000] {processor.py:925} INFO - DAG(s) 'example_branch_labels' retrieved from /home/airflow/.local/lib/python3.12/site-packages/airflow/example_dags/example_branch_labels.py
[2024-10-13T10:11:55.471+0000] {logging_mixin.py:190} INFO - [2024-10-13T10:11:55.470+0000] {dag.py:3239} INFO - Sync 1 DAGs
[2024-10-13T10:11:55.681+0000] {logging_mixin.py:190} INFO - [2024-10-13T10:11:55.679+0000] {dag.py:4180} INFO - Setting next_dagrun for example_branch_labels to 2024-10-12 00:00:00+00:00, run_after=2024-10-13 00:00:00+00:00
[2024-10-13T10:11:55.803+0000] {processor.py:208} INFO - Processing /home/airflow/.local/lib/python3.12/site-packages/airflow/example_dags/example_branch_labels.py took 0.630 seconds
[2024-10-13T10:12:26.194+0000] {processor.py:186} INFO - Started process (PID=721) to work on /home/airflow/.local/lib/python3.12/site-packages/airflow/example_dags/example_branch_labels.py
[2024-10-13T10:12:26.199+0000] {processor.py:914} INFO - Processing file /home/airflow/.local/lib/python3.12/site-packages/airflow/example_dags/example_branch_labels.py for tasks to queue
[2024-10-13T10:12:26.206+0000] {logging_mixin.py:190} INFO - [2024-10-13T10:12:26.206+0000] {dagbag.py:588} INFO - Filling up the DagBag from /home/airflow/.local/lib/python3.12/site-packages/airflow/example_dags/example_branch_labels.py
[2024-10-13T10:12:26.231+0000] {processor.py:925} INFO - DAG(s) 'example_branch_labels' retrieved from /home/airflow/.local/lib/python3.12/site-packages/airflow/example_dags/example_branch_labels.py
[2024-10-13T10:12:26.277+0000] {logging_mixin.py:190} INFO - [2024-10-13T10:12:26.276+0000] {dag.py:3239} INFO - Sync 1 DAGs
[2024-10-13T10:12:26.336+0000] {logging_mixin.py:190} INFO - [2024-10-13T10:12:26.335+0000] {dag.py:4180} INFO - Setting next_dagrun for example_branch_labels to 2024-10-12 00:00:00+00:00, run_after=2024-10-13 00:00:00+00:00
[2024-10-13T10:12:26.382+0000] {processor.py:208} INFO - Processing /home/airflow/.local/lib/python3.12/site-packages/airflow/example_dags/example_branch_labels.py took 0.202 seconds
[2024-10-13T10:12:57.895+0000] {processor.py:186} INFO - Started process (PID=779) to work on /home/airflow/.local/lib/python3.12/site-packages/airflow/example_dags/example_branch_labels.py
[2024-10-13T10:12:57.897+0000] {processor.py:914} INFO - Processing file /home/airflow/.local/lib/python3.12/site-packages/airflow/example_dags/example_branch_labels.py for tasks to queue
[2024-10-13T10:12:57.901+0000] {logging_mixin.py:190} INFO - [2024-10-13T10:12:57.900+0000] {dagbag.py:588} INFO - Filling up the DagBag from /home/airflow/.local/lib/python3.12/site-packages/airflow/example_dags/example_branch_labels.py
[2024-10-13T10:12:57.919+0000] {processor.py:925} INFO - DAG(s) 'example_branch_labels' retrieved from /home/airflow/.local/lib/python3.12/site-packages/airflow/example_dags/example_branch_labels.py
[2024-10-13T10:12:57.962+0000] {logging_mixin.py:190} INFO - [2024-10-13T10:12:57.961+0000] {dag.py:3239} INFO - Sync 1 DAGs
[2024-10-13T10:12:58.028+0000] {logging_mixin.py:190} INFO - [2024-10-13T10:12:58.028+0000] {dag.py:4180} INFO - Setting next_dagrun for example_branch_labels to 2024-10-12 00:00:00+00:00, run_after=2024-10-13 00:00:00+00:00
[2024-10-13T10:12:58.070+0000] {processor.py:208} INFO - Processing /home/airflow/.local/lib/python3.12/site-packages/airflow/example_dags/example_branch_labels.py took 0.186 seconds
[2024-10-13T10:13:28.702+0000] {processor.py:186} INFO - Started process (PID=840) to work on /home/airflow/.local/lib/python3.12/site-packages/airflow/example_dags/example_branch_labels.py
[2024-10-13T10:13:28.706+0000] {processor.py:914} INFO - Processing file /home/airflow/.local/lib/python3.12/site-packages/airflow/example_dags/example_branch_labels.py for tasks to queue
[2024-10-13T10:13:28.712+0000] {logging_mixin.py:190} INFO - [2024-10-13T10:13:28.711+0000] {dagbag.py:588} INFO - Filling up the DagBag from /home/airflow/.local/lib/python3.12/site-packages/airflow/example_dags/example_branch_labels.py
[2024-10-13T10:13:28.741+0000] {processor.py:925} INFO - DAG(s) 'example_branch_labels' retrieved from /home/airflow/.local/lib/python3.12/site-packages/airflow/example_dags/example_branch_labels.py
[2024-10-13T10:13:28.805+0000] {logging_mixin.py:190} INFO - [2024-10-13T10:13:28.804+0000] {dag.py:3239} INFO - Sync 1 DAGs
[2024-10-13T10:13:28.867+0000] {logging_mixin.py:190} INFO - [2024-10-13T10:13:28.867+0000] {dag.py:4180} INFO - Setting next_dagrun for example_branch_labels to 2024-10-12 00:00:00+00:00, run_after=2024-10-13 00:00:00+00:00
[2024-10-13T10:13:28.942+0000] {processor.py:208} INFO - Processing /home/airflow/.local/lib/python3.12/site-packages/airflow/example_dags/example_branch_labels.py took 0.261 seconds
[2024-10-13T10:13:59.114+0000] {processor.py:186} INFO - Started process (PID=902) to work on /home/airflow/.local/lib/python3.12/site-packages/airflow/example_dags/example_branch_labels.py
[2024-10-13T10:13:59.122+0000] {processor.py:914} INFO - Processing file /home/airflow/.local/lib/python3.12/site-packages/airflow/example_dags/example_branch_labels.py for tasks to queue
[2024-10-13T10:13:59.133+0000] {logging_mixin.py:190} INFO - [2024-10-13T10:13:59.132+0000] {dagbag.py:588} INFO - Filling up the DagBag from /home/airflow/.local/lib/python3.12/site-packages/airflow/example_dags/example_branch_labels.py
[2024-10-13T10:13:59.159+0000] {processor.py:925} INFO - DAG(s) 'example_branch_labels' retrieved from /home/airflow/.local/lib/python3.12/site-packages/airflow/example_dags/example_branch_labels.py
[2024-10-13T10:13:59.199+0000] {logging_mixin.py:190} INFO - [2024-10-13T10:13:59.199+0000] {dag.py:3239} INFO - Sync 1 DAGs
[2024-10-13T10:13:59.251+0000] {logging_mixin.py:190} INFO - [2024-10-13T10:13:59.250+0000] {dag.py:4180} INFO - Setting next_dagrun for example_branch_labels to 2024-10-12 00:00:00+00:00, run_after=2024-10-13 00:00:00+00:00
[2024-10-13T10:13:59.291+0000] {processor.py:208} INFO - Processing /home/airflow/.local/lib/python3.12/site-packages/airflow/example_dags/example_branch_labels.py took 0.196 seconds
[2024-10-13T10:14:29.603+0000] {processor.py:186} INFO - Started process (PID=962) to work on /home/airflow/.local/lib/python3.12/site-packages/airflow/example_dags/example_branch_labels.py
[2024-10-13T10:14:29.608+0000] {processor.py:914} INFO - Processing file /home/airflow/.local/lib/python3.12/site-packages/airflow/example_dags/example_branch_labels.py for tasks to queue
[2024-10-13T10:14:29.613+0000] {logging_mixin.py:190} INFO - [2024-10-13T10:14:29.612+0000] {dagbag.py:588} INFO - Filling up the DagBag from /home/airflow/.local/lib/python3.12/site-packages/airflow/example_dags/example_branch_labels.py
[2024-10-13T10:14:29.630+0000] {processor.py:925} INFO - DAG(s) 'example_branch_labels' retrieved from /home/airflow/.local/lib/python3.12/site-packages/airflow/example_dags/example_branch_labels.py
[2024-10-13T10:14:29.672+0000] {logging_mixin.py:190} INFO - [2024-10-13T10:14:29.672+0000] {dag.py:3239} INFO - Sync 1 DAGs
[2024-10-13T10:14:29.746+0000] {logging_mixin.py:190} INFO - [2024-10-13T10:14:29.746+0000] {dag.py:4180} INFO - Setting next_dagrun for example_branch_labels to 2024-10-12 00:00:00+00:00, run_after=2024-10-13 00:00:00+00:00
[2024-10-13T10:14:29.792+0000] {processor.py:208} INFO - Processing /home/airflow/.local/lib/python3.12/site-packages/airflow/example_dags/example_branch_labels.py took 0.203 seconds
[2024-10-13T10:14:59.859+0000] {processor.py:186} INFO - Started process (PID=1020) to work on /home/airflow/.local/lib/python3.12/site-packages/airflow/example_dags/example_branch_labels.py
[2024-10-13T10:14:59.861+0000] {processor.py:914} INFO - Processing file /home/airflow/.local/lib/python3.12/site-packages/airflow/example_dags/example_branch_labels.py for tasks to queue
[2024-10-13T10:14:59.866+0000] {logging_mixin.py:190} INFO - [2024-10-13T10:14:59.865+0000] {dagbag.py:588} INFO - Filling up the DagBag from /home/airflow/.local/lib/python3.12/site-packages/airflow/example_dags/example_branch_labels.py
[2024-10-13T10:14:59.889+0000] {processor.py:925} INFO - DAG(s) 'example_branch_labels' retrieved from /home/airflow/.local/lib/python3.12/site-packages/airflow/example_dags/example_branch_labels.py
[2024-10-13T10:14:59.949+0000] {logging_mixin.py:190} INFO - [2024-10-13T10:14:59.949+0000] {dag.py:3239} INFO - Sync 1 DAGs
[2024-10-13T10:15:00.008+0000] {logging_mixin.py:190} INFO - [2024-10-13T10:15:00.007+0000] {dag.py:4180} INFO - Setting next_dagrun for example_branch_labels to 2024-10-12 00:00:00+00:00, run_after=2024-10-13 00:00:00+00:00
[2024-10-13T10:15:00.066+0000] {processor.py:208} INFO - Processing /home/airflow/.local/lib/python3.12/site-packages/airflow/example_dags/example_branch_labels.py took 0.217 seconds
[2024-10-13T10:15:36.463+0000] {processor.py:186} INFO - Started process (PID=1079) to work on /home/airflow/.local/lib/python3.12/site-packages/airflow/example_dags/example_branch_labels.py
[2024-10-13T10:15:36.468+0000] {processor.py:914} INFO - Processing file /home/airflow/.local/lib/python3.12/site-packages/airflow/example_dags/example_branch_labels.py for tasks to queue
[2024-10-13T10:15:36.484+0000] {logging_mixin.py:190} INFO - [2024-10-13T10:15:36.480+0000] {dagbag.py:588} INFO - Filling up the DagBag from /home/airflow/.local/lib/python3.12/site-packages/airflow/example_dags/example_branch_labels.py
[2024-10-13T10:15:36.536+0000] {processor.py:925} INFO - DAG(s) 'example_branch_labels' retrieved from /home/airflow/.local/lib/python3.12/site-packages/airflow/example_dags/example_branch_labels.py
[2024-10-13T10:15:36.587+0000] {logging_mixin.py:190} INFO - [2024-10-13T10:15:36.586+0000] {dag.py:3239} INFO - Sync 1 DAGs
[2024-10-13T10:15:36.725+0000] {logging_mixin.py:190} INFO - [2024-10-13T10:15:36.724+0000] {dag.py:4180} INFO - Setting next_dagrun for example_branch_labels to 2024-10-12 00:00:00+00:00, run_after=2024-10-13 00:00:00+00:00
[2024-10-13T10:15:36.796+0000] {processor.py:208} INFO - Processing /home/airflow/.local/lib/python3.12/site-packages/airflow/example_dags/example_branch_labels.py took 0.362 seconds
[2024-10-13T10:16:07.210+0000] {processor.py:186} INFO - Started process (PID=1141) to work on /home/airflow/.local/lib/python3.12/site-packages/airflow/example_dags/example_branch_labels.py
[2024-10-13T10:16:07.215+0000] {processor.py:914} INFO - Processing file /home/airflow/.local/lib/python3.12/site-packages/airflow/example_dags/example_branch_labels.py for tasks to queue
[2024-10-13T10:16:07.229+0000] {logging_mixin.py:190} INFO - [2024-10-13T10:16:07.228+0000] {dagbag.py:588} INFO - Filling up the DagBag from /home/airflow/.local/lib/python3.12/site-packages/airflow/example_dags/example_branch_labels.py
[2024-10-13T10:16:07.263+0000] {processor.py:925} INFO - DAG(s) 'example_branch_labels' retrieved from /home/airflow/.local/lib/python3.12/site-packages/airflow/example_dags/example_branch_labels.py
[2024-10-13T10:16:07.346+0000] {logging_mixin.py:190} INFO - [2024-10-13T10:16:07.345+0000] {dag.py:3239} INFO - Sync 1 DAGs
[2024-10-13T10:16:07.421+0000] {logging_mixin.py:190} INFO - [2024-10-13T10:16:07.420+0000] {dag.py:4180} INFO - Setting next_dagrun for example_branch_labels to 2024-10-12 00:00:00+00:00, run_after=2024-10-13 00:00:00+00:00
[2024-10-13T10:16:07.465+0000] {processor.py:208} INFO - Processing /home/airflow/.local/lib/python3.12/site-packages/airflow/example_dags/example_branch_labels.py took 0.283 seconds
[2024-10-13T10:16:38.525+0000] {processor.py:186} INFO - Started process (PID=1203) to work on /home/airflow/.local/lib/python3.12/site-packages/airflow/example_dags/example_branch_labels.py
[2024-10-13T10:16:38.527+0000] {processor.py:914} INFO - Processing file /home/airflow/.local/lib/python3.12/site-packages/airflow/example_dags/example_branch_labels.py for tasks to queue
[2024-10-13T10:16:38.537+0000] {logging_mixin.py:190} INFO - [2024-10-13T10:16:38.536+0000] {dagbag.py:588} INFO - Filling up the DagBag from /home/airflow/.local/lib/python3.12/site-packages/airflow/example_dags/example_branch_labels.py
[2024-10-13T10:16:38.561+0000] {processor.py:925} INFO - DAG(s) 'example_branch_labels' retrieved from /home/airflow/.local/lib/python3.12/site-packages/airflow/example_dags/example_branch_labels.py
[2024-10-13T10:16:38.613+0000] {logging_mixin.py:190} INFO - [2024-10-13T10:16:38.612+0000] {dag.py:3239} INFO - Sync 1 DAGs
[2024-10-13T10:16:38.673+0000] {logging_mixin.py:190} INFO - [2024-10-13T10:16:38.673+0000] {dag.py:4180} INFO - Setting next_dagrun for example_branch_labels to 2024-10-12 00:00:00+00:00, run_after=2024-10-13 00:00:00+00:00
[2024-10-13T10:16:38.718+0000] {processor.py:208} INFO - Processing /home/airflow/.local/lib/python3.12/site-packages/airflow/example_dags/example_branch_labels.py took 0.209 seconds
[2024-10-13T10:17:09.758+0000] {processor.py:186} INFO - Started process (PID=1265) to work on /home/airflow/.local/lib/python3.12/site-packages/airflow/example_dags/example_branch_labels.py
[2024-10-13T10:17:09.763+0000] {processor.py:914} INFO - Processing file /home/airflow/.local/lib/python3.12/site-packages/airflow/example_dags/example_branch_labels.py for tasks to queue
[2024-10-13T10:17:09.773+0000] {logging_mixin.py:190} INFO - [2024-10-13T10:17:09.772+0000] {dagbag.py:588} INFO - Filling up the DagBag from /home/airflow/.local/lib/python3.12/site-packages/airflow/example_dags/example_branch_labels.py
[2024-10-13T10:17:09.819+0000] {processor.py:925} INFO - DAG(s) 'example_branch_labels' retrieved from /home/airflow/.local/lib/python3.12/site-packages/airflow/example_dags/example_branch_labels.py
[2024-10-13T10:17:09.903+0000] {logging_mixin.py:190} INFO - [2024-10-13T10:17:09.902+0000] {dag.py:3239} INFO - Sync 1 DAGs
[2024-10-13T10:17:10.083+0000] {logging_mixin.py:190} INFO - [2024-10-13T10:17:10.082+0000] {dag.py:4180} INFO - Setting next_dagrun for example_branch_labels to 2024-10-12 00:00:00+00:00, run_after=2024-10-13 00:00:00+00:00
[2024-10-13T10:17:10.164+0000] {processor.py:208} INFO - Processing /home/airflow/.local/lib/python3.12/site-packages/airflow/example_dags/example_branch_labels.py took 0.421 seconds
[2024-10-13T10:17:40.520+0000] {processor.py:186} INFO - Started process (PID=1327) to work on /home/airflow/.local/lib/python3.12/site-packages/airflow/example_dags/example_branch_labels.py
[2024-10-13T10:17:40.522+0000] {processor.py:914} INFO - Processing file /home/airflow/.local/lib/python3.12/site-packages/airflow/example_dags/example_branch_labels.py for tasks to queue
[2024-10-13T10:17:40.526+0000] {logging_mixin.py:190} INFO - [2024-10-13T10:17:40.526+0000] {dagbag.py:588} INFO - Filling up the DagBag from /home/airflow/.local/lib/python3.12/site-packages/airflow/example_dags/example_branch_labels.py
[2024-10-13T10:17:40.542+0000] {processor.py:925} INFO - DAG(s) 'example_branch_labels' retrieved from /home/airflow/.local/lib/python3.12/site-packages/airflow/example_dags/example_branch_labels.py
[2024-10-13T10:17:40.575+0000] {logging_mixin.py:190} INFO - [2024-10-13T10:17:40.575+0000] {dag.py:3239} INFO - Sync 1 DAGs
[2024-10-13T10:17:40.614+0000] {logging_mixin.py:190} INFO - [2024-10-13T10:17:40.613+0000] {dag.py:4180} INFO - Setting next_dagrun for example_branch_labels to 2024-10-12 00:00:00+00:00, run_after=2024-10-13 00:00:00+00:00
[2024-10-13T10:17:40.649+0000] {processor.py:208} INFO - Processing /home/airflow/.local/lib/python3.12/site-packages/airflow/example_dags/example_branch_labels.py took 0.138 seconds
[2024-10-13T10:18:11.021+0000] {processor.py:186} INFO - Started process (PID=1388) to work on /home/airflow/.local/lib/python3.12/site-packages/airflow/example_dags/example_branch_labels.py
[2024-10-13T10:18:11.024+0000] {processor.py:914} INFO - Processing file /home/airflow/.local/lib/python3.12/site-packages/airflow/example_dags/example_branch_labels.py for tasks to queue
[2024-10-13T10:18:11.029+0000] {logging_mixin.py:190} INFO - [2024-10-13T10:18:11.028+0000] {dagbag.py:588} INFO - Filling up the DagBag from /home/airflow/.local/lib/python3.12/site-packages/airflow/example_dags/example_branch_labels.py
[2024-10-13T10:18:11.052+0000] {processor.py:925} INFO - DAG(s) 'example_branch_labels' retrieved from /home/airflow/.local/lib/python3.12/site-packages/airflow/example_dags/example_branch_labels.py
[2024-10-13T10:18:11.095+0000] {logging_mixin.py:190} INFO - [2024-10-13T10:18:11.095+0000] {dag.py:3239} INFO - Sync 1 DAGs
[2024-10-13T10:18:11.146+0000] {logging_mixin.py:190} INFO - [2024-10-13T10:18:11.146+0000] {dag.py:4180} INFO - Setting next_dagrun for example_branch_labels to 2024-10-12 00:00:00+00:00, run_after=2024-10-13 00:00:00+00:00
[2024-10-13T10:18:11.189+0000] {processor.py:208} INFO - Processing /home/airflow/.local/lib/python3.12/site-packages/airflow/example_dags/example_branch_labels.py took 0.192 seconds
[2024-10-13T10:19:05.968+0000] {processor.py:186} INFO - Started process (PID=1457) to work on /home/airflow/.local/lib/python3.12/site-packages/airflow/example_dags/example_branch_labels.py
[2024-10-13T10:19:05.984+0000] {processor.py:914} INFO - Processing file /home/airflow/.local/lib/python3.12/site-packages/airflow/example_dags/example_branch_labels.py for tasks to queue
[2024-10-13T10:19:06.000+0000] {logging_mixin.py:190} INFO - [2024-10-13T10:19:05.999+0000] {dagbag.py:588} INFO - Filling up the DagBag from /home/airflow/.local/lib/python3.12/site-packages/airflow/example_dags/example_branch_labels.py
[2024-10-13T10:19:06.057+0000] {processor.py:925} INFO - DAG(s) 'example_branch_labels' retrieved from /home/airflow/.local/lib/python3.12/site-packages/airflow/example_dags/example_branch_labels.py
[2024-10-13T10:19:06.798+0000] {logging_mixin.py:190} INFO - [2024-10-13T10:19:06.797+0000] {dag.py:3239} INFO - Sync 1 DAGs
[2024-10-13T10:19:07.464+0000] {logging_mixin.py:190} INFO - [2024-10-13T10:19:07.463+0000] {dag.py:4180} INFO - Setting next_dagrun for example_branch_labels to 2024-10-12 00:00:00+00:00, run_after=2024-10-13 00:00:00+00:00
[2024-10-13T10:19:07.556+0000] {processor.py:208} INFO - Processing /home/airflow/.local/lib/python3.12/site-packages/airflow/example_dags/example_branch_labels.py took 1.604 seconds
[2024-10-13T10:19:38.419+0000] {processor.py:186} INFO - Started process (PID=1519) to work on /home/airflow/.local/lib/python3.12/site-packages/airflow/example_dags/example_branch_labels.py
[2024-10-13T10:19:38.422+0000] {processor.py:914} INFO - Processing file /home/airflow/.local/lib/python3.12/site-packages/airflow/example_dags/example_branch_labels.py for tasks to queue
[2024-10-13T10:19:38.434+0000] {logging_mixin.py:190} INFO - [2024-10-13T10:19:38.433+0000] {dagbag.py:588} INFO - Filling up the DagBag from /home/airflow/.local/lib/python3.12/site-packages/airflow/example_dags/example_branch_labels.py
[2024-10-13T10:19:38.466+0000] {processor.py:925} INFO - DAG(s) 'example_branch_labels' retrieved from /home/airflow/.local/lib/python3.12/site-packages/airflow/example_dags/example_branch_labels.py
[2024-10-13T10:19:38.530+0000] {logging_mixin.py:190} INFO - [2024-10-13T10:19:38.530+0000] {dag.py:3239} INFO - Sync 1 DAGs
[2024-10-13T10:19:38.584+0000] {logging_mixin.py:190} INFO - [2024-10-13T10:19:38.584+0000] {dag.py:4180} INFO - Setting next_dagrun for example_branch_labels to 2024-10-12 00:00:00+00:00, run_after=2024-10-13 00:00:00+00:00
[2024-10-13T10:19:38.623+0000] {processor.py:208} INFO - Processing /home/airflow/.local/lib/python3.12/site-packages/airflow/example_dags/example_branch_labels.py took 0.226 seconds
[2024-10-13T10:20:09.473+0000] {processor.py:186} INFO - Started process (PID=1580) to work on /home/airflow/.local/lib/python3.12/site-packages/airflow/example_dags/example_branch_labels.py
[2024-10-13T10:20:09.475+0000] {processor.py:914} INFO - Processing file /home/airflow/.local/lib/python3.12/site-packages/airflow/example_dags/example_branch_labels.py for tasks to queue
[2024-10-13T10:20:09.481+0000] {logging_mixin.py:190} INFO - [2024-10-13T10:20:09.480+0000] {dagbag.py:588} INFO - Filling up the DagBag from /home/airflow/.local/lib/python3.12/site-packages/airflow/example_dags/example_branch_labels.py
[2024-10-13T10:20:09.500+0000] {processor.py:925} INFO - DAG(s) 'example_branch_labels' retrieved from /home/airflow/.local/lib/python3.12/site-packages/airflow/example_dags/example_branch_labels.py
[2024-10-13T10:20:09.542+0000] {logging_mixin.py:190} INFO - [2024-10-13T10:20:09.541+0000] {dag.py:3239} INFO - Sync 1 DAGs
[2024-10-13T10:20:09.585+0000] {logging_mixin.py:190} INFO - [2024-10-13T10:20:09.584+0000] {dag.py:4180} INFO - Setting next_dagrun for example_branch_labels to 2024-10-12 00:00:00+00:00, run_after=2024-10-13 00:00:00+00:00
[2024-10-13T10:20:09.619+0000] {processor.py:208} INFO - Processing /home/airflow/.local/lib/python3.12/site-packages/airflow/example_dags/example_branch_labels.py took 0.160 seconds
[2024-10-13T10:20:40.178+0000] {processor.py:186} INFO - Started process (PID=1642) to work on /home/airflow/.local/lib/python3.12/site-packages/airflow/example_dags/example_branch_labels.py
[2024-10-13T10:20:40.180+0000] {processor.py:914} INFO - Processing file /home/airflow/.local/lib/python3.12/site-packages/airflow/example_dags/example_branch_labels.py for tasks to queue
[2024-10-13T10:20:40.188+0000] {logging_mixin.py:190} INFO - [2024-10-13T10:20:40.187+0000] {dagbag.py:588} INFO - Filling up the DagBag from /home/airflow/.local/lib/python3.12/site-packages/airflow/example_dags/example_branch_labels.py
[2024-10-13T10:20:40.206+0000] {processor.py:925} INFO - DAG(s) 'example_branch_labels' retrieved from /home/airflow/.local/lib/python3.12/site-packages/airflow/example_dags/example_branch_labels.py
[2024-10-13T10:20:40.250+0000] {logging_mixin.py:190} INFO - [2024-10-13T10:20:40.249+0000] {dag.py:3239} INFO - Sync 1 DAGs
[2024-10-13T10:20:40.317+0000] {logging_mixin.py:190} INFO - [2024-10-13T10:20:40.316+0000] {dag.py:4180} INFO - Setting next_dagrun for example_branch_labels to 2024-10-12 00:00:00+00:00, run_after=2024-10-13 00:00:00+00:00
[2024-10-13T10:20:40.404+0000] {processor.py:208} INFO - Processing /home/airflow/.local/lib/python3.12/site-packages/airflow/example_dags/example_branch_labels.py took 0.237 seconds
[2024-10-13T10:21:10.573+0000] {processor.py:186} INFO - Started process (PID=1704) to work on /home/airflow/.local/lib/python3.12/site-packages/airflow/example_dags/example_branch_labels.py
[2024-10-13T10:21:10.576+0000] {processor.py:914} INFO - Processing file /home/airflow/.local/lib/python3.12/site-packages/airflow/example_dags/example_branch_labels.py for tasks to queue
[2024-10-13T10:21:10.581+0000] {logging_mixin.py:190} INFO - [2024-10-13T10:21:10.580+0000] {dagbag.py:588} INFO - Filling up the DagBag from /home/airflow/.local/lib/python3.12/site-packages/airflow/example_dags/example_branch_labels.py
[2024-10-13T10:21:10.597+0000] {processor.py:925} INFO - DAG(s) 'example_branch_labels' retrieved from /home/airflow/.local/lib/python3.12/site-packages/airflow/example_dags/example_branch_labels.py
[2024-10-13T10:21:10.633+0000] {logging_mixin.py:190} INFO - [2024-10-13T10:21:10.632+0000] {dag.py:3239} INFO - Sync 1 DAGs
[2024-10-13T10:21:10.671+0000] {logging_mixin.py:190} INFO - [2024-10-13T10:21:10.671+0000] {dag.py:4180} INFO - Setting next_dagrun for example_branch_labels to 2024-10-12 00:00:00+00:00, run_after=2024-10-13 00:00:00+00:00
[2024-10-13T10:21:10.703+0000] {processor.py:208} INFO - Processing /home/airflow/.local/lib/python3.12/site-packages/airflow/example_dags/example_branch_labels.py took 0.140 seconds
[2024-10-13T10:21:41.191+0000] {processor.py:186} INFO - Started process (PID=1767) to work on /home/airflow/.local/lib/python3.12/site-packages/airflow/example_dags/example_branch_labels.py
[2024-10-13T10:21:41.193+0000] {processor.py:914} INFO - Processing file /home/airflow/.local/lib/python3.12/site-packages/airflow/example_dags/example_branch_labels.py for tasks to queue
[2024-10-13T10:21:41.199+0000] {logging_mixin.py:190} INFO - [2024-10-13T10:21:41.198+0000] {dagbag.py:588} INFO - Filling up the DagBag from /home/airflow/.local/lib/python3.12/site-packages/airflow/example_dags/example_branch_labels.py
[2024-10-13T10:21:41.225+0000] {processor.py:925} INFO - DAG(s) 'example_branch_labels' retrieved from /home/airflow/.local/lib/python3.12/site-packages/airflow/example_dags/example_branch_labels.py
[2024-10-13T10:21:41.268+0000] {logging_mixin.py:190} INFO - [2024-10-13T10:21:41.268+0000] {dag.py:3239} INFO - Sync 1 DAGs
[2024-10-13T10:21:41.322+0000] {logging_mixin.py:190} INFO - [2024-10-13T10:21:41.321+0000] {dag.py:4180} INFO - Setting next_dagrun for example_branch_labels to 2024-10-12 00:00:00+00:00, run_after=2024-10-13 00:00:00+00:00
[2024-10-13T10:21:41.360+0000] {processor.py:208} INFO - Processing /home/airflow/.local/lib/python3.12/site-packages/airflow/example_dags/example_branch_labels.py took 0.188 seconds
[2024-10-13T10:22:12.116+0000] {processor.py:186} INFO - Started process (PID=1830) to work on /home/airflow/.local/lib/python3.12/site-packages/airflow/example_dags/example_branch_labels.py
[2024-10-13T10:22:12.121+0000] {processor.py:914} INFO - Processing file /home/airflow/.local/lib/python3.12/site-packages/airflow/example_dags/example_branch_labels.py for tasks to queue
[2024-10-13T10:22:12.127+0000] {logging_mixin.py:190} INFO - [2024-10-13T10:22:12.126+0000] {dagbag.py:588} INFO - Filling up the DagBag from /home/airflow/.local/lib/python3.12/site-packages/airflow/example_dags/example_branch_labels.py
[2024-10-13T10:22:12.153+0000] {processor.py:925} INFO - DAG(s) 'example_branch_labels' retrieved from /home/airflow/.local/lib/python3.12/site-packages/airflow/example_dags/example_branch_labels.py
[2024-10-13T10:22:12.228+0000] {logging_mixin.py:190} INFO - [2024-10-13T10:22:12.228+0000] {dag.py:3239} INFO - Sync 1 DAGs
[2024-10-13T10:22:12.298+0000] {logging_mixin.py:190} INFO - [2024-10-13T10:22:12.298+0000] {dag.py:4180} INFO - Setting next_dagrun for example_branch_labels to 2024-10-12 00:00:00+00:00, run_after=2024-10-13 00:00:00+00:00
[2024-10-13T10:22:12.335+0000] {processor.py:208} INFO - Processing /home/airflow/.local/lib/python3.12/site-packages/airflow/example_dags/example_branch_labels.py took 0.234 seconds
[2024-10-13T10:22:45.233+0000] {processor.py:186} INFO - Started process (PID=1892) to work on /home/airflow/.local/lib/python3.12/site-packages/airflow/example_dags/example_branch_labels.py
[2024-10-13T10:22:45.238+0000] {processor.py:914} INFO - Processing file /home/airflow/.local/lib/python3.12/site-packages/airflow/example_dags/example_branch_labels.py for tasks to queue
[2024-10-13T10:22:45.248+0000] {logging_mixin.py:190} INFO - [2024-10-13T10:22:45.246+0000] {dagbag.py:588} INFO - Filling up the DagBag from /home/airflow/.local/lib/python3.12/site-packages/airflow/example_dags/example_branch_labels.py
[2024-10-13T10:22:45.310+0000] {processor.py:925} INFO - DAG(s) 'example_branch_labels' retrieved from /home/airflow/.local/lib/python3.12/site-packages/airflow/example_dags/example_branch_labels.py
[2024-10-13T10:22:45.398+0000] {logging_mixin.py:190} INFO - [2024-10-13T10:22:45.398+0000] {dag.py:3239} INFO - Sync 1 DAGs
[2024-10-13T10:22:45.494+0000] {logging_mixin.py:190} INFO - [2024-10-13T10:22:45.493+0000] {dag.py:4180} INFO - Setting next_dagrun for example_branch_labels to 2024-10-12 00:00:00+00:00, run_after=2024-10-13 00:00:00+00:00
[2024-10-13T10:22:45.568+0000] {processor.py:208} INFO - Processing /home/airflow/.local/lib/python3.12/site-packages/airflow/example_dags/example_branch_labels.py took 0.353 seconds
[2024-10-13T10:23:23.722+0000] {processor.py:186} INFO - Started process (PID=1955) to work on /home/airflow/.local/lib/python3.12/site-packages/airflow/example_dags/example_branch_labels.py
[2024-10-13T10:23:23.725+0000] {processor.py:914} INFO - Processing file /home/airflow/.local/lib/python3.12/site-packages/airflow/example_dags/example_branch_labels.py for tasks to queue
[2024-10-13T10:23:23.732+0000] {logging_mixin.py:190} INFO - [2024-10-13T10:23:23.731+0000] {dagbag.py:588} INFO - Filling up the DagBag from /home/airflow/.local/lib/python3.12/site-packages/airflow/example_dags/example_branch_labels.py
[2024-10-13T10:23:23.760+0000] {processor.py:925} INFO - DAG(s) 'example_branch_labels' retrieved from /home/airflow/.local/lib/python3.12/site-packages/airflow/example_dags/example_branch_labels.py
[2024-10-13T10:23:23.834+0000] {logging_mixin.py:190} INFO - [2024-10-13T10:23:23.833+0000] {dag.py:3239} INFO - Sync 1 DAGs
[2024-10-13T10:23:23.931+0000] {logging_mixin.py:190} INFO - [2024-10-13T10:23:23.930+0000] {dag.py:4180} INFO - Setting next_dagrun for example_branch_labels to 2024-10-12 00:00:00+00:00, run_after=2024-10-13 00:00:00+00:00
[2024-10-13T10:23:24.008+0000] {processor.py:208} INFO - Processing /home/airflow/.local/lib/python3.12/site-packages/airflow/example_dags/example_branch_labels.py took 0.302 seconds
[2024-10-13T10:24:26.959+0000] {processor.py:186} INFO - Started process (PID=2021) to work on /home/airflow/.local/lib/python3.12/site-packages/airflow/example_dags/example_branch_labels.py
[2024-10-13T10:24:26.980+0000] {processor.py:914} INFO - Processing file /home/airflow/.local/lib/python3.12/site-packages/airflow/example_dags/example_branch_labels.py for tasks to queue
[2024-10-13T10:24:26.990+0000] {logging_mixin.py:190} INFO - [2024-10-13T10:24:26.989+0000] {dagbag.py:588} INFO - Filling up the DagBag from /home/airflow/.local/lib/python3.12/site-packages/airflow/example_dags/example_branch_labels.py
[2024-10-13T10:24:27.063+0000] {processor.py:925} INFO - DAG(s) 'example_branch_labels' retrieved from /home/airflow/.local/lib/python3.12/site-packages/airflow/example_dags/example_branch_labels.py
[2024-10-13T10:24:27.248+0000] {logging_mixin.py:190} INFO - [2024-10-13T10:24:27.248+0000] {dag.py:3239} INFO - Sync 1 DAGs
[2024-10-13T10:24:27.395+0000] {logging_mixin.py:190} INFO - [2024-10-13T10:24:27.391+0000] {dag.py:4180} INFO - Setting next_dagrun for example_branch_labels to 2024-10-12 00:00:00+00:00, run_after=2024-10-13 00:00:00+00:00
[2024-10-13T10:24:27.482+0000] {processor.py:208} INFO - Processing /home/airflow/.local/lib/python3.12/site-packages/airflow/example_dags/example_branch_labels.py took 0.573 seconds
[2024-10-13T10:24:58.019+0000] {processor.py:186} INFO - Started process (PID=2084) to work on /home/airflow/.local/lib/python3.12/site-packages/airflow/example_dags/example_branch_labels.py
[2024-10-13T10:24:58.022+0000] {processor.py:914} INFO - Processing file /home/airflow/.local/lib/python3.12/site-packages/airflow/example_dags/example_branch_labels.py for tasks to queue
[2024-10-13T10:24:58.026+0000] {logging_mixin.py:190} INFO - [2024-10-13T10:24:58.025+0000] {dagbag.py:588} INFO - Filling up the DagBag from /home/airflow/.local/lib/python3.12/site-packages/airflow/example_dags/example_branch_labels.py
[2024-10-13T10:24:58.048+0000] {processor.py:925} INFO - DAG(s) 'example_branch_labels' retrieved from /home/airflow/.local/lib/python3.12/site-packages/airflow/example_dags/example_branch_labels.py
[2024-10-13T10:24:58.093+0000] {logging_mixin.py:190} INFO - [2024-10-13T10:24:58.091+0000] {dag.py:3239} INFO - Sync 1 DAGs
[2024-10-13T10:24:58.143+0000] {logging_mixin.py:190} INFO - [2024-10-13T10:24:58.142+0000] {dag.py:4180} INFO - Setting next_dagrun for example_branch_labels to 2024-10-12 00:00:00+00:00, run_after=2024-10-13 00:00:00+00:00
[2024-10-13T10:24:58.177+0000] {processor.py:208} INFO - Processing /home/airflow/.local/lib/python3.12/site-packages/airflow/example_dags/example_branch_labels.py took 0.170 seconds
[2024-10-13T10:25:29.351+0000] {processor.py:186} INFO - Started process (PID=2147) to work on /home/airflow/.local/lib/python3.12/site-packages/airflow/example_dags/example_branch_labels.py
[2024-10-13T10:25:29.353+0000] {processor.py:914} INFO - Processing file /home/airflow/.local/lib/python3.12/site-packages/airflow/example_dags/example_branch_labels.py for tasks to queue
[2024-10-13T10:25:29.359+0000] {logging_mixin.py:190} INFO - [2024-10-13T10:25:29.358+0000] {dagbag.py:588} INFO - Filling up the DagBag from /home/airflow/.local/lib/python3.12/site-packages/airflow/example_dags/example_branch_labels.py
[2024-10-13T10:25:29.403+0000] {processor.py:925} INFO - DAG(s) 'example_branch_labels' retrieved from /home/airflow/.local/lib/python3.12/site-packages/airflow/example_dags/example_branch_labels.py
[2024-10-13T10:25:29.508+0000] {logging_mixin.py:190} INFO - [2024-10-13T10:25:29.505+0000] {dag.py:3239} INFO - Sync 1 DAGs
[2024-10-13T10:25:29.631+0000] {logging_mixin.py:190} INFO - [2024-10-13T10:25:29.629+0000] {dag.py:4180} INFO - Setting next_dagrun for example_branch_labels to 2024-10-12 00:00:00+00:00, run_after=2024-10-13 00:00:00+00:00
[2024-10-13T10:25:29.709+0000] {processor.py:208} INFO - Processing /home/airflow/.local/lib/python3.12/site-packages/airflow/example_dags/example_branch_labels.py took 0.382 seconds
[2024-10-13T10:26:00.017+0000] {processor.py:186} INFO - Started process (PID=2211) to work on /home/airflow/.local/lib/python3.12/site-packages/airflow/example_dags/example_branch_labels.py
[2024-10-13T10:26:00.020+0000] {processor.py:914} INFO - Processing file /home/airflow/.local/lib/python3.12/site-packages/airflow/example_dags/example_branch_labels.py for tasks to queue
[2024-10-13T10:26:00.032+0000] {logging_mixin.py:190} INFO - [2024-10-13T10:26:00.030+0000] {dagbag.py:588} INFO - Filling up the DagBag from /home/airflow/.local/lib/python3.12/site-packages/airflow/example_dags/example_branch_labels.py
[2024-10-13T10:26:00.060+0000] {processor.py:925} INFO - DAG(s) 'example_branch_labels' retrieved from /home/airflow/.local/lib/python3.12/site-packages/airflow/example_dags/example_branch_labels.py
[2024-10-13T10:26:00.111+0000] {logging_mixin.py:190} INFO - [2024-10-13T10:26:00.110+0000] {dag.py:3239} INFO - Sync 1 DAGs
[2024-10-13T10:26:00.172+0000] {logging_mixin.py:190} INFO - [2024-10-13T10:26:00.171+0000] {dag.py:4180} INFO - Setting next_dagrun for example_branch_labels to 2024-10-12 00:00:00+00:00, run_after=2024-10-13 00:00:00+00:00
[2024-10-13T10:26:00.218+0000] {processor.py:208} INFO - Processing /home/airflow/.local/lib/python3.12/site-packages/airflow/example_dags/example_branch_labels.py took 0.223 seconds
[2024-10-13T10:27:46.382+0000] {processor.py:186} INFO - Started process (PID=2289) to work on /home/airflow/.local/lib/python3.12/site-packages/airflow/example_dags/example_branch_labels.py
[2024-10-13T10:27:46.409+0000] {processor.py:914} INFO - Processing file /home/airflow/.local/lib/python3.12/site-packages/airflow/example_dags/example_branch_labels.py for tasks to queue
[2024-10-13T10:27:46.415+0000] {logging_mixin.py:190} INFO - [2024-10-13T10:27:46.414+0000] {dagbag.py:588} INFO - Filling up the DagBag from /home/airflow/.local/lib/python3.12/site-packages/airflow/example_dags/example_branch_labels.py
[2024-10-13T10:27:46.565+0000] {processor.py:925} INFO - DAG(s) 'example_branch_labels' retrieved from /home/airflow/.local/lib/python3.12/site-packages/airflow/example_dags/example_branch_labels.py
[2024-10-13T10:27:46.759+0000] {logging_mixin.py:190} INFO - [2024-10-13T10:27:46.759+0000] {dag.py:3239} INFO - Sync 1 DAGs
[2024-10-13T10:27:47.391+0000] {logging_mixin.py:190} INFO - [2024-10-13T10:27:47.379+0000] {dag.py:4180} INFO - Setting next_dagrun for example_branch_labels to 2024-10-12 00:00:00+00:00, run_after=2024-10-13 00:00:00+00:00
[2024-10-13T10:27:47.680+0000] {processor.py:208} INFO - Processing /home/airflow/.local/lib/python3.12/site-packages/airflow/example_dags/example_branch_labels.py took 1.396 seconds
[2024-10-13T10:28:49.201+0000] {processor.py:186} INFO - Started process (PID=2363) to work on /home/airflow/.local/lib/python3.12/site-packages/airflow/example_dags/example_branch_labels.py
[2024-10-13T10:28:49.205+0000] {processor.py:914} INFO - Processing file /home/airflow/.local/lib/python3.12/site-packages/airflow/example_dags/example_branch_labels.py for tasks to queue
[2024-10-13T10:28:49.218+0000] {logging_mixin.py:190} INFO - [2024-10-13T10:28:49.217+0000] {dagbag.py:588} INFO - Filling up the DagBag from /home/airflow/.local/lib/python3.12/site-packages/airflow/example_dags/example_branch_labels.py
[2024-10-13T10:28:49.252+0000] {processor.py:925} INFO - DAG(s) 'example_branch_labels' retrieved from /home/airflow/.local/lib/python3.12/site-packages/airflow/example_dags/example_branch_labels.py
[2024-10-13T10:28:49.323+0000] {logging_mixin.py:190} INFO - [2024-10-13T10:28:49.322+0000] {dag.py:3239} INFO - Sync 1 DAGs
[2024-10-13T10:28:49.392+0000] {logging_mixin.py:190} INFO - [2024-10-13T10:28:49.392+0000] {dag.py:4180} INFO - Setting next_dagrun for example_branch_labels to 2024-10-12 00:00:00+00:00, run_after=2024-10-13 00:00:00+00:00
[2024-10-13T10:28:49.488+0000] {processor.py:208} INFO - Processing /home/airflow/.local/lib/python3.12/site-packages/airflow/example_dags/example_branch_labels.py took 0.312 seconds
[2024-10-13T10:29:22.200+0000] {processor.py:186} INFO - Started process (PID=2426) to work on /home/airflow/.local/lib/python3.12/site-packages/airflow/example_dags/example_branch_labels.py
[2024-10-13T10:29:22.203+0000] {processor.py:914} INFO - Processing file /home/airflow/.local/lib/python3.12/site-packages/airflow/example_dags/example_branch_labels.py for tasks to queue
[2024-10-13T10:29:22.210+0000] {logging_mixin.py:190} INFO - [2024-10-13T10:29:22.209+0000] {dagbag.py:588} INFO - Filling up the DagBag from /home/airflow/.local/lib/python3.12/site-packages/airflow/example_dags/example_branch_labels.py
[2024-10-13T10:29:22.234+0000] {processor.py:925} INFO - DAG(s) 'example_branch_labels' retrieved from /home/airflow/.local/lib/python3.12/site-packages/airflow/example_dags/example_branch_labels.py
[2024-10-13T10:29:22.293+0000] {logging_mixin.py:190} INFO - [2024-10-13T10:29:22.293+0000] {dag.py:3239} INFO - Sync 1 DAGs
[2024-10-13T10:29:22.383+0000] {logging_mixin.py:190} INFO - [2024-10-13T10:29:22.382+0000] {dag.py:4180} INFO - Setting next_dagrun for example_branch_labels to 2024-10-12 00:00:00+00:00, run_after=2024-10-13 00:00:00+00:00
[2024-10-13T10:29:22.474+0000] {processor.py:208} INFO - Processing /home/airflow/.local/lib/python3.12/site-packages/airflow/example_dags/example_branch_labels.py took 0.288 seconds
[2024-10-13T10:29:55.628+0000] {processor.py:186} INFO - Started process (PID=2489) to work on /home/airflow/.local/lib/python3.12/site-packages/airflow/example_dags/example_branch_labels.py
[2024-10-13T10:29:55.632+0000] {processor.py:914} INFO - Processing file /home/airflow/.local/lib/python3.12/site-packages/airflow/example_dags/example_branch_labels.py for tasks to queue
[2024-10-13T10:29:55.645+0000] {logging_mixin.py:190} INFO - [2024-10-13T10:29:55.642+0000] {dagbag.py:588} INFO - Filling up the DagBag from /home/airflow/.local/lib/python3.12/site-packages/airflow/example_dags/example_branch_labels.py
[2024-10-13T10:29:55.698+0000] {processor.py:925} INFO - DAG(s) 'example_branch_labels' retrieved from /home/airflow/.local/lib/python3.12/site-packages/airflow/example_dags/example_branch_labels.py
[2024-10-13T10:29:55.801+0000] {logging_mixin.py:190} INFO - [2024-10-13T10:29:55.798+0000] {dag.py:3239} INFO - Sync 1 DAGs
[2024-10-13T10:29:55.949+0000] {logging_mixin.py:190} INFO - [2024-10-13T10:29:55.948+0000] {dag.py:4180} INFO - Setting next_dagrun for example_branch_labels to 2024-10-12 00:00:00+00:00, run_after=2024-10-13 00:00:00+00:00
[2024-10-13T10:29:56.027+0000] {processor.py:208} INFO - Processing /home/airflow/.local/lib/python3.12/site-packages/airflow/example_dags/example_branch_labels.py took 0.429 seconds
[2024-10-13T10:30:26.805+0000] {processor.py:186} INFO - Started process (PID=2552) to work on /home/airflow/.local/lib/python3.12/site-packages/airflow/example_dags/example_branch_labels.py
[2024-10-13T10:30:26.807+0000] {processor.py:914} INFO - Processing file /home/airflow/.local/lib/python3.12/site-packages/airflow/example_dags/example_branch_labels.py for tasks to queue
[2024-10-13T10:30:26.817+0000] {logging_mixin.py:190} INFO - [2024-10-13T10:30:26.816+0000] {dagbag.py:588} INFO - Filling up the DagBag from /home/airflow/.local/lib/python3.12/site-packages/airflow/example_dags/example_branch_labels.py
[2024-10-13T10:30:26.852+0000] {processor.py:925} INFO - DAG(s) 'example_branch_labels' retrieved from /home/airflow/.local/lib/python3.12/site-packages/airflow/example_dags/example_branch_labels.py
[2024-10-13T10:30:26.904+0000] {logging_mixin.py:190} INFO - [2024-10-13T10:30:26.904+0000] {dag.py:3239} INFO - Sync 1 DAGs
[2024-10-13T10:30:26.959+0000] {logging_mixin.py:190} INFO - [2024-10-13T10:30:26.958+0000] {dag.py:4180} INFO - Setting next_dagrun for example_branch_labels to 2024-10-12 00:00:00+00:00, run_after=2024-10-13 00:00:00+00:00
[2024-10-13T10:30:26.994+0000] {processor.py:208} INFO - Processing /home/airflow/.local/lib/python3.12/site-packages/airflow/example_dags/example_branch_labels.py took 0.206 seconds
[2024-10-13T10:30:57.268+0000] {processor.py:186} INFO - Started process (PID=2614) to work on /home/airflow/.local/lib/python3.12/site-packages/airflow/example_dags/example_branch_labels.py
[2024-10-13T10:30:57.270+0000] {processor.py:914} INFO - Processing file /home/airflow/.local/lib/python3.12/site-packages/airflow/example_dags/example_branch_labels.py for tasks to queue
[2024-10-13T10:30:57.275+0000] {logging_mixin.py:190} INFO - [2024-10-13T10:30:57.274+0000] {dagbag.py:588} INFO - Filling up the DagBag from /home/airflow/.local/lib/python3.12/site-packages/airflow/example_dags/example_branch_labels.py
[2024-10-13T10:30:57.291+0000] {processor.py:925} INFO - DAG(s) 'example_branch_labels' retrieved from /home/airflow/.local/lib/python3.12/site-packages/airflow/example_dags/example_branch_labels.py
[2024-10-13T10:30:57.326+0000] {logging_mixin.py:190} INFO - [2024-10-13T10:30:57.325+0000] {dag.py:3239} INFO - Sync 1 DAGs
[2024-10-13T10:30:57.365+0000] {logging_mixin.py:190} INFO - [2024-10-13T10:30:57.365+0000] {dag.py:4180} INFO - Setting next_dagrun for example_branch_labels to 2024-10-12 00:00:00+00:00, run_after=2024-10-13 00:00:00+00:00
[2024-10-13T10:30:57.627+0000] {processor.py:208} INFO - Processing /home/airflow/.local/lib/python3.12/site-packages/airflow/example_dags/example_branch_labels.py took 0.369 seconds
[2024-10-13T10:31:28.140+0000] {processor.py:186} INFO - Started process (PID=2677) to work on /home/airflow/.local/lib/python3.12/site-packages/airflow/example_dags/example_branch_labels.py
[2024-10-13T10:31:28.143+0000] {processor.py:914} INFO - Processing file /home/airflow/.local/lib/python3.12/site-packages/airflow/example_dags/example_branch_labels.py for tasks to queue
[2024-10-13T10:31:28.150+0000] {logging_mixin.py:190} INFO - [2024-10-13T10:31:28.149+0000] {dagbag.py:588} INFO - Filling up the DagBag from /home/airflow/.local/lib/python3.12/site-packages/airflow/example_dags/example_branch_labels.py
[2024-10-13T10:31:28.180+0000] {processor.py:925} INFO - DAG(s) 'example_branch_labels' retrieved from /home/airflow/.local/lib/python3.12/site-packages/airflow/example_dags/example_branch_labels.py
[2024-10-13T10:31:28.256+0000] {logging_mixin.py:190} INFO - [2024-10-13T10:31:28.256+0000] {dag.py:3239} INFO - Sync 1 DAGs
[2024-10-13T10:31:28.334+0000] {logging_mixin.py:190} INFO - [2024-10-13T10:31:28.333+0000] {dag.py:4180} INFO - Setting next_dagrun for example_branch_labels to 2024-10-12 00:00:00+00:00, run_after=2024-10-13 00:00:00+00:00
[2024-10-13T10:31:28.394+0000] {processor.py:208} INFO - Processing /home/airflow/.local/lib/python3.12/site-packages/airflow/example_dags/example_branch_labels.py took 0.270 seconds
[2024-10-13T10:32:05.384+0000] {processor.py:186} INFO - Started process (PID=2742) to work on /home/airflow/.local/lib/python3.12/site-packages/airflow/example_dags/example_branch_labels.py
[2024-10-13T10:32:05.391+0000] {processor.py:914} INFO - Processing file /home/airflow/.local/lib/python3.12/site-packages/airflow/example_dags/example_branch_labels.py for tasks to queue
[2024-10-13T10:32:05.402+0000] {logging_mixin.py:190} INFO - [2024-10-13T10:32:05.398+0000] {dagbag.py:588} INFO - Filling up the DagBag from /home/airflow/.local/lib/python3.12/site-packages/airflow/example_dags/example_branch_labels.py
[2024-10-13T10:32:05.489+0000] {processor.py:925} INFO - DAG(s) 'example_branch_labels' retrieved from /home/airflow/.local/lib/python3.12/site-packages/airflow/example_dags/example_branch_labels.py
[2024-10-13T10:32:05.655+0000] {logging_mixin.py:190} INFO - [2024-10-13T10:32:05.654+0000] {dag.py:3239} INFO - Sync 1 DAGs
[2024-10-13T10:32:05.979+0000] {logging_mixin.py:190} INFO - [2024-10-13T10:32:05.979+0000] {dag.py:4180} INFO - Setting next_dagrun for example_branch_labels to 2024-10-12 00:00:00+00:00, run_after=2024-10-13 00:00:00+00:00
[2024-10-13T10:32:06.139+0000] {processor.py:208} INFO - Processing /home/airflow/.local/lib/python3.12/site-packages/airflow/example_dags/example_branch_labels.py took 0.823 seconds
[2024-10-13T10:36:37.836+0000] {processor.py:186} INFO - Started process (PID=2920) to work on /home/airflow/.local/lib/python3.12/site-packages/airflow/example_dags/example_branch_labels.py
[2024-10-13T10:36:37.843+0000] {processor.py:914} INFO - Processing file /home/airflow/.local/lib/python3.12/site-packages/airflow/example_dags/example_branch_labels.py for tasks to queue
[2024-10-13T10:36:37.856+0000] {logging_mixin.py:190} INFO - [2024-10-13T10:36:37.852+0000] {dagbag.py:588} INFO - Filling up the DagBag from /home/airflow/.local/lib/python3.12/site-packages/airflow/example_dags/example_branch_labels.py
[2024-10-13T10:36:37.980+0000] {processor.py:925} INFO - DAG(s) 'example_branch_labels' retrieved from /home/airflow/.local/lib/python3.12/site-packages/airflow/example_dags/example_branch_labels.py
[2024-10-13T10:36:38.393+0000] {logging_mixin.py:190} INFO - [2024-10-13T10:36:38.387+0000] {dag.py:3239} INFO - Sync 1 DAGs
[2024-10-13T10:36:38.663+0000] {logging_mixin.py:190} INFO - [2024-10-13T10:36:38.655+0000] {dag.py:4180} INFO - Setting next_dagrun for example_branch_labels to 2024-10-12 00:00:00+00:00, run_after=2024-10-13 00:00:00+00:00
[2024-10-13T10:36:38.951+0000] {processor.py:208} INFO - Processing /home/airflow/.local/lib/python3.12/site-packages/airflow/example_dags/example_branch_labels.py took 1.300 seconds
