[2024-10-13T09:45:03.347+0000] {processor.py:186} INFO - Started process (PID=109) to work on /home/airflow/.local/lib/python3.12/site-packages/airflow/example_dags/example_display_name.py
[2024-10-13T09:45:03.349+0000] {processor.py:914} INFO - Processing file /home/airflow/.local/lib/python3.12/site-packages/airflow/example_dags/example_display_name.py for tasks to queue
[2024-10-13T09:45:03.355+0000] {logging_mixin.py:190} INFO - [2024-10-13T09:45:03.354+0000] {dagbag.py:588} INFO - Filling up the DagBag from /home/airflow/.local/lib/python3.12/site-packages/airflow/example_dags/example_display_name.py
[2024-10-13T09:45:03.376+0000] {processor.py:925} INFO - DAG(s) 'example_display_name' retrieved from /home/airflow/.local/lib/python3.12/site-packages/airflow/example_dags/example_display_name.py
[2024-10-13T09:45:03.714+0000] {logging_mixin.py:190} INFO - [2024-10-13T09:45:03.713+0000] {override.py:1900} INFO - Created Permission View: can read on DAG:example_display_name
[2024-10-13T09:45:03.754+0000] {logging_mixin.py:190} INFO - [2024-10-13T09:45:03.753+0000] {override.py:1900} INFO - Created Permission View: can delete on DAG:example_display_name
[2024-10-13T09:45:03.783+0000] {logging_mixin.py:190} INFO - [2024-10-13T09:45:03.782+0000] {override.py:1900} INFO - Created Permission View: can edit on DAG:example_display_name
[2024-10-13T09:45:03.817+0000] {logging_mixin.py:190} INFO - [2024-10-13T09:45:03.816+0000] {override.py:1900} INFO - Created Permission View: can create on DAG Run:example_display_name
[2024-10-13T09:45:03.841+0000] {logging_mixin.py:190} INFO - [2024-10-13T09:45:03.840+0000] {override.py:1900} INFO - Created Permission View: menu access on DAG Run:example_display_name
[2024-10-13T09:45:03.873+0000] {logging_mixin.py:190} INFO - [2024-10-13T09:45:03.872+0000] {override.py:1900} INFO - Created Permission View: can read on DAG Run:example_display_name
[2024-10-13T09:45:03.900+0000] {logging_mixin.py:190} INFO - [2024-10-13T09:45:03.899+0000] {override.py:1900} INFO - Created Permission View: can delete on DAG Run:example_display_name
[2024-10-13T09:45:03.904+0000] {logging_mixin.py:190} INFO - [2024-10-13T09:45:03.902+0000] {dag.py:3239} INFO - Sync 1 DAGs
[2024-10-13T09:45:04.000+0000] {logging_mixin.py:190} INFO - [2024-10-13T09:45:03.999+0000] {dag.py:3262} INFO - Creating ORM DAG for example_display_name
[2024-10-13T09:45:04.002+0000] {logging_mixin.py:190} INFO - [2024-10-13T09:45:04.002+0000] {dag.py:4180} INFO - Setting next_dagrun for example_display_name to None, run_after=None
[2024-10-13T09:45:04.051+0000] {processor.py:208} INFO - Processing /home/airflow/.local/lib/python3.12/site-packages/airflow/example_dags/example_display_name.py took 0.721 seconds
[2024-10-13T09:45:36.759+0000] {processor.py:186} INFO - Started process (PID=169) to work on /home/airflow/.local/lib/python3.12/site-packages/airflow/example_dags/example_display_name.py
[2024-10-13T09:45:36.765+0000] {processor.py:914} INFO - Processing file /home/airflow/.local/lib/python3.12/site-packages/airflow/example_dags/example_display_name.py for tasks to queue
[2024-10-13T09:45:36.782+0000] {logging_mixin.py:190} INFO - [2024-10-13T09:45:36.778+0000] {dagbag.py:588} INFO - Filling up the DagBag from /home/airflow/.local/lib/python3.12/site-packages/airflow/example_dags/example_display_name.py
[2024-10-13T09:45:36.829+0000] {processor.py:925} INFO - DAG(s) 'example_display_name' retrieved from /home/airflow/.local/lib/python3.12/site-packages/airflow/example_dags/example_display_name.py
[2024-10-13T09:45:36.955+0000] {logging_mixin.py:190} INFO - [2024-10-13T09:45:36.955+0000] {dag.py:3239} INFO - Sync 1 DAGs
[2024-10-13T09:45:37.057+0000] {logging_mixin.py:190} INFO - [2024-10-13T09:45:37.056+0000] {dag.py:4180} INFO - Setting next_dagrun for example_display_name to None, run_after=None
[2024-10-13T09:45:37.215+0000] {processor.py:208} INFO - Processing /home/airflow/.local/lib/python3.12/site-packages/airflow/example_dags/example_display_name.py took 0.498 seconds
[2024-10-13T09:46:08.147+0000] {processor.py:186} INFO - Started process (PID=231) to work on /home/airflow/.local/lib/python3.12/site-packages/airflow/example_dags/example_display_name.py
[2024-10-13T09:46:08.156+0000] {processor.py:914} INFO - Processing file /home/airflow/.local/lib/python3.12/site-packages/airflow/example_dags/example_display_name.py for tasks to queue
[2024-10-13T09:46:08.167+0000] {logging_mixin.py:190} INFO - [2024-10-13T09:46:08.166+0000] {dagbag.py:588} INFO - Filling up the DagBag from /home/airflow/.local/lib/python3.12/site-packages/airflow/example_dags/example_display_name.py
[2024-10-13T09:46:08.212+0000] {processor.py:925} INFO - DAG(s) 'example_display_name' retrieved from /home/airflow/.local/lib/python3.12/site-packages/airflow/example_dags/example_display_name.py
[2024-10-13T09:46:08.331+0000] {logging_mixin.py:190} INFO - [2024-10-13T09:46:08.330+0000] {dag.py:3239} INFO - Sync 1 DAGs
[2024-10-13T09:46:08.414+0000] {logging_mixin.py:190} INFO - [2024-10-13T09:46:08.413+0000] {dag.py:4180} INFO - Setting next_dagrun for example_display_name to None, run_after=None
[2024-10-13T09:46:08.504+0000] {processor.py:208} INFO - Processing /home/airflow/.local/lib/python3.12/site-packages/airflow/example_dags/example_display_name.py took 0.390 seconds
[2024-10-13T09:46:39.329+0000] {processor.py:186} INFO - Started process (PID=295) to work on /home/airflow/.local/lib/python3.12/site-packages/airflow/example_dags/example_display_name.py
[2024-10-13T09:46:39.332+0000] {processor.py:914} INFO - Processing file /home/airflow/.local/lib/python3.12/site-packages/airflow/example_dags/example_display_name.py for tasks to queue
[2024-10-13T09:46:39.338+0000] {logging_mixin.py:190} INFO - [2024-10-13T09:46:39.337+0000] {dagbag.py:588} INFO - Filling up the DagBag from /home/airflow/.local/lib/python3.12/site-packages/airflow/example_dags/example_display_name.py
[2024-10-13T09:46:39.356+0000] {processor.py:925} INFO - DAG(s) 'example_display_name' retrieved from /home/airflow/.local/lib/python3.12/site-packages/airflow/example_dags/example_display_name.py
[2024-10-13T09:46:39.400+0000] {logging_mixin.py:190} INFO - [2024-10-13T09:46:39.400+0000] {dag.py:3239} INFO - Sync 1 DAGs
[2024-10-13T09:46:39.426+0000] {logging_mixin.py:190} INFO - [2024-10-13T09:46:39.425+0000] {dag.py:4180} INFO - Setting next_dagrun for example_display_name to None, run_after=None
[2024-10-13T09:46:39.464+0000] {processor.py:208} INFO - Processing /home/airflow/.local/lib/python3.12/site-packages/airflow/example_dags/example_display_name.py took 0.148 seconds
[2024-10-13T09:47:10.517+0000] {processor.py:186} INFO - Started process (PID=357) to work on /home/airflow/.local/lib/python3.12/site-packages/airflow/example_dags/example_display_name.py
[2024-10-13T09:47:10.518+0000] {processor.py:914} INFO - Processing file /home/airflow/.local/lib/python3.12/site-packages/airflow/example_dags/example_display_name.py for tasks to queue
[2024-10-13T09:47:10.522+0000] {logging_mixin.py:190} INFO - [2024-10-13T09:47:10.522+0000] {dagbag.py:588} INFO - Filling up the DagBag from /home/airflow/.local/lib/python3.12/site-packages/airflow/example_dags/example_display_name.py
[2024-10-13T09:47:10.536+0000] {processor.py:925} INFO - DAG(s) 'example_display_name' retrieved from /home/airflow/.local/lib/python3.12/site-packages/airflow/example_dags/example_display_name.py
[2024-10-13T09:47:10.574+0000] {logging_mixin.py:190} INFO - [2024-10-13T09:47:10.574+0000] {dag.py:3239} INFO - Sync 1 DAGs
[2024-10-13T09:47:10.604+0000] {logging_mixin.py:190} INFO - [2024-10-13T09:47:10.604+0000] {dag.py:4180} INFO - Setting next_dagrun for example_display_name to None, run_after=None
[2024-10-13T09:47:10.639+0000] {processor.py:208} INFO - Processing /home/airflow/.local/lib/python3.12/site-packages/airflow/example_dags/example_display_name.py took 0.132 seconds
[2024-10-13T09:47:41.139+0000] {processor.py:186} INFO - Started process (PID=418) to work on /home/airflow/.local/lib/python3.12/site-packages/airflow/example_dags/example_display_name.py
[2024-10-13T09:47:41.141+0000] {processor.py:914} INFO - Processing file /home/airflow/.local/lib/python3.12/site-packages/airflow/example_dags/example_display_name.py for tasks to queue
[2024-10-13T09:47:41.146+0000] {logging_mixin.py:190} INFO - [2024-10-13T09:47:41.145+0000] {dagbag.py:588} INFO - Filling up the DagBag from /home/airflow/.local/lib/python3.12/site-packages/airflow/example_dags/example_display_name.py
[2024-10-13T09:47:41.160+0000] {processor.py:925} INFO - DAG(s) 'example_display_name' retrieved from /home/airflow/.local/lib/python3.12/site-packages/airflow/example_dags/example_display_name.py
[2024-10-13T09:47:41.196+0000] {logging_mixin.py:190} INFO - [2024-10-13T09:47:41.195+0000] {dag.py:3239} INFO - Sync 1 DAGs
[2024-10-13T09:47:41.224+0000] {logging_mixin.py:190} INFO - [2024-10-13T09:47:41.223+0000] {dag.py:4180} INFO - Setting next_dagrun for example_display_name to None, run_after=None
[2024-10-13T09:47:41.317+0000] {processor.py:208} INFO - Processing /home/airflow/.local/lib/python3.12/site-packages/airflow/example_dags/example_display_name.py took 0.189 seconds
[2024-10-13T09:48:12.296+0000] {processor.py:186} INFO - Started process (PID=485) to work on /home/airflow/.local/lib/python3.12/site-packages/airflow/example_dags/example_display_name.py
[2024-10-13T09:48:12.299+0000] {processor.py:914} INFO - Processing file /home/airflow/.local/lib/python3.12/site-packages/airflow/example_dags/example_display_name.py for tasks to queue
[2024-10-13T09:48:12.304+0000] {logging_mixin.py:190} INFO - [2024-10-13T09:48:12.303+0000] {dagbag.py:588} INFO - Filling up the DagBag from /home/airflow/.local/lib/python3.12/site-packages/airflow/example_dags/example_display_name.py
[2024-10-13T09:48:12.320+0000] {processor.py:925} INFO - DAG(s) 'example_display_name' retrieved from /home/airflow/.local/lib/python3.12/site-packages/airflow/example_dags/example_display_name.py
[2024-10-13T09:48:12.355+0000] {logging_mixin.py:190} INFO - [2024-10-13T09:48:12.354+0000] {dag.py:3239} INFO - Sync 1 DAGs
[2024-10-13T09:48:12.380+0000] {logging_mixin.py:190} INFO - [2024-10-13T09:48:12.379+0000] {dag.py:4180} INFO - Setting next_dagrun for example_display_name to None, run_after=None
[2024-10-13T09:48:12.425+0000] {processor.py:208} INFO - Processing /home/airflow/.local/lib/python3.12/site-packages/airflow/example_dags/example_display_name.py took 0.141 seconds
[2024-10-13T09:48:43.528+0000] {processor.py:186} INFO - Started process (PID=547) to work on /home/airflow/.local/lib/python3.12/site-packages/airflow/example_dags/example_display_name.py
[2024-10-13T09:48:43.531+0000] {processor.py:914} INFO - Processing file /home/airflow/.local/lib/python3.12/site-packages/airflow/example_dags/example_display_name.py for tasks to queue
[2024-10-13T09:48:43.536+0000] {logging_mixin.py:190} INFO - [2024-10-13T09:48:43.536+0000] {dagbag.py:588} INFO - Filling up the DagBag from /home/airflow/.local/lib/python3.12/site-packages/airflow/example_dags/example_display_name.py
[2024-10-13T09:48:43.558+0000] {processor.py:925} INFO - DAG(s) 'example_display_name' retrieved from /home/airflow/.local/lib/python3.12/site-packages/airflow/example_dags/example_display_name.py
[2024-10-13T09:48:43.600+0000] {logging_mixin.py:190} INFO - [2024-10-13T09:48:43.599+0000] {dag.py:3239} INFO - Sync 1 DAGs
[2024-10-13T09:48:43.634+0000] {logging_mixin.py:190} INFO - [2024-10-13T09:48:43.634+0000] {dag.py:4180} INFO - Setting next_dagrun for example_display_name to None, run_after=None
[2024-10-13T09:48:43.710+0000] {processor.py:208} INFO - Processing /home/airflow/.local/lib/python3.12/site-packages/airflow/example_dags/example_display_name.py took 0.197 seconds
[2024-10-13T09:49:14.033+0000] {processor.py:186} INFO - Started process (PID=609) to work on /home/airflow/.local/lib/python3.12/site-packages/airflow/example_dags/example_display_name.py
[2024-10-13T09:49:14.049+0000] {processor.py:914} INFO - Processing file /home/airflow/.local/lib/python3.12/site-packages/airflow/example_dags/example_display_name.py for tasks to queue
[2024-10-13T09:49:14.054+0000] {logging_mixin.py:190} INFO - [2024-10-13T09:49:14.053+0000] {dagbag.py:588} INFO - Filling up the DagBag from /home/airflow/.local/lib/python3.12/site-packages/airflow/example_dags/example_display_name.py
[2024-10-13T09:49:14.087+0000] {processor.py:925} INFO - DAG(s) 'example_display_name' retrieved from /home/airflow/.local/lib/python3.12/site-packages/airflow/example_dags/example_display_name.py
[2024-10-13T09:49:14.183+0000] {logging_mixin.py:190} INFO - [2024-10-13T09:49:14.182+0000] {dag.py:3239} INFO - Sync 1 DAGs
[2024-10-13T09:49:14.237+0000] {logging_mixin.py:190} INFO - [2024-10-13T09:49:14.231+0000] {dag.py:4180} INFO - Setting next_dagrun for example_display_name to None, run_after=None
[2024-10-13T09:49:14.377+0000] {processor.py:208} INFO - Processing /home/airflow/.local/lib/python3.12/site-packages/airflow/example_dags/example_display_name.py took 0.358 seconds
[2024-10-13T09:49:45.325+0000] {processor.py:186} INFO - Started process (PID=670) to work on /home/airflow/.local/lib/python3.12/site-packages/airflow/example_dags/example_display_name.py
[2024-10-13T09:49:45.328+0000] {processor.py:914} INFO - Processing file /home/airflow/.local/lib/python3.12/site-packages/airflow/example_dags/example_display_name.py for tasks to queue
[2024-10-13T09:49:45.333+0000] {logging_mixin.py:190} INFO - [2024-10-13T09:49:45.332+0000] {dagbag.py:588} INFO - Filling up the DagBag from /home/airflow/.local/lib/python3.12/site-packages/airflow/example_dags/example_display_name.py
[2024-10-13T09:49:45.348+0000] {processor.py:925} INFO - DAG(s) 'example_display_name' retrieved from /home/airflow/.local/lib/python3.12/site-packages/airflow/example_dags/example_display_name.py
[2024-10-13T09:49:45.392+0000] {logging_mixin.py:190} INFO - [2024-10-13T09:49:45.391+0000] {dag.py:3239} INFO - Sync 1 DAGs
[2024-10-13T09:49:45.419+0000] {logging_mixin.py:190} INFO - [2024-10-13T09:49:45.418+0000] {dag.py:4180} INFO - Setting next_dagrun for example_display_name to None, run_after=None
[2024-10-13T09:49:45.456+0000] {processor.py:208} INFO - Processing /home/airflow/.local/lib/python3.12/site-packages/airflow/example_dags/example_display_name.py took 0.142 seconds
[2024-10-13T09:50:15.732+0000] {processor.py:186} INFO - Started process (PID=730) to work on /home/airflow/.local/lib/python3.12/site-packages/airflow/example_dags/example_display_name.py
[2024-10-13T09:50:15.734+0000] {processor.py:914} INFO - Processing file /home/airflow/.local/lib/python3.12/site-packages/airflow/example_dags/example_display_name.py for tasks to queue
[2024-10-13T09:50:15.752+0000] {logging_mixin.py:190} INFO - [2024-10-13T09:50:15.751+0000] {dagbag.py:588} INFO - Filling up the DagBag from /home/airflow/.local/lib/python3.12/site-packages/airflow/example_dags/example_display_name.py
[2024-10-13T09:50:15.764+0000] {processor.py:925} INFO - DAG(s) 'example_display_name' retrieved from /home/airflow/.local/lib/python3.12/site-packages/airflow/example_dags/example_display_name.py
[2024-10-13T09:50:15.814+0000] {logging_mixin.py:190} INFO - [2024-10-13T09:50:15.813+0000] {dag.py:3239} INFO - Sync 1 DAGs
[2024-10-13T09:50:15.851+0000] {logging_mixin.py:190} INFO - [2024-10-13T09:50:15.851+0000] {dag.py:4180} INFO - Setting next_dagrun for example_display_name to None, run_after=None
[2024-10-13T09:50:15.904+0000] {processor.py:208} INFO - Processing /home/airflow/.local/lib/python3.12/site-packages/airflow/example_dags/example_display_name.py took 0.184 seconds
[2024-10-13T09:50:45.952+0000] {processor.py:186} INFO - Started process (PID=792) to work on /home/airflow/.local/lib/python3.12/site-packages/airflow/example_dags/example_display_name.py
[2024-10-13T09:50:45.954+0000] {processor.py:914} INFO - Processing file /home/airflow/.local/lib/python3.12/site-packages/airflow/example_dags/example_display_name.py for tasks to queue
[2024-10-13T09:50:45.958+0000] {logging_mixin.py:190} INFO - [2024-10-13T09:50:45.958+0000] {dagbag.py:588} INFO - Filling up the DagBag from /home/airflow/.local/lib/python3.12/site-packages/airflow/example_dags/example_display_name.py
[2024-10-13T09:50:45.971+0000] {processor.py:925} INFO - DAG(s) 'example_display_name' retrieved from /home/airflow/.local/lib/python3.12/site-packages/airflow/example_dags/example_display_name.py
[2024-10-13T09:50:46.004+0000] {logging_mixin.py:190} INFO - [2024-10-13T09:50:46.004+0000] {dag.py:3239} INFO - Sync 1 DAGs
[2024-10-13T09:50:46.027+0000] {logging_mixin.py:190} INFO - [2024-10-13T09:50:46.027+0000] {dag.py:4180} INFO - Setting next_dagrun for example_display_name to None, run_after=None
[2024-10-13T09:50:46.060+0000] {processor.py:208} INFO - Processing /home/airflow/.local/lib/python3.12/site-packages/airflow/example_dags/example_display_name.py took 0.119 seconds
[2024-10-13T09:51:16.328+0000] {processor.py:186} INFO - Started process (PID=854) to work on /home/airflow/.local/lib/python3.12/site-packages/airflow/example_dags/example_display_name.py
[2024-10-13T09:51:16.332+0000] {processor.py:914} INFO - Processing file /home/airflow/.local/lib/python3.12/site-packages/airflow/example_dags/example_display_name.py for tasks to queue
[2024-10-13T09:51:16.336+0000] {logging_mixin.py:190} INFO - [2024-10-13T09:51:16.336+0000] {dagbag.py:588} INFO - Filling up the DagBag from /home/airflow/.local/lib/python3.12/site-packages/airflow/example_dags/example_display_name.py
[2024-10-13T09:51:16.351+0000] {processor.py:925} INFO - DAG(s) 'example_display_name' retrieved from /home/airflow/.local/lib/python3.12/site-packages/airflow/example_dags/example_display_name.py
[2024-10-13T09:51:16.387+0000] {logging_mixin.py:190} INFO - [2024-10-13T09:51:16.386+0000] {dag.py:3239} INFO - Sync 1 DAGs
[2024-10-13T09:51:16.415+0000] {logging_mixin.py:190} INFO - [2024-10-13T09:51:16.415+0000] {dag.py:4180} INFO - Setting next_dagrun for example_display_name to None, run_after=None
[2024-10-13T09:51:16.448+0000] {processor.py:208} INFO - Processing /home/airflow/.local/lib/python3.12/site-packages/airflow/example_dags/example_display_name.py took 0.132 seconds
[2024-10-13T09:51:47.478+0000] {processor.py:186} INFO - Started process (PID=916) to work on /home/airflow/.local/lib/python3.12/site-packages/airflow/example_dags/example_display_name.py
[2024-10-13T09:51:47.481+0000] {processor.py:914} INFO - Processing file /home/airflow/.local/lib/python3.12/site-packages/airflow/example_dags/example_display_name.py for tasks to queue
[2024-10-13T09:51:47.489+0000] {logging_mixin.py:190} INFO - [2024-10-13T09:51:47.488+0000] {dagbag.py:588} INFO - Filling up the DagBag from /home/airflow/.local/lib/python3.12/site-packages/airflow/example_dags/example_display_name.py
[2024-10-13T09:51:47.506+0000] {processor.py:925} INFO - DAG(s) 'example_display_name' retrieved from /home/airflow/.local/lib/python3.12/site-packages/airflow/example_dags/example_display_name.py
[2024-10-13T09:51:47.545+0000] {logging_mixin.py:190} INFO - [2024-10-13T09:51:47.544+0000] {dag.py:3239} INFO - Sync 1 DAGs
[2024-10-13T09:51:47.602+0000] {logging_mixin.py:190} INFO - [2024-10-13T09:51:47.602+0000] {dag.py:4180} INFO - Setting next_dagrun for example_display_name to None, run_after=None
[2024-10-13T09:51:47.652+0000] {processor.py:208} INFO - Processing /home/airflow/.local/lib/python3.12/site-packages/airflow/example_dags/example_display_name.py took 0.204 seconds
[2024-10-13T09:52:18.161+0000] {processor.py:186} INFO - Started process (PID=978) to work on /home/airflow/.local/lib/python3.12/site-packages/airflow/example_dags/example_display_name.py
[2024-10-13T09:52:18.164+0000] {processor.py:914} INFO - Processing file /home/airflow/.local/lib/python3.12/site-packages/airflow/example_dags/example_display_name.py for tasks to queue
[2024-10-13T09:52:18.173+0000] {logging_mixin.py:190} INFO - [2024-10-13T09:52:18.172+0000] {dagbag.py:588} INFO - Filling up the DagBag from /home/airflow/.local/lib/python3.12/site-packages/airflow/example_dags/example_display_name.py
[2024-10-13T09:52:18.193+0000] {processor.py:925} INFO - DAG(s) 'example_display_name' retrieved from /home/airflow/.local/lib/python3.12/site-packages/airflow/example_dags/example_display_name.py
[2024-10-13T09:52:18.238+0000] {logging_mixin.py:190} INFO - [2024-10-13T09:52:18.238+0000] {dag.py:3239} INFO - Sync 1 DAGs
[2024-10-13T09:52:18.263+0000] {logging_mixin.py:190} INFO - [2024-10-13T09:52:18.263+0000] {dag.py:4180} INFO - Setting next_dagrun for example_display_name to None, run_after=None
[2024-10-13T09:52:18.304+0000] {processor.py:208} INFO - Processing /home/airflow/.local/lib/python3.12/site-packages/airflow/example_dags/example_display_name.py took 0.154 seconds
[2024-10-13T09:52:48.501+0000] {processor.py:186} INFO - Started process (PID=1039) to work on /home/airflow/.local/lib/python3.12/site-packages/airflow/example_dags/example_display_name.py
[2024-10-13T09:52:48.504+0000] {processor.py:914} INFO - Processing file /home/airflow/.local/lib/python3.12/site-packages/airflow/example_dags/example_display_name.py for tasks to queue
[2024-10-13T09:52:48.509+0000] {logging_mixin.py:190} INFO - [2024-10-13T09:52:48.508+0000] {dagbag.py:588} INFO - Filling up the DagBag from /home/airflow/.local/lib/python3.12/site-packages/airflow/example_dags/example_display_name.py
[2024-10-13T09:52:48.524+0000] {processor.py:925} INFO - DAG(s) 'example_display_name' retrieved from /home/airflow/.local/lib/python3.12/site-packages/airflow/example_dags/example_display_name.py
[2024-10-13T09:52:48.561+0000] {logging_mixin.py:190} INFO - [2024-10-13T09:52:48.561+0000] {dag.py:3239} INFO - Sync 1 DAGs
[2024-10-13T09:52:48.588+0000] {logging_mixin.py:190} INFO - [2024-10-13T09:52:48.588+0000] {dag.py:4180} INFO - Setting next_dagrun for example_display_name to None, run_after=None
[2024-10-13T09:52:48.636+0000] {processor.py:208} INFO - Processing /home/airflow/.local/lib/python3.12/site-packages/airflow/example_dags/example_display_name.py took 0.148 seconds
[2024-10-13T09:53:23.669+0000] {processor.py:186} INFO - Started process (PID=1101) to work on /home/airflow/.local/lib/python3.12/site-packages/airflow/example_dags/example_display_name.py
[2024-10-13T09:53:23.672+0000] {processor.py:914} INFO - Processing file /home/airflow/.local/lib/python3.12/site-packages/airflow/example_dags/example_display_name.py for tasks to queue
[2024-10-13T09:53:23.677+0000] {logging_mixin.py:190} INFO - [2024-10-13T09:53:23.677+0000] {dagbag.py:588} INFO - Filling up the DagBag from /home/airflow/.local/lib/python3.12/site-packages/airflow/example_dags/example_display_name.py
[2024-10-13T09:53:23.695+0000] {processor.py:925} INFO - DAG(s) 'example_display_name' retrieved from /home/airflow/.local/lib/python3.12/site-packages/airflow/example_dags/example_display_name.py
[2024-10-13T09:53:23.735+0000] {logging_mixin.py:190} INFO - [2024-10-13T09:53:23.735+0000] {dag.py:3239} INFO - Sync 1 DAGs
[2024-10-13T09:53:23.785+0000] {logging_mixin.py:190} INFO - [2024-10-13T09:53:23.784+0000] {dag.py:4180} INFO - Setting next_dagrun for example_display_name to None, run_after=None
[2024-10-13T09:53:23.831+0000] {processor.py:208} INFO - Processing /home/airflow/.local/lib/python3.12/site-packages/airflow/example_dags/example_display_name.py took 0.178 seconds
[2024-10-13T09:53:54.421+0000] {processor.py:186} INFO - Started process (PID=1163) to work on /home/airflow/.local/lib/python3.12/site-packages/airflow/example_dags/example_display_name.py
[2024-10-13T09:53:54.423+0000] {processor.py:914} INFO - Processing file /home/airflow/.local/lib/python3.12/site-packages/airflow/example_dags/example_display_name.py for tasks to queue
[2024-10-13T09:53:54.429+0000] {logging_mixin.py:190} INFO - [2024-10-13T09:53:54.428+0000] {dagbag.py:588} INFO - Filling up the DagBag from /home/airflow/.local/lib/python3.12/site-packages/airflow/example_dags/example_display_name.py
[2024-10-13T09:53:54.444+0000] {processor.py:925} INFO - DAG(s) 'example_display_name' retrieved from /home/airflow/.local/lib/python3.12/site-packages/airflow/example_dags/example_display_name.py
[2024-10-13T09:53:54.478+0000] {logging_mixin.py:190} INFO - [2024-10-13T09:53:54.478+0000] {dag.py:3239} INFO - Sync 1 DAGs
[2024-10-13T09:53:54.506+0000] {logging_mixin.py:190} INFO - [2024-10-13T09:53:54.506+0000] {dag.py:4180} INFO - Setting next_dagrun for example_display_name to None, run_after=None
[2024-10-13T09:53:54.621+0000] {processor.py:208} INFO - Processing /home/airflow/.local/lib/python3.12/site-packages/airflow/example_dags/example_display_name.py took 0.212 seconds
[2024-10-13T09:54:26.802+0000] {processor.py:186} INFO - Started process (PID=1229) to work on /home/airflow/.local/lib/python3.12/site-packages/airflow/example_dags/example_display_name.py
[2024-10-13T09:54:26.804+0000] {processor.py:914} INFO - Processing file /home/airflow/.local/lib/python3.12/site-packages/airflow/example_dags/example_display_name.py for tasks to queue
[2024-10-13T09:54:26.810+0000] {logging_mixin.py:190} INFO - [2024-10-13T09:54:26.809+0000] {dagbag.py:588} INFO - Filling up the DagBag from /home/airflow/.local/lib/python3.12/site-packages/airflow/example_dags/example_display_name.py
[2024-10-13T09:54:26.833+0000] {processor.py:925} INFO - DAG(s) 'example_display_name' retrieved from /home/airflow/.local/lib/python3.12/site-packages/airflow/example_dags/example_display_name.py
[2024-10-13T09:54:26.888+0000] {logging_mixin.py:190} INFO - [2024-10-13T09:54:26.887+0000] {dag.py:3239} INFO - Sync 1 DAGs
[2024-10-13T09:54:26.932+0000] {logging_mixin.py:190} INFO - [2024-10-13T09:54:26.932+0000] {dag.py:4180} INFO - Setting next_dagrun for example_display_name to None, run_after=None
[2024-10-13T09:54:26.981+0000] {processor.py:208} INFO - Processing /home/airflow/.local/lib/python3.12/site-packages/airflow/example_dags/example_display_name.py took 0.193 seconds
[2024-10-13T09:54:57.509+0000] {processor.py:186} INFO - Started process (PID=1291) to work on /home/airflow/.local/lib/python3.12/site-packages/airflow/example_dags/example_display_name.py
[2024-10-13T09:54:57.511+0000] {processor.py:914} INFO - Processing file /home/airflow/.local/lib/python3.12/site-packages/airflow/example_dags/example_display_name.py for tasks to queue
[2024-10-13T09:54:57.519+0000] {logging_mixin.py:190} INFO - [2024-10-13T09:54:57.518+0000] {dagbag.py:588} INFO - Filling up the DagBag from /home/airflow/.local/lib/python3.12/site-packages/airflow/example_dags/example_display_name.py
[2024-10-13T09:54:57.537+0000] {processor.py:925} INFO - DAG(s) 'example_display_name' retrieved from /home/airflow/.local/lib/python3.12/site-packages/airflow/example_dags/example_display_name.py
[2024-10-13T09:54:57.595+0000] {logging_mixin.py:190} INFO - [2024-10-13T09:54:57.595+0000] {dag.py:3239} INFO - Sync 1 DAGs
[2024-10-13T09:54:57.639+0000] {logging_mixin.py:190} INFO - [2024-10-13T09:54:57.639+0000] {dag.py:4180} INFO - Setting next_dagrun for example_display_name to None, run_after=None
[2024-10-13T09:54:57.694+0000] {processor.py:208} INFO - Processing /home/airflow/.local/lib/python3.12/site-packages/airflow/example_dags/example_display_name.py took 0.200 seconds
[2024-10-13T09:55:28.075+0000] {processor.py:186} INFO - Started process (PID=1353) to work on /home/airflow/.local/lib/python3.12/site-packages/airflow/example_dags/example_display_name.py
[2024-10-13T09:55:28.077+0000] {processor.py:914} INFO - Processing file /home/airflow/.local/lib/python3.12/site-packages/airflow/example_dags/example_display_name.py for tasks to queue
[2024-10-13T09:55:28.083+0000] {logging_mixin.py:190} INFO - [2024-10-13T09:55:28.082+0000] {dagbag.py:588} INFO - Filling up the DagBag from /home/airflow/.local/lib/python3.12/site-packages/airflow/example_dags/example_display_name.py
[2024-10-13T09:55:28.102+0000] {processor.py:925} INFO - DAG(s) 'example_display_name' retrieved from /home/airflow/.local/lib/python3.12/site-packages/airflow/example_dags/example_display_name.py
[2024-10-13T09:55:28.149+0000] {logging_mixin.py:190} INFO - [2024-10-13T09:55:28.149+0000] {dag.py:3239} INFO - Sync 1 DAGs
[2024-10-13T09:55:28.177+0000] {logging_mixin.py:190} INFO - [2024-10-13T09:55:28.177+0000] {dag.py:4180} INFO - Setting next_dagrun for example_display_name to None, run_after=None
[2024-10-13T09:55:28.217+0000] {processor.py:208} INFO - Processing /home/airflow/.local/lib/python3.12/site-packages/airflow/example_dags/example_display_name.py took 0.156 seconds
[2024-10-13T09:55:58.645+0000] {processor.py:186} INFO - Started process (PID=1415) to work on /home/airflow/.local/lib/python3.12/site-packages/airflow/example_dags/example_display_name.py
[2024-10-13T09:55:58.647+0000] {processor.py:914} INFO - Processing file /home/airflow/.local/lib/python3.12/site-packages/airflow/example_dags/example_display_name.py for tasks to queue
[2024-10-13T09:55:58.652+0000] {logging_mixin.py:190} INFO - [2024-10-13T09:55:58.651+0000] {dagbag.py:588} INFO - Filling up the DagBag from /home/airflow/.local/lib/python3.12/site-packages/airflow/example_dags/example_display_name.py
[2024-10-13T09:55:58.669+0000] {processor.py:925} INFO - DAG(s) 'example_display_name' retrieved from /home/airflow/.local/lib/python3.12/site-packages/airflow/example_dags/example_display_name.py
[2024-10-13T09:55:58.711+0000] {logging_mixin.py:190} INFO - [2024-10-13T09:55:58.710+0000] {dag.py:3239} INFO - Sync 1 DAGs
[2024-10-13T09:55:58.744+0000] {logging_mixin.py:190} INFO - [2024-10-13T09:55:58.743+0000] {dag.py:4180} INFO - Setting next_dagrun for example_display_name to None, run_after=None
[2024-10-13T09:55:58.780+0000] {processor.py:208} INFO - Processing /home/airflow/.local/lib/python3.12/site-packages/airflow/example_dags/example_display_name.py took 0.149 seconds
[2024-10-13T09:56:29.317+0000] {processor.py:186} INFO - Started process (PID=1477) to work on /home/airflow/.local/lib/python3.12/site-packages/airflow/example_dags/example_display_name.py
[2024-10-13T09:56:29.319+0000] {processor.py:914} INFO - Processing file /home/airflow/.local/lib/python3.12/site-packages/airflow/example_dags/example_display_name.py for tasks to queue
[2024-10-13T09:56:29.324+0000] {logging_mixin.py:190} INFO - [2024-10-13T09:56:29.323+0000] {dagbag.py:588} INFO - Filling up the DagBag from /home/airflow/.local/lib/python3.12/site-packages/airflow/example_dags/example_display_name.py
[2024-10-13T09:56:29.338+0000] {processor.py:925} INFO - DAG(s) 'example_display_name' retrieved from /home/airflow/.local/lib/python3.12/site-packages/airflow/example_dags/example_display_name.py
[2024-10-13T09:56:29.379+0000] {logging_mixin.py:190} INFO - [2024-10-13T09:56:29.379+0000] {dag.py:3239} INFO - Sync 1 DAGs
[2024-10-13T09:56:29.407+0000] {logging_mixin.py:190} INFO - [2024-10-13T09:56:29.407+0000] {dag.py:4180} INFO - Setting next_dagrun for example_display_name to None, run_after=None
[2024-10-13T09:56:29.445+0000] {processor.py:208} INFO - Processing /home/airflow/.local/lib/python3.12/site-packages/airflow/example_dags/example_display_name.py took 0.139 seconds
[2024-10-13T09:57:00.908+0000] {processor.py:186} INFO - Started process (PID=1538) to work on /home/airflow/.local/lib/python3.12/site-packages/airflow/example_dags/example_display_name.py
[2024-10-13T09:57:00.910+0000] {processor.py:914} INFO - Processing file /home/airflow/.local/lib/python3.12/site-packages/airflow/example_dags/example_display_name.py for tasks to queue
[2024-10-13T09:57:00.919+0000] {logging_mixin.py:190} INFO - [2024-10-13T09:57:00.918+0000] {dagbag.py:588} INFO - Filling up the DagBag from /home/airflow/.local/lib/python3.12/site-packages/airflow/example_dags/example_display_name.py
[2024-10-13T09:57:00.942+0000] {processor.py:925} INFO - DAG(s) 'example_display_name' retrieved from /home/airflow/.local/lib/python3.12/site-packages/airflow/example_dags/example_display_name.py
[2024-10-13T09:57:00.980+0000] {logging_mixin.py:190} INFO - [2024-10-13T09:57:00.979+0000] {dag.py:3239} INFO - Sync 1 DAGs
[2024-10-13T09:57:01.013+0000] {logging_mixin.py:190} INFO - [2024-10-13T09:57:01.013+0000] {dag.py:4180} INFO - Setting next_dagrun for example_display_name to None, run_after=None
[2024-10-13T09:57:01.074+0000] {processor.py:208} INFO - Processing /home/airflow/.local/lib/python3.12/site-packages/airflow/example_dags/example_display_name.py took 0.177 seconds
[2024-10-13T09:57:37.631+0000] {processor.py:186} INFO - Started process (PID=1600) to work on /home/airflow/.local/lib/python3.12/site-packages/airflow/example_dags/example_display_name.py
[2024-10-13T09:57:37.634+0000] {processor.py:914} INFO - Processing file /home/airflow/.local/lib/python3.12/site-packages/airflow/example_dags/example_display_name.py for tasks to queue
[2024-10-13T09:57:37.641+0000] {logging_mixin.py:190} INFO - [2024-10-13T09:57:37.639+0000] {dagbag.py:588} INFO - Filling up the DagBag from /home/airflow/.local/lib/python3.12/site-packages/airflow/example_dags/example_display_name.py
[2024-10-13T09:57:37.661+0000] {processor.py:925} INFO - DAG(s) 'example_display_name' retrieved from /home/airflow/.local/lib/python3.12/site-packages/airflow/example_dags/example_display_name.py
[2024-10-13T09:57:37.715+0000] {logging_mixin.py:190} INFO - [2024-10-13T09:57:37.714+0000] {dag.py:3239} INFO - Sync 1 DAGs
[2024-10-13T09:57:37.759+0000] {logging_mixin.py:190} INFO - [2024-10-13T09:57:37.758+0000] {dag.py:4180} INFO - Setting next_dagrun for example_display_name to None, run_after=None
[2024-10-13T09:57:37.801+0000] {processor.py:208} INFO - Processing /home/airflow/.local/lib/python3.12/site-packages/airflow/example_dags/example_display_name.py took 0.185 seconds
[2024-10-13T09:58:19.649+0000] {processor.py:186} INFO - Started process (PID=1666) to work on /home/airflow/.local/lib/python3.12/site-packages/airflow/example_dags/example_display_name.py
[2024-10-13T09:58:19.714+0000] {processor.py:914} INFO - Processing file /home/airflow/.local/lib/python3.12/site-packages/airflow/example_dags/example_display_name.py for tasks to queue
[2024-10-13T09:58:19.786+0000] {logging_mixin.py:190} INFO - [2024-10-13T09:58:19.734+0000] {dagbag.py:588} INFO - Filling up the DagBag from /home/airflow/.local/lib/python3.12/site-packages/airflow/example_dags/example_display_name.py
[2024-10-13T09:58:21.151+0000] {processor.py:925} INFO - DAG(s) 'example_display_name' retrieved from /home/airflow/.local/lib/python3.12/site-packages/airflow/example_dags/example_display_name.py
[2024-10-13T09:58:21.554+0000] {logging_mixin.py:190} INFO - [2024-10-13T09:58:21.551+0000] {dag.py:3239} INFO - Sync 1 DAGs
[2024-10-13T09:58:22.230+0000] {logging_mixin.py:190} INFO - [2024-10-13T09:58:22.229+0000] {dag.py:4180} INFO - Setting next_dagrun for example_display_name to None, run_after=None
[2024-10-13T09:58:23.186+0000] {processor.py:208} INFO - Processing /home/airflow/.local/lib/python3.12/site-packages/airflow/example_dags/example_display_name.py took 3.648 seconds
[2024-10-13T09:58:53.807+0000] {processor.py:186} INFO - Started process (PID=1728) to work on /home/airflow/.local/lib/python3.12/site-packages/airflow/example_dags/example_display_name.py
[2024-10-13T09:58:53.809+0000] {processor.py:914} INFO - Processing file /home/airflow/.local/lib/python3.12/site-packages/airflow/example_dags/example_display_name.py for tasks to queue
[2024-10-13T09:58:53.815+0000] {logging_mixin.py:190} INFO - [2024-10-13T09:58:53.814+0000] {dagbag.py:588} INFO - Filling up the DagBag from /home/airflow/.local/lib/python3.12/site-packages/airflow/example_dags/example_display_name.py
[2024-10-13T09:58:53.829+0000] {processor.py:925} INFO - DAG(s) 'example_display_name' retrieved from /home/airflow/.local/lib/python3.12/site-packages/airflow/example_dags/example_display_name.py
[2024-10-13T09:58:53.864+0000] {logging_mixin.py:190} INFO - [2024-10-13T09:58:53.864+0000] {dag.py:3239} INFO - Sync 1 DAGs
[2024-10-13T09:58:53.890+0000] {logging_mixin.py:190} INFO - [2024-10-13T09:58:53.890+0000] {dag.py:4180} INFO - Setting next_dagrun for example_display_name to None, run_after=None
[2024-10-13T09:58:53.927+0000] {processor.py:208} INFO - Processing /home/airflow/.local/lib/python3.12/site-packages/airflow/example_dags/example_display_name.py took 0.131 seconds
[2024-10-13T09:59:24.142+0000] {processor.py:186} INFO - Started process (PID=1790) to work on /home/airflow/.local/lib/python3.12/site-packages/airflow/example_dags/example_display_name.py
[2024-10-13T09:59:24.145+0000] {processor.py:914} INFO - Processing file /home/airflow/.local/lib/python3.12/site-packages/airflow/example_dags/example_display_name.py for tasks to queue
[2024-10-13T09:59:24.150+0000] {logging_mixin.py:190} INFO - [2024-10-13T09:59:24.150+0000] {dagbag.py:588} INFO - Filling up the DagBag from /home/airflow/.local/lib/python3.12/site-packages/airflow/example_dags/example_display_name.py
[2024-10-13T09:59:24.168+0000] {processor.py:925} INFO - DAG(s) 'example_display_name' retrieved from /home/airflow/.local/lib/python3.12/site-packages/airflow/example_dags/example_display_name.py
[2024-10-13T09:59:24.211+0000] {logging_mixin.py:190} INFO - [2024-10-13T09:59:24.211+0000] {dag.py:3239} INFO - Sync 1 DAGs
[2024-10-13T09:59:24.251+0000] {logging_mixin.py:190} INFO - [2024-10-13T09:59:24.250+0000] {dag.py:4180} INFO - Setting next_dagrun for example_display_name to None, run_after=None
[2024-10-13T09:59:24.294+0000] {processor.py:208} INFO - Processing /home/airflow/.local/lib/python3.12/site-packages/airflow/example_dags/example_display_name.py took 0.183 seconds
[2024-10-13T09:59:54.417+0000] {processor.py:186} INFO - Started process (PID=1852) to work on /home/airflow/.local/lib/python3.12/site-packages/airflow/example_dags/example_display_name.py
[2024-10-13T09:59:54.419+0000] {processor.py:914} INFO - Processing file /home/airflow/.local/lib/python3.12/site-packages/airflow/example_dags/example_display_name.py for tasks to queue
[2024-10-13T09:59:54.424+0000] {logging_mixin.py:190} INFO - [2024-10-13T09:59:54.423+0000] {dagbag.py:588} INFO - Filling up the DagBag from /home/airflow/.local/lib/python3.12/site-packages/airflow/example_dags/example_display_name.py
[2024-10-13T09:59:54.453+0000] {processor.py:925} INFO - DAG(s) 'example_display_name' retrieved from /home/airflow/.local/lib/python3.12/site-packages/airflow/example_dags/example_display_name.py
[2024-10-13T09:59:54.499+0000] {logging_mixin.py:190} INFO - [2024-10-13T09:59:54.498+0000] {dag.py:3239} INFO - Sync 1 DAGs
[2024-10-13T09:59:54.522+0000] {logging_mixin.py:190} INFO - [2024-10-13T09:59:54.521+0000] {dag.py:4180} INFO - Setting next_dagrun for example_display_name to None, run_after=None
[2024-10-13T09:59:54.567+0000] {processor.py:208} INFO - Processing /home/airflow/.local/lib/python3.12/site-packages/airflow/example_dags/example_display_name.py took 0.170 seconds
[2024-10-13T10:06:35.970+0000] {processor.py:186} INFO - Started process (PID=107) to work on /home/airflow/.local/lib/python3.12/site-packages/airflow/example_dags/example_display_name.py
[2024-10-13T10:06:35.997+0000] {processor.py:914} INFO - Processing file /home/airflow/.local/lib/python3.12/site-packages/airflow/example_dags/example_display_name.py for tasks to queue
[2024-10-13T10:06:36.019+0000] {logging_mixin.py:190} INFO - [2024-10-13T10:06:36.018+0000] {dagbag.py:588} INFO - Filling up the DagBag from /home/airflow/.local/lib/python3.12/site-packages/airflow/example_dags/example_display_name.py
[2024-10-13T10:06:36.340+0000] {processor.py:925} INFO - DAG(s) 'example_display_name' retrieved from /home/airflow/.local/lib/python3.12/site-packages/airflow/example_dags/example_display_name.py
[2024-10-13T10:06:37.675+0000] {logging_mixin.py:190} INFO - [2024-10-13T10:06:37.674+0000] {dag.py:3239} INFO - Sync 1 DAGs
[2024-10-13T10:06:38.563+0000] {logging_mixin.py:190} INFO - [2024-10-13T10:06:38.557+0000] {dag.py:4180} INFO - Setting next_dagrun for example_display_name to None, run_after=None
[2024-10-13T10:06:38.906+0000] {processor.py:208} INFO - Processing /home/airflow/.local/lib/python3.12/site-packages/airflow/example_dags/example_display_name.py took 3.017 seconds
[2024-10-13T10:07:38.050+0000] {processor.py:186} INFO - Started process (PID=178) to work on /home/airflow/.local/lib/python3.12/site-packages/airflow/example_dags/example_display_name.py
[2024-10-13T10:07:38.052+0000] {processor.py:914} INFO - Processing file /home/airflow/.local/lib/python3.12/site-packages/airflow/example_dags/example_display_name.py for tasks to queue
[2024-10-13T10:07:38.058+0000] {logging_mixin.py:190} INFO - [2024-10-13T10:07:38.057+0000] {dagbag.py:588} INFO - Filling up the DagBag from /home/airflow/.local/lib/python3.12/site-packages/airflow/example_dags/example_display_name.py
[2024-10-13T10:07:38.075+0000] {processor.py:925} INFO - DAG(s) 'example_display_name' retrieved from /home/airflow/.local/lib/python3.12/site-packages/airflow/example_dags/example_display_name.py
[2024-10-13T10:07:38.199+0000] {logging_mixin.py:190} INFO - [2024-10-13T10:07:38.199+0000] {dag.py:3239} INFO - Sync 1 DAGs
[2024-10-13T10:07:38.259+0000] {logging_mixin.py:190} INFO - [2024-10-13T10:07:38.259+0000] {dag.py:4180} INFO - Setting next_dagrun for example_display_name to None, run_after=None
[2024-10-13T10:07:38.391+0000] {processor.py:208} INFO - Processing /home/airflow/.local/lib/python3.12/site-packages/airflow/example_dags/example_display_name.py took 0.361 seconds
[2024-10-13T10:08:15.094+0000] {processor.py:186} INFO - Started process (PID=244) to work on /home/airflow/.local/lib/python3.12/site-packages/airflow/example_dags/example_display_name.py
[2024-10-13T10:08:15.096+0000] {processor.py:914} INFO - Processing file /home/airflow/.local/lib/python3.12/site-packages/airflow/example_dags/example_display_name.py for tasks to queue
[2024-10-13T10:08:15.102+0000] {logging_mixin.py:190} INFO - [2024-10-13T10:08:15.101+0000] {dagbag.py:588} INFO - Filling up the DagBag from /home/airflow/.local/lib/python3.12/site-packages/airflow/example_dags/example_display_name.py
[2024-10-13T10:08:15.118+0000] {processor.py:925} INFO - DAG(s) 'example_display_name' retrieved from /home/airflow/.local/lib/python3.12/site-packages/airflow/example_dags/example_display_name.py
[2024-10-13T10:08:15.166+0000] {logging_mixin.py:190} INFO - [2024-10-13T10:08:15.165+0000] {dag.py:3239} INFO - Sync 1 DAGs
[2024-10-13T10:08:15.207+0000] {logging_mixin.py:190} INFO - [2024-10-13T10:08:15.206+0000] {dag.py:4180} INFO - Setting next_dagrun for example_display_name to None, run_after=None
[2024-10-13T10:08:15.251+0000] {processor.py:208} INFO - Processing /home/airflow/.local/lib/python3.12/site-packages/airflow/example_dags/example_display_name.py took 0.171 seconds
[2024-10-13T10:08:52.364+0000] {processor.py:186} INFO - Started process (PID=316) to work on /home/airflow/.local/lib/python3.12/site-packages/airflow/example_dags/example_display_name.py
[2024-10-13T10:08:52.391+0000] {processor.py:914} INFO - Processing file /home/airflow/.local/lib/python3.12/site-packages/airflow/example_dags/example_display_name.py for tasks to queue
[2024-10-13T10:08:52.411+0000] {logging_mixin.py:190} INFO - [2024-10-13T10:08:52.410+0000] {dagbag.py:588} INFO - Filling up the DagBag from /home/airflow/.local/lib/python3.12/site-packages/airflow/example_dags/example_display_name.py
[2024-10-13T10:08:52.548+0000] {processor.py:925} INFO - DAG(s) 'example_display_name' retrieved from /home/airflow/.local/lib/python3.12/site-packages/airflow/example_dags/example_display_name.py
[2024-10-13T10:08:53.517+0000] {logging_mixin.py:190} INFO - [2024-10-13T10:08:53.512+0000] {dag.py:3239} INFO - Sync 1 DAGs
[2024-10-13T10:08:53.655+0000] {logging_mixin.py:190} INFO - [2024-10-13T10:08:53.654+0000] {dag.py:4180} INFO - Setting next_dagrun for example_display_name to None, run_after=None
[2024-10-13T10:08:53.751+0000] {processor.py:208} INFO - Processing /home/airflow/.local/lib/python3.12/site-packages/airflow/example_dags/example_display_name.py took 1.474 seconds
[2024-10-13T10:09:36.854+0000] {processor.py:186} INFO - Started process (PID=381) to work on /home/airflow/.local/lib/python3.12/site-packages/airflow/example_dags/example_display_name.py
[2024-10-13T10:09:36.857+0000] {processor.py:914} INFO - Processing file /home/airflow/.local/lib/python3.12/site-packages/airflow/example_dags/example_display_name.py for tasks to queue
[2024-10-13T10:09:36.864+0000] {logging_mixin.py:190} INFO - [2024-10-13T10:09:36.863+0000] {dagbag.py:588} INFO - Filling up the DagBag from /home/airflow/.local/lib/python3.12/site-packages/airflow/example_dags/example_display_name.py
[2024-10-13T10:09:36.897+0000] {processor.py:925} INFO - DAG(s) 'example_display_name' retrieved from /home/airflow/.local/lib/python3.12/site-packages/airflow/example_dags/example_display_name.py
[2024-10-13T10:09:36.997+0000] {logging_mixin.py:190} INFO - [2024-10-13T10:09:36.997+0000] {dag.py:3239} INFO - Sync 1 DAGs
[2024-10-13T10:09:37.102+0000] {logging_mixin.py:190} INFO - [2024-10-13T10:09:37.102+0000] {dag.py:4180} INFO - Setting next_dagrun for example_display_name to None, run_after=None
[2024-10-13T10:09:37.161+0000] {processor.py:208} INFO - Processing /home/airflow/.local/lib/python3.12/site-packages/airflow/example_dags/example_display_name.py took 0.323 seconds
[2024-10-13T10:10:14.949+0000] {processor.py:186} INFO - Started process (PID=455) to work on /home/airflow/.local/lib/python3.12/site-packages/airflow/example_dags/example_display_name.py
[2024-10-13T10:10:14.951+0000] {processor.py:914} INFO - Processing file /home/airflow/.local/lib/python3.12/site-packages/airflow/example_dags/example_display_name.py for tasks to queue
[2024-10-13T10:10:14.956+0000] {logging_mixin.py:190} INFO - [2024-10-13T10:10:14.955+0000] {dagbag.py:588} INFO - Filling up the DagBag from /home/airflow/.local/lib/python3.12/site-packages/airflow/example_dags/example_display_name.py
[2024-10-13T10:10:14.969+0000] {processor.py:925} INFO - DAG(s) 'example_display_name' retrieved from /home/airflow/.local/lib/python3.12/site-packages/airflow/example_dags/example_display_name.py
[2024-10-13T10:10:15.005+0000] {logging_mixin.py:190} INFO - [2024-10-13T10:10:15.005+0000] {dag.py:3239} INFO - Sync 1 DAGs
[2024-10-13T10:10:15.032+0000] {logging_mixin.py:190} INFO - [2024-10-13T10:10:15.031+0000] {dag.py:4180} INFO - Setting next_dagrun for example_display_name to None, run_after=None
[2024-10-13T10:10:15.069+0000] {processor.py:208} INFO - Processing /home/airflow/.local/lib/python3.12/site-packages/airflow/example_dags/example_display_name.py took 0.131 seconds
[2024-10-13T10:10:45.363+0000] {processor.py:186} INFO - Started process (PID=516) to work on /home/airflow/.local/lib/python3.12/site-packages/airflow/example_dags/example_display_name.py
[2024-10-13T10:10:45.365+0000] {processor.py:914} INFO - Processing file /home/airflow/.local/lib/python3.12/site-packages/airflow/example_dags/example_display_name.py for tasks to queue
[2024-10-13T10:10:45.369+0000] {logging_mixin.py:190} INFO - [2024-10-13T10:10:45.369+0000] {dagbag.py:588} INFO - Filling up the DagBag from /home/airflow/.local/lib/python3.12/site-packages/airflow/example_dags/example_display_name.py
[2024-10-13T10:10:45.385+0000] {processor.py:925} INFO - DAG(s) 'example_display_name' retrieved from /home/airflow/.local/lib/python3.12/site-packages/airflow/example_dags/example_display_name.py
[2024-10-13T10:10:45.423+0000] {logging_mixin.py:190} INFO - [2024-10-13T10:10:45.423+0000] {dag.py:3239} INFO - Sync 1 DAGs
[2024-10-13T10:10:45.453+0000] {logging_mixin.py:190} INFO - [2024-10-13T10:10:45.452+0000] {dag.py:4180} INFO - Setting next_dagrun for example_display_name to None, run_after=None
[2024-10-13T10:10:45.493+0000] {processor.py:208} INFO - Processing /home/airflow/.local/lib/python3.12/site-packages/airflow/example_dags/example_display_name.py took 0.141 seconds
[2024-10-13T10:11:21.939+0000] {processor.py:186} INFO - Started process (PID=585) to work on /home/airflow/.local/lib/python3.12/site-packages/airflow/example_dags/example_display_name.py
[2024-10-13T10:11:21.941+0000] {processor.py:914} INFO - Processing file /home/airflow/.local/lib/python3.12/site-packages/airflow/example_dags/example_display_name.py for tasks to queue
[2024-10-13T10:11:21.946+0000] {logging_mixin.py:190} INFO - [2024-10-13T10:11:21.945+0000] {dagbag.py:588} INFO - Filling up the DagBag from /home/airflow/.local/lib/python3.12/site-packages/airflow/example_dags/example_display_name.py
[2024-10-13T10:11:21.959+0000] {processor.py:925} INFO - DAG(s) 'example_display_name' retrieved from /home/airflow/.local/lib/python3.12/site-packages/airflow/example_dags/example_display_name.py
[2024-10-13T10:11:21.994+0000] {logging_mixin.py:190} INFO - [2024-10-13T10:11:21.994+0000] {dag.py:3239} INFO - Sync 1 DAGs
[2024-10-13T10:11:22.039+0000] {logging_mixin.py:190} INFO - [2024-10-13T10:11:22.038+0000] {dag.py:4180} INFO - Setting next_dagrun for example_display_name to None, run_after=None
[2024-10-13T10:11:22.077+0000] {processor.py:208} INFO - Processing /home/airflow/.local/lib/python3.12/site-packages/airflow/example_dags/example_display_name.py took 0.147 seconds
[2024-10-13T10:11:53.091+0000] {processor.py:186} INFO - Started process (PID=647) to work on /home/airflow/.local/lib/python3.12/site-packages/airflow/example_dags/example_display_name.py
[2024-10-13T10:11:53.093+0000] {processor.py:914} INFO - Processing file /home/airflow/.local/lib/python3.12/site-packages/airflow/example_dags/example_display_name.py for tasks to queue
[2024-10-13T10:11:53.097+0000] {logging_mixin.py:190} INFO - [2024-10-13T10:11:53.097+0000] {dagbag.py:588} INFO - Filling up the DagBag from /home/airflow/.local/lib/python3.12/site-packages/airflow/example_dags/example_display_name.py
[2024-10-13T10:11:53.111+0000] {processor.py:925} INFO - DAG(s) 'example_display_name' retrieved from /home/airflow/.local/lib/python3.12/site-packages/airflow/example_dags/example_display_name.py
[2024-10-13T10:11:53.147+0000] {logging_mixin.py:190} INFO - [2024-10-13T10:11:53.147+0000] {dag.py:3239} INFO - Sync 1 DAGs
[2024-10-13T10:11:53.176+0000] {logging_mixin.py:190} INFO - [2024-10-13T10:11:53.176+0000] {dag.py:4180} INFO - Setting next_dagrun for example_display_name to None, run_after=None
[2024-10-13T10:11:53.213+0000] {processor.py:208} INFO - Processing /home/airflow/.local/lib/python3.12/site-packages/airflow/example_dags/example_display_name.py took 0.131 seconds
[2024-10-13T10:12:24.447+0000] {processor.py:186} INFO - Started process (PID=708) to work on /home/airflow/.local/lib/python3.12/site-packages/airflow/example_dags/example_display_name.py
[2024-10-13T10:12:24.456+0000] {processor.py:914} INFO - Processing file /home/airflow/.local/lib/python3.12/site-packages/airflow/example_dags/example_display_name.py for tasks to queue
[2024-10-13T10:12:24.466+0000] {logging_mixin.py:190} INFO - [2024-10-13T10:12:24.464+0000] {dagbag.py:588} INFO - Filling up the DagBag from /home/airflow/.local/lib/python3.12/site-packages/airflow/example_dags/example_display_name.py
[2024-10-13T10:12:24.496+0000] {processor.py:925} INFO - DAG(s) 'example_display_name' retrieved from /home/airflow/.local/lib/python3.12/site-packages/airflow/example_dags/example_display_name.py
[2024-10-13T10:12:24.541+0000] {logging_mixin.py:190} INFO - [2024-10-13T10:12:24.541+0000] {dag.py:3239} INFO - Sync 1 DAGs
[2024-10-13T10:12:24.570+0000] {logging_mixin.py:190} INFO - [2024-10-13T10:12:24.569+0000] {dag.py:4180} INFO - Setting next_dagrun for example_display_name to None, run_after=None
[2024-10-13T10:12:24.648+0000] {processor.py:208} INFO - Processing /home/airflow/.local/lib/python3.12/site-packages/airflow/example_dags/example_display_name.py took 0.215 seconds
[2024-10-13T10:12:57.525+0000] {processor.py:186} INFO - Started process (PID=776) to work on /home/airflow/.local/lib/python3.12/site-packages/airflow/example_dags/example_display_name.py
[2024-10-13T10:12:57.527+0000] {processor.py:914} INFO - Processing file /home/airflow/.local/lib/python3.12/site-packages/airflow/example_dags/example_display_name.py for tasks to queue
[2024-10-13T10:12:57.535+0000] {logging_mixin.py:190} INFO - [2024-10-13T10:12:57.531+0000] {dagbag.py:588} INFO - Filling up the DagBag from /home/airflow/.local/lib/python3.12/site-packages/airflow/example_dags/example_display_name.py
[2024-10-13T10:12:57.552+0000] {processor.py:925} INFO - DAG(s) 'example_display_name' retrieved from /home/airflow/.local/lib/python3.12/site-packages/airflow/example_dags/example_display_name.py
[2024-10-13T10:12:57.605+0000] {logging_mixin.py:190} INFO - [2024-10-13T10:12:57.605+0000] {dag.py:3239} INFO - Sync 1 DAGs
[2024-10-13T10:12:57.642+0000] {logging_mixin.py:190} INFO - [2024-10-13T10:12:57.642+0000] {dag.py:4180} INFO - Setting next_dagrun for example_display_name to None, run_after=None
[2024-10-13T10:12:57.688+0000] {processor.py:208} INFO - Processing /home/airflow/.local/lib/python3.12/site-packages/airflow/example_dags/example_display_name.py took 0.174 seconds
[2024-10-13T10:13:28.157+0000] {processor.py:186} INFO - Started process (PID=838) to work on /home/airflow/.local/lib/python3.12/site-packages/airflow/example_dags/example_display_name.py
[2024-10-13T10:13:28.159+0000] {processor.py:914} INFO - Processing file /home/airflow/.local/lib/python3.12/site-packages/airflow/example_dags/example_display_name.py for tasks to queue
[2024-10-13T10:13:28.164+0000] {logging_mixin.py:190} INFO - [2024-10-13T10:13:28.163+0000] {dagbag.py:588} INFO - Filling up the DagBag from /home/airflow/.local/lib/python3.12/site-packages/airflow/example_dags/example_display_name.py
[2024-10-13T10:13:28.179+0000] {processor.py:925} INFO - DAG(s) 'example_display_name' retrieved from /home/airflow/.local/lib/python3.12/site-packages/airflow/example_dags/example_display_name.py
[2024-10-13T10:13:28.224+0000] {logging_mixin.py:190} INFO - [2024-10-13T10:13:28.223+0000] {dag.py:3239} INFO - Sync 1 DAGs
[2024-10-13T10:13:28.303+0000] {logging_mixin.py:190} INFO - [2024-10-13T10:13:28.302+0000] {dag.py:4180} INFO - Setting next_dagrun for example_display_name to None, run_after=None
[2024-10-13T10:13:28.374+0000] {processor.py:208} INFO - Processing /home/airflow/.local/lib/python3.12/site-packages/airflow/example_dags/example_display_name.py took 0.228 seconds
[2024-10-13T10:13:58.494+0000] {processor.py:186} INFO - Started process (PID=899) to work on /home/airflow/.local/lib/python3.12/site-packages/airflow/example_dags/example_display_name.py
[2024-10-13T10:13:58.496+0000] {processor.py:914} INFO - Processing file /home/airflow/.local/lib/python3.12/site-packages/airflow/example_dags/example_display_name.py for tasks to queue
[2024-10-13T10:13:58.501+0000] {logging_mixin.py:190} INFO - [2024-10-13T10:13:58.500+0000] {dagbag.py:588} INFO - Filling up the DagBag from /home/airflow/.local/lib/python3.12/site-packages/airflow/example_dags/example_display_name.py
[2024-10-13T10:13:58.514+0000] {processor.py:925} INFO - DAG(s) 'example_display_name' retrieved from /home/airflow/.local/lib/python3.12/site-packages/airflow/example_dags/example_display_name.py
[2024-10-13T10:13:58.548+0000] {logging_mixin.py:190} INFO - [2024-10-13T10:13:58.548+0000] {dag.py:3239} INFO - Sync 1 DAGs
[2024-10-13T10:13:58.572+0000] {logging_mixin.py:190} INFO - [2024-10-13T10:13:58.572+0000] {dag.py:4180} INFO - Setting next_dagrun for example_display_name to None, run_after=None
[2024-10-13T10:13:58.611+0000] {processor.py:208} INFO - Processing /home/airflow/.local/lib/python3.12/site-packages/airflow/example_dags/example_display_name.py took 0.127 seconds
[2024-10-13T10:14:28.811+0000] {processor.py:186} INFO - Started process (PID=959) to work on /home/airflow/.local/lib/python3.12/site-packages/airflow/example_dags/example_display_name.py
[2024-10-13T10:14:28.813+0000] {processor.py:914} INFO - Processing file /home/airflow/.local/lib/python3.12/site-packages/airflow/example_dags/example_display_name.py for tasks to queue
[2024-10-13T10:14:28.817+0000] {logging_mixin.py:190} INFO - [2024-10-13T10:14:28.816+0000] {dagbag.py:588} INFO - Filling up the DagBag from /home/airflow/.local/lib/python3.12/site-packages/airflow/example_dags/example_display_name.py
[2024-10-13T10:14:28.834+0000] {processor.py:925} INFO - DAG(s) 'example_display_name' retrieved from /home/airflow/.local/lib/python3.12/site-packages/airflow/example_dags/example_display_name.py
[2024-10-13T10:14:28.867+0000] {logging_mixin.py:190} INFO - [2024-10-13T10:14:28.867+0000] {dag.py:3239} INFO - Sync 1 DAGs
[2024-10-13T10:14:28.894+0000] {logging_mixin.py:190} INFO - [2024-10-13T10:14:28.893+0000] {dag.py:4180} INFO - Setting next_dagrun for example_display_name to None, run_after=None
[2024-10-13T10:14:28.925+0000] {processor.py:208} INFO - Processing /home/airflow/.local/lib/python3.12/site-packages/airflow/example_dags/example_display_name.py took 0.125 seconds
[2024-10-13T10:15:00.361+0000] {processor.py:186} INFO - Started process (PID=1024) to work on /home/airflow/.local/lib/python3.12/site-packages/airflow/example_dags/example_display_name.py
[2024-10-13T10:15:00.363+0000] {processor.py:914} INFO - Processing file /home/airflow/.local/lib/python3.12/site-packages/airflow/example_dags/example_display_name.py for tasks to queue
[2024-10-13T10:15:00.367+0000] {logging_mixin.py:190} INFO - [2024-10-13T10:15:00.367+0000] {dagbag.py:588} INFO - Filling up the DagBag from /home/airflow/.local/lib/python3.12/site-packages/airflow/example_dags/example_display_name.py
[2024-10-13T10:15:00.383+0000] {processor.py:925} INFO - DAG(s) 'example_display_name' retrieved from /home/airflow/.local/lib/python3.12/site-packages/airflow/example_dags/example_display_name.py
[2024-10-13T10:15:00.421+0000] {logging_mixin.py:190} INFO - [2024-10-13T10:15:00.421+0000] {dag.py:3239} INFO - Sync 1 DAGs
[2024-10-13T10:15:00.452+0000] {logging_mixin.py:190} INFO - [2024-10-13T10:15:00.452+0000] {dag.py:4180} INFO - Setting next_dagrun for example_display_name to None, run_after=None
[2024-10-13T10:15:00.491+0000] {processor.py:208} INFO - Processing /home/airflow/.local/lib/python3.12/site-packages/airflow/example_dags/example_display_name.py took 0.140 seconds
[2024-10-13T10:15:38.595+0000] {processor.py:186} INFO - Started process (PID=1088) to work on /home/airflow/.local/lib/python3.12/site-packages/airflow/example_dags/example_display_name.py
[2024-10-13T10:15:38.597+0000] {processor.py:914} INFO - Processing file /home/airflow/.local/lib/python3.12/site-packages/airflow/example_dags/example_display_name.py for tasks to queue
[2024-10-13T10:15:38.601+0000] {logging_mixin.py:190} INFO - [2024-10-13T10:15:38.601+0000] {dagbag.py:588} INFO - Filling up the DagBag from /home/airflow/.local/lib/python3.12/site-packages/airflow/example_dags/example_display_name.py
[2024-10-13T10:15:38.615+0000] {processor.py:925} INFO - DAG(s) 'example_display_name' retrieved from /home/airflow/.local/lib/python3.12/site-packages/airflow/example_dags/example_display_name.py
[2024-10-13T10:15:38.655+0000] {logging_mixin.py:190} INFO - [2024-10-13T10:15:38.655+0000] {dag.py:3239} INFO - Sync 1 DAGs
[2024-10-13T10:15:38.686+0000] {logging_mixin.py:190} INFO - [2024-10-13T10:15:38.685+0000] {dag.py:4180} INFO - Setting next_dagrun for example_display_name to None, run_after=None
[2024-10-13T10:15:38.726+0000] {processor.py:208} INFO - Processing /home/airflow/.local/lib/python3.12/site-packages/airflow/example_dags/example_display_name.py took 0.147 seconds
[2024-10-13T10:16:09.636+0000] {processor.py:186} INFO - Started process (PID=1149) to work on /home/airflow/.local/lib/python3.12/site-packages/airflow/example_dags/example_display_name.py
[2024-10-13T10:16:09.638+0000] {processor.py:914} INFO - Processing file /home/airflow/.local/lib/python3.12/site-packages/airflow/example_dags/example_display_name.py for tasks to queue
[2024-10-13T10:16:09.644+0000] {logging_mixin.py:190} INFO - [2024-10-13T10:16:09.643+0000] {dagbag.py:588} INFO - Filling up the DagBag from /home/airflow/.local/lib/python3.12/site-packages/airflow/example_dags/example_display_name.py
[2024-10-13T10:16:09.660+0000] {processor.py:925} INFO - DAG(s) 'example_display_name' retrieved from /home/airflow/.local/lib/python3.12/site-packages/airflow/example_dags/example_display_name.py
[2024-10-13T10:16:09.699+0000] {logging_mixin.py:190} INFO - [2024-10-13T10:16:09.699+0000] {dag.py:3239} INFO - Sync 1 DAGs
[2024-10-13T10:16:09.728+0000] {logging_mixin.py:190} INFO - [2024-10-13T10:16:09.728+0000] {dag.py:4180} INFO - Setting next_dagrun for example_display_name to None, run_after=None
[2024-10-13T10:16:09.765+0000] {processor.py:208} INFO - Processing /home/airflow/.local/lib/python3.12/site-packages/airflow/example_dags/example_display_name.py took 0.149 seconds
[2024-10-13T10:16:40.699+0000] {processor.py:186} INFO - Started process (PID=1212) to work on /home/airflow/.local/lib/python3.12/site-packages/airflow/example_dags/example_display_name.py
[2024-10-13T10:16:40.703+0000] {processor.py:914} INFO - Processing file /home/airflow/.local/lib/python3.12/site-packages/airflow/example_dags/example_display_name.py for tasks to queue
[2024-10-13T10:16:40.709+0000] {logging_mixin.py:190} INFO - [2024-10-13T10:16:40.708+0000] {dagbag.py:588} INFO - Filling up the DagBag from /home/airflow/.local/lib/python3.12/site-packages/airflow/example_dags/example_display_name.py
[2024-10-13T10:16:40.725+0000] {processor.py:925} INFO - DAG(s) 'example_display_name' retrieved from /home/airflow/.local/lib/python3.12/site-packages/airflow/example_dags/example_display_name.py
[2024-10-13T10:16:40.761+0000] {logging_mixin.py:190} INFO - [2024-10-13T10:16:40.761+0000] {dag.py:3239} INFO - Sync 1 DAGs
[2024-10-13T10:16:40.797+0000] {logging_mixin.py:190} INFO - [2024-10-13T10:16:40.797+0000] {dag.py:4180} INFO - Setting next_dagrun for example_display_name to None, run_after=None
[2024-10-13T10:16:40.839+0000] {processor.py:208} INFO - Processing /home/airflow/.local/lib/python3.12/site-packages/airflow/example_dags/example_display_name.py took 0.155 seconds
[2024-10-13T10:17:12.461+0000] {processor.py:186} INFO - Started process (PID=1274) to work on /home/airflow/.local/lib/python3.12/site-packages/airflow/example_dags/example_display_name.py
[2024-10-13T10:17:12.465+0000] {processor.py:914} INFO - Processing file /home/airflow/.local/lib/python3.12/site-packages/airflow/example_dags/example_display_name.py for tasks to queue
[2024-10-13T10:17:12.473+0000] {logging_mixin.py:190} INFO - [2024-10-13T10:17:12.472+0000] {dagbag.py:588} INFO - Filling up the DagBag from /home/airflow/.local/lib/python3.12/site-packages/airflow/example_dags/example_display_name.py
[2024-10-13T10:17:12.493+0000] {processor.py:925} INFO - DAG(s) 'example_display_name' retrieved from /home/airflow/.local/lib/python3.12/site-packages/airflow/example_dags/example_display_name.py
[2024-10-13T10:17:12.567+0000] {logging_mixin.py:190} INFO - [2024-10-13T10:17:12.566+0000] {dag.py:3239} INFO - Sync 1 DAGs
[2024-10-13T10:17:12.635+0000] {logging_mixin.py:190} INFO - [2024-10-13T10:17:12.635+0000] {dag.py:4180} INFO - Setting next_dagrun for example_display_name to None, run_after=None
[2024-10-13T10:17:12.701+0000] {processor.py:208} INFO - Processing /home/airflow/.local/lib/python3.12/site-packages/airflow/example_dags/example_display_name.py took 0.257 seconds
[2024-10-13T10:17:43.627+0000] {processor.py:186} INFO - Started process (PID=1336) to work on /home/airflow/.local/lib/python3.12/site-packages/airflow/example_dags/example_display_name.py
[2024-10-13T10:17:43.633+0000] {processor.py:914} INFO - Processing file /home/airflow/.local/lib/python3.12/site-packages/airflow/example_dags/example_display_name.py for tasks to queue
[2024-10-13T10:17:43.641+0000] {logging_mixin.py:190} INFO - [2024-10-13T10:17:43.640+0000] {dagbag.py:588} INFO - Filling up the DagBag from /home/airflow/.local/lib/python3.12/site-packages/airflow/example_dags/example_display_name.py
[2024-10-13T10:17:43.663+0000] {processor.py:925} INFO - DAG(s) 'example_display_name' retrieved from /home/airflow/.local/lib/python3.12/site-packages/airflow/example_dags/example_display_name.py
[2024-10-13T10:17:43.731+0000] {logging_mixin.py:190} INFO - [2024-10-13T10:17:43.730+0000] {dag.py:3239} INFO - Sync 1 DAGs
[2024-10-13T10:17:43.771+0000] {logging_mixin.py:190} INFO - [2024-10-13T10:17:43.770+0000] {dag.py:4180} INFO - Setting next_dagrun for example_display_name to None, run_after=None
[2024-10-13T10:17:43.846+0000] {processor.py:208} INFO - Processing /home/airflow/.local/lib/python3.12/site-packages/airflow/example_dags/example_display_name.py took 0.241 seconds
[2024-10-13T10:18:18.346+0000] {processor.py:186} INFO - Started process (PID=1399) to work on /home/airflow/.local/lib/python3.12/site-packages/airflow/example_dags/example_display_name.py
[2024-10-13T10:18:18.353+0000] {processor.py:914} INFO - Processing file /home/airflow/.local/lib/python3.12/site-packages/airflow/example_dags/example_display_name.py for tasks to queue
[2024-10-13T10:18:18.362+0000] {logging_mixin.py:190} INFO - [2024-10-13T10:18:18.361+0000] {dagbag.py:588} INFO - Filling up the DagBag from /home/airflow/.local/lib/python3.12/site-packages/airflow/example_dags/example_display_name.py
[2024-10-13T10:18:18.395+0000] {processor.py:925} INFO - DAG(s) 'example_display_name' retrieved from /home/airflow/.local/lib/python3.12/site-packages/airflow/example_dags/example_display_name.py
[2024-10-13T10:18:18.508+0000] {logging_mixin.py:190} INFO - [2024-10-13T10:18:18.501+0000] {dag.py:3239} INFO - Sync 1 DAGs
[2024-10-13T10:18:18.572+0000] {logging_mixin.py:190} INFO - [2024-10-13T10:18:18.571+0000] {dag.py:4180} INFO - Setting next_dagrun for example_display_name to None, run_after=None
[2024-10-13T10:18:18.673+0000] {processor.py:208} INFO - Processing /home/airflow/.local/lib/python3.12/site-packages/airflow/example_dags/example_display_name.py took 0.360 seconds
[2024-10-13T10:19:14.248+0000] {processor.py:186} INFO - Started process (PID=1467) to work on /home/airflow/.local/lib/python3.12/site-packages/airflow/example_dags/example_display_name.py
[2024-10-13T10:19:14.278+0000] {processor.py:914} INFO - Processing file /home/airflow/.local/lib/python3.12/site-packages/airflow/example_dags/example_display_name.py for tasks to queue
[2024-10-13T10:19:14.392+0000] {logging_mixin.py:190} INFO - [2024-10-13T10:19:14.391+0000] {dagbag.py:588} INFO - Filling up the DagBag from /home/airflow/.local/lib/python3.12/site-packages/airflow/example_dags/example_display_name.py
[2024-10-13T10:19:14.502+0000] {processor.py:925} INFO - DAG(s) 'example_display_name' retrieved from /home/airflow/.local/lib/python3.12/site-packages/airflow/example_dags/example_display_name.py
[2024-10-13T10:19:16.501+0000] {logging_mixin.py:190} INFO - [2024-10-13T10:19:16.501+0000] {dag.py:3239} INFO - Sync 1 DAGs
[2024-10-13T10:19:17.962+0000] {logging_mixin.py:190} INFO - [2024-10-13T10:19:17.952+0000] {dag.py:4180} INFO - Setting next_dagrun for example_display_name to None, run_after=None
[2024-10-13T10:19:19.148+0000] {processor.py:208} INFO - Processing /home/airflow/.local/lib/python3.12/site-packages/airflow/example_dags/example_display_name.py took 5.544 seconds
[2024-10-13T10:19:50.375+0000] {processor.py:186} INFO - Started process (PID=1528) to work on /home/airflow/.local/lib/python3.12/site-packages/airflow/example_dags/example_display_name.py
[2024-10-13T10:19:50.377+0000] {processor.py:914} INFO - Processing file /home/airflow/.local/lib/python3.12/site-packages/airflow/example_dags/example_display_name.py for tasks to queue
[2024-10-13T10:19:50.382+0000] {logging_mixin.py:190} INFO - [2024-10-13T10:19:50.382+0000] {dagbag.py:588} INFO - Filling up the DagBag from /home/airflow/.local/lib/python3.12/site-packages/airflow/example_dags/example_display_name.py
[2024-10-13T10:19:50.395+0000] {processor.py:925} INFO - DAG(s) 'example_display_name' retrieved from /home/airflow/.local/lib/python3.12/site-packages/airflow/example_dags/example_display_name.py
[2024-10-13T10:19:50.439+0000] {logging_mixin.py:190} INFO - [2024-10-13T10:19:50.439+0000] {dag.py:3239} INFO - Sync 1 DAGs
[2024-10-13T10:19:50.464+0000] {logging_mixin.py:190} INFO - [2024-10-13T10:19:50.464+0000] {dag.py:4180} INFO - Setting next_dagrun for example_display_name to None, run_after=None
[2024-10-13T10:19:50.499+0000] {processor.py:208} INFO - Processing /home/airflow/.local/lib/python3.12/site-packages/airflow/example_dags/example_display_name.py took 0.134 seconds
[2024-10-13T10:20:20.665+0000] {processor.py:186} INFO - Started process (PID=1589) to work on /home/airflow/.local/lib/python3.12/site-packages/airflow/example_dags/example_display_name.py
[2024-10-13T10:20:20.671+0000] {processor.py:914} INFO - Processing file /home/airflow/.local/lib/python3.12/site-packages/airflow/example_dags/example_display_name.py for tasks to queue
[2024-10-13T10:20:20.677+0000] {logging_mixin.py:190} INFO - [2024-10-13T10:20:20.676+0000] {dagbag.py:588} INFO - Filling up the DagBag from /home/airflow/.local/lib/python3.12/site-packages/airflow/example_dags/example_display_name.py
[2024-10-13T10:20:20.691+0000] {processor.py:925} INFO - DAG(s) 'example_display_name' retrieved from /home/airflow/.local/lib/python3.12/site-packages/airflow/example_dags/example_display_name.py
[2024-10-13T10:20:20.734+0000] {logging_mixin.py:190} INFO - [2024-10-13T10:20:20.733+0000] {dag.py:3239} INFO - Sync 1 DAGs
[2024-10-13T10:20:20.766+0000] {logging_mixin.py:190} INFO - [2024-10-13T10:20:20.766+0000] {dag.py:4180} INFO - Setting next_dagrun for example_display_name to None, run_after=None
[2024-10-13T10:20:20.808+0000] {processor.py:208} INFO - Processing /home/airflow/.local/lib/python3.12/site-packages/airflow/example_dags/example_display_name.py took 0.154 seconds
[2024-10-13T10:20:51.225+0000] {processor.py:186} INFO - Started process (PID=1651) to work on /home/airflow/.local/lib/python3.12/site-packages/airflow/example_dags/example_display_name.py
[2024-10-13T10:20:51.228+0000] {processor.py:914} INFO - Processing file /home/airflow/.local/lib/python3.12/site-packages/airflow/example_dags/example_display_name.py for tasks to queue
[2024-10-13T10:20:51.233+0000] {logging_mixin.py:190} INFO - [2024-10-13T10:20:51.232+0000] {dagbag.py:588} INFO - Filling up the DagBag from /home/airflow/.local/lib/python3.12/site-packages/airflow/example_dags/example_display_name.py
[2024-10-13T10:20:51.247+0000] {processor.py:925} INFO - DAG(s) 'example_display_name' retrieved from /home/airflow/.local/lib/python3.12/site-packages/airflow/example_dags/example_display_name.py
[2024-10-13T10:20:51.286+0000] {logging_mixin.py:190} INFO - [2024-10-13T10:20:51.286+0000] {dag.py:3239} INFO - Sync 1 DAGs
[2024-10-13T10:20:51.320+0000] {logging_mixin.py:190} INFO - [2024-10-13T10:20:51.320+0000] {dag.py:4180} INFO - Setting next_dagrun for example_display_name to None, run_after=None
[2024-10-13T10:20:51.358+0000] {processor.py:208} INFO - Processing /home/airflow/.local/lib/python3.12/site-packages/airflow/example_dags/example_display_name.py took 0.144 seconds
[2024-10-13T10:21:21.461+0000] {processor.py:186} INFO - Started process (PID=1712) to work on /home/airflow/.local/lib/python3.12/site-packages/airflow/example_dags/example_display_name.py
[2024-10-13T10:21:21.464+0000] {processor.py:914} INFO - Processing file /home/airflow/.local/lib/python3.12/site-packages/airflow/example_dags/example_display_name.py for tasks to queue
[2024-10-13T10:21:21.469+0000] {logging_mixin.py:190} INFO - [2024-10-13T10:21:21.469+0000] {dagbag.py:588} INFO - Filling up the DagBag from /home/airflow/.local/lib/python3.12/site-packages/airflow/example_dags/example_display_name.py
[2024-10-13T10:21:21.482+0000] {processor.py:925} INFO - DAG(s) 'example_display_name' retrieved from /home/airflow/.local/lib/python3.12/site-packages/airflow/example_dags/example_display_name.py
[2024-10-13T10:21:21.514+0000] {logging_mixin.py:190} INFO - [2024-10-13T10:21:21.514+0000] {dag.py:3239} INFO - Sync 1 DAGs
[2024-10-13T10:21:21.541+0000] {logging_mixin.py:190} INFO - [2024-10-13T10:21:21.540+0000] {dag.py:4180} INFO - Setting next_dagrun for example_display_name to None, run_after=None
[2024-10-13T10:21:21.574+0000] {processor.py:208} INFO - Processing /home/airflow/.local/lib/python3.12/site-packages/airflow/example_dags/example_display_name.py took 0.124 seconds
[2024-10-13T10:21:52.364+0000] {processor.py:186} INFO - Started process (PID=1775) to work on /home/airflow/.local/lib/python3.12/site-packages/airflow/example_dags/example_display_name.py
[2024-10-13T10:21:52.367+0000] {processor.py:914} INFO - Processing file /home/airflow/.local/lib/python3.12/site-packages/airflow/example_dags/example_display_name.py for tasks to queue
[2024-10-13T10:21:52.374+0000] {logging_mixin.py:190} INFO - [2024-10-13T10:21:52.373+0000] {dagbag.py:588} INFO - Filling up the DagBag from /home/airflow/.local/lib/python3.12/site-packages/airflow/example_dags/example_display_name.py
[2024-10-13T10:21:52.393+0000] {processor.py:925} INFO - DAG(s) 'example_display_name' retrieved from /home/airflow/.local/lib/python3.12/site-packages/airflow/example_dags/example_display_name.py
[2024-10-13T10:21:52.427+0000] {logging_mixin.py:190} INFO - [2024-10-13T10:21:52.426+0000] {dag.py:3239} INFO - Sync 1 DAGs
[2024-10-13T10:21:52.451+0000] {logging_mixin.py:190} INFO - [2024-10-13T10:21:52.451+0000] {dag.py:4180} INFO - Setting next_dagrun for example_display_name to None, run_after=None
[2024-10-13T10:21:52.484+0000] {processor.py:208} INFO - Processing /home/airflow/.local/lib/python3.12/site-packages/airflow/example_dags/example_display_name.py took 0.129 seconds
[2024-10-13T10:22:22.678+0000] {processor.py:186} INFO - Started process (PID=1838) to work on /home/airflow/.local/lib/python3.12/site-packages/airflow/example_dags/example_display_name.py
[2024-10-13T10:22:22.681+0000] {processor.py:914} INFO - Processing file /home/airflow/.local/lib/python3.12/site-packages/airflow/example_dags/example_display_name.py for tasks to queue
[2024-10-13T10:22:22.687+0000] {logging_mixin.py:190} INFO - [2024-10-13T10:22:22.686+0000] {dagbag.py:588} INFO - Filling up the DagBag from /home/airflow/.local/lib/python3.12/site-packages/airflow/example_dags/example_display_name.py
[2024-10-13T10:22:22.700+0000] {processor.py:925} INFO - DAG(s) 'example_display_name' retrieved from /home/airflow/.local/lib/python3.12/site-packages/airflow/example_dags/example_display_name.py
[2024-10-13T10:22:22.740+0000] {logging_mixin.py:190} INFO - [2024-10-13T10:22:22.740+0000] {dag.py:3239} INFO - Sync 1 DAGs
[2024-10-13T10:22:22.768+0000] {logging_mixin.py:190} INFO - [2024-10-13T10:22:22.768+0000] {dag.py:4180} INFO - Setting next_dagrun for example_display_name to None, run_after=None
[2024-10-13T10:22:22.806+0000] {processor.py:208} INFO - Processing /home/airflow/.local/lib/python3.12/site-packages/airflow/example_dags/example_display_name.py took 0.138 seconds
[2024-10-13T10:22:53.127+0000] {processor.py:186} INFO - Started process (PID=1900) to work on /home/airflow/.local/lib/python3.12/site-packages/airflow/example_dags/example_display_name.py
[2024-10-13T10:22:53.227+0000] {processor.py:914} INFO - Processing file /home/airflow/.local/lib/python3.12/site-packages/airflow/example_dags/example_display_name.py for tasks to queue
[2024-10-13T10:22:53.263+0000] {logging_mixin.py:190} INFO - [2024-10-13T10:22:53.262+0000] {dagbag.py:588} INFO - Filling up the DagBag from /home/airflow/.local/lib/python3.12/site-packages/airflow/example_dags/example_display_name.py
[2024-10-13T10:22:53.344+0000] {processor.py:925} INFO - DAG(s) 'example_display_name' retrieved from /home/airflow/.local/lib/python3.12/site-packages/airflow/example_dags/example_display_name.py
[2024-10-13T10:22:53.546+0000] {logging_mixin.py:190} INFO - [2024-10-13T10:22:53.545+0000] {dag.py:3239} INFO - Sync 1 DAGs
[2024-10-13T10:22:53.729+0000] {logging_mixin.py:190} INFO - [2024-10-13T10:22:53.728+0000] {dag.py:4180} INFO - Setting next_dagrun for example_display_name to None, run_after=None
[2024-10-13T10:22:53.885+0000] {processor.py:208} INFO - Processing /home/airflow/.local/lib/python3.12/site-packages/airflow/example_dags/example_display_name.py took 0.801 seconds
[2024-10-13T10:23:26.133+0000] {processor.py:186} INFO - Started process (PID=1963) to work on /home/airflow/.local/lib/python3.12/site-packages/airflow/example_dags/example_display_name.py
[2024-10-13T10:23:26.139+0000] {processor.py:914} INFO - Processing file /home/airflow/.local/lib/python3.12/site-packages/airflow/example_dags/example_display_name.py for tasks to queue
[2024-10-13T10:23:26.154+0000] {logging_mixin.py:190} INFO - [2024-10-13T10:23:26.151+0000] {dagbag.py:588} INFO - Filling up the DagBag from /home/airflow/.local/lib/python3.12/site-packages/airflow/example_dags/example_display_name.py
[2024-10-13T10:23:26.193+0000] {processor.py:925} INFO - DAG(s) 'example_display_name' retrieved from /home/airflow/.local/lib/python3.12/site-packages/airflow/example_dags/example_display_name.py
[2024-10-13T10:23:26.283+0000] {logging_mixin.py:190} INFO - [2024-10-13T10:23:26.283+0000] {dag.py:3239} INFO - Sync 1 DAGs
[2024-10-13T10:23:26.362+0000] {logging_mixin.py:190} INFO - [2024-10-13T10:23:26.361+0000] {dag.py:4180} INFO - Setting next_dagrun for example_display_name to None, run_after=None
[2024-10-13T10:23:26.684+0000] {processor.py:208} INFO - Processing /home/airflow/.local/lib/python3.12/site-packages/airflow/example_dags/example_display_name.py took 0.617 seconds
[2024-10-13T10:24:33.110+0000] {processor.py:186} INFO - Started process (PID=2036) to work on /home/airflow/.local/lib/python3.12/site-packages/airflow/example_dags/example_display_name.py
[2024-10-13T10:24:33.113+0000] {processor.py:914} INFO - Processing file /home/airflow/.local/lib/python3.12/site-packages/airflow/example_dags/example_display_name.py for tasks to queue
[2024-10-13T10:24:33.133+0000] {logging_mixin.py:190} INFO - [2024-10-13T10:24:33.132+0000] {dagbag.py:588} INFO - Filling up the DagBag from /home/airflow/.local/lib/python3.12/site-packages/airflow/example_dags/example_display_name.py
[2024-10-13T10:24:33.154+0000] {processor.py:925} INFO - DAG(s) 'example_display_name' retrieved from /home/airflow/.local/lib/python3.12/site-packages/airflow/example_dags/example_display_name.py
[2024-10-13T10:24:33.233+0000] {logging_mixin.py:190} INFO - [2024-10-13T10:24:33.232+0000] {dag.py:3239} INFO - Sync 1 DAGs
[2024-10-13T10:24:33.295+0000] {logging_mixin.py:190} INFO - [2024-10-13T10:24:33.295+0000] {dag.py:4180} INFO - Setting next_dagrun for example_display_name to None, run_after=None
[2024-10-13T10:24:33.400+0000] {processor.py:208} INFO - Processing /home/airflow/.local/lib/python3.12/site-packages/airflow/example_dags/example_display_name.py took 0.309 seconds
[2024-10-13T10:25:03.996+0000] {processor.py:186} INFO - Started process (PID=2099) to work on /home/airflow/.local/lib/python3.12/site-packages/airflow/example_dags/example_display_name.py
[2024-10-13T10:25:03.998+0000] {processor.py:914} INFO - Processing file /home/airflow/.local/lib/python3.12/site-packages/airflow/example_dags/example_display_name.py for tasks to queue
[2024-10-13T10:25:04.005+0000] {logging_mixin.py:190} INFO - [2024-10-13T10:25:04.003+0000] {dagbag.py:588} INFO - Filling up the DagBag from /home/airflow/.local/lib/python3.12/site-packages/airflow/example_dags/example_display_name.py
[2024-10-13T10:25:04.038+0000] {processor.py:925} INFO - DAG(s) 'example_display_name' retrieved from /home/airflow/.local/lib/python3.12/site-packages/airflow/example_dags/example_display_name.py
[2024-10-13T10:25:04.101+0000] {logging_mixin.py:190} INFO - [2024-10-13T10:25:04.100+0000] {dag.py:3239} INFO - Sync 1 DAGs
[2024-10-13T10:25:04.146+0000] {logging_mixin.py:190} INFO - [2024-10-13T10:25:04.145+0000] {dag.py:4180} INFO - Setting next_dagrun for example_display_name to None, run_after=None
[2024-10-13T10:25:04.220+0000] {processor.py:208} INFO - Processing /home/airflow/.local/lib/python3.12/site-packages/airflow/example_dags/example_display_name.py took 0.239 seconds
[2024-10-13T10:25:35.649+0000] {processor.py:186} INFO - Started process (PID=2168) to work on /home/airflow/.local/lib/python3.12/site-packages/airflow/example_dags/example_display_name.py
[2024-10-13T10:25:35.651+0000] {processor.py:914} INFO - Processing file /home/airflow/.local/lib/python3.12/site-packages/airflow/example_dags/example_display_name.py for tasks to queue
[2024-10-13T10:25:35.670+0000] {logging_mixin.py:190} INFO - [2024-10-13T10:25:35.669+0000] {dagbag.py:588} INFO - Filling up the DagBag from /home/airflow/.local/lib/python3.12/site-packages/airflow/example_dags/example_display_name.py
[2024-10-13T10:25:35.707+0000] {processor.py:925} INFO - DAG(s) 'example_display_name' retrieved from /home/airflow/.local/lib/python3.12/site-packages/airflow/example_dags/example_display_name.py
[2024-10-13T10:25:35.774+0000] {logging_mixin.py:190} INFO - [2024-10-13T10:25:35.773+0000] {dag.py:3239} INFO - Sync 1 DAGs
[2024-10-13T10:25:35.835+0000] {logging_mixin.py:190} INFO - [2024-10-13T10:25:35.834+0000] {dag.py:4180} INFO - Setting next_dagrun for example_display_name to None, run_after=None
[2024-10-13T10:25:35.888+0000] {processor.py:208} INFO - Processing /home/airflow/.local/lib/python3.12/site-packages/airflow/example_dags/example_display_name.py took 0.257 seconds
[2024-10-13T10:26:06.422+0000] {processor.py:186} INFO - Started process (PID=2229) to work on /home/airflow/.local/lib/python3.12/site-packages/airflow/example_dags/example_display_name.py
[2024-10-13T10:26:06.441+0000] {processor.py:914} INFO - Processing file /home/airflow/.local/lib/python3.12/site-packages/airflow/example_dags/example_display_name.py for tasks to queue
[2024-10-13T10:26:06.487+0000] {logging_mixin.py:190} INFO - [2024-10-13T10:26:06.486+0000] {dagbag.py:588} INFO - Filling up the DagBag from /home/airflow/.local/lib/python3.12/site-packages/airflow/example_dags/example_display_name.py
[2024-10-13T10:26:06.550+0000] {processor.py:925} INFO - DAG(s) 'example_display_name' retrieved from /home/airflow/.local/lib/python3.12/site-packages/airflow/example_dags/example_display_name.py
[2024-10-13T10:26:07.196+0000] {logging_mixin.py:190} INFO - [2024-10-13T10:26:07.193+0000] {dag.py:3239} INFO - Sync 1 DAGs
[2024-10-13T10:26:07.759+0000] {logging_mixin.py:190} INFO - [2024-10-13T10:26:07.720+0000] {dag.py:4180} INFO - Setting next_dagrun for example_display_name to None, run_after=None
[2024-10-13T10:26:07.936+0000] {processor.py:208} INFO - Processing /home/airflow/.local/lib/python3.12/site-packages/airflow/example_dags/example_display_name.py took 1.548 seconds
[2024-10-13T10:28:40.806+0000] {processor.py:186} INFO - Started process (PID=2336) to work on /home/airflow/.local/lib/python3.12/site-packages/airflow/example_dags/example_display_name.py
[2024-10-13T10:28:40.819+0000] {processor.py:914} INFO - Processing file /home/airflow/.local/lib/python3.12/site-packages/airflow/example_dags/example_display_name.py for tasks to queue
[2024-10-13T10:28:40.838+0000] {logging_mixin.py:190} INFO - [2024-10-13T10:28:40.836+0000] {dagbag.py:588} INFO - Filling up the DagBag from /home/airflow/.local/lib/python3.12/site-packages/airflow/example_dags/example_display_name.py
[2024-10-13T10:28:40.870+0000] {processor.py:925} INFO - DAG(s) 'example_display_name' retrieved from /home/airflow/.local/lib/python3.12/site-packages/airflow/example_dags/example_display_name.py
[2024-10-13T10:28:40.983+0000] {logging_mixin.py:190} INFO - [2024-10-13T10:28:40.982+0000] {dag.py:3239} INFO - Sync 1 DAGs
[2024-10-13T10:28:41.132+0000] {logging_mixin.py:190} INFO - [2024-10-13T10:28:41.131+0000] {dag.py:4180} INFO - Setting next_dagrun for example_display_name to None, run_after=None
[2024-10-13T10:28:41.256+0000] {processor.py:208} INFO - Processing /home/airflow/.local/lib/python3.12/site-packages/airflow/example_dags/example_display_name.py took 0.471 seconds
[2024-10-13T10:29:11.663+0000] {processor.py:186} INFO - Started process (PID=2397) to work on /home/airflow/.local/lib/python3.12/site-packages/airflow/example_dags/example_display_name.py
[2024-10-13T10:29:11.665+0000] {processor.py:914} INFO - Processing file /home/airflow/.local/lib/python3.12/site-packages/airflow/example_dags/example_display_name.py for tasks to queue
[2024-10-13T10:29:11.678+0000] {logging_mixin.py:190} INFO - [2024-10-13T10:29:11.677+0000] {dagbag.py:588} INFO - Filling up the DagBag from /home/airflow/.local/lib/python3.12/site-packages/airflow/example_dags/example_display_name.py
[2024-10-13T10:29:11.700+0000] {processor.py:925} INFO - DAG(s) 'example_display_name' retrieved from /home/airflow/.local/lib/python3.12/site-packages/airflow/example_dags/example_display_name.py
[2024-10-13T10:29:11.894+0000] {logging_mixin.py:190} INFO - [2024-10-13T10:29:11.894+0000] {dag.py:3239} INFO - Sync 1 DAGs
[2024-10-13T10:29:11.992+0000] {logging_mixin.py:190} INFO - [2024-10-13T10:29:11.992+0000] {dag.py:4180} INFO - Setting next_dagrun for example_display_name to None, run_after=None
[2024-10-13T10:29:12.092+0000] {processor.py:208} INFO - Processing /home/airflow/.local/lib/python3.12/site-packages/airflow/example_dags/example_display_name.py took 0.456 seconds
[2024-10-13T10:29:43.625+0000] {processor.py:186} INFO - Started process (PID=2466) to work on /home/airflow/.local/lib/python3.12/site-packages/airflow/example_dags/example_display_name.py
[2024-10-13T10:29:43.630+0000] {processor.py:914} INFO - Processing file /home/airflow/.local/lib/python3.12/site-packages/airflow/example_dags/example_display_name.py for tasks to queue
[2024-10-13T10:29:43.639+0000] {logging_mixin.py:190} INFO - [2024-10-13T10:29:43.637+0000] {dagbag.py:588} INFO - Filling up the DagBag from /home/airflow/.local/lib/python3.12/site-packages/airflow/example_dags/example_display_name.py
[2024-10-13T10:29:43.672+0000] {processor.py:925} INFO - DAG(s) 'example_display_name' retrieved from /home/airflow/.local/lib/python3.12/site-packages/airflow/example_dags/example_display_name.py
[2024-10-13T10:29:43.795+0000] {logging_mixin.py:190} INFO - [2024-10-13T10:29:43.794+0000] {dag.py:3239} INFO - Sync 1 DAGs
[2024-10-13T10:29:43.859+0000] {logging_mixin.py:190} INFO - [2024-10-13T10:29:43.858+0000] {dag.py:4180} INFO - Setting next_dagrun for example_display_name to None, run_after=None
[2024-10-13T10:29:43.938+0000] {processor.py:208} INFO - Processing /home/airflow/.local/lib/python3.12/site-packages/airflow/example_dags/example_display_name.py took 0.333 seconds
[2024-10-13T10:30:14.067+0000] {processor.py:186} INFO - Started process (PID=2528) to work on /home/airflow/.local/lib/python3.12/site-packages/airflow/example_dags/example_display_name.py
[2024-10-13T10:30:14.069+0000] {processor.py:914} INFO - Processing file /home/airflow/.local/lib/python3.12/site-packages/airflow/example_dags/example_display_name.py for tasks to queue
[2024-10-13T10:30:14.075+0000] {logging_mixin.py:190} INFO - [2024-10-13T10:30:14.074+0000] {dagbag.py:588} INFO - Filling up the DagBag from /home/airflow/.local/lib/python3.12/site-packages/airflow/example_dags/example_display_name.py
[2024-10-13T10:30:14.095+0000] {processor.py:925} INFO - DAG(s) 'example_display_name' retrieved from /home/airflow/.local/lib/python3.12/site-packages/airflow/example_dags/example_display_name.py
[2024-10-13T10:30:14.145+0000] {logging_mixin.py:190} INFO - [2024-10-13T10:30:14.144+0000] {dag.py:3239} INFO - Sync 1 DAGs
[2024-10-13T10:30:14.194+0000] {logging_mixin.py:190} INFO - [2024-10-13T10:30:14.193+0000] {dag.py:4180} INFO - Setting next_dagrun for example_display_name to None, run_after=None
[2024-10-13T10:30:14.254+0000] {processor.py:208} INFO - Processing /home/airflow/.local/lib/python3.12/site-packages/airflow/example_dags/example_display_name.py took 0.203 seconds
[2024-10-13T10:30:44.618+0000] {processor.py:186} INFO - Started process (PID=2589) to work on /home/airflow/.local/lib/python3.12/site-packages/airflow/example_dags/example_display_name.py
[2024-10-13T10:30:44.620+0000] {processor.py:914} INFO - Processing file /home/airflow/.local/lib/python3.12/site-packages/airflow/example_dags/example_display_name.py for tasks to queue
[2024-10-13T10:30:44.626+0000] {logging_mixin.py:190} INFO - [2024-10-13T10:30:44.624+0000] {dagbag.py:588} INFO - Filling up the DagBag from /home/airflow/.local/lib/python3.12/site-packages/airflow/example_dags/example_display_name.py
[2024-10-13T10:30:44.643+0000] {processor.py:925} INFO - DAG(s) 'example_display_name' retrieved from /home/airflow/.local/lib/python3.12/site-packages/airflow/example_dags/example_display_name.py
[2024-10-13T10:30:44.690+0000] {logging_mixin.py:190} INFO - [2024-10-13T10:30:44.690+0000] {dag.py:3239} INFO - Sync 1 DAGs
[2024-10-13T10:30:44.724+0000] {logging_mixin.py:190} INFO - [2024-10-13T10:30:44.724+0000] {dag.py:4180} INFO - Setting next_dagrun for example_display_name to None, run_after=None
[2024-10-13T10:30:44.764+0000] {processor.py:208} INFO - Processing /home/airflow/.local/lib/python3.12/site-packages/airflow/example_dags/example_display_name.py took 0.159 seconds
[2024-10-13T10:31:14.838+0000] {processor.py:186} INFO - Started process (PID=2652) to work on /home/airflow/.local/lib/python3.12/site-packages/airflow/example_dags/example_display_name.py
[2024-10-13T10:31:14.841+0000] {processor.py:914} INFO - Processing file /home/airflow/.local/lib/python3.12/site-packages/airflow/example_dags/example_display_name.py for tasks to queue
[2024-10-13T10:31:14.846+0000] {logging_mixin.py:190} INFO - [2024-10-13T10:31:14.845+0000] {dagbag.py:588} INFO - Filling up the DagBag from /home/airflow/.local/lib/python3.12/site-packages/airflow/example_dags/example_display_name.py
[2024-10-13T10:31:14.862+0000] {processor.py:925} INFO - DAG(s) 'example_display_name' retrieved from /home/airflow/.local/lib/python3.12/site-packages/airflow/example_dags/example_display_name.py
[2024-10-13T10:31:14.902+0000] {logging_mixin.py:190} INFO - [2024-10-13T10:31:14.902+0000] {dag.py:3239} INFO - Sync 1 DAGs
[2024-10-13T10:31:14.929+0000] {logging_mixin.py:190} INFO - [2024-10-13T10:31:14.929+0000] {dag.py:4180} INFO - Setting next_dagrun for example_display_name to None, run_after=None
[2024-10-13T10:31:14.970+0000] {processor.py:208} INFO - Processing /home/airflow/.local/lib/python3.12/site-packages/airflow/example_dags/example_display_name.py took 0.148 seconds
[2024-10-13T10:31:48.650+0000] {processor.py:186} INFO - Started process (PID=2715) to work on /home/airflow/.local/lib/python3.12/site-packages/airflow/example_dags/example_display_name.py
[2024-10-13T10:31:48.655+0000] {processor.py:914} INFO - Processing file /home/airflow/.local/lib/python3.12/site-packages/airflow/example_dags/example_display_name.py for tasks to queue
[2024-10-13T10:31:48.670+0000] {logging_mixin.py:190} INFO - [2024-10-13T10:31:48.669+0000] {dagbag.py:588} INFO - Filling up the DagBag from /home/airflow/.local/lib/python3.12/site-packages/airflow/example_dags/example_display_name.py
[2024-10-13T10:31:48.713+0000] {processor.py:925} INFO - DAG(s) 'example_display_name' retrieved from /home/airflow/.local/lib/python3.12/site-packages/airflow/example_dags/example_display_name.py
[2024-10-13T10:31:48.860+0000] {logging_mixin.py:190} INFO - [2024-10-13T10:31:48.859+0000] {dag.py:3239} INFO - Sync 1 DAGs
[2024-10-13T10:31:49.024+0000] {logging_mixin.py:190} INFO - [2024-10-13T10:31:49.023+0000] {dag.py:4180} INFO - Setting next_dagrun for example_display_name to None, run_after=None
[2024-10-13T10:31:49.256+0000] {processor.py:208} INFO - Processing /home/airflow/.local/lib/python3.12/site-packages/airflow/example_dags/example_display_name.py took 0.627 seconds
[2024-10-13T10:34:53.353+0000] {processor.py:186} INFO - Started process (PID=2835) to work on /home/airflow/.local/lib/python3.12/site-packages/airflow/example_dags/example_display_name.py
[2024-10-13T10:34:53.364+0000] {processor.py:914} INFO - Processing file /home/airflow/.local/lib/python3.12/site-packages/airflow/example_dags/example_display_name.py for tasks to queue
[2024-10-13T10:34:53.501+0000] {logging_mixin.py:190} INFO - [2024-10-13T10:34:53.390+0000] {dagbag.py:588} INFO - Filling up the DagBag from /home/airflow/.local/lib/python3.12/site-packages/airflow/example_dags/example_display_name.py
[2024-10-13T10:34:54.011+0000] {processor.py:925} INFO - DAG(s) 'example_display_name' retrieved from /home/airflow/.local/lib/python3.12/site-packages/airflow/example_dags/example_display_name.py
[2024-10-13T10:34:54.400+0000] {logging_mixin.py:190} INFO - [2024-10-13T10:34:54.400+0000] {dag.py:3239} INFO - Sync 1 DAGs
[2024-10-13T10:34:55.003+0000] {logging_mixin.py:190} INFO - [2024-10-13T10:34:54.998+0000] {dag.py:4180} INFO - Setting next_dagrun for example_display_name to None, run_after=None
[2024-10-13T10:34:55.640+0000] {processor.py:208} INFO - Processing /home/airflow/.local/lib/python3.12/site-packages/airflow/example_dags/example_display_name.py took 2.536 seconds
