[2024-10-13T09:45:00.503+0000] {processor.py:186} INFO - Started process (PID=106) to work on /home/airflow/.local/lib/python3.12/site-packages/airflow/example_dags/example_dag_decorator.py
[2024-10-13T09:45:00.515+0000] {processor.py:914} INFO - Processing file /home/airflow/.local/lib/python3.12/site-packages/airflow/example_dags/example_dag_decorator.py for tasks to queue
[2024-10-13T09:45:00.533+0000] {logging_mixin.py:190} INFO - [2024-10-13T09:45:00.532+0000] {dagbag.py:588} INFO - Filling up the DagBag from /home/airflow/.local/lib/python3.12/site-packages/airflow/example_dags/example_dag_decorator.py
[2024-10-13T09:45:00.663+0000] {processor.py:925} INFO - DAG(s) 'example_dag_decorator' retrieved from /home/airflow/.local/lib/python3.12/site-packages/airflow/example_dags/example_dag_decorator.py
[2024-10-13T09:45:01.752+0000] {logging_mixin.py:190} INFO - [2024-10-13T09:45:01.750+0000] {override.py:1900} INFO - Created Permission View: can read on DAG:example_dag_decorator
[2024-10-13T09:45:01.821+0000] {logging_mixin.py:190} INFO - [2024-10-13T09:45:01.821+0000] {override.py:1900} INFO - Created Permission View: can delete on DAG:example_dag_decorator
[2024-10-13T09:45:01.852+0000] {logging_mixin.py:190} INFO - [2024-10-13T09:45:01.852+0000] {override.py:1900} INFO - Created Permission View: can edit on DAG:example_dag_decorator
[2024-10-13T09:45:01.884+0000] {logging_mixin.py:190} INFO - [2024-10-13T09:45:01.883+0000] {override.py:1900} INFO - Created Permission View: can create on DAG Run:example_dag_decorator
[2024-10-13T09:45:01.918+0000] {logging_mixin.py:190} INFO - [2024-10-13T09:45:01.917+0000] {override.py:1900} INFO - Created Permission View: menu access on DAG Run:example_dag_decorator
[2024-10-13T09:45:01.958+0000] {logging_mixin.py:190} INFO - [2024-10-13T09:45:01.958+0000] {override.py:1900} INFO - Created Permission View: can read on DAG Run:example_dag_decorator
[2024-10-13T09:45:02.013+0000] {logging_mixin.py:190} INFO - [2024-10-13T09:45:02.009+0000] {override.py:1900} INFO - Created Permission View: can delete on DAG Run:example_dag_decorator
[2024-10-13T09:45:02.017+0000] {logging_mixin.py:190} INFO - [2024-10-13T09:45:02.017+0000] {dag.py:3239} INFO - Sync 1 DAGs
[2024-10-13T09:45:02.123+0000] {logging_mixin.py:190} INFO - [2024-10-13T09:45:02.120+0000] {dag.py:3262} INFO - Creating ORM DAG for example_dag_decorator
[2024-10-13T09:45:02.125+0000] {logging_mixin.py:190} INFO - [2024-10-13T09:45:02.124+0000] {dag.py:4180} INFO - Setting next_dagrun for example_dag_decorator to None, run_after=None
[2024-10-13T09:45:02.273+0000] {processor.py:208} INFO - Processing /home/airflow/.local/lib/python3.12/site-packages/airflow/example_dags/example_dag_decorator.py took 1.847 seconds
[2024-10-13T09:45:33.406+0000] {processor.py:186} INFO - Started process (PID=167) to work on /home/airflow/.local/lib/python3.12/site-packages/airflow/example_dags/example_dag_decorator.py
[2024-10-13T09:45:33.441+0000] {processor.py:914} INFO - Processing file /home/airflow/.local/lib/python3.12/site-packages/airflow/example_dags/example_dag_decorator.py for tasks to queue
[2024-10-13T09:45:33.554+0000] {logging_mixin.py:190} INFO - [2024-10-13T09:45:33.549+0000] {dagbag.py:588} INFO - Filling up the DagBag from /home/airflow/.local/lib/python3.12/site-packages/airflow/example_dags/example_dag_decorator.py
[2024-10-13T09:45:33.976+0000] {processor.py:925} INFO - DAG(s) 'example_dag_decorator' retrieved from /home/airflow/.local/lib/python3.12/site-packages/airflow/example_dags/example_dag_decorator.py
[2024-10-13T09:45:35.846+0000] {logging_mixin.py:190} INFO - [2024-10-13T09:45:35.846+0000] {dag.py:3239} INFO - Sync 1 DAGs
[2024-10-13T09:45:35.988+0000] {logging_mixin.py:190} INFO - [2024-10-13T09:45:35.988+0000] {dag.py:4180} INFO - Setting next_dagrun for example_dag_decorator to None, run_after=None
[2024-10-13T09:45:36.569+0000] {processor.py:208} INFO - Processing /home/airflow/.local/lib/python3.12/site-packages/airflow/example_dags/example_dag_decorator.py took 3.273 seconds
[2024-10-13T09:46:06.813+0000] {processor.py:186} INFO - Started process (PID=229) to work on /home/airflow/.local/lib/python3.12/site-packages/airflow/example_dags/example_dag_decorator.py
[2024-10-13T09:46:06.821+0000] {processor.py:914} INFO - Processing file /home/airflow/.local/lib/python3.12/site-packages/airflow/example_dags/example_dag_decorator.py for tasks to queue
[2024-10-13T09:46:06.833+0000] {logging_mixin.py:190} INFO - [2024-10-13T09:46:06.832+0000] {dagbag.py:588} INFO - Filling up the DagBag from /home/airflow/.local/lib/python3.12/site-packages/airflow/example_dags/example_dag_decorator.py
[2024-10-13T09:46:06.862+0000] {processor.py:925} INFO - DAG(s) 'example_dag_decorator' retrieved from /home/airflow/.local/lib/python3.12/site-packages/airflow/example_dags/example_dag_decorator.py
[2024-10-13T09:46:07.632+0000] {logging_mixin.py:190} INFO - [2024-10-13T09:46:07.631+0000] {dag.py:3239} INFO - Sync 1 DAGs
[2024-10-13T09:46:07.689+0000] {logging_mixin.py:190} INFO - [2024-10-13T09:46:07.689+0000] {dag.py:4180} INFO - Setting next_dagrun for example_dag_decorator to None, run_after=None
[2024-10-13T09:46:07.749+0000] {processor.py:208} INFO - Processing /home/airflow/.local/lib/python3.12/site-packages/airflow/example_dags/example_dag_decorator.py took 0.981 seconds
[2024-10-13T09:46:38.529+0000] {processor.py:186} INFO - Started process (PID=291) to work on /home/airflow/.local/lib/python3.12/site-packages/airflow/example_dags/example_dag_decorator.py
[2024-10-13T09:46:38.533+0000] {processor.py:914} INFO - Processing file /home/airflow/.local/lib/python3.12/site-packages/airflow/example_dags/example_dag_decorator.py for tasks to queue
[2024-10-13T09:46:38.538+0000] {logging_mixin.py:190} INFO - [2024-10-13T09:46:38.537+0000] {dagbag.py:588} INFO - Filling up the DagBag from /home/airflow/.local/lib/python3.12/site-packages/airflow/example_dags/example_dag_decorator.py
[2024-10-13T09:46:38.565+0000] {processor.py:925} INFO - DAG(s) 'example_dag_decorator' retrieved from /home/airflow/.local/lib/python3.12/site-packages/airflow/example_dags/example_dag_decorator.py
[2024-10-13T09:46:38.803+0000] {logging_mixin.py:190} INFO - [2024-10-13T09:46:38.803+0000] {dag.py:3239} INFO - Sync 1 DAGs
[2024-10-13T09:46:38.829+0000] {logging_mixin.py:190} INFO - [2024-10-13T09:46:38.828+0000] {dag.py:4180} INFO - Setting next_dagrun for example_dag_decorator to None, run_after=None
[2024-10-13T09:46:38.867+0000] {processor.py:208} INFO - Processing /home/airflow/.local/lib/python3.12/site-packages/airflow/example_dags/example_dag_decorator.py took 0.351 seconds
[2024-10-13T09:47:09.917+0000] {processor.py:186} INFO - Started process (PID=355) to work on /home/airflow/.local/lib/python3.12/site-packages/airflow/example_dags/example_dag_decorator.py
[2024-10-13T09:47:09.919+0000] {processor.py:914} INFO - Processing file /home/airflow/.local/lib/python3.12/site-packages/airflow/example_dags/example_dag_decorator.py for tasks to queue
[2024-10-13T09:47:09.923+0000] {logging_mixin.py:190} INFO - [2024-10-13T09:47:09.923+0000] {dagbag.py:588} INFO - Filling up the DagBag from /home/airflow/.local/lib/python3.12/site-packages/airflow/example_dags/example_dag_decorator.py
[2024-10-13T09:47:09.944+0000] {processor.py:925} INFO - DAG(s) 'example_dag_decorator' retrieved from /home/airflow/.local/lib/python3.12/site-packages/airflow/example_dags/example_dag_decorator.py
[2024-10-13T09:47:10.168+0000] {logging_mixin.py:190} INFO - [2024-10-13T09:47:10.168+0000] {dag.py:3239} INFO - Sync 1 DAGs
[2024-10-13T09:47:10.195+0000] {logging_mixin.py:190} INFO - [2024-10-13T09:47:10.195+0000] {dag.py:4180} INFO - Setting next_dagrun for example_dag_decorator to None, run_after=None
[2024-10-13T09:47:10.236+0000] {processor.py:208} INFO - Processing /home/airflow/.local/lib/python3.12/site-packages/airflow/example_dags/example_dag_decorator.py took 0.331 seconds
[2024-10-13T09:47:40.538+0000] {processor.py:186} INFO - Started process (PID=415) to work on /home/airflow/.local/lib/python3.12/site-packages/airflow/example_dags/example_dag_decorator.py
[2024-10-13T09:47:40.541+0000] {processor.py:914} INFO - Processing file /home/airflow/.local/lib/python3.12/site-packages/airflow/example_dags/example_dag_decorator.py for tasks to queue
[2024-10-13T09:47:40.548+0000] {logging_mixin.py:190} INFO - [2024-10-13T09:47:40.547+0000] {dagbag.py:588} INFO - Filling up the DagBag from /home/airflow/.local/lib/python3.12/site-packages/airflow/example_dags/example_dag_decorator.py
[2024-10-13T09:47:40.573+0000] {processor.py:925} INFO - DAG(s) 'example_dag_decorator' retrieved from /home/airflow/.local/lib/python3.12/site-packages/airflow/example_dags/example_dag_decorator.py
[2024-10-13T09:47:40.766+0000] {logging_mixin.py:190} INFO - [2024-10-13T09:47:40.766+0000] {dag.py:3239} INFO - Sync 1 DAGs
[2024-10-13T09:47:40.786+0000] {logging_mixin.py:190} INFO - [2024-10-13T09:47:40.785+0000] {dag.py:4180} INFO - Setting next_dagrun for example_dag_decorator to None, run_after=None
[2024-10-13T09:47:40.825+0000] {processor.py:208} INFO - Processing /home/airflow/.local/lib/python3.12/site-packages/airflow/example_dags/example_dag_decorator.py took 0.302 seconds
[2024-10-13T09:48:11.717+0000] {processor.py:186} INFO - Started process (PID=483) to work on /home/airflow/.local/lib/python3.12/site-packages/airflow/example_dags/example_dag_decorator.py
[2024-10-13T09:48:11.720+0000] {processor.py:914} INFO - Processing file /home/airflow/.local/lib/python3.12/site-packages/airflow/example_dags/example_dag_decorator.py for tasks to queue
[2024-10-13T09:48:11.725+0000] {logging_mixin.py:190} INFO - [2024-10-13T09:48:11.724+0000] {dagbag.py:588} INFO - Filling up the DagBag from /home/airflow/.local/lib/python3.12/site-packages/airflow/example_dags/example_dag_decorator.py
[2024-10-13T09:48:11.748+0000] {processor.py:925} INFO - DAG(s) 'example_dag_decorator' retrieved from /home/airflow/.local/lib/python3.12/site-packages/airflow/example_dags/example_dag_decorator.py
[2024-10-13T09:48:11.978+0000] {logging_mixin.py:190} INFO - [2024-10-13T09:48:11.977+0000] {dag.py:3239} INFO - Sync 1 DAGs
[2024-10-13T09:48:12.004+0000] {logging_mixin.py:190} INFO - [2024-10-13T09:48:12.004+0000] {dag.py:4180} INFO - Setting next_dagrun for example_dag_decorator to None, run_after=None
[2024-10-13T09:48:12.042+0000] {processor.py:208} INFO - Processing /home/airflow/.local/lib/python3.12/site-packages/airflow/example_dags/example_dag_decorator.py took 0.336 seconds
[2024-10-13T09:48:42.415+0000] {processor.py:186} INFO - Started process (PID=545) to work on /home/airflow/.local/lib/python3.12/site-packages/airflow/example_dags/example_dag_decorator.py
[2024-10-13T09:48:42.418+0000] {processor.py:914} INFO - Processing file /home/airflow/.local/lib/python3.12/site-packages/airflow/example_dags/example_dag_decorator.py for tasks to queue
[2024-10-13T09:48:42.424+0000] {logging_mixin.py:190} INFO - [2024-10-13T09:48:42.423+0000] {dagbag.py:588} INFO - Filling up the DagBag from /home/airflow/.local/lib/python3.12/site-packages/airflow/example_dags/example_dag_decorator.py
[2024-10-13T09:48:42.449+0000] {processor.py:925} INFO - DAG(s) 'example_dag_decorator' retrieved from /home/airflow/.local/lib/python3.12/site-packages/airflow/example_dags/example_dag_decorator.py
[2024-10-13T09:48:43.077+0000] {logging_mixin.py:190} INFO - [2024-10-13T09:48:43.076+0000] {dag.py:3239} INFO - Sync 1 DAGs
[2024-10-13T09:48:43.110+0000] {logging_mixin.py:190} INFO - [2024-10-13T09:48:43.110+0000] {dag.py:4180} INFO - Setting next_dagrun for example_dag_decorator to None, run_after=None
[2024-10-13T09:48:43.160+0000] {processor.py:208} INFO - Processing /home/airflow/.local/lib/python3.12/site-packages/airflow/example_dags/example_dag_decorator.py took 0.764 seconds
[2024-10-13T09:49:13.596+0000] {processor.py:186} INFO - Started process (PID=606) to work on /home/airflow/.local/lib/python3.12/site-packages/airflow/example_dags/example_dag_decorator.py
[2024-10-13T09:49:13.603+0000] {processor.py:914} INFO - Processing file /home/airflow/.local/lib/python3.12/site-packages/airflow/example_dags/example_dag_decorator.py for tasks to queue
[2024-10-13T09:49:13.611+0000] {logging_mixin.py:190} INFO - [2024-10-13T09:49:13.610+0000] {dagbag.py:588} INFO - Filling up the DagBag from /home/airflow/.local/lib/python3.12/site-packages/airflow/example_dags/example_dag_decorator.py
[2024-10-13T09:49:13.642+0000] {processor.py:925} INFO - DAG(s) 'example_dag_decorator' retrieved from /home/airflow/.local/lib/python3.12/site-packages/airflow/example_dags/example_dag_decorator.py
[2024-10-13T09:49:13.719+0000] {logging_mixin.py:190} INFO - [2024-10-13T09:49:13.719+0000] {dag.py:3239} INFO - Sync 1 DAGs
[2024-10-13T09:49:13.768+0000] {logging_mixin.py:190} INFO - [2024-10-13T09:49:13.767+0000] {dag.py:4180} INFO - Setting next_dagrun for example_dag_decorator to None, run_after=None
[2024-10-13T09:49:13.872+0000] {processor.py:208} INFO - Processing /home/airflow/.local/lib/python3.12/site-packages/airflow/example_dags/example_dag_decorator.py took 0.301 seconds
[2024-10-13T09:49:43.962+0000] {processor.py:186} INFO - Started process (PID=667) to work on /home/airflow/.local/lib/python3.12/site-packages/airflow/example_dags/example_dag_decorator.py
[2024-10-13T09:49:43.965+0000] {processor.py:914} INFO - Processing file /home/airflow/.local/lib/python3.12/site-packages/airflow/example_dags/example_dag_decorator.py for tasks to queue
[2024-10-13T09:49:43.971+0000] {logging_mixin.py:190} INFO - [2024-10-13T09:49:43.970+0000] {dagbag.py:588} INFO - Filling up the DagBag from /home/airflow/.local/lib/python3.12/site-packages/airflow/example_dags/example_dag_decorator.py
[2024-10-13T09:49:43.998+0000] {processor.py:925} INFO - DAG(s) 'example_dag_decorator' retrieved from /home/airflow/.local/lib/python3.12/site-packages/airflow/example_dags/example_dag_decorator.py
[2024-10-13T09:49:44.197+0000] {logging_mixin.py:190} INFO - [2024-10-13T09:49:44.196+0000] {dag.py:3239} INFO - Sync 1 DAGs
[2024-10-13T09:49:44.223+0000] {logging_mixin.py:190} INFO - [2024-10-13T09:49:44.222+0000] {dag.py:4180} INFO - Setting next_dagrun for example_dag_decorator to None, run_after=None
[2024-10-13T09:49:44.258+0000] {processor.py:208} INFO - Processing /home/airflow/.local/lib/python3.12/site-packages/airflow/example_dags/example_dag_decorator.py took 0.306 seconds
[2024-10-13T09:50:14.357+0000] {processor.py:186} INFO - Started process (PID=728) to work on /home/airflow/.local/lib/python3.12/site-packages/airflow/example_dags/example_dag_decorator.py
[2024-10-13T09:50:14.359+0000] {processor.py:914} INFO - Processing file /home/airflow/.local/lib/python3.12/site-packages/airflow/example_dags/example_dag_decorator.py for tasks to queue
[2024-10-13T09:50:14.363+0000] {logging_mixin.py:190} INFO - [2024-10-13T09:50:14.363+0000] {dagbag.py:588} INFO - Filling up the DagBag from /home/airflow/.local/lib/python3.12/site-packages/airflow/example_dags/example_dag_decorator.py
[2024-10-13T09:50:14.382+0000] {processor.py:925} INFO - DAG(s) 'example_dag_decorator' retrieved from /home/airflow/.local/lib/python3.12/site-packages/airflow/example_dags/example_dag_decorator.py
[2024-10-13T09:50:14.575+0000] {logging_mixin.py:190} INFO - [2024-10-13T09:50:14.574+0000] {dag.py:3239} INFO - Sync 1 DAGs
[2024-10-13T09:50:14.598+0000] {logging_mixin.py:190} INFO - [2024-10-13T09:50:14.597+0000] {dag.py:4180} INFO - Setting next_dagrun for example_dag_decorator to None, run_after=None
[2024-10-13T09:50:14.638+0000] {processor.py:208} INFO - Processing /home/airflow/.local/lib/python3.12/site-packages/airflow/example_dags/example_dag_decorator.py took 0.291 seconds
[2024-10-13T09:50:45.568+0000] {processor.py:186} INFO - Started process (PID=790) to work on /home/airflow/.local/lib/python3.12/site-packages/airflow/example_dags/example_dag_decorator.py
[2024-10-13T09:50:45.570+0000] {processor.py:914} INFO - Processing file /home/airflow/.local/lib/python3.12/site-packages/airflow/example_dags/example_dag_decorator.py for tasks to queue
[2024-10-13T09:50:45.577+0000] {logging_mixin.py:190} INFO - [2024-10-13T09:50:45.576+0000] {dagbag.py:588} INFO - Filling up the DagBag from /home/airflow/.local/lib/python3.12/site-packages/airflow/example_dags/example_dag_decorator.py
[2024-10-13T09:50:45.602+0000] {processor.py:925} INFO - DAG(s) 'example_dag_decorator' retrieved from /home/airflow/.local/lib/python3.12/site-packages/airflow/example_dags/example_dag_decorator.py
[2024-10-13T09:50:45.855+0000] {logging_mixin.py:190} INFO - [2024-10-13T09:50:45.854+0000] {dag.py:3239} INFO - Sync 1 DAGs
[2024-10-13T09:50:45.875+0000] {logging_mixin.py:190} INFO - [2024-10-13T09:50:45.875+0000] {dag.py:4180} INFO - Setting next_dagrun for example_dag_decorator to None, run_after=None
[2024-10-13T09:50:45.910+0000] {processor.py:208} INFO - Processing /home/airflow/.local/lib/python3.12/site-packages/airflow/example_dags/example_dag_decorator.py took 0.355 seconds
[2024-10-13T09:51:16.147+0000] {processor.py:186} INFO - Started process (PID=852) to work on /home/airflow/.local/lib/python3.12/site-packages/airflow/example_dags/example_dag_decorator.py
[2024-10-13T09:51:16.150+0000] {processor.py:914} INFO - Processing file /home/airflow/.local/lib/python3.12/site-packages/airflow/example_dags/example_dag_decorator.py for tasks to queue
[2024-10-13T09:51:16.155+0000] {logging_mixin.py:190} INFO - [2024-10-13T09:51:16.154+0000] {dagbag.py:588} INFO - Filling up the DagBag from /home/airflow/.local/lib/python3.12/site-packages/airflow/example_dags/example_dag_decorator.py
[2024-10-13T09:51:16.176+0000] {processor.py:925} INFO - DAG(s) 'example_dag_decorator' retrieved from /home/airflow/.local/lib/python3.12/site-packages/airflow/example_dags/example_dag_decorator.py
[2024-10-13T09:51:16.216+0000] {logging_mixin.py:190} INFO - [2024-10-13T09:51:16.216+0000] {dag.py:3239} INFO - Sync 1 DAGs
[2024-10-13T09:51:16.241+0000] {logging_mixin.py:190} INFO - [2024-10-13T09:51:16.241+0000] {dag.py:4180} INFO - Setting next_dagrun for example_dag_decorator to None, run_after=None
[2024-10-13T09:51:16.278+0000] {processor.py:208} INFO - Processing /home/airflow/.local/lib/python3.12/site-packages/airflow/example_dags/example_dag_decorator.py took 0.144 seconds
[2024-10-13T09:51:46.356+0000] {processor.py:186} INFO - Started process (PID=914) to work on /home/airflow/.local/lib/python3.12/site-packages/airflow/example_dags/example_dag_decorator.py
[2024-10-13T09:51:46.358+0000] {processor.py:914} INFO - Processing file /home/airflow/.local/lib/python3.12/site-packages/airflow/example_dags/example_dag_decorator.py for tasks to queue
[2024-10-13T09:51:46.364+0000] {logging_mixin.py:190} INFO - [2024-10-13T09:51:46.364+0000] {dagbag.py:588} INFO - Filling up the DagBag from /home/airflow/.local/lib/python3.12/site-packages/airflow/example_dags/example_dag_decorator.py
[2024-10-13T09:51:46.414+0000] {processor.py:925} INFO - DAG(s) 'example_dag_decorator' retrieved from /home/airflow/.local/lib/python3.12/site-packages/airflow/example_dags/example_dag_decorator.py
[2024-10-13T09:51:47.213+0000] {logging_mixin.py:190} INFO - [2024-10-13T09:51:47.213+0000] {dag.py:3239} INFO - Sync 1 DAGs
[2024-10-13T09:51:47.293+0000] {logging_mixin.py:190} INFO - [2024-10-13T09:51:47.290+0000] {dag.py:4180} INFO - Setting next_dagrun for example_dag_decorator to None, run_after=None
[2024-10-13T09:51:47.406+0000] {processor.py:208} INFO - Processing /home/airflow/.local/lib/python3.12/site-packages/airflow/example_dags/example_dag_decorator.py took 1.074 seconds
[2024-10-13T09:52:17.618+0000] {processor.py:186} INFO - Started process (PID=976) to work on /home/airflow/.local/lib/python3.12/site-packages/airflow/example_dags/example_dag_decorator.py
[2024-10-13T09:52:17.621+0000] {processor.py:914} INFO - Processing file /home/airflow/.local/lib/python3.12/site-packages/airflow/example_dags/example_dag_decorator.py for tasks to queue
[2024-10-13T09:52:17.629+0000] {logging_mixin.py:190} INFO - [2024-10-13T09:52:17.628+0000] {dagbag.py:588} INFO - Filling up the DagBag from /home/airflow/.local/lib/python3.12/site-packages/airflow/example_dags/example_dag_decorator.py
[2024-10-13T09:52:17.665+0000] {processor.py:925} INFO - DAG(s) 'example_dag_decorator' retrieved from /home/airflow/.local/lib/python3.12/site-packages/airflow/example_dags/example_dag_decorator.py
[2024-10-13T09:52:18.053+0000] {logging_mixin.py:190} INFO - [2024-10-13T09:52:18.053+0000] {dag.py:3239} INFO - Sync 1 DAGs
[2024-10-13T09:52:18.134+0000] {logging_mixin.py:190} INFO - [2024-10-13T09:52:18.132+0000] {dag.py:4180} INFO - Setting next_dagrun for example_dag_decorator to None, run_after=None
[2024-10-13T09:52:18.192+0000] {processor.py:208} INFO - Processing /home/airflow/.local/lib/python3.12/site-packages/airflow/example_dags/example_dag_decorator.py took 0.591 seconds
[2024-10-13T09:52:48.492+0000] {processor.py:186} INFO - Started process (PID=1038) to work on /home/airflow/.local/lib/python3.12/site-packages/airflow/example_dags/example_dag_decorator.py
[2024-10-13T09:52:48.494+0000] {processor.py:914} INFO - Processing file /home/airflow/.local/lib/python3.12/site-packages/airflow/example_dags/example_dag_decorator.py for tasks to queue
[2024-10-13T09:52:48.499+0000] {logging_mixin.py:190} INFO - [2024-10-13T09:52:48.499+0000] {dagbag.py:588} INFO - Filling up the DagBag from /home/airflow/.local/lib/python3.12/site-packages/airflow/example_dags/example_dag_decorator.py
[2024-10-13T09:52:48.524+0000] {processor.py:925} INFO - DAG(s) 'example_dag_decorator' retrieved from /home/airflow/.local/lib/python3.12/site-packages/airflow/example_dags/example_dag_decorator.py
[2024-10-13T09:52:48.808+0000] {logging_mixin.py:190} INFO - [2024-10-13T09:52:48.808+0000] {dag.py:3239} INFO - Sync 1 DAGs
[2024-10-13T09:52:48.888+0000] {logging_mixin.py:190} INFO - [2024-10-13T09:52:48.887+0000] {dag.py:4180} INFO - Setting next_dagrun for example_dag_decorator to None, run_after=None
[2024-10-13T09:52:48.940+0000] {processor.py:208} INFO - Processing /home/airflow/.local/lib/python3.12/site-packages/airflow/example_dags/example_dag_decorator.py took 0.463 seconds
[2024-10-13T09:53:23.282+0000] {processor.py:186} INFO - Started process (PID=1099) to work on /home/airflow/.local/lib/python3.12/site-packages/airflow/example_dags/example_dag_decorator.py
[2024-10-13T09:53:23.284+0000] {processor.py:914} INFO - Processing file /home/airflow/.local/lib/python3.12/site-packages/airflow/example_dags/example_dag_decorator.py for tasks to queue
[2024-10-13T09:53:23.291+0000] {logging_mixin.py:190} INFO - [2024-10-13T09:53:23.290+0000] {dagbag.py:588} INFO - Filling up the DagBag from /home/airflow/.local/lib/python3.12/site-packages/airflow/example_dags/example_dag_decorator.py
[2024-10-13T09:53:23.321+0000] {processor.py:925} INFO - DAG(s) 'example_dag_decorator' retrieved from /home/airflow/.local/lib/python3.12/site-packages/airflow/example_dags/example_dag_decorator.py
[2024-10-13T09:53:23.652+0000] {logging_mixin.py:190} INFO - [2024-10-13T09:53:23.651+0000] {dag.py:3239} INFO - Sync 1 DAGs
[2024-10-13T09:53:23.684+0000] {logging_mixin.py:190} INFO - [2024-10-13T09:53:23.683+0000] {dag.py:4180} INFO - Setting next_dagrun for example_dag_decorator to None, run_after=None
[2024-10-13T09:53:23.731+0000] {processor.py:208} INFO - Processing /home/airflow/.local/lib/python3.12/site-packages/airflow/example_dags/example_dag_decorator.py took 0.470 seconds
[2024-10-13T09:53:54.074+0000] {processor.py:186} INFO - Started process (PID=1161) to work on /home/airflow/.local/lib/python3.12/site-packages/airflow/example_dags/example_dag_decorator.py
[2024-10-13T09:53:54.075+0000] {processor.py:914} INFO - Processing file /home/airflow/.local/lib/python3.12/site-packages/airflow/example_dags/example_dag_decorator.py for tasks to queue
[2024-10-13T09:53:54.080+0000] {logging_mixin.py:190} INFO - [2024-10-13T09:53:54.079+0000] {dagbag.py:588} INFO - Filling up the DagBag from /home/airflow/.local/lib/python3.12/site-packages/airflow/example_dags/example_dag_decorator.py
[2024-10-13T09:53:54.101+0000] {processor.py:925} INFO - DAG(s) 'example_dag_decorator' retrieved from /home/airflow/.local/lib/python3.12/site-packages/airflow/example_dags/example_dag_decorator.py
[2024-10-13T09:53:54.332+0000] {logging_mixin.py:190} INFO - [2024-10-13T09:53:54.332+0000] {dag.py:3239} INFO - Sync 1 DAGs
[2024-10-13T09:53:54.357+0000] {logging_mixin.py:190} INFO - [2024-10-13T09:53:54.356+0000] {dag.py:4180} INFO - Setting next_dagrun for example_dag_decorator to None, run_after=None
[2024-10-13T09:53:54.404+0000] {processor.py:208} INFO - Processing /home/airflow/.local/lib/python3.12/site-packages/airflow/example_dags/example_dag_decorator.py took 0.341 seconds
[2024-10-13T09:54:25.424+0000] {processor.py:186} INFO - Started process (PID=1223) to work on /home/airflow/.local/lib/python3.12/site-packages/airflow/example_dags/example_dag_decorator.py
[2024-10-13T09:54:25.427+0000] {processor.py:914} INFO - Processing file /home/airflow/.local/lib/python3.12/site-packages/airflow/example_dags/example_dag_decorator.py for tasks to queue
[2024-10-13T09:54:25.433+0000] {logging_mixin.py:190} INFO - [2024-10-13T09:54:25.432+0000] {dagbag.py:588} INFO - Filling up the DagBag from /home/airflow/.local/lib/python3.12/site-packages/airflow/example_dags/example_dag_decorator.py
[2024-10-13T09:54:25.460+0000] {processor.py:925} INFO - DAG(s) 'example_dag_decorator' retrieved from /home/airflow/.local/lib/python3.12/site-packages/airflow/example_dags/example_dag_decorator.py
[2024-10-13T09:54:25.756+0000] {logging_mixin.py:190} INFO - [2024-10-13T09:54:25.755+0000] {dag.py:3239} INFO - Sync 1 DAGs
[2024-10-13T09:54:25.795+0000] {logging_mixin.py:190} INFO - [2024-10-13T09:54:25.794+0000] {dag.py:4180} INFO - Setting next_dagrun for example_dag_decorator to None, run_after=None
[2024-10-13T09:54:25.850+0000] {processor.py:208} INFO - Processing /home/airflow/.local/lib/python3.12/site-packages/airflow/example_dags/example_dag_decorator.py took 0.443 seconds
[2024-10-13T09:54:56.103+0000] {processor.py:186} INFO - Started process (PID=1285) to work on /home/airflow/.local/lib/python3.12/site-packages/airflow/example_dags/example_dag_decorator.py
[2024-10-13T09:54:56.105+0000] {processor.py:914} INFO - Processing file /home/airflow/.local/lib/python3.12/site-packages/airflow/example_dags/example_dag_decorator.py for tasks to queue
[2024-10-13T09:54:56.111+0000] {logging_mixin.py:190} INFO - [2024-10-13T09:54:56.110+0000] {dagbag.py:588} INFO - Filling up the DagBag from /home/airflow/.local/lib/python3.12/site-packages/airflow/example_dags/example_dag_decorator.py
[2024-10-13T09:54:56.138+0000] {processor.py:925} INFO - DAG(s) 'example_dag_decorator' retrieved from /home/airflow/.local/lib/python3.12/site-packages/airflow/example_dags/example_dag_decorator.py
[2024-10-13T09:54:56.454+0000] {logging_mixin.py:190} INFO - [2024-10-13T09:54:56.445+0000] {dag.py:3239} INFO - Sync 1 DAGs
[2024-10-13T09:54:56.614+0000] {logging_mixin.py:190} INFO - [2024-10-13T09:54:56.614+0000] {dag.py:4180} INFO - Setting next_dagrun for example_dag_decorator to None, run_after=None
[2024-10-13T09:54:56.772+0000] {processor.py:208} INFO - Processing /home/airflow/.local/lib/python3.12/site-packages/airflow/example_dags/example_dag_decorator.py took 0.680 seconds
[2024-10-13T09:55:27.079+0000] {processor.py:186} INFO - Started process (PID=1347) to work on /home/airflow/.local/lib/python3.12/site-packages/airflow/example_dags/example_dag_decorator.py
[2024-10-13T09:55:27.082+0000] {processor.py:914} INFO - Processing file /home/airflow/.local/lib/python3.12/site-packages/airflow/example_dags/example_dag_decorator.py for tasks to queue
[2024-10-13T09:55:27.090+0000] {logging_mixin.py:190} INFO - [2024-10-13T09:55:27.089+0000] {dagbag.py:588} INFO - Filling up the DagBag from /home/airflow/.local/lib/python3.12/site-packages/airflow/example_dags/example_dag_decorator.py
[2024-10-13T09:55:27.119+0000] {processor.py:925} INFO - DAG(s) 'example_dag_decorator' retrieved from /home/airflow/.local/lib/python3.12/site-packages/airflow/example_dags/example_dag_decorator.py
[2024-10-13T09:55:27.460+0000] {logging_mixin.py:190} INFO - [2024-10-13T09:55:27.459+0000] {dag.py:3239} INFO - Sync 1 DAGs
[2024-10-13T09:55:27.486+0000] {logging_mixin.py:190} INFO - [2024-10-13T09:55:27.485+0000] {dag.py:4180} INFO - Setting next_dagrun for example_dag_decorator to None, run_after=None
[2024-10-13T09:55:27.529+0000] {processor.py:208} INFO - Processing /home/airflow/.local/lib/python3.12/site-packages/airflow/example_dags/example_dag_decorator.py took 0.467 seconds
[2024-10-13T09:55:58.205+0000] {processor.py:186} INFO - Started process (PID=1411) to work on /home/airflow/.local/lib/python3.12/site-packages/airflow/example_dags/example_dag_decorator.py
[2024-10-13T09:55:58.207+0000] {processor.py:914} INFO - Processing file /home/airflow/.local/lib/python3.12/site-packages/airflow/example_dags/example_dag_decorator.py for tasks to queue
[2024-10-13T09:55:58.213+0000] {logging_mixin.py:190} INFO - [2024-10-13T09:55:58.212+0000] {dagbag.py:588} INFO - Filling up the DagBag from /home/airflow/.local/lib/python3.12/site-packages/airflow/example_dags/example_dag_decorator.py
[2024-10-13T09:55:58.232+0000] {processor.py:925} INFO - DAG(s) 'example_dag_decorator' retrieved from /home/airflow/.local/lib/python3.12/site-packages/airflow/example_dags/example_dag_decorator.py
[2024-10-13T09:55:58.270+0000] {logging_mixin.py:190} INFO - [2024-10-13T09:55:58.270+0000] {dag.py:3239} INFO - Sync 1 DAGs
[2024-10-13T09:55:58.293+0000] {logging_mixin.py:190} INFO - [2024-10-13T09:55:58.293+0000] {dag.py:4180} INFO - Setting next_dagrun for example_dag_decorator to None, run_after=None
[2024-10-13T09:55:58.327+0000] {processor.py:208} INFO - Processing /home/airflow/.local/lib/python3.12/site-packages/airflow/example_dags/example_dag_decorator.py took 0.132 seconds
[2024-10-13T09:56:28.722+0000] {processor.py:186} INFO - Started process (PID=1473) to work on /home/airflow/.local/lib/python3.12/site-packages/airflow/example_dags/example_dag_decorator.py
[2024-10-13T09:56:28.724+0000] {processor.py:914} INFO - Processing file /home/airflow/.local/lib/python3.12/site-packages/airflow/example_dags/example_dag_decorator.py for tasks to queue
[2024-10-13T09:56:28.728+0000] {logging_mixin.py:190} INFO - [2024-10-13T09:56:28.728+0000] {dagbag.py:588} INFO - Filling up the DagBag from /home/airflow/.local/lib/python3.12/site-packages/airflow/example_dags/example_dag_decorator.py
[2024-10-13T09:56:28.747+0000] {processor.py:925} INFO - DAG(s) 'example_dag_decorator' retrieved from /home/airflow/.local/lib/python3.12/site-packages/airflow/example_dags/example_dag_decorator.py
[2024-10-13T09:56:28.947+0000] {logging_mixin.py:190} INFO - [2024-10-13T09:56:28.947+0000] {dag.py:3239} INFO - Sync 1 DAGs
[2024-10-13T09:56:28.968+0000] {logging_mixin.py:190} INFO - [2024-10-13T09:56:28.967+0000] {dag.py:4180} INFO - Setting next_dagrun for example_dag_decorator to None, run_after=None
[2024-10-13T09:56:29.003+0000] {processor.py:208} INFO - Processing /home/airflow/.local/lib/python3.12/site-packages/airflow/example_dags/example_dag_decorator.py took 0.290 seconds
[2024-10-13T09:57:00.688+0000] {processor.py:186} INFO - Started process (PID=1536) to work on /home/airflow/.local/lib/python3.12/site-packages/airflow/example_dags/example_dag_decorator.py
[2024-10-13T09:57:00.689+0000] {processor.py:914} INFO - Processing file /home/airflow/.local/lib/python3.12/site-packages/airflow/example_dags/example_dag_decorator.py for tasks to queue
[2024-10-13T09:57:00.695+0000] {logging_mixin.py:190} INFO - [2024-10-13T09:57:00.695+0000] {dagbag.py:588} INFO - Filling up the DagBag from /home/airflow/.local/lib/python3.12/site-packages/airflow/example_dags/example_dag_decorator.py
[2024-10-13T09:57:00.717+0000] {processor.py:925} INFO - DAG(s) 'example_dag_decorator' retrieved from /home/airflow/.local/lib/python3.12/site-packages/airflow/example_dags/example_dag_decorator.py
[2024-10-13T09:57:00.950+0000] {logging_mixin.py:190} INFO - [2024-10-13T09:57:00.950+0000] {dag.py:3239} INFO - Sync 1 DAGs
[2024-10-13T09:57:00.973+0000] {logging_mixin.py:190} INFO - [2024-10-13T09:57:00.973+0000] {dag.py:4180} INFO - Setting next_dagrun for example_dag_decorator to None, run_after=None
[2024-10-13T09:57:01.031+0000] {processor.py:208} INFO - Processing /home/airflow/.local/lib/python3.12/site-packages/airflow/example_dags/example_dag_decorator.py took 0.355 seconds
[2024-10-13T09:57:36.635+0000] {processor.py:186} INFO - Started process (PID=1597) to work on /home/airflow/.local/lib/python3.12/site-packages/airflow/example_dags/example_dag_decorator.py
[2024-10-13T09:57:36.639+0000] {processor.py:914} INFO - Processing file /home/airflow/.local/lib/python3.12/site-packages/airflow/example_dags/example_dag_decorator.py for tasks to queue
[2024-10-13T09:57:36.657+0000] {logging_mixin.py:190} INFO - [2024-10-13T09:57:36.656+0000] {dagbag.py:588} INFO - Filling up the DagBag from /home/airflow/.local/lib/python3.12/site-packages/airflow/example_dags/example_dag_decorator.py
[2024-10-13T09:57:36.742+0000] {processor.py:925} INFO - DAG(s) 'example_dag_decorator' retrieved from /home/airflow/.local/lib/python3.12/site-packages/airflow/example_dags/example_dag_decorator.py
[2024-10-13T09:57:37.425+0000] {logging_mixin.py:190} INFO - [2024-10-13T09:57:37.424+0000] {dag.py:3239} INFO - Sync 1 DAGs
[2024-10-13T09:57:37.479+0000] {logging_mixin.py:190} INFO - [2024-10-13T09:57:37.478+0000] {dag.py:4180} INFO - Setting next_dagrun for example_dag_decorator to None, run_after=None
[2024-10-13T09:57:37.550+0000] {processor.py:208} INFO - Processing /home/airflow/.local/lib/python3.12/site-packages/airflow/example_dags/example_dag_decorator.py took 0.944 seconds
[2024-10-13T09:58:07.900+0000] {processor.py:186} INFO - Started process (PID=1659) to work on /home/airflow/.local/lib/python3.12/site-packages/airflow/example_dags/example_dag_decorator.py
[2024-10-13T09:58:07.913+0000] {processor.py:914} INFO - Processing file /home/airflow/.local/lib/python3.12/site-packages/airflow/example_dags/example_dag_decorator.py for tasks to queue
[2024-10-13T09:58:07.932+0000] {logging_mixin.py:190} INFO - [2024-10-13T09:58:07.932+0000] {dagbag.py:588} INFO - Filling up the DagBag from /home/airflow/.local/lib/python3.12/site-packages/airflow/example_dags/example_dag_decorator.py
[2024-10-13T09:58:08.031+0000] {processor.py:925} INFO - DAG(s) 'example_dag_decorator' retrieved from /home/airflow/.local/lib/python3.12/site-packages/airflow/example_dags/example_dag_decorator.py
[2024-10-13T09:58:08.730+0000] {logging_mixin.py:190} INFO - [2024-10-13T09:58:08.730+0000] {dag.py:3239} INFO - Sync 1 DAGs
[2024-10-13T09:58:08.821+0000] {logging_mixin.py:190} INFO - [2024-10-13T09:58:08.819+0000] {dag.py:4180} INFO - Setting next_dagrun for example_dag_decorator to None, run_after=None
[2024-10-13T09:58:08.978+0000] {processor.py:208} INFO - Processing /home/airflow/.local/lib/python3.12/site-packages/airflow/example_dags/example_dag_decorator.py took 1.141 seconds
[2024-10-13T09:58:39.763+0000] {processor.py:186} INFO - Started process (PID=1722) to work on /home/airflow/.local/lib/python3.12/site-packages/airflow/example_dags/example_dag_decorator.py
[2024-10-13T09:58:39.772+0000] {processor.py:914} INFO - Processing file /home/airflow/.local/lib/python3.12/site-packages/airflow/example_dags/example_dag_decorator.py for tasks to queue
[2024-10-13T09:58:39.784+0000] {logging_mixin.py:190} INFO - [2024-10-13T09:58:39.783+0000] {dagbag.py:588} INFO - Filling up the DagBag from /home/airflow/.local/lib/python3.12/site-packages/airflow/example_dags/example_dag_decorator.py
[2024-10-13T09:58:39.914+0000] {processor.py:925} INFO - DAG(s) 'example_dag_decorator' retrieved from /home/airflow/.local/lib/python3.12/site-packages/airflow/example_dags/example_dag_decorator.py
[2024-10-13T09:58:40.376+0000] {logging_mixin.py:190} INFO - [2024-10-13T09:58:40.375+0000] {dag.py:3239} INFO - Sync 1 DAGs
[2024-10-13T09:58:40.404+0000] {logging_mixin.py:190} INFO - [2024-10-13T09:58:40.404+0000] {dag.py:4180} INFO - Setting next_dagrun for example_dag_decorator to None, run_after=None
[2024-10-13T09:58:40.454+0000] {processor.py:208} INFO - Processing /home/airflow/.local/lib/python3.12/site-packages/airflow/example_dags/example_dag_decorator.py took 0.740 seconds
[2024-10-13T09:59:18.643+0000] {processor.py:186} INFO - Started process (PID=1786) to work on /home/airflow/.local/lib/python3.12/site-packages/airflow/example_dags/example_dag_decorator.py
[2024-10-13T09:59:18.646+0000] {processor.py:914} INFO - Processing file /home/airflow/.local/lib/python3.12/site-packages/airflow/example_dags/example_dag_decorator.py for tasks to queue
[2024-10-13T09:59:18.653+0000] {logging_mixin.py:190} INFO - [2024-10-13T09:59:18.652+0000] {dagbag.py:588} INFO - Filling up the DagBag from /home/airflow/.local/lib/python3.12/site-packages/airflow/example_dags/example_dag_decorator.py
[2024-10-13T09:59:18.685+0000] {processor.py:925} INFO - DAG(s) 'example_dag_decorator' retrieved from /home/airflow/.local/lib/python3.12/site-packages/airflow/example_dags/example_dag_decorator.py
[2024-10-13T09:59:19.265+0000] {logging_mixin.py:190} INFO - [2024-10-13T09:59:19.264+0000] {dag.py:3239} INFO - Sync 1 DAGs
[2024-10-13T09:59:19.324+0000] {logging_mixin.py:190} INFO - [2024-10-13T09:59:19.322+0000] {dag.py:4180} INFO - Setting next_dagrun for example_dag_decorator to None, run_after=None
[2024-10-13T09:59:19.445+0000] {processor.py:208} INFO - Processing /home/airflow/.local/lib/python3.12/site-packages/airflow/example_dags/example_dag_decorator.py took 0.815 seconds
[2024-10-13T09:59:52.194+0000] {processor.py:186} INFO - Started process (PID=1849) to work on /home/airflow/.local/lib/python3.12/site-packages/airflow/example_dags/example_dag_decorator.py
[2024-10-13T09:59:52.198+0000] {processor.py:914} INFO - Processing file /home/airflow/.local/lib/python3.12/site-packages/airflow/example_dags/example_dag_decorator.py for tasks to queue
[2024-10-13T09:59:52.210+0000] {logging_mixin.py:190} INFO - [2024-10-13T09:59:52.209+0000] {dagbag.py:588} INFO - Filling up the DagBag from /home/airflow/.local/lib/python3.12/site-packages/airflow/example_dags/example_dag_decorator.py
[2024-10-13T09:59:52.238+0000] {processor.py:925} INFO - DAG(s) 'example_dag_decorator' retrieved from /home/airflow/.local/lib/python3.12/site-packages/airflow/example_dags/example_dag_decorator.py
[2024-10-13T09:59:52.516+0000] {logging_mixin.py:190} INFO - [2024-10-13T09:59:52.515+0000] {dag.py:3239} INFO - Sync 1 DAGs
[2024-10-13T09:59:52.545+0000] {logging_mixin.py:190} INFO - [2024-10-13T09:59:52.545+0000] {dag.py:4180} INFO - Setting next_dagrun for example_dag_decorator to None, run_after=None
[2024-10-13T09:59:52.589+0000] {processor.py:208} INFO - Processing /home/airflow/.local/lib/python3.12/site-packages/airflow/example_dags/example_dag_decorator.py took 0.425 seconds
[2024-10-13T10:06:29.140+0000] {processor.py:186} INFO - Started process (PID=104) to work on /home/airflow/.local/lib/python3.12/site-packages/airflow/example_dags/example_dag_decorator.py
[2024-10-13T10:06:29.146+0000] {processor.py:914} INFO - Processing file /home/airflow/.local/lib/python3.12/site-packages/airflow/example_dags/example_dag_decorator.py for tasks to queue
[2024-10-13T10:06:29.166+0000] {logging_mixin.py:190} INFO - [2024-10-13T10:06:29.164+0000] {dagbag.py:588} INFO - Filling up the DagBag from /home/airflow/.local/lib/python3.12/site-packages/airflow/example_dags/example_dag_decorator.py
[2024-10-13T10:06:29.663+0000] {processor.py:925} INFO - DAG(s) 'example_dag_decorator' retrieved from /home/airflow/.local/lib/python3.12/site-packages/airflow/example_dags/example_dag_decorator.py
[2024-10-13T10:06:33.117+0000] {logging_mixin.py:190} INFO - [2024-10-13T10:06:33.116+0000] {dag.py:3239} INFO - Sync 1 DAGs
[2024-10-13T10:06:33.255+0000] {logging_mixin.py:190} INFO - [2024-10-13T10:06:33.255+0000] {dag.py:4180} INFO - Setting next_dagrun for example_dag_decorator to None, run_after=None
[2024-10-13T10:06:33.647+0000] {processor.py:208} INFO - Processing /home/airflow/.local/lib/python3.12/site-packages/airflow/example_dags/example_dag_decorator.py took 4.553 seconds
[2024-10-13T10:07:37.052+0000] {processor.py:186} INFO - Started process (PID=175) to work on /home/airflow/.local/lib/python3.12/site-packages/airflow/example_dags/example_dag_decorator.py
[2024-10-13T10:07:37.057+0000] {processor.py:914} INFO - Processing file /home/airflow/.local/lib/python3.12/site-packages/airflow/example_dags/example_dag_decorator.py for tasks to queue
[2024-10-13T10:07:37.067+0000] {logging_mixin.py:190} INFO - [2024-10-13T10:07:37.066+0000] {dagbag.py:588} INFO - Filling up the DagBag from /home/airflow/.local/lib/python3.12/site-packages/airflow/example_dags/example_dag_decorator.py
[2024-10-13T10:07:37.101+0000] {processor.py:925} INFO - DAG(s) 'example_dag_decorator' retrieved from /home/airflow/.local/lib/python3.12/site-packages/airflow/example_dags/example_dag_decorator.py
[2024-10-13T10:07:37.624+0000] {logging_mixin.py:190} INFO - [2024-10-13T10:07:37.623+0000] {dag.py:3239} INFO - Sync 1 DAGs
[2024-10-13T10:07:37.809+0000] {logging_mixin.py:190} INFO - [2024-10-13T10:07:37.808+0000] {dag.py:4180} INFO - Setting next_dagrun for example_dag_decorator to None, run_after=None
[2024-10-13T10:07:37.882+0000] {processor.py:208} INFO - Processing /home/airflow/.local/lib/python3.12/site-packages/airflow/example_dags/example_dag_decorator.py took 0.844 seconds
[2024-10-13T10:08:14.575+0000] {processor.py:186} INFO - Started process (PID=241) to work on /home/airflow/.local/lib/python3.12/site-packages/airflow/example_dags/example_dag_decorator.py
[2024-10-13T10:08:14.579+0000] {processor.py:914} INFO - Processing file /home/airflow/.local/lib/python3.12/site-packages/airflow/example_dags/example_dag_decorator.py for tasks to queue
[2024-10-13T10:08:14.597+0000] {logging_mixin.py:190} INFO - [2024-10-13T10:08:14.594+0000] {dagbag.py:588} INFO - Filling up the DagBag from /home/airflow/.local/lib/python3.12/site-packages/airflow/example_dags/example_dag_decorator.py
[2024-10-13T10:08:14.641+0000] {processor.py:925} INFO - DAG(s) 'example_dag_decorator' retrieved from /home/airflow/.local/lib/python3.12/site-packages/airflow/example_dags/example_dag_decorator.py
[2024-10-13T10:08:14.958+0000] {logging_mixin.py:190} INFO - [2024-10-13T10:08:14.958+0000] {dag.py:3239} INFO - Sync 1 DAGs
[2024-10-13T10:08:14.987+0000] {logging_mixin.py:190} INFO - [2024-10-13T10:08:14.987+0000] {dag.py:4180} INFO - Setting next_dagrun for example_dag_decorator to None, run_after=None
[2024-10-13T10:08:15.034+0000] {processor.py:208} INFO - Processing /home/airflow/.local/lib/python3.12/site-packages/airflow/example_dags/example_dag_decorator.py took 0.474 seconds
[2024-10-13T10:08:50.510+0000] {processor.py:186} INFO - Started process (PID=313) to work on /home/airflow/.local/lib/python3.12/site-packages/airflow/example_dags/example_dag_decorator.py
[2024-10-13T10:08:50.514+0000] {processor.py:914} INFO - Processing file /home/airflow/.local/lib/python3.12/site-packages/airflow/example_dags/example_dag_decorator.py for tasks to queue
[2024-10-13T10:08:50.525+0000] {logging_mixin.py:190} INFO - [2024-10-13T10:08:50.524+0000] {dagbag.py:588} INFO - Filling up the DagBag from /home/airflow/.local/lib/python3.12/site-packages/airflow/example_dags/example_dag_decorator.py
[2024-10-13T10:08:50.552+0000] {processor.py:925} INFO - DAG(s) 'example_dag_decorator' retrieved from /home/airflow/.local/lib/python3.12/site-packages/airflow/example_dags/example_dag_decorator.py
[2024-10-13T10:08:51.929+0000] {logging_mixin.py:190} INFO - [2024-10-13T10:08:51.899+0000] {dag.py:3239} INFO - Sync 1 DAGs
[2024-10-13T10:08:52.021+0000] {logging_mixin.py:190} INFO - [2024-10-13T10:08:52.020+0000] {dag.py:4180} INFO - Setting next_dagrun for example_dag_decorator to None, run_after=None
[2024-10-13T10:08:52.101+0000] {processor.py:208} INFO - Processing /home/airflow/.local/lib/python3.12/site-packages/airflow/example_dags/example_dag_decorator.py took 1.605 seconds
[2024-10-13T10:09:35.955+0000] {processor.py:186} INFO - Started process (PID=378) to work on /home/airflow/.local/lib/python3.12/site-packages/airflow/example_dags/example_dag_decorator.py
[2024-10-13T10:09:35.958+0000] {processor.py:914} INFO - Processing file /home/airflow/.local/lib/python3.12/site-packages/airflow/example_dags/example_dag_decorator.py for tasks to queue
[2024-10-13T10:09:35.964+0000] {logging_mixin.py:190} INFO - [2024-10-13T10:09:35.963+0000] {dagbag.py:588} INFO - Filling up the DagBag from /home/airflow/.local/lib/python3.12/site-packages/airflow/example_dags/example_dag_decorator.py
[2024-10-13T10:09:36.009+0000] {processor.py:925} INFO - DAG(s) 'example_dag_decorator' retrieved from /home/airflow/.local/lib/python3.12/site-packages/airflow/example_dags/example_dag_decorator.py
[2024-10-13T10:09:36.199+0000] {logging_mixin.py:190} INFO - [2024-10-13T10:09:36.199+0000] {dag.py:3239} INFO - Sync 1 DAGs
[2024-10-13T10:09:36.299+0000] {logging_mixin.py:190} INFO - [2024-10-13T10:09:36.298+0000] {dag.py:4180} INFO - Setting next_dagrun for example_dag_decorator to None, run_after=None
[2024-10-13T10:09:36.391+0000] {processor.py:208} INFO - Processing /home/airflow/.local/lib/python3.12/site-packages/airflow/example_dags/example_dag_decorator.py took 0.449 seconds
[2024-10-13T10:10:14.699+0000] {processor.py:186} INFO - Started process (PID=452) to work on /home/airflow/.local/lib/python3.12/site-packages/airflow/example_dags/example_dag_decorator.py
[2024-10-13T10:10:14.702+0000] {processor.py:914} INFO - Processing file /home/airflow/.local/lib/python3.12/site-packages/airflow/example_dags/example_dag_decorator.py for tasks to queue
[2024-10-13T10:10:14.706+0000] {logging_mixin.py:190} INFO - [2024-10-13T10:10:14.705+0000] {dagbag.py:588} INFO - Filling up the DagBag from /home/airflow/.local/lib/python3.12/site-packages/airflow/example_dags/example_dag_decorator.py
[2024-10-13T10:10:14.728+0000] {processor.py:925} INFO - DAG(s) 'example_dag_decorator' retrieved from /home/airflow/.local/lib/python3.12/site-packages/airflow/example_dags/example_dag_decorator.py
[2024-10-13T10:10:14.779+0000] {logging_mixin.py:190} INFO - [2024-10-13T10:10:14.779+0000] {dag.py:3239} INFO - Sync 1 DAGs
[2024-10-13T10:10:14.814+0000] {logging_mixin.py:190} INFO - [2024-10-13T10:10:14.813+0000] {dag.py:4180} INFO - Setting next_dagrun for example_dag_decorator to None, run_after=None
[2024-10-13T10:10:14.859+0000] {processor.py:208} INFO - Processing /home/airflow/.local/lib/python3.12/site-packages/airflow/example_dags/example_dag_decorator.py took 0.173 seconds
[2024-10-13T10:10:45.065+0000] {processor.py:186} INFO - Started process (PID=514) to work on /home/airflow/.local/lib/python3.12/site-packages/airflow/example_dags/example_dag_decorator.py
[2024-10-13T10:10:45.067+0000] {processor.py:914} INFO - Processing file /home/airflow/.local/lib/python3.12/site-packages/airflow/example_dags/example_dag_decorator.py for tasks to queue
[2024-10-13T10:10:45.072+0000] {logging_mixin.py:190} INFO - [2024-10-13T10:10:45.071+0000] {dagbag.py:588} INFO - Filling up the DagBag from /home/airflow/.local/lib/python3.12/site-packages/airflow/example_dags/example_dag_decorator.py
[2024-10-13T10:10:45.093+0000] {processor.py:925} INFO - DAG(s) 'example_dag_decorator' retrieved from /home/airflow/.local/lib/python3.12/site-packages/airflow/example_dags/example_dag_decorator.py
[2024-10-13T10:10:45.445+0000] {logging_mixin.py:190} INFO - [2024-10-13T10:10:45.445+0000] {dag.py:3239} INFO - Sync 1 DAGs
[2024-10-13T10:10:45.468+0000] {logging_mixin.py:190} INFO - [2024-10-13T10:10:45.468+0000] {dag.py:4180} INFO - Setting next_dagrun for example_dag_decorator to None, run_after=None
[2024-10-13T10:10:45.514+0000] {processor.py:208} INFO - Processing /home/airflow/.local/lib/python3.12/site-packages/airflow/example_dags/example_dag_decorator.py took 0.459 seconds
[2024-10-13T10:11:21.392+0000] {processor.py:186} INFO - Started process (PID=582) to work on /home/airflow/.local/lib/python3.12/site-packages/airflow/example_dags/example_dag_decorator.py
[2024-10-13T10:11:21.400+0000] {processor.py:914} INFO - Processing file /home/airflow/.local/lib/python3.12/site-packages/airflow/example_dags/example_dag_decorator.py for tasks to queue
[2024-10-13T10:11:21.471+0000] {logging_mixin.py:190} INFO - [2024-10-13T10:11:21.471+0000] {dagbag.py:588} INFO - Filling up the DagBag from /home/airflow/.local/lib/python3.12/site-packages/airflow/example_dags/example_dag_decorator.py
[2024-10-13T10:11:21.508+0000] {processor.py:925} INFO - DAG(s) 'example_dag_decorator' retrieved from /home/airflow/.local/lib/python3.12/site-packages/airflow/example_dags/example_dag_decorator.py
[2024-10-13T10:11:21.818+0000] {logging_mixin.py:190} INFO - [2024-10-13T10:11:21.818+0000] {dag.py:3239} INFO - Sync 1 DAGs
[2024-10-13T10:11:21.852+0000] {logging_mixin.py:190} INFO - [2024-10-13T10:11:21.852+0000] {dag.py:4180} INFO - Setting next_dagrun for example_dag_decorator to None, run_after=None
[2024-10-13T10:11:21.890+0000] {processor.py:208} INFO - Processing /home/airflow/.local/lib/python3.12/site-packages/airflow/example_dags/example_dag_decorator.py took 0.582 seconds
[2024-10-13T10:11:52.628+0000] {processor.py:186} INFO - Started process (PID=644) to work on /home/airflow/.local/lib/python3.12/site-packages/airflow/example_dags/example_dag_decorator.py
[2024-10-13T10:11:52.633+0000] {processor.py:914} INFO - Processing file /home/airflow/.local/lib/python3.12/site-packages/airflow/example_dags/example_dag_decorator.py for tasks to queue
[2024-10-13T10:11:52.638+0000] {logging_mixin.py:190} INFO - [2024-10-13T10:11:52.637+0000] {dagbag.py:588} INFO - Filling up the DagBag from /home/airflow/.local/lib/python3.12/site-packages/airflow/example_dags/example_dag_decorator.py
[2024-10-13T10:11:52.668+0000] {processor.py:925} INFO - DAG(s) 'example_dag_decorator' retrieved from /home/airflow/.local/lib/python3.12/site-packages/airflow/example_dags/example_dag_decorator.py
[2024-10-13T10:11:52.955+0000] {logging_mixin.py:190} INFO - [2024-10-13T10:11:52.955+0000] {dag.py:3239} INFO - Sync 1 DAGs
[2024-10-13T10:11:52.990+0000] {logging_mixin.py:190} INFO - [2024-10-13T10:11:52.990+0000] {dag.py:4180} INFO - Setting next_dagrun for example_dag_decorator to None, run_after=None
[2024-10-13T10:11:53.038+0000] {processor.py:208} INFO - Processing /home/airflow/.local/lib/python3.12/site-packages/airflow/example_dags/example_dag_decorator.py took 0.422 seconds
[2024-10-13T10:12:23.953+0000] {processor.py:186} INFO - Started process (PID=706) to work on /home/airflow/.local/lib/python3.12/site-packages/airflow/example_dags/example_dag_decorator.py
[2024-10-13T10:12:23.955+0000] {processor.py:914} INFO - Processing file /home/airflow/.local/lib/python3.12/site-packages/airflow/example_dags/example_dag_decorator.py for tasks to queue
[2024-10-13T10:12:23.961+0000] {logging_mixin.py:190} INFO - [2024-10-13T10:12:23.960+0000] {dagbag.py:588} INFO - Filling up the DagBag from /home/airflow/.local/lib/python3.12/site-packages/airflow/example_dags/example_dag_decorator.py
[2024-10-13T10:12:23.991+0000] {processor.py:925} INFO - DAG(s) 'example_dag_decorator' retrieved from /home/airflow/.local/lib/python3.12/site-packages/airflow/example_dags/example_dag_decorator.py
[2024-10-13T10:12:24.275+0000] {logging_mixin.py:190} INFO - [2024-10-13T10:12:24.275+0000] {dag.py:3239} INFO - Sync 1 DAGs
[2024-10-13T10:12:24.305+0000] {logging_mixin.py:190} INFO - [2024-10-13T10:12:24.305+0000] {dag.py:4180} INFO - Setting next_dagrun for example_dag_decorator to None, run_after=None
[2024-10-13T10:12:24.343+0000] {processor.py:208} INFO - Processing /home/airflow/.local/lib/python3.12/site-packages/airflow/example_dags/example_dag_decorator.py took 0.407 seconds
[2024-10-13T10:12:56.900+0000] {processor.py:186} INFO - Started process (PID=774) to work on /home/airflow/.local/lib/python3.12/site-packages/airflow/example_dags/example_dag_decorator.py
[2024-10-13T10:12:56.902+0000] {processor.py:914} INFO - Processing file /home/airflow/.local/lib/python3.12/site-packages/airflow/example_dags/example_dag_decorator.py for tasks to queue
[2024-10-13T10:12:56.908+0000] {logging_mixin.py:190} INFO - [2024-10-13T10:12:56.907+0000] {dagbag.py:588} INFO - Filling up the DagBag from /home/airflow/.local/lib/python3.12/site-packages/airflow/example_dags/example_dag_decorator.py
[2024-10-13T10:12:56.992+0000] {processor.py:925} INFO - DAG(s) 'example_dag_decorator' retrieved from /home/airflow/.local/lib/python3.12/site-packages/airflow/example_dags/example_dag_decorator.py
[2024-10-13T10:12:57.590+0000] {logging_mixin.py:190} INFO - [2024-10-13T10:12:57.590+0000] {dag.py:3239} INFO - Sync 1 DAGs
[2024-10-13T10:12:57.624+0000] {logging_mixin.py:190} INFO - [2024-10-13T10:12:57.623+0000] {dag.py:4180} INFO - Setting next_dagrun for example_dag_decorator to None, run_after=None
[2024-10-13T10:12:57.666+0000] {processor.py:208} INFO - Processing /home/airflow/.local/lib/python3.12/site-packages/airflow/example_dags/example_dag_decorator.py took 0.778 seconds
[2024-10-13T10:13:27.886+0000] {processor.py:186} INFO - Started process (PID=836) to work on /home/airflow/.local/lib/python3.12/site-packages/airflow/example_dags/example_dag_decorator.py
[2024-10-13T10:13:27.888+0000] {processor.py:914} INFO - Processing file /home/airflow/.local/lib/python3.12/site-packages/airflow/example_dags/example_dag_decorator.py for tasks to queue
[2024-10-13T10:13:27.893+0000] {logging_mixin.py:190} INFO - [2024-10-13T10:13:27.892+0000] {dagbag.py:588} INFO - Filling up the DagBag from /home/airflow/.local/lib/python3.12/site-packages/airflow/example_dags/example_dag_decorator.py
[2024-10-13T10:13:27.938+0000] {processor.py:925} INFO - DAG(s) 'example_dag_decorator' retrieved from /home/airflow/.local/lib/python3.12/site-packages/airflow/example_dags/example_dag_decorator.py
[2024-10-13T10:13:28.473+0000] {logging_mixin.py:190} INFO - [2024-10-13T10:13:28.472+0000] {dag.py:3239} INFO - Sync 1 DAGs
[2024-10-13T10:13:28.530+0000] {logging_mixin.py:190} INFO - [2024-10-13T10:13:28.529+0000] {dag.py:4180} INFO - Setting next_dagrun for example_dag_decorator to None, run_after=None
[2024-10-13T10:13:28.649+0000] {processor.py:208} INFO - Processing /home/airflow/.local/lib/python3.12/site-packages/airflow/example_dags/example_dag_decorator.py took 0.788 seconds
[2024-10-13T10:13:58.751+0000] {processor.py:186} INFO - Started process (PID=901) to work on /home/airflow/.local/lib/python3.12/site-packages/airflow/example_dags/example_dag_decorator.py
[2024-10-13T10:13:58.754+0000] {processor.py:914} INFO - Processing file /home/airflow/.local/lib/python3.12/site-packages/airflow/example_dags/example_dag_decorator.py for tasks to queue
[2024-10-13T10:13:58.758+0000] {logging_mixin.py:190} INFO - [2024-10-13T10:13:58.758+0000] {dagbag.py:588} INFO - Filling up the DagBag from /home/airflow/.local/lib/python3.12/site-packages/airflow/example_dags/example_dag_decorator.py
[2024-10-13T10:13:58.783+0000] {processor.py:925} INFO - DAG(s) 'example_dag_decorator' retrieved from /home/airflow/.local/lib/python3.12/site-packages/airflow/example_dags/example_dag_decorator.py
[2024-10-13T10:13:59.009+0000] {logging_mixin.py:190} INFO - [2024-10-13T10:13:59.009+0000] {dag.py:3239} INFO - Sync 1 DAGs
[2024-10-13T10:13:59.028+0000] {logging_mixin.py:190} INFO - [2024-10-13T10:13:59.027+0000] {dag.py:4180} INFO - Setting next_dagrun for example_dag_decorator to None, run_after=None
[2024-10-13T10:13:59.061+0000] {processor.py:208} INFO - Processing /home/airflow/.local/lib/python3.12/site-packages/airflow/example_dags/example_dag_decorator.py took 0.320 seconds
[2024-10-13T10:14:29.816+0000] {processor.py:186} INFO - Started process (PID=964) to work on /home/airflow/.local/lib/python3.12/site-packages/airflow/example_dags/example_dag_decorator.py
[2024-10-13T10:14:29.818+0000] {processor.py:914} INFO - Processing file /home/airflow/.local/lib/python3.12/site-packages/airflow/example_dags/example_dag_decorator.py for tasks to queue
[2024-10-13T10:14:29.825+0000] {logging_mixin.py:190} INFO - [2024-10-13T10:14:29.824+0000] {dagbag.py:588} INFO - Filling up the DagBag from /home/airflow/.local/lib/python3.12/site-packages/airflow/example_dags/example_dag_decorator.py
[2024-10-13T10:14:29.846+0000] {processor.py:925} INFO - DAG(s) 'example_dag_decorator' retrieved from /home/airflow/.local/lib/python3.12/site-packages/airflow/example_dags/example_dag_decorator.py
[2024-10-13T10:14:30.071+0000] {logging_mixin.py:190} INFO - [2024-10-13T10:14:30.071+0000] {dag.py:3239} INFO - Sync 1 DAGs
[2024-10-13T10:14:30.090+0000] {logging_mixin.py:190} INFO - [2024-10-13T10:14:30.090+0000] {dag.py:4180} INFO - Setting next_dagrun for example_dag_decorator to None, run_after=None
[2024-10-13T10:14:30.124+0000] {processor.py:208} INFO - Processing /home/airflow/.local/lib/python3.12/site-packages/airflow/example_dags/example_dag_decorator.py took 0.319 seconds
[2024-10-13T10:15:00.642+0000] {processor.py:186} INFO - Started process (PID=1026) to work on /home/airflow/.local/lib/python3.12/site-packages/airflow/example_dags/example_dag_decorator.py
[2024-10-13T10:15:00.646+0000] {processor.py:914} INFO - Processing file /home/airflow/.local/lib/python3.12/site-packages/airflow/example_dags/example_dag_decorator.py for tasks to queue
[2024-10-13T10:15:00.650+0000] {logging_mixin.py:190} INFO - [2024-10-13T10:15:00.649+0000] {dagbag.py:588} INFO - Filling up the DagBag from /home/airflow/.local/lib/python3.12/site-packages/airflow/example_dags/example_dag_decorator.py
[2024-10-13T10:15:00.682+0000] {processor.py:925} INFO - DAG(s) 'example_dag_decorator' retrieved from /home/airflow/.local/lib/python3.12/site-packages/airflow/example_dags/example_dag_decorator.py
[2024-10-13T10:15:00.750+0000] {logging_mixin.py:190} INFO - [2024-10-13T10:15:00.750+0000] {dag.py:3239} INFO - Sync 1 DAGs
[2024-10-13T10:15:00.784+0000] {logging_mixin.py:190} INFO - [2024-10-13T10:15:00.784+0000] {dag.py:4180} INFO - Setting next_dagrun for example_dag_decorator to None, run_after=None
[2024-10-13T10:15:00.822+0000] {processor.py:208} INFO - Processing /home/airflow/.local/lib/python3.12/site-packages/airflow/example_dags/example_dag_decorator.py took 0.197 seconds
[2024-10-13T10:15:38.001+0000] {processor.py:186} INFO - Started process (PID=1085) to work on /home/airflow/.local/lib/python3.12/site-packages/airflow/example_dags/example_dag_decorator.py
[2024-10-13T10:15:38.004+0000] {processor.py:914} INFO - Processing file /home/airflow/.local/lib/python3.12/site-packages/airflow/example_dags/example_dag_decorator.py for tasks to queue
[2024-10-13T10:15:38.011+0000] {logging_mixin.py:190} INFO - [2024-10-13T10:15:38.010+0000] {dagbag.py:588} INFO - Filling up the DagBag from /home/airflow/.local/lib/python3.12/site-packages/airflow/example_dags/example_dag_decorator.py
[2024-10-13T10:15:38.040+0000] {processor.py:925} INFO - DAG(s) 'example_dag_decorator' retrieved from /home/airflow/.local/lib/python3.12/site-packages/airflow/example_dags/example_dag_decorator.py
[2024-10-13T10:15:38.412+0000] {logging_mixin.py:190} INFO - [2024-10-13T10:15:38.411+0000] {dag.py:3239} INFO - Sync 1 DAGs
[2024-10-13T10:15:38.462+0000] {logging_mixin.py:190} INFO - [2024-10-13T10:15:38.461+0000] {dag.py:4180} INFO - Setting next_dagrun for example_dag_decorator to None, run_after=None
[2024-10-13T10:15:38.520+0000] {processor.py:208} INFO - Processing /home/airflow/.local/lib/python3.12/site-packages/airflow/example_dags/example_dag_decorator.py took 0.535 seconds
[2024-10-13T10:16:09.087+0000] {processor.py:186} INFO - Started process (PID=1147) to work on /home/airflow/.local/lib/python3.12/site-packages/airflow/example_dags/example_dag_decorator.py
[2024-10-13T10:16:09.090+0000] {processor.py:914} INFO - Processing file /home/airflow/.local/lib/python3.12/site-packages/airflow/example_dags/example_dag_decorator.py for tasks to queue
[2024-10-13T10:16:09.100+0000] {logging_mixin.py:190} INFO - [2024-10-13T10:16:09.099+0000] {dagbag.py:588} INFO - Filling up the DagBag from /home/airflow/.local/lib/python3.12/site-packages/airflow/example_dags/example_dag_decorator.py
[2024-10-13T10:16:09.135+0000] {processor.py:925} INFO - DAG(s) 'example_dag_decorator' retrieved from /home/airflow/.local/lib/python3.12/site-packages/airflow/example_dags/example_dag_decorator.py
[2024-10-13T10:16:09.475+0000] {logging_mixin.py:190} INFO - [2024-10-13T10:16:09.474+0000] {dag.py:3239} INFO - Sync 1 DAGs
[2024-10-13T10:16:09.511+0000] {logging_mixin.py:190} INFO - [2024-10-13T10:16:09.511+0000] {dag.py:4180} INFO - Setting next_dagrun for example_dag_decorator to None, run_after=None
[2024-10-13T10:16:09.576+0000] {processor.py:208} INFO - Processing /home/airflow/.local/lib/python3.12/site-packages/airflow/example_dags/example_dag_decorator.py took 0.505 seconds
[2024-10-13T10:16:40.202+0000] {processor.py:186} INFO - Started process (PID=1210) to work on /home/airflow/.local/lib/python3.12/site-packages/airflow/example_dags/example_dag_decorator.py
[2024-10-13T10:16:40.205+0000] {processor.py:914} INFO - Processing file /home/airflow/.local/lib/python3.12/site-packages/airflow/example_dags/example_dag_decorator.py for tasks to queue
[2024-10-13T10:16:40.212+0000] {logging_mixin.py:190} INFO - [2024-10-13T10:16:40.211+0000] {dagbag.py:588} INFO - Filling up the DagBag from /home/airflow/.local/lib/python3.12/site-packages/airflow/example_dags/example_dag_decorator.py
[2024-10-13T10:16:40.242+0000] {processor.py:925} INFO - DAG(s) 'example_dag_decorator' retrieved from /home/airflow/.local/lib/python3.12/site-packages/airflow/example_dags/example_dag_decorator.py
[2024-10-13T10:16:40.551+0000] {logging_mixin.py:190} INFO - [2024-10-13T10:16:40.550+0000] {dag.py:3239} INFO - Sync 1 DAGs
[2024-10-13T10:16:40.584+0000] {logging_mixin.py:190} INFO - [2024-10-13T10:16:40.584+0000] {dag.py:4180} INFO - Setting next_dagrun for example_dag_decorator to None, run_after=None
[2024-10-13T10:16:40.628+0000] {processor.py:208} INFO - Processing /home/airflow/.local/lib/python3.12/site-packages/airflow/example_dags/example_dag_decorator.py took 0.437 seconds
[2024-10-13T10:17:11.654+0000] {processor.py:186} INFO - Started process (PID=1272) to work on /home/airflow/.local/lib/python3.12/site-packages/airflow/example_dags/example_dag_decorator.py
[2024-10-13T10:17:11.656+0000] {processor.py:914} INFO - Processing file /home/airflow/.local/lib/python3.12/site-packages/airflow/example_dags/example_dag_decorator.py for tasks to queue
[2024-10-13T10:17:11.661+0000] {logging_mixin.py:190} INFO - [2024-10-13T10:17:11.660+0000] {dagbag.py:588} INFO - Filling up the DagBag from /home/airflow/.local/lib/python3.12/site-packages/airflow/example_dags/example_dag_decorator.py
[2024-10-13T10:17:11.682+0000] {processor.py:925} INFO - DAG(s) 'example_dag_decorator' retrieved from /home/airflow/.local/lib/python3.12/site-packages/airflow/example_dags/example_dag_decorator.py
[2024-10-13T10:17:12.277+0000] {logging_mixin.py:190} INFO - [2024-10-13T10:17:12.276+0000] {dag.py:3239} INFO - Sync 1 DAGs
[2024-10-13T10:17:12.311+0000] {logging_mixin.py:190} INFO - [2024-10-13T10:17:12.311+0000] {dag.py:4180} INFO - Setting next_dagrun for example_dag_decorator to None, run_after=None
[2024-10-13T10:17:12.366+0000] {processor.py:208} INFO - Processing /home/airflow/.local/lib/python3.12/site-packages/airflow/example_dags/example_dag_decorator.py took 0.722 seconds
[2024-10-13T10:17:42.908+0000] {processor.py:186} INFO - Started process (PID=1334) to work on /home/airflow/.local/lib/python3.12/site-packages/airflow/example_dags/example_dag_decorator.py
[2024-10-13T10:17:42.910+0000] {processor.py:914} INFO - Processing file /home/airflow/.local/lib/python3.12/site-packages/airflow/example_dags/example_dag_decorator.py for tasks to queue
[2024-10-13T10:17:42.916+0000] {logging_mixin.py:190} INFO - [2024-10-13T10:17:42.916+0000] {dagbag.py:588} INFO - Filling up the DagBag from /home/airflow/.local/lib/python3.12/site-packages/airflow/example_dags/example_dag_decorator.py
[2024-10-13T10:17:42.940+0000] {processor.py:925} INFO - DAG(s) 'example_dag_decorator' retrieved from /home/airflow/.local/lib/python3.12/site-packages/airflow/example_dags/example_dag_decorator.py
[2024-10-13T10:17:43.559+0000] {logging_mixin.py:190} INFO - [2024-10-13T10:17:43.558+0000] {dag.py:3239} INFO - Sync 1 DAGs
[2024-10-13T10:17:43.623+0000] {logging_mixin.py:190} INFO - [2024-10-13T10:17:43.622+0000] {dag.py:4180} INFO - Setting next_dagrun for example_dag_decorator to None, run_after=None
[2024-10-13T10:17:43.691+0000] {processor.py:208} INFO - Processing /home/airflow/.local/lib/python3.12/site-packages/airflow/example_dags/example_dag_decorator.py took 0.794 seconds
[2024-10-13T10:18:16.711+0000] {processor.py:186} INFO - Started process (PID=1396) to work on /home/airflow/.local/lib/python3.12/site-packages/airflow/example_dags/example_dag_decorator.py
[2024-10-13T10:18:16.714+0000] {processor.py:914} INFO - Processing file /home/airflow/.local/lib/python3.12/site-packages/airflow/example_dags/example_dag_decorator.py for tasks to queue
[2024-10-13T10:18:16.722+0000] {logging_mixin.py:190} INFO - [2024-10-13T10:18:16.722+0000] {dagbag.py:588} INFO - Filling up the DagBag from /home/airflow/.local/lib/python3.12/site-packages/airflow/example_dags/example_dag_decorator.py
[2024-10-13T10:18:16.761+0000] {processor.py:925} INFO - DAG(s) 'example_dag_decorator' retrieved from /home/airflow/.local/lib/python3.12/site-packages/airflow/example_dags/example_dag_decorator.py
[2024-10-13T10:18:17.365+0000] {logging_mixin.py:190} INFO - [2024-10-13T10:18:17.364+0000] {dag.py:3239} INFO - Sync 1 DAGs
[2024-10-13T10:18:17.450+0000] {logging_mixin.py:190} INFO - [2024-10-13T10:18:17.450+0000] {dag.py:4180} INFO - Setting next_dagrun for example_dag_decorator to None, run_after=None
[2024-10-13T10:18:17.562+0000] {processor.py:208} INFO - Processing /home/airflow/.local/lib/python3.12/site-packages/airflow/example_dags/example_dag_decorator.py took 0.867 seconds
[2024-10-13T10:19:10.549+0000] {processor.py:186} INFO - Started process (PID=1464) to work on /home/airflow/.local/lib/python3.12/site-packages/airflow/example_dags/example_dag_decorator.py
[2024-10-13T10:19:10.552+0000] {processor.py:914} INFO - Processing file /home/airflow/.local/lib/python3.12/site-packages/airflow/example_dags/example_dag_decorator.py for tasks to queue
[2024-10-13T10:19:10.559+0000] {logging_mixin.py:190} INFO - [2024-10-13T10:19:10.558+0000] {dagbag.py:588} INFO - Filling up the DagBag from /home/airflow/.local/lib/python3.12/site-packages/airflow/example_dags/example_dag_decorator.py
[2024-10-13T10:19:10.600+0000] {processor.py:925} INFO - DAG(s) 'example_dag_decorator' retrieved from /home/airflow/.local/lib/python3.12/site-packages/airflow/example_dags/example_dag_decorator.py
[2024-10-13T10:19:11.156+0000] {logging_mixin.py:190} INFO - [2024-10-13T10:19:11.154+0000] {dag.py:3239} INFO - Sync 1 DAGs
[2024-10-13T10:19:11.269+0000] {logging_mixin.py:190} INFO - [2024-10-13T10:19:11.261+0000] {dag.py:4180} INFO - Setting next_dagrun for example_dag_decorator to None, run_after=None
[2024-10-13T10:19:11.488+0000] {processor.py:208} INFO - Processing /home/airflow/.local/lib/python3.12/site-packages/airflow/example_dags/example_dag_decorator.py took 0.952 seconds
[2024-10-13T10:19:42.101+0000] {processor.py:186} INFO - Started process (PID=1526) to work on /home/airflow/.local/lib/python3.12/site-packages/airflow/example_dags/example_dag_decorator.py
[2024-10-13T10:19:42.105+0000] {processor.py:914} INFO - Processing file /home/airflow/.local/lib/python3.12/site-packages/airflow/example_dags/example_dag_decorator.py for tasks to queue
[2024-10-13T10:19:42.111+0000] {logging_mixin.py:190} INFO - [2024-10-13T10:19:42.110+0000] {dagbag.py:588} INFO - Filling up the DagBag from /home/airflow/.local/lib/python3.12/site-packages/airflow/example_dags/example_dag_decorator.py
[2024-10-13T10:19:42.138+0000] {processor.py:925} INFO - DAG(s) 'example_dag_decorator' retrieved from /home/airflow/.local/lib/python3.12/site-packages/airflow/example_dags/example_dag_decorator.py
[2024-10-13T10:19:42.398+0000] {logging_mixin.py:190} INFO - [2024-10-13T10:19:42.398+0000] {dag.py:3239} INFO - Sync 1 DAGs
[2024-10-13T10:19:42.418+0000] {logging_mixin.py:190} INFO - [2024-10-13T10:19:42.418+0000] {dag.py:4180} INFO - Setting next_dagrun for example_dag_decorator to None, run_after=None
[2024-10-13T10:19:42.453+0000] {processor.py:208} INFO - Processing /home/airflow/.local/lib/python3.12/site-packages/airflow/example_dags/example_dag_decorator.py took 0.365 seconds
[2024-10-13T10:20:13.151+0000] {processor.py:186} INFO - Started process (PID=1586) to work on /home/airflow/.local/lib/python3.12/site-packages/airflow/example_dags/example_dag_decorator.py
[2024-10-13T10:20:13.154+0000] {processor.py:914} INFO - Processing file /home/airflow/.local/lib/python3.12/site-packages/airflow/example_dags/example_dag_decorator.py for tasks to queue
[2024-10-13T10:20:13.159+0000] {logging_mixin.py:190} INFO - [2024-10-13T10:20:13.158+0000] {dagbag.py:588} INFO - Filling up the DagBag from /home/airflow/.local/lib/python3.12/site-packages/airflow/example_dags/example_dag_decorator.py
[2024-10-13T10:20:13.188+0000] {processor.py:925} INFO - DAG(s) 'example_dag_decorator' retrieved from /home/airflow/.local/lib/python3.12/site-packages/airflow/example_dags/example_dag_decorator.py
[2024-10-13T10:20:13.480+0000] {logging_mixin.py:190} INFO - [2024-10-13T10:20:13.480+0000] {dag.py:3239} INFO - Sync 1 DAGs
[2024-10-13T10:20:13.506+0000] {logging_mixin.py:190} INFO - [2024-10-13T10:20:13.506+0000] {dag.py:4180} INFO - Setting next_dagrun for example_dag_decorator to None, run_after=None
[2024-10-13T10:20:13.548+0000] {processor.py:208} INFO - Processing /home/airflow/.local/lib/python3.12/site-packages/airflow/example_dags/example_dag_decorator.py took 0.409 seconds
[2024-10-13T10:20:43.843+0000] {processor.py:186} INFO - Started process (PID=1648) to work on /home/airflow/.local/lib/python3.12/site-packages/airflow/example_dags/example_dag_decorator.py
[2024-10-13T10:20:43.847+0000] {processor.py:914} INFO - Processing file /home/airflow/.local/lib/python3.12/site-packages/airflow/example_dags/example_dag_decorator.py for tasks to queue
[2024-10-13T10:20:43.856+0000] {logging_mixin.py:190} INFO - [2024-10-13T10:20:43.855+0000] {dagbag.py:588} INFO - Filling up the DagBag from /home/airflow/.local/lib/python3.12/site-packages/airflow/example_dags/example_dag_decorator.py
[2024-10-13T10:20:43.886+0000] {processor.py:925} INFO - DAG(s) 'example_dag_decorator' retrieved from /home/airflow/.local/lib/python3.12/site-packages/airflow/example_dags/example_dag_decorator.py
[2024-10-13T10:20:44.123+0000] {logging_mixin.py:190} INFO - [2024-10-13T10:20:44.122+0000] {dag.py:3239} INFO - Sync 1 DAGs
[2024-10-13T10:20:44.146+0000] {logging_mixin.py:190} INFO - [2024-10-13T10:20:44.146+0000] {dag.py:4180} INFO - Setting next_dagrun for example_dag_decorator to None, run_after=None
[2024-10-13T10:20:44.184+0000] {processor.py:208} INFO - Processing /home/airflow/.local/lib/python3.12/site-packages/airflow/example_dags/example_dag_decorator.py took 0.357 seconds
[2024-10-13T10:21:14.361+0000] {processor.py:186} INFO - Started process (PID=1711) to work on /home/airflow/.local/lib/python3.12/site-packages/airflow/example_dags/example_dag_decorator.py
[2024-10-13T10:21:14.364+0000] {processor.py:914} INFO - Processing file /home/airflow/.local/lib/python3.12/site-packages/airflow/example_dags/example_dag_decorator.py for tasks to queue
[2024-10-13T10:21:14.368+0000] {logging_mixin.py:190} INFO - [2024-10-13T10:21:14.368+0000] {dagbag.py:588} INFO - Filling up the DagBag from /home/airflow/.local/lib/python3.12/site-packages/airflow/example_dags/example_dag_decorator.py
[2024-10-13T10:21:14.390+0000] {processor.py:925} INFO - DAG(s) 'example_dag_decorator' retrieved from /home/airflow/.local/lib/python3.12/site-packages/airflow/example_dags/example_dag_decorator.py
[2024-10-13T10:21:14.599+0000] {logging_mixin.py:190} INFO - [2024-10-13T10:21:14.598+0000] {dag.py:3239} INFO - Sync 1 DAGs
[2024-10-13T10:21:14.626+0000] {logging_mixin.py:190} INFO - [2024-10-13T10:21:14.626+0000] {dag.py:4180} INFO - Setting next_dagrun for example_dag_decorator to None, run_after=None
[2024-10-13T10:21:14.663+0000] {processor.py:208} INFO - Processing /home/airflow/.local/lib/python3.12/site-packages/airflow/example_dags/example_dag_decorator.py took 0.312 seconds
[2024-10-13T10:21:45.098+0000] {processor.py:186} INFO - Started process (PID=1774) to work on /home/airflow/.local/lib/python3.12/site-packages/airflow/example_dags/example_dag_decorator.py
[2024-10-13T10:21:45.100+0000] {processor.py:914} INFO - Processing file /home/airflow/.local/lib/python3.12/site-packages/airflow/example_dags/example_dag_decorator.py for tasks to queue
[2024-10-13T10:21:45.105+0000] {logging_mixin.py:190} INFO - [2024-10-13T10:21:45.104+0000] {dagbag.py:588} INFO - Filling up the DagBag from /home/airflow/.local/lib/python3.12/site-packages/airflow/example_dags/example_dag_decorator.py
[2024-10-13T10:21:45.126+0000] {processor.py:925} INFO - DAG(s) 'example_dag_decorator' retrieved from /home/airflow/.local/lib/python3.12/site-packages/airflow/example_dags/example_dag_decorator.py
[2024-10-13T10:21:45.172+0000] {logging_mixin.py:190} INFO - [2024-10-13T10:21:45.171+0000] {dag.py:3239} INFO - Sync 1 DAGs
[2024-10-13T10:21:45.202+0000] {logging_mixin.py:190} INFO - [2024-10-13T10:21:45.201+0000] {dag.py:4180} INFO - Setting next_dagrun for example_dag_decorator to None, run_after=None
[2024-10-13T10:21:45.250+0000] {processor.py:208} INFO - Processing /home/airflow/.local/lib/python3.12/site-packages/airflow/example_dags/example_dag_decorator.py took 0.163 seconds
[2024-10-13T10:22:15.990+0000] {processor.py:186} INFO - Started process (PID=1836) to work on /home/airflow/.local/lib/python3.12/site-packages/airflow/example_dags/example_dag_decorator.py
[2024-10-13T10:22:15.993+0000] {processor.py:914} INFO - Processing file /home/airflow/.local/lib/python3.12/site-packages/airflow/example_dags/example_dag_decorator.py for tasks to queue
[2024-10-13T10:22:15.999+0000] {logging_mixin.py:190} INFO - [2024-10-13T10:22:15.998+0000] {dagbag.py:588} INFO - Filling up the DagBag from /home/airflow/.local/lib/python3.12/site-packages/airflow/example_dags/example_dag_decorator.py
[2024-10-13T10:22:16.027+0000] {processor.py:925} INFO - DAG(s) 'example_dag_decorator' retrieved from /home/airflow/.local/lib/python3.12/site-packages/airflow/example_dags/example_dag_decorator.py
[2024-10-13T10:22:16.440+0000] {logging_mixin.py:190} INFO - [2024-10-13T10:22:16.440+0000] {dag.py:3239} INFO - Sync 1 DAGs
[2024-10-13T10:22:16.470+0000] {logging_mixin.py:190} INFO - [2024-10-13T10:22:16.469+0000] {dag.py:4180} INFO - Setting next_dagrun for example_dag_decorator to None, run_after=None
[2024-10-13T10:22:16.567+0000] {processor.py:208} INFO - Processing /home/airflow/.local/lib/python3.12/site-packages/airflow/example_dags/example_dag_decorator.py took 0.591 seconds
[2024-10-13T10:22:47.381+0000] {processor.py:186} INFO - Started process (PID=1898) to work on /home/airflow/.local/lib/python3.12/site-packages/airflow/example_dags/example_dag_decorator.py
[2024-10-13T10:22:47.394+0000] {processor.py:914} INFO - Processing file /home/airflow/.local/lib/python3.12/site-packages/airflow/example_dags/example_dag_decorator.py for tasks to queue
[2024-10-13T10:22:47.404+0000] {logging_mixin.py:190} INFO - [2024-10-13T10:22:47.403+0000] {dagbag.py:588} INFO - Filling up the DagBag from /home/airflow/.local/lib/python3.12/site-packages/airflow/example_dags/example_dag_decorator.py
[2024-10-13T10:22:47.449+0000] {processor.py:925} INFO - DAG(s) 'example_dag_decorator' retrieved from /home/airflow/.local/lib/python3.12/site-packages/airflow/example_dags/example_dag_decorator.py
[2024-10-13T10:22:48.145+0000] {logging_mixin.py:190} INFO - [2024-10-13T10:22:48.144+0000] {dag.py:3239} INFO - Sync 1 DAGs
[2024-10-13T10:22:48.195+0000] {logging_mixin.py:190} INFO - [2024-10-13T10:22:48.195+0000] {dag.py:4180} INFO - Setting next_dagrun for example_dag_decorator to None, run_after=None
[2024-10-13T10:22:48.359+0000] {processor.py:208} INFO - Processing /home/airflow/.local/lib/python3.12/site-packages/airflow/example_dags/example_dag_decorator.py took 1.006 seconds
[2024-10-13T10:23:25.399+0000] {processor.py:186} INFO - Started process (PID=1961) to work on /home/airflow/.local/lib/python3.12/site-packages/airflow/example_dags/example_dag_decorator.py
[2024-10-13T10:23:25.415+0000] {processor.py:914} INFO - Processing file /home/airflow/.local/lib/python3.12/site-packages/airflow/example_dags/example_dag_decorator.py for tasks to queue
[2024-10-13T10:23:25.455+0000] {logging_mixin.py:190} INFO - [2024-10-13T10:23:25.453+0000] {dagbag.py:588} INFO - Filling up the DagBag from /home/airflow/.local/lib/python3.12/site-packages/airflow/example_dags/example_dag_decorator.py
[2024-10-13T10:23:25.498+0000] {processor.py:925} INFO - DAG(s) 'example_dag_decorator' retrieved from /home/airflow/.local/lib/python3.12/site-packages/airflow/example_dags/example_dag_decorator.py
[2024-10-13T10:23:26.221+0000] {logging_mixin.py:190} INFO - [2024-10-13T10:23:26.220+0000] {dag.py:3239} INFO - Sync 1 DAGs
[2024-10-13T10:23:26.268+0000] {logging_mixin.py:190} INFO - [2024-10-13T10:23:26.267+0000] {dag.py:4180} INFO - Setting next_dagrun for example_dag_decorator to None, run_after=None
[2024-10-13T10:23:26.389+0000] {processor.py:208} INFO - Processing /home/airflow/.local/lib/python3.12/site-packages/airflow/example_dags/example_dag_decorator.py took 1.012 seconds
[2024-10-13T10:24:32.694+0000] {processor.py:186} INFO - Started process (PID=2034) to work on /home/airflow/.local/lib/python3.12/site-packages/airflow/example_dags/example_dag_decorator.py
[2024-10-13T10:24:32.697+0000] {processor.py:914} INFO - Processing file /home/airflow/.local/lib/python3.12/site-packages/airflow/example_dags/example_dag_decorator.py for tasks to queue
[2024-10-13T10:24:32.705+0000] {logging_mixin.py:190} INFO - [2024-10-13T10:24:32.704+0000] {dagbag.py:588} INFO - Filling up the DagBag from /home/airflow/.local/lib/python3.12/site-packages/airflow/example_dags/example_dag_decorator.py
[2024-10-13T10:24:32.740+0000] {processor.py:925} INFO - DAG(s) 'example_dag_decorator' retrieved from /home/airflow/.local/lib/python3.12/site-packages/airflow/example_dags/example_dag_decorator.py
[2024-10-13T10:24:33.232+0000] {logging_mixin.py:190} INFO - [2024-10-13T10:24:33.229+0000] {dag.py:3239} INFO - Sync 1 DAGs
[2024-10-13T10:24:33.269+0000] {logging_mixin.py:190} INFO - [2024-10-13T10:24:33.269+0000] {dag.py:4180} INFO - Setting next_dagrun for example_dag_decorator to None, run_after=None
[2024-10-13T10:24:33.353+0000] {processor.py:208} INFO - Processing /home/airflow/.local/lib/python3.12/site-packages/airflow/example_dags/example_dag_decorator.py took 0.678 seconds
[2024-10-13T10:25:03.495+0000] {processor.py:186} INFO - Started process (PID=2098) to work on /home/airflow/.local/lib/python3.12/site-packages/airflow/example_dags/example_dag_decorator.py
[2024-10-13T10:25:03.498+0000] {processor.py:914} INFO - Processing file /home/airflow/.local/lib/python3.12/site-packages/airflow/example_dags/example_dag_decorator.py for tasks to queue
[2024-10-13T10:25:03.504+0000] {logging_mixin.py:190} INFO - [2024-10-13T10:25:03.503+0000] {dagbag.py:588} INFO - Filling up the DagBag from /home/airflow/.local/lib/python3.12/site-packages/airflow/example_dags/example_dag_decorator.py
[2024-10-13T10:25:03.543+0000] {processor.py:925} INFO - DAG(s) 'example_dag_decorator' retrieved from /home/airflow/.local/lib/python3.12/site-packages/airflow/example_dags/example_dag_decorator.py
[2024-10-13T10:25:03.923+0000] {logging_mixin.py:190} INFO - [2024-10-13T10:25:03.922+0000] {dag.py:3239} INFO - Sync 1 DAGs
[2024-10-13T10:25:03.973+0000] {logging_mixin.py:190} INFO - [2024-10-13T10:25:03.972+0000] {dag.py:4180} INFO - Setting next_dagrun for example_dag_decorator to None, run_after=None
[2024-10-13T10:25:04.031+0000] {processor.py:208} INFO - Processing /home/airflow/.local/lib/python3.12/site-packages/airflow/example_dags/example_dag_decorator.py took 0.552 seconds
[2024-10-13T10:25:34.712+0000] {processor.py:186} INFO - Started process (PID=2161) to work on /home/airflow/.local/lib/python3.12/site-packages/airflow/example_dags/example_dag_decorator.py
[2024-10-13T10:25:34.738+0000] {processor.py:914} INFO - Processing file /home/airflow/.local/lib/python3.12/site-packages/airflow/example_dags/example_dag_decorator.py for tasks to queue
[2024-10-13T10:25:34.749+0000] {logging_mixin.py:190} INFO - [2024-10-13T10:25:34.748+0000] {dagbag.py:588} INFO - Filling up the DagBag from /home/airflow/.local/lib/python3.12/site-packages/airflow/example_dags/example_dag_decorator.py
[2024-10-13T10:25:34.802+0000] {processor.py:925} INFO - DAG(s) 'example_dag_decorator' retrieved from /home/airflow/.local/lib/python3.12/site-packages/airflow/example_dags/example_dag_decorator.py
[2024-10-13T10:25:35.257+0000] {logging_mixin.py:190} INFO - [2024-10-13T10:25:35.257+0000] {dag.py:3239} INFO - Sync 1 DAGs
[2024-10-13T10:25:35.389+0000] {logging_mixin.py:190} INFO - [2024-10-13T10:25:35.388+0000] {dag.py:4180} INFO - Setting next_dagrun for example_dag_decorator to None, run_after=None
[2024-10-13T10:25:35.540+0000] {processor.py:208} INFO - Processing /home/airflow/.local/lib/python3.12/site-packages/airflow/example_dags/example_dag_decorator.py took 0.849 seconds
[2024-10-13T10:26:06.352+0000] {processor.py:186} INFO - Started process (PID=2228) to work on /home/airflow/.local/lib/python3.12/site-packages/airflow/example_dags/example_dag_decorator.py
[2024-10-13T10:26:06.375+0000] {processor.py:914} INFO - Processing file /home/airflow/.local/lib/python3.12/site-packages/airflow/example_dags/example_dag_decorator.py for tasks to queue
[2024-10-13T10:26:06.386+0000] {logging_mixin.py:190} INFO - [2024-10-13T10:26:06.385+0000] {dagbag.py:588} INFO - Filling up the DagBag from /home/airflow/.local/lib/python3.12/site-packages/airflow/example_dags/example_dag_decorator.py
[2024-10-13T10:26:06.653+0000] {processor.py:925} INFO - DAG(s) 'example_dag_decorator' retrieved from /home/airflow/.local/lib/python3.12/site-packages/airflow/example_dags/example_dag_decorator.py
[2024-10-13T10:26:09.322+0000] {logging_mixin.py:190} INFO - [2024-10-13T10:26:09.321+0000] {dag.py:3239} INFO - Sync 1 DAGs
[2024-10-13T10:26:09.436+0000] {logging_mixin.py:190} INFO - [2024-10-13T10:26:09.435+0000] {dag.py:4180} INFO - Setting next_dagrun for example_dag_decorator to None, run_after=None
[2024-10-13T10:26:09.623+0000] {processor.py:208} INFO - Processing /home/airflow/.local/lib/python3.12/site-packages/airflow/example_dags/example_dag_decorator.py took 3.327 seconds
[2024-10-13T10:28:37.331+0000] {processor.py:186} INFO - Started process (PID=2334) to work on /home/airflow/.local/lib/python3.12/site-packages/airflow/example_dags/example_dag_decorator.py
[2024-10-13T10:28:37.335+0000] {processor.py:914} INFO - Processing file /home/airflow/.local/lib/python3.12/site-packages/airflow/example_dags/example_dag_decorator.py for tasks to queue
[2024-10-13T10:28:37.346+0000] {logging_mixin.py:190} INFO - [2024-10-13T10:28:37.345+0000] {dagbag.py:588} INFO - Filling up the DagBag from /home/airflow/.local/lib/python3.12/site-packages/airflow/example_dags/example_dag_decorator.py
[2024-10-13T10:28:37.491+0000] {processor.py:925} INFO - DAG(s) 'example_dag_decorator' retrieved from /home/airflow/.local/lib/python3.12/site-packages/airflow/example_dags/example_dag_decorator.py
[2024-10-13T10:28:39.693+0000] {logging_mixin.py:190} INFO - [2024-10-13T10:28:39.692+0000] {dag.py:3239} INFO - Sync 1 DAGs
[2024-10-13T10:28:39.824+0000] {logging_mixin.py:190} INFO - [2024-10-13T10:28:39.823+0000] {dag.py:4180} INFO - Setting next_dagrun for example_dag_decorator to None, run_after=None
[2024-10-13T10:28:40.681+0000] {processor.py:208} INFO - Processing /home/airflow/.local/lib/python3.12/site-packages/airflow/example_dags/example_dag_decorator.py took 3.377 seconds
[2024-10-13T10:29:11.270+0000] {processor.py:186} INFO - Started process (PID=2396) to work on /home/airflow/.local/lib/python3.12/site-packages/airflow/example_dags/example_dag_decorator.py
[2024-10-13T10:29:11.274+0000] {processor.py:914} INFO - Processing file /home/airflow/.local/lib/python3.12/site-packages/airflow/example_dags/example_dag_decorator.py for tasks to queue
[2024-10-13T10:29:11.300+0000] {logging_mixin.py:190} INFO - [2024-10-13T10:29:11.299+0000] {dagbag.py:588} INFO - Filling up the DagBag from /home/airflow/.local/lib/python3.12/site-packages/airflow/example_dags/example_dag_decorator.py
[2024-10-13T10:29:11.408+0000] {processor.py:925} INFO - DAG(s) 'example_dag_decorator' retrieved from /home/airflow/.local/lib/python3.12/site-packages/airflow/example_dags/example_dag_decorator.py
[2024-10-13T10:29:12.232+0000] {logging_mixin.py:190} INFO - [2024-10-13T10:29:12.232+0000] {dag.py:3239} INFO - Sync 1 DAGs
[2024-10-13T10:29:12.331+0000] {logging_mixin.py:190} INFO - [2024-10-13T10:29:12.329+0000] {dag.py:4180} INFO - Setting next_dagrun for example_dag_decorator to None, run_after=None
[2024-10-13T10:29:12.501+0000] {processor.py:208} INFO - Processing /home/airflow/.local/lib/python3.12/site-packages/airflow/example_dags/example_dag_decorator.py took 1.252 seconds
[2024-10-13T10:29:44.042+0000] {processor.py:186} INFO - Started process (PID=2467) to work on /home/airflow/.local/lib/python3.12/site-packages/airflow/example_dags/example_dag_decorator.py
[2024-10-13T10:29:44.047+0000] {processor.py:914} INFO - Processing file /home/airflow/.local/lib/python3.12/site-packages/airflow/example_dags/example_dag_decorator.py for tasks to queue
[2024-10-13T10:29:44.060+0000] {logging_mixin.py:190} INFO - [2024-10-13T10:29:44.058+0000] {dagbag.py:588} INFO - Filling up the DagBag from /home/airflow/.local/lib/python3.12/site-packages/airflow/example_dags/example_dag_decorator.py
[2024-10-13T10:29:44.113+0000] {processor.py:925} INFO - DAG(s) 'example_dag_decorator' retrieved from /home/airflow/.local/lib/python3.12/site-packages/airflow/example_dags/example_dag_decorator.py
[2024-10-13T10:29:44.211+0000] {logging_mixin.py:190} INFO - [2024-10-13T10:29:44.210+0000] {dag.py:3239} INFO - Sync 1 DAGs
[2024-10-13T10:29:44.270+0000] {logging_mixin.py:190} INFO - [2024-10-13T10:29:44.270+0000] {dag.py:4180} INFO - Setting next_dagrun for example_dag_decorator to None, run_after=None
[2024-10-13T10:29:44.340+0000] {processor.py:208} INFO - Processing /home/airflow/.local/lib/python3.12/site-packages/airflow/example_dags/example_dag_decorator.py took 0.325 seconds
[2024-10-13T10:30:15.096+0000] {processor.py:186} INFO - Started process (PID=2530) to work on /home/airflow/.local/lib/python3.12/site-packages/airflow/example_dags/example_dag_decorator.py
[2024-10-13T10:30:15.099+0000] {processor.py:914} INFO - Processing file /home/airflow/.local/lib/python3.12/site-packages/airflow/example_dags/example_dag_decorator.py for tasks to queue
[2024-10-13T10:30:15.105+0000] {logging_mixin.py:190} INFO - [2024-10-13T10:30:15.104+0000] {dagbag.py:588} INFO - Filling up the DagBag from /home/airflow/.local/lib/python3.12/site-packages/airflow/example_dags/example_dag_decorator.py
[2024-10-13T10:30:15.135+0000] {processor.py:925} INFO - DAG(s) 'example_dag_decorator' retrieved from /home/airflow/.local/lib/python3.12/site-packages/airflow/example_dags/example_dag_decorator.py
[2024-10-13T10:30:15.850+0000] {logging_mixin.py:190} INFO - [2024-10-13T10:30:15.850+0000] {dag.py:3239} INFO - Sync 1 DAGs
[2024-10-13T10:30:15.872+0000] {logging_mixin.py:190} INFO - [2024-10-13T10:30:15.872+0000] {dag.py:4180} INFO - Setting next_dagrun for example_dag_decorator to None, run_after=None
[2024-10-13T10:30:15.907+0000] {processor.py:208} INFO - Processing /home/airflow/.local/lib/python3.12/site-packages/airflow/example_dags/example_dag_decorator.py took 0.824 seconds
[2024-10-13T10:30:46.627+0000] {processor.py:186} INFO - Started process (PID=2593) to work on /home/airflow/.local/lib/python3.12/site-packages/airflow/example_dags/example_dag_decorator.py
[2024-10-13T10:30:46.631+0000] {processor.py:914} INFO - Processing file /home/airflow/.local/lib/python3.12/site-packages/airflow/example_dags/example_dag_decorator.py for tasks to queue
[2024-10-13T10:30:46.636+0000] {logging_mixin.py:190} INFO - [2024-10-13T10:30:46.635+0000] {dagbag.py:588} INFO - Filling up the DagBag from /home/airflow/.local/lib/python3.12/site-packages/airflow/example_dags/example_dag_decorator.py
[2024-10-13T10:30:46.660+0000] {processor.py:925} INFO - DAG(s) 'example_dag_decorator' retrieved from /home/airflow/.local/lib/python3.12/site-packages/airflow/example_dags/example_dag_decorator.py
[2024-10-13T10:30:47.161+0000] {logging_mixin.py:190} INFO - [2024-10-13T10:30:47.160+0000] {dag.py:3239} INFO - Sync 1 DAGs
[2024-10-13T10:30:47.187+0000] {logging_mixin.py:190} INFO - [2024-10-13T10:30:47.186+0000] {dag.py:4180} INFO - Setting next_dagrun for example_dag_decorator to None, run_after=None
[2024-10-13T10:30:47.228+0000] {processor.py:208} INFO - Processing /home/airflow/.local/lib/python3.12/site-packages/airflow/example_dags/example_dag_decorator.py took 0.614 seconds
[2024-10-13T10:31:18.502+0000] {processor.py:186} INFO - Started process (PID=2657) to work on /home/airflow/.local/lib/python3.12/site-packages/airflow/example_dags/example_dag_decorator.py
[2024-10-13T10:31:18.507+0000] {processor.py:914} INFO - Processing file /home/airflow/.local/lib/python3.12/site-packages/airflow/example_dags/example_dag_decorator.py for tasks to queue
[2024-10-13T10:31:18.514+0000] {logging_mixin.py:190} INFO - [2024-10-13T10:31:18.513+0000] {dagbag.py:588} INFO - Filling up the DagBag from /home/airflow/.local/lib/python3.12/site-packages/airflow/example_dags/example_dag_decorator.py
[2024-10-13T10:31:18.549+0000] {processor.py:925} INFO - DAG(s) 'example_dag_decorator' retrieved from /home/airflow/.local/lib/python3.12/site-packages/airflow/example_dags/example_dag_decorator.py
[2024-10-13T10:31:19.242+0000] {logging_mixin.py:190} INFO - [2024-10-13T10:31:19.241+0000] {dag.py:3239} INFO - Sync 1 DAGs
[2024-10-13T10:31:19.266+0000] {logging_mixin.py:190} INFO - [2024-10-13T10:31:19.265+0000] {dag.py:4180} INFO - Setting next_dagrun for example_dag_decorator to None, run_after=None
[2024-10-13T10:31:19.323+0000] {processor.py:208} INFO - Processing /home/airflow/.local/lib/python3.12/site-packages/airflow/example_dags/example_dag_decorator.py took 0.842 seconds
[2024-10-13T10:31:53.981+0000] {processor.py:186} INFO - Started process (PID=2722) to work on /home/airflow/.local/lib/python3.12/site-packages/airflow/example_dags/example_dag_decorator.py
[2024-10-13T10:31:53.987+0000] {processor.py:914} INFO - Processing file /home/airflow/.local/lib/python3.12/site-packages/airflow/example_dags/example_dag_decorator.py for tasks to queue
[2024-10-13T10:31:53.995+0000] {logging_mixin.py:190} INFO - [2024-10-13T10:31:53.993+0000] {dagbag.py:588} INFO - Filling up the DagBag from /home/airflow/.local/lib/python3.12/site-packages/airflow/example_dags/example_dag_decorator.py
[2024-10-13T10:31:54.046+0000] {processor.py:925} INFO - DAG(s) 'example_dag_decorator' retrieved from /home/airflow/.local/lib/python3.12/site-packages/airflow/example_dags/example_dag_decorator.py
[2024-10-13T10:31:55.329+0000] {logging_mixin.py:190} INFO - [2024-10-13T10:31:55.329+0000] {dag.py:3239} INFO - Sync 1 DAGs
[2024-10-13T10:31:55.378+0000] {logging_mixin.py:190} INFO - [2024-10-13T10:31:55.377+0000] {dag.py:4180} INFO - Setting next_dagrun for example_dag_decorator to None, run_after=None
[2024-10-13T10:31:55.442+0000] {processor.py:208} INFO - Processing /home/airflow/.local/lib/python3.12/site-packages/airflow/example_dags/example_dag_decorator.py took 1.494 seconds
[2024-10-13T10:34:50.137+0000] {processor.py:186} INFO - Started process (PID=2833) to work on /home/airflow/.local/lib/python3.12/site-packages/airflow/example_dags/example_dag_decorator.py
[2024-10-13T10:34:50.193+0000] {processor.py:914} INFO - Processing file /home/airflow/.local/lib/python3.12/site-packages/airflow/example_dags/example_dag_decorator.py for tasks to queue
[2024-10-13T10:34:50.605+0000] {logging_mixin.py:190} INFO - [2024-10-13T10:34:50.604+0000] {dagbag.py:588} INFO - Filling up the DagBag from /home/airflow/.local/lib/python3.12/site-packages/airflow/example_dags/example_dag_decorator.py
[2024-10-13T10:34:51.234+0000] {processor.py:925} INFO - DAG(s) 'example_dag_decorator' retrieved from /home/airflow/.local/lib/python3.12/site-packages/airflow/example_dags/example_dag_decorator.py
[2024-10-13T10:34:58.319+0000] {logging_mixin.py:190} INFO - [2024-10-13T10:34:58.319+0000] {dag.py:3239} INFO - Sync 1 DAGs
[2024-10-13T10:34:58.518+0000] {logging_mixin.py:190} INFO - [2024-10-13T10:34:58.518+0000] {dag.py:4180} INFO - Setting next_dagrun for example_dag_decorator to None, run_after=None
[2024-10-13T10:34:58.969+0000] {processor.py:208} INFO - Processing /home/airflow/.local/lib/python3.12/site-packages/airflow/example_dags/example_dag_decorator.py took 9.040 seconds
