[2024-10-13T09:43:52.087+0000] {processor.py:186} INFO - Started process (PID=71) to work on /home/airflow/.local/lib/python3.12/site-packages/airflow/example_dags/example_task_group.py
[2024-10-13T09:43:52.126+0000] {processor.py:914} INFO - Processing file /home/airflow/.local/lib/python3.12/site-packages/airflow/example_dags/example_task_group.py for tasks to queue
[2024-10-13T09:43:52.386+0000] {logging_mixin.py:190} INFO - [2024-10-13T09:43:52.323+0000] {dagbag.py:588} INFO - Filling up the DagBag from /home/airflow/.local/lib/python3.12/site-packages/airflow/example_dags/example_task_group.py
[2024-10-13T09:43:54.073+0000] {processor.py:925} INFO - DAG(s) 'example_task_group' retrieved from /home/airflow/.local/lib/python3.12/site-packages/airflow/example_dags/example_task_group.py
[2024-10-13T09:43:55.670+0000] {logging_mixin.py:190} INFO - [2024-10-13T09:43:55.668+0000] {override.py:1900} INFO - Created Permission View: can read on DAG:example_task_group
[2024-10-13T09:43:55.854+0000] {logging_mixin.py:190} INFO - [2024-10-13T09:43:55.848+0000] {override.py:1900} INFO - Created Permission View: can delete on DAG:example_task_group
[2024-10-13T09:43:57.067+0000] {logging_mixin.py:190} INFO - [2024-10-13T09:43:57.025+0000] {override.py:1900} INFO - Created Permission View: can edit on DAG:example_task_group
[2024-10-13T09:43:58.165+0000] {logging_mixin.py:190} INFO - [2024-10-13T09:43:57.983+0000] {override.py:1900} INFO - Created Permission View: can create on DAG Run:example_task_group
[2024-10-13T09:44:00.270+0000] {logging_mixin.py:190} INFO - [2024-10-13T09:44:00.085+0000] {override.py:1900} INFO - Created Permission View: menu access on DAG Run:example_task_group
[2024-10-13T09:44:00.958+0000] {logging_mixin.py:190} INFO - [2024-10-13T09:44:00.955+0000] {override.py:1900} INFO - Created Permission View: can read on DAG Run:example_task_group
[2024-10-13T09:44:01.986+0000] {logging_mixin.py:190} INFO - [2024-10-13T09:44:01.986+0000] {override.py:1900} INFO - Created Permission View: can delete on DAG Run:example_task_group
[2024-10-13T09:44:02.590+0000] {logging_mixin.py:190} INFO - [2024-10-13T09:44:02.560+0000] {dag.py:3239} INFO - Sync 1 DAGs
[2024-10-13T09:44:06.268+0000] {logging_mixin.py:190} INFO - [2024-10-13T09:44:06.248+0000] {dag.py:3262} INFO - Creating ORM DAG for example_task_group
[2024-10-13T09:44:06.324+0000] {logging_mixin.py:190} INFO - [2024-10-13T09:44:06.323+0000] {dag.py:4180} INFO - Setting next_dagrun for example_task_group to None, run_after=None
[2024-10-13T09:44:07.302+0000] {processor.py:208} INFO - Processing /home/airflow/.local/lib/python3.12/site-packages/airflow/example_dags/example_task_group.py took 15.265 seconds
[2024-10-13T09:45:08.774+0000] {processor.py:186} INFO - Started process (PID=138) to work on /home/airflow/.local/lib/python3.12/site-packages/airflow/example_dags/example_task_group.py
[2024-10-13T09:45:08.776+0000] {processor.py:914} INFO - Processing file /home/airflow/.local/lib/python3.12/site-packages/airflow/example_dags/example_task_group.py for tasks to queue
[2024-10-13T09:45:08.780+0000] {logging_mixin.py:190} INFO - [2024-10-13T09:45:08.780+0000] {dagbag.py:588} INFO - Filling up the DagBag from /home/airflow/.local/lib/python3.12/site-packages/airflow/example_dags/example_task_group.py
[2024-10-13T09:45:08.800+0000] {processor.py:925} INFO - DAG(s) 'example_task_group' retrieved from /home/airflow/.local/lib/python3.12/site-packages/airflow/example_dags/example_task_group.py
[2024-10-13T09:45:08.853+0000] {logging_mixin.py:190} INFO - [2024-10-13T09:45:08.852+0000] {dag.py:3239} INFO - Sync 1 DAGs
[2024-10-13T09:45:08.891+0000] {logging_mixin.py:190} INFO - [2024-10-13T09:45:08.890+0000] {dag.py:4180} INFO - Setting next_dagrun for example_task_group to None, run_after=None
[2024-10-13T09:45:08.936+0000] {processor.py:208} INFO - Processing /home/airflow/.local/lib/python3.12/site-packages/airflow/example_dags/example_task_group.py took 0.175 seconds
[2024-10-13T09:45:46.983+0000] {processor.py:186} INFO - Started process (PID=205) to work on /home/airflow/.local/lib/python3.12/site-packages/airflow/example_dags/example_task_group.py
[2024-10-13T09:45:46.985+0000] {processor.py:914} INFO - Processing file /home/airflow/.local/lib/python3.12/site-packages/airflow/example_dags/example_task_group.py for tasks to queue
[2024-10-13T09:45:46.991+0000] {logging_mixin.py:190} INFO - [2024-10-13T09:45:46.990+0000] {dagbag.py:588} INFO - Filling up the DagBag from /home/airflow/.local/lib/python3.12/site-packages/airflow/example_dags/example_task_group.py
[2024-10-13T09:45:47.013+0000] {processor.py:925} INFO - DAG(s) 'example_task_group' retrieved from /home/airflow/.local/lib/python3.12/site-packages/airflow/example_dags/example_task_group.py
[2024-10-13T09:45:47.067+0000] {logging_mixin.py:190} INFO - [2024-10-13T09:45:47.066+0000] {dag.py:3239} INFO - Sync 1 DAGs
[2024-10-13T09:45:47.103+0000] {logging_mixin.py:190} INFO - [2024-10-13T09:45:47.103+0000] {dag.py:4180} INFO - Setting next_dagrun for example_task_group to None, run_after=None
[2024-10-13T09:45:47.154+0000] {processor.py:208} INFO - Processing /home/airflow/.local/lib/python3.12/site-packages/airflow/example_dags/example_task_group.py took 0.184 seconds
[2024-10-13T09:46:18.622+0000] {processor.py:186} INFO - Started process (PID=267) to work on /home/airflow/.local/lib/python3.12/site-packages/airflow/example_dags/example_task_group.py
[2024-10-13T09:46:18.626+0000] {processor.py:914} INFO - Processing file /home/airflow/.local/lib/python3.12/site-packages/airflow/example_dags/example_task_group.py for tasks to queue
[2024-10-13T09:46:18.633+0000] {logging_mixin.py:190} INFO - [2024-10-13T09:46:18.632+0000] {dagbag.py:588} INFO - Filling up the DagBag from /home/airflow/.local/lib/python3.12/site-packages/airflow/example_dags/example_task_group.py
[2024-10-13T09:46:18.668+0000] {processor.py:925} INFO - DAG(s) 'example_task_group' retrieved from /home/airflow/.local/lib/python3.12/site-packages/airflow/example_dags/example_task_group.py
[2024-10-13T09:46:18.719+0000] {logging_mixin.py:190} INFO - [2024-10-13T09:46:18.718+0000] {dag.py:3239} INFO - Sync 1 DAGs
[2024-10-13T09:46:18.749+0000] {logging_mixin.py:190} INFO - [2024-10-13T09:46:18.749+0000] {dag.py:4180} INFO - Setting next_dagrun for example_task_group to None, run_after=None
[2024-10-13T09:46:18.793+0000] {processor.py:208} INFO - Processing /home/airflow/.local/lib/python3.12/site-packages/airflow/example_dags/example_task_group.py took 0.185 seconds
[2024-10-13T09:46:50.754+0000] {processor.py:186} INFO - Started process (PID=329) to work on /home/airflow/.local/lib/python3.12/site-packages/airflow/example_dags/example_task_group.py
[2024-10-13T09:46:50.758+0000] {processor.py:914} INFO - Processing file /home/airflow/.local/lib/python3.12/site-packages/airflow/example_dags/example_task_group.py for tasks to queue
[2024-10-13T09:46:50.772+0000] {logging_mixin.py:190} INFO - [2024-10-13T09:46:50.771+0000] {dagbag.py:588} INFO - Filling up the DagBag from /home/airflow/.local/lib/python3.12/site-packages/airflow/example_dags/example_task_group.py
[2024-10-13T09:46:50.806+0000] {processor.py:925} INFO - DAG(s) 'example_task_group' retrieved from /home/airflow/.local/lib/python3.12/site-packages/airflow/example_dags/example_task_group.py
[2024-10-13T09:46:50.922+0000] {logging_mixin.py:190} INFO - [2024-10-13T09:46:50.919+0000] {dag.py:3239} INFO - Sync 1 DAGs
[2024-10-13T09:46:50.995+0000] {logging_mixin.py:190} INFO - [2024-10-13T09:46:50.993+0000] {dag.py:4180} INFO - Setting next_dagrun for example_task_group to None, run_after=None
[2024-10-13T09:46:51.081+0000] {processor.py:208} INFO - Processing /home/airflow/.local/lib/python3.12/site-packages/airflow/example_dags/example_task_group.py took 0.361 seconds
[2024-10-13T09:47:21.399+0000] {processor.py:186} INFO - Started process (PID=390) to work on /home/airflow/.local/lib/python3.12/site-packages/airflow/example_dags/example_task_group.py
[2024-10-13T09:47:21.401+0000] {processor.py:914} INFO - Processing file /home/airflow/.local/lib/python3.12/site-packages/airflow/example_dags/example_task_group.py for tasks to queue
[2024-10-13T09:47:21.406+0000] {logging_mixin.py:190} INFO - [2024-10-13T09:47:21.405+0000] {dagbag.py:588} INFO - Filling up the DagBag from /home/airflow/.local/lib/python3.12/site-packages/airflow/example_dags/example_task_group.py
[2024-10-13T09:47:21.423+0000] {processor.py:925} INFO - DAG(s) 'example_task_group' retrieved from /home/airflow/.local/lib/python3.12/site-packages/airflow/example_dags/example_task_group.py
[2024-10-13T09:47:21.464+0000] {logging_mixin.py:190} INFO - [2024-10-13T09:47:21.463+0000] {dag.py:3239} INFO - Sync 1 DAGs
[2024-10-13T09:47:21.491+0000] {logging_mixin.py:190} INFO - [2024-10-13T09:47:21.490+0000] {dag.py:4180} INFO - Setting next_dagrun for example_task_group to None, run_after=None
[2024-10-13T09:47:21.529+0000] {processor.py:208} INFO - Processing /home/airflow/.local/lib/python3.12/site-packages/airflow/example_dags/example_task_group.py took 0.141 seconds
[2024-10-13T09:47:52.097+0000] {processor.py:186} INFO - Started process (PID=451) to work on /home/airflow/.local/lib/python3.12/site-packages/airflow/example_dags/example_task_group.py
[2024-10-13T09:47:52.099+0000] {processor.py:914} INFO - Processing file /home/airflow/.local/lib/python3.12/site-packages/airflow/example_dags/example_task_group.py for tasks to queue
[2024-10-13T09:47:52.103+0000] {logging_mixin.py:190} INFO - [2024-10-13T09:47:52.103+0000] {dagbag.py:588} INFO - Filling up the DagBag from /home/airflow/.local/lib/python3.12/site-packages/airflow/example_dags/example_task_group.py
[2024-10-13T09:47:52.128+0000] {processor.py:925} INFO - DAG(s) 'example_task_group' retrieved from /home/airflow/.local/lib/python3.12/site-packages/airflow/example_dags/example_task_group.py
[2024-10-13T09:47:52.168+0000] {logging_mixin.py:190} INFO - [2024-10-13T09:47:52.167+0000] {dag.py:3239} INFO - Sync 1 DAGs
[2024-10-13T09:47:52.201+0000] {logging_mixin.py:190} INFO - [2024-10-13T09:47:52.201+0000] {dag.py:4180} INFO - Setting next_dagrun for example_task_group to None, run_after=None
[2024-10-13T09:47:52.288+0000] {processor.py:208} INFO - Processing /home/airflow/.local/lib/python3.12/site-packages/airflow/example_dags/example_task_group.py took 0.202 seconds
[2024-10-13T09:48:22.373+0000] {processor.py:186} INFO - Started process (PID=512) to work on /home/airflow/.local/lib/python3.12/site-packages/airflow/example_dags/example_task_group.py
[2024-10-13T09:48:22.376+0000] {processor.py:914} INFO - Processing file /home/airflow/.local/lib/python3.12/site-packages/airflow/example_dags/example_task_group.py for tasks to queue
[2024-10-13T09:48:22.381+0000] {logging_mixin.py:190} INFO - [2024-10-13T09:48:22.380+0000] {dagbag.py:588} INFO - Filling up the DagBag from /home/airflow/.local/lib/python3.12/site-packages/airflow/example_dags/example_task_group.py
[2024-10-13T09:48:22.399+0000] {processor.py:925} INFO - DAG(s) 'example_task_group' retrieved from /home/airflow/.local/lib/python3.12/site-packages/airflow/example_dags/example_task_group.py
[2024-10-13T09:48:22.451+0000] {logging_mixin.py:190} INFO - [2024-10-13T09:48:22.450+0000] {dag.py:3239} INFO - Sync 1 DAGs
[2024-10-13T09:48:22.481+0000] {logging_mixin.py:190} INFO - [2024-10-13T09:48:22.481+0000] {dag.py:4180} INFO - Setting next_dagrun for example_task_group to None, run_after=None
[2024-10-13T09:48:22.568+0000] {processor.py:208} INFO - Processing /home/airflow/.local/lib/python3.12/site-packages/airflow/example_dags/example_task_group.py took 0.206 seconds
[2024-10-13T09:48:52.690+0000] {processor.py:186} INFO - Started process (PID=573) to work on /home/airflow/.local/lib/python3.12/site-packages/airflow/example_dags/example_task_group.py
[2024-10-13T09:48:52.693+0000] {processor.py:914} INFO - Processing file /home/airflow/.local/lib/python3.12/site-packages/airflow/example_dags/example_task_group.py for tasks to queue
[2024-10-13T09:48:52.698+0000] {logging_mixin.py:190} INFO - [2024-10-13T09:48:52.697+0000] {dagbag.py:588} INFO - Filling up the DagBag from /home/airflow/.local/lib/python3.12/site-packages/airflow/example_dags/example_task_group.py
[2024-10-13T09:48:52.714+0000] {processor.py:925} INFO - DAG(s) 'example_task_group' retrieved from /home/airflow/.local/lib/python3.12/site-packages/airflow/example_dags/example_task_group.py
[2024-10-13T09:48:52.754+0000] {logging_mixin.py:190} INFO - [2024-10-13T09:48:52.754+0000] {dag.py:3239} INFO - Sync 1 DAGs
[2024-10-13T09:48:52.778+0000] {logging_mixin.py:190} INFO - [2024-10-13T09:48:52.778+0000] {dag.py:4180} INFO - Setting next_dagrun for example_task_group to None, run_after=None
[2024-10-13T09:48:52.812+0000] {processor.py:208} INFO - Processing /home/airflow/.local/lib/python3.12/site-packages/airflow/example_dags/example_task_group.py took 0.133 seconds
[2024-10-13T09:49:25.715+0000] {processor.py:186} INFO - Started process (PID=637) to work on /home/airflow/.local/lib/python3.12/site-packages/airflow/example_dags/example_task_group.py
[2024-10-13T09:49:25.717+0000] {processor.py:914} INFO - Processing file /home/airflow/.local/lib/python3.12/site-packages/airflow/example_dags/example_task_group.py for tasks to queue
[2024-10-13T09:49:25.722+0000] {logging_mixin.py:190} INFO - [2024-10-13T09:49:25.721+0000] {dagbag.py:588} INFO - Filling up the DagBag from /home/airflow/.local/lib/python3.12/site-packages/airflow/example_dags/example_task_group.py
[2024-10-13T09:49:25.739+0000] {processor.py:925} INFO - DAG(s) 'example_task_group' retrieved from /home/airflow/.local/lib/python3.12/site-packages/airflow/example_dags/example_task_group.py
[2024-10-13T09:49:25.788+0000] {logging_mixin.py:190} INFO - [2024-10-13T09:49:25.788+0000] {dag.py:3239} INFO - Sync 1 DAGs
[2024-10-13T09:49:25.822+0000] {logging_mixin.py:190} INFO - [2024-10-13T09:49:25.822+0000] {dag.py:4180} INFO - Setting next_dagrun for example_task_group to None, run_after=None
[2024-10-13T09:49:25.867+0000] {processor.py:208} INFO - Processing /home/airflow/.local/lib/python3.12/site-packages/airflow/example_dags/example_task_group.py took 0.162 seconds
[2024-10-13T09:49:57.459+0000] {processor.py:186} INFO - Started process (PID=698) to work on /home/airflow/.local/lib/python3.12/site-packages/airflow/example_dags/example_task_group.py
[2024-10-13T09:49:57.466+0000] {processor.py:914} INFO - Processing file /home/airflow/.local/lib/python3.12/site-packages/airflow/example_dags/example_task_group.py for tasks to queue
[2024-10-13T09:49:57.476+0000] {logging_mixin.py:190} INFO - [2024-10-13T09:49:57.475+0000] {dagbag.py:588} INFO - Filling up the DagBag from /home/airflow/.local/lib/python3.12/site-packages/airflow/example_dags/example_task_group.py
[2024-10-13T09:49:57.519+0000] {processor.py:925} INFO - DAG(s) 'example_task_group' retrieved from /home/airflow/.local/lib/python3.12/site-packages/airflow/example_dags/example_task_group.py
[2024-10-13T09:49:57.629+0000] {logging_mixin.py:190} INFO - [2024-10-13T09:49:57.629+0000] {dag.py:3239} INFO - Sync 1 DAGs
[2024-10-13T09:49:57.709+0000] {logging_mixin.py:190} INFO - [2024-10-13T09:49:57.706+0000] {dag.py:4180} INFO - Setting next_dagrun for example_task_group to None, run_after=None
[2024-10-13T09:49:57.788+0000] {processor.py:208} INFO - Processing /home/airflow/.local/lib/python3.12/site-packages/airflow/example_dags/example_task_group.py took 0.359 seconds
[2024-10-13T09:50:27.986+0000] {processor.py:186} INFO - Started process (PID=759) to work on /home/airflow/.local/lib/python3.12/site-packages/airflow/example_dags/example_task_group.py
[2024-10-13T09:50:27.989+0000] {processor.py:914} INFO - Processing file /home/airflow/.local/lib/python3.12/site-packages/airflow/example_dags/example_task_group.py for tasks to queue
[2024-10-13T09:50:27.995+0000] {logging_mixin.py:190} INFO - [2024-10-13T09:50:27.994+0000] {dagbag.py:588} INFO - Filling up the DagBag from /home/airflow/.local/lib/python3.12/site-packages/airflow/example_dags/example_task_group.py
[2024-10-13T09:50:28.017+0000] {processor.py:925} INFO - DAG(s) 'example_task_group' retrieved from /home/airflow/.local/lib/python3.12/site-packages/airflow/example_dags/example_task_group.py
[2024-10-13T09:50:28.055+0000] {logging_mixin.py:190} INFO - [2024-10-13T09:50:28.055+0000] {dag.py:3239} INFO - Sync 1 DAGs
[2024-10-13T09:50:28.078+0000] {logging_mixin.py:190} INFO - [2024-10-13T09:50:28.078+0000] {dag.py:4180} INFO - Setting next_dagrun for example_task_group to None, run_after=None
[2024-10-13T09:50:28.115+0000] {processor.py:208} INFO - Processing /home/airflow/.local/lib/python3.12/site-packages/airflow/example_dags/example_task_group.py took 0.142 seconds
[2024-10-13T09:50:58.542+0000] {processor.py:186} INFO - Started process (PID=821) to work on /home/airflow/.local/lib/python3.12/site-packages/airflow/example_dags/example_task_group.py
[2024-10-13T09:50:58.545+0000] {processor.py:914} INFO - Processing file /home/airflow/.local/lib/python3.12/site-packages/airflow/example_dags/example_task_group.py for tasks to queue
[2024-10-13T09:50:58.550+0000] {logging_mixin.py:190} INFO - [2024-10-13T09:50:58.550+0000] {dagbag.py:588} INFO - Filling up the DagBag from /home/airflow/.local/lib/python3.12/site-packages/airflow/example_dags/example_task_group.py
[2024-10-13T09:50:58.573+0000] {processor.py:925} INFO - DAG(s) 'example_task_group' retrieved from /home/airflow/.local/lib/python3.12/site-packages/airflow/example_dags/example_task_group.py
[2024-10-13T09:50:58.609+0000] {logging_mixin.py:190} INFO - [2024-10-13T09:50:58.609+0000] {dag.py:3239} INFO - Sync 1 DAGs
[2024-10-13T09:50:58.634+0000] {logging_mixin.py:190} INFO - [2024-10-13T09:50:58.634+0000] {dag.py:4180} INFO - Setting next_dagrun for example_task_group to None, run_after=None
[2024-10-13T09:50:58.668+0000] {processor.py:208} INFO - Processing /home/airflow/.local/lib/python3.12/site-packages/airflow/example_dags/example_task_group.py took 0.141 seconds
[2024-10-13T09:51:31.163+0000] {processor.py:186} INFO - Started process (PID=882) to work on /home/airflow/.local/lib/python3.12/site-packages/airflow/example_dags/example_task_group.py
[2024-10-13T09:51:31.166+0000] {processor.py:914} INFO - Processing file /home/airflow/.local/lib/python3.12/site-packages/airflow/example_dags/example_task_group.py for tasks to queue
[2024-10-13T09:51:31.175+0000] {logging_mixin.py:190} INFO - [2024-10-13T09:51:31.174+0000] {dagbag.py:588} INFO - Filling up the DagBag from /home/airflow/.local/lib/python3.12/site-packages/airflow/example_dags/example_task_group.py
[2024-10-13T09:51:31.223+0000] {processor.py:925} INFO - DAG(s) 'example_task_group' retrieved from /home/airflow/.local/lib/python3.12/site-packages/airflow/example_dags/example_task_group.py
[2024-10-13T09:51:31.322+0000] {logging_mixin.py:190} INFO - [2024-10-13T09:51:31.321+0000] {dag.py:3239} INFO - Sync 1 DAGs
[2024-10-13T09:51:31.366+0000] {logging_mixin.py:190} INFO - [2024-10-13T09:51:31.366+0000] {dag.py:4180} INFO - Setting next_dagrun for example_task_group to None, run_after=None
[2024-10-13T09:51:31.430+0000] {processor.py:208} INFO - Processing /home/airflow/.local/lib/python3.12/site-packages/airflow/example_dags/example_task_group.py took 0.284 seconds
[2024-10-13T09:52:01.541+0000] {processor.py:186} INFO - Started process (PID=944) to work on /home/airflow/.local/lib/python3.12/site-packages/airflow/example_dags/example_task_group.py
[2024-10-13T09:52:01.542+0000] {processor.py:914} INFO - Processing file /home/airflow/.local/lib/python3.12/site-packages/airflow/example_dags/example_task_group.py for tasks to queue
[2024-10-13T09:52:01.547+0000] {logging_mixin.py:190} INFO - [2024-10-13T09:52:01.547+0000] {dagbag.py:588} INFO - Filling up the DagBag from /home/airflow/.local/lib/python3.12/site-packages/airflow/example_dags/example_task_group.py
[2024-10-13T09:52:01.564+0000] {processor.py:925} INFO - DAG(s) 'example_task_group' retrieved from /home/airflow/.local/lib/python3.12/site-packages/airflow/example_dags/example_task_group.py
[2024-10-13T09:52:01.605+0000] {logging_mixin.py:190} INFO - [2024-10-13T09:52:01.605+0000] {dag.py:3239} INFO - Sync 1 DAGs
[2024-10-13T09:52:01.629+0000] {logging_mixin.py:190} INFO - [2024-10-13T09:52:01.629+0000] {dag.py:4180} INFO - Setting next_dagrun for example_task_group to None, run_after=None
[2024-10-13T09:52:01.663+0000] {processor.py:208} INFO - Processing /home/airflow/.local/lib/python3.12/site-packages/airflow/example_dags/example_task_group.py took 0.133 seconds
[2024-10-13T09:52:33.214+0000] {processor.py:186} INFO - Started process (PID=1006) to work on /home/airflow/.local/lib/python3.12/site-packages/airflow/example_dags/example_task_group.py
[2024-10-13T09:52:33.222+0000] {processor.py:914} INFO - Processing file /home/airflow/.local/lib/python3.12/site-packages/airflow/example_dags/example_task_group.py for tasks to queue
[2024-10-13T09:52:33.244+0000] {logging_mixin.py:190} INFO - [2024-10-13T09:52:33.242+0000] {dagbag.py:588} INFO - Filling up the DagBag from /home/airflow/.local/lib/python3.12/site-packages/airflow/example_dags/example_task_group.py
[2024-10-13T09:52:33.339+0000] {processor.py:925} INFO - DAG(s) 'example_task_group' retrieved from /home/airflow/.local/lib/python3.12/site-packages/airflow/example_dags/example_task_group.py
[2024-10-13T09:52:33.418+0000] {logging_mixin.py:190} INFO - [2024-10-13T09:52:33.416+0000] {dag.py:3239} INFO - Sync 1 DAGs
[2024-10-13T09:52:33.509+0000] {logging_mixin.py:190} INFO - [2024-10-13T09:52:33.509+0000] {dag.py:4180} INFO - Setting next_dagrun for example_task_group to None, run_after=None
[2024-10-13T09:52:33.689+0000] {processor.py:208} INFO - Processing /home/airflow/.local/lib/python3.12/site-packages/airflow/example_dags/example_task_group.py took 0.542 seconds
[2024-10-13T09:53:09.111+0000] {processor.py:186} INFO - Started process (PID=1067) to work on /home/airflow/.local/lib/python3.12/site-packages/airflow/example_dags/example_task_group.py
[2024-10-13T09:53:09.114+0000] {processor.py:914} INFO - Processing file /home/airflow/.local/lib/python3.12/site-packages/airflow/example_dags/example_task_group.py for tasks to queue
[2024-10-13T09:53:09.124+0000] {logging_mixin.py:190} INFO - [2024-10-13T09:53:09.123+0000] {dagbag.py:588} INFO - Filling up the DagBag from /home/airflow/.local/lib/python3.12/site-packages/airflow/example_dags/example_task_group.py
[2024-10-13T09:53:09.184+0000] {processor.py:925} INFO - DAG(s) 'example_task_group' retrieved from /home/airflow/.local/lib/python3.12/site-packages/airflow/example_dags/example_task_group.py
[2024-10-13T09:53:09.617+0000] {logging_mixin.py:190} INFO - [2024-10-13T09:53:09.614+0000] {dag.py:3239} INFO - Sync 1 DAGs
[2024-10-13T09:53:09.889+0000] {logging_mixin.py:190} INFO - [2024-10-13T09:53:09.889+0000] {dag.py:4180} INFO - Setting next_dagrun for example_task_group to None, run_after=None
[2024-10-13T09:53:10.027+0000] {processor.py:208} INFO - Processing /home/airflow/.local/lib/python3.12/site-packages/airflow/example_dags/example_task_group.py took 0.971 seconds
[2024-10-13T09:53:41.015+0000] {processor.py:186} INFO - Started process (PID=1128) to work on /home/airflow/.local/lib/python3.12/site-packages/airflow/example_dags/example_task_group.py
[2024-10-13T09:53:41.027+0000] {processor.py:914} INFO - Processing file /home/airflow/.local/lib/python3.12/site-packages/airflow/example_dags/example_task_group.py for tasks to queue
[2024-10-13T09:53:41.044+0000] {logging_mixin.py:190} INFO - [2024-10-13T09:53:41.032+0000] {dagbag.py:588} INFO - Filling up the DagBag from /home/airflow/.local/lib/python3.12/site-packages/airflow/example_dags/example_task_group.py
[2024-10-13T09:53:41.066+0000] {processor.py:925} INFO - DAG(s) 'example_task_group' retrieved from /home/airflow/.local/lib/python3.12/site-packages/airflow/example_dags/example_task_group.py
[2024-10-13T09:53:41.129+0000] {logging_mixin.py:190} INFO - [2024-10-13T09:53:41.128+0000] {dag.py:3239} INFO - Sync 1 DAGs
[2024-10-13T09:53:41.156+0000] {logging_mixin.py:190} INFO - [2024-10-13T09:53:41.156+0000] {dag.py:4180} INFO - Setting next_dagrun for example_task_group to None, run_after=None
[2024-10-13T09:53:41.228+0000] {processor.py:208} INFO - Processing /home/airflow/.local/lib/python3.12/site-packages/airflow/example_dags/example_task_group.py took 0.225 seconds
[2024-10-13T09:54:11.709+0000] {processor.py:186} INFO - Started process (PID=1190) to work on /home/airflow/.local/lib/python3.12/site-packages/airflow/example_dags/example_task_group.py
[2024-10-13T09:54:11.711+0000] {processor.py:914} INFO - Processing file /home/airflow/.local/lib/python3.12/site-packages/airflow/example_dags/example_task_group.py for tasks to queue
[2024-10-13T09:54:11.716+0000] {logging_mixin.py:190} INFO - [2024-10-13T09:54:11.715+0000] {dagbag.py:588} INFO - Filling up the DagBag from /home/airflow/.local/lib/python3.12/site-packages/airflow/example_dags/example_task_group.py
[2024-10-13T09:54:11.730+0000] {processor.py:925} INFO - DAG(s) 'example_task_group' retrieved from /home/airflow/.local/lib/python3.12/site-packages/airflow/example_dags/example_task_group.py
[2024-10-13T09:54:11.767+0000] {logging_mixin.py:190} INFO - [2024-10-13T09:54:11.767+0000] {dag.py:3239} INFO - Sync 1 DAGs
[2024-10-13T09:54:11.791+0000] {logging_mixin.py:190} INFO - [2024-10-13T09:54:11.790+0000] {dag.py:4180} INFO - Setting next_dagrun for example_task_group to None, run_after=None
[2024-10-13T09:54:11.827+0000] {processor.py:208} INFO - Processing /home/airflow/.local/lib/python3.12/site-packages/airflow/example_dags/example_task_group.py took 0.130 seconds
[2024-10-13T09:54:42.296+0000] {processor.py:186} INFO - Started process (PID=1252) to work on /home/airflow/.local/lib/python3.12/site-packages/airflow/example_dags/example_task_group.py
[2024-10-13T09:54:42.298+0000] {processor.py:914} INFO - Processing file /home/airflow/.local/lib/python3.12/site-packages/airflow/example_dags/example_task_group.py for tasks to queue
[2024-10-13T09:54:42.303+0000] {logging_mixin.py:190} INFO - [2024-10-13T09:54:42.302+0000] {dagbag.py:588} INFO - Filling up the DagBag from /home/airflow/.local/lib/python3.12/site-packages/airflow/example_dags/example_task_group.py
[2024-10-13T09:54:42.317+0000] {processor.py:925} INFO - DAG(s) 'example_task_group' retrieved from /home/airflow/.local/lib/python3.12/site-packages/airflow/example_dags/example_task_group.py
[2024-10-13T09:54:42.354+0000] {logging_mixin.py:190} INFO - [2024-10-13T09:54:42.354+0000] {dag.py:3239} INFO - Sync 1 DAGs
[2024-10-13T09:54:42.379+0000] {logging_mixin.py:190} INFO - [2024-10-13T09:54:42.379+0000] {dag.py:4180} INFO - Setting next_dagrun for example_task_group to None, run_after=None
[2024-10-13T09:54:42.415+0000] {processor.py:208} INFO - Processing /home/airflow/.local/lib/python3.12/site-packages/airflow/example_dags/example_task_group.py took 0.129 seconds
[2024-10-13T09:55:12.630+0000] {processor.py:186} INFO - Started process (PID=1314) to work on /home/airflow/.local/lib/python3.12/site-packages/airflow/example_dags/example_task_group.py
[2024-10-13T09:55:12.632+0000] {processor.py:914} INFO - Processing file /home/airflow/.local/lib/python3.12/site-packages/airflow/example_dags/example_task_group.py for tasks to queue
[2024-10-13T09:55:12.636+0000] {logging_mixin.py:190} INFO - [2024-10-13T09:55:12.636+0000] {dagbag.py:588} INFO - Filling up the DagBag from /home/airflow/.local/lib/python3.12/site-packages/airflow/example_dags/example_task_group.py
[2024-10-13T09:55:12.650+0000] {processor.py:925} INFO - DAG(s) 'example_task_group' retrieved from /home/airflow/.local/lib/python3.12/site-packages/airflow/example_dags/example_task_group.py
[2024-10-13T09:55:12.687+0000] {logging_mixin.py:190} INFO - [2024-10-13T09:55:12.687+0000] {dag.py:3239} INFO - Sync 1 DAGs
[2024-10-13T09:55:12.712+0000] {logging_mixin.py:190} INFO - [2024-10-13T09:55:12.712+0000] {dag.py:4180} INFO - Setting next_dagrun for example_task_group to None, run_after=None
[2024-10-13T09:55:12.746+0000] {processor.py:208} INFO - Processing /home/airflow/.local/lib/python3.12/site-packages/airflow/example_dags/example_task_group.py took 0.126 seconds
[2024-10-13T09:55:43.595+0000] {processor.py:186} INFO - Started process (PID=1376) to work on /home/airflow/.local/lib/python3.12/site-packages/airflow/example_dags/example_task_group.py
[2024-10-13T09:55:43.597+0000] {processor.py:914} INFO - Processing file /home/airflow/.local/lib/python3.12/site-packages/airflow/example_dags/example_task_group.py for tasks to queue
[2024-10-13T09:55:43.602+0000] {logging_mixin.py:190} INFO - [2024-10-13T09:55:43.602+0000] {dagbag.py:588} INFO - Filling up the DagBag from /home/airflow/.local/lib/python3.12/site-packages/airflow/example_dags/example_task_group.py
[2024-10-13T09:55:43.617+0000] {processor.py:925} INFO - DAG(s) 'example_task_group' retrieved from /home/airflow/.local/lib/python3.12/site-packages/airflow/example_dags/example_task_group.py
[2024-10-13T09:55:43.672+0000] {logging_mixin.py:190} INFO - [2024-10-13T09:55:43.671+0000] {dag.py:3239} INFO - Sync 1 DAGs
[2024-10-13T09:55:43.707+0000] {logging_mixin.py:190} INFO - [2024-10-13T09:55:43.706+0000] {dag.py:4180} INFO - Setting next_dagrun for example_task_group to None, run_after=None
[2024-10-13T09:55:43.754+0000] {processor.py:208} INFO - Processing /home/airflow/.local/lib/python3.12/site-packages/airflow/example_dags/example_task_group.py took 0.169 seconds
[2024-10-13T09:56:14.100+0000] {processor.py:186} INFO - Started process (PID=1438) to work on /home/airflow/.local/lib/python3.12/site-packages/airflow/example_dags/example_task_group.py
[2024-10-13T09:56:14.102+0000] {processor.py:914} INFO - Processing file /home/airflow/.local/lib/python3.12/site-packages/airflow/example_dags/example_task_group.py for tasks to queue
[2024-10-13T09:56:14.106+0000] {logging_mixin.py:190} INFO - [2024-10-13T09:56:14.106+0000] {dagbag.py:588} INFO - Filling up the DagBag from /home/airflow/.local/lib/python3.12/site-packages/airflow/example_dags/example_task_group.py
[2024-10-13T09:56:14.124+0000] {processor.py:925} INFO - DAG(s) 'example_task_group' retrieved from /home/airflow/.local/lib/python3.12/site-packages/airflow/example_dags/example_task_group.py
[2024-10-13T09:56:14.170+0000] {logging_mixin.py:190} INFO - [2024-10-13T09:56:14.170+0000] {dag.py:3239} INFO - Sync 1 DAGs
[2024-10-13T09:56:14.200+0000] {logging_mixin.py:190} INFO - [2024-10-13T09:56:14.199+0000] {dag.py:4180} INFO - Setting next_dagrun for example_task_group to None, run_after=None
[2024-10-13T09:56:14.237+0000] {processor.py:208} INFO - Processing /home/airflow/.local/lib/python3.12/site-packages/airflow/example_dags/example_task_group.py took 0.148 seconds
[2024-10-13T09:56:44.945+0000] {processor.py:186} INFO - Started process (PID=1500) to work on /home/airflow/.local/lib/python3.12/site-packages/airflow/example_dags/example_task_group.py
[2024-10-13T09:56:44.947+0000] {processor.py:914} INFO - Processing file /home/airflow/.local/lib/python3.12/site-packages/airflow/example_dags/example_task_group.py for tasks to queue
[2024-10-13T09:56:44.952+0000] {logging_mixin.py:190} INFO - [2024-10-13T09:56:44.951+0000] {dagbag.py:588} INFO - Filling up the DagBag from /home/airflow/.local/lib/python3.12/site-packages/airflow/example_dags/example_task_group.py
[2024-10-13T09:56:44.999+0000] {processor.py:925} INFO - DAG(s) 'example_task_group' retrieved from /home/airflow/.local/lib/python3.12/site-packages/airflow/example_dags/example_task_group.py
[2024-10-13T09:56:45.061+0000] {logging_mixin.py:190} INFO - [2024-10-13T09:56:45.061+0000] {dag.py:3239} INFO - Sync 1 DAGs
[2024-10-13T09:56:45.105+0000] {logging_mixin.py:190} INFO - [2024-10-13T09:56:45.105+0000] {dag.py:4180} INFO - Setting next_dagrun for example_task_group to None, run_after=None
[2024-10-13T09:56:45.176+0000] {processor.py:208} INFO - Processing /home/airflow/.local/lib/python3.12/site-packages/airflow/example_dags/example_task_group.py took 0.262 seconds
[2024-10-13T09:57:26.379+0000] {processor.py:186} INFO - Started process (PID=1563) to work on /home/airflow/.local/lib/python3.12/site-packages/airflow/example_dags/example_task_group.py
[2024-10-13T09:57:26.383+0000] {processor.py:914} INFO - Processing file /home/airflow/.local/lib/python3.12/site-packages/airflow/example_dags/example_task_group.py for tasks to queue
[2024-10-13T09:57:26.397+0000] {logging_mixin.py:190} INFO - [2024-10-13T09:57:26.396+0000] {dagbag.py:588} INFO - Filling up the DagBag from /home/airflow/.local/lib/python3.12/site-packages/airflow/example_dags/example_task_group.py
[2024-10-13T09:57:26.619+0000] {processor.py:925} INFO - DAG(s) 'example_task_group' retrieved from /home/airflow/.local/lib/python3.12/site-packages/airflow/example_dags/example_task_group.py
[2024-10-13T09:57:26.927+0000] {logging_mixin.py:190} INFO - [2024-10-13T09:57:26.926+0000] {dag.py:3239} INFO - Sync 1 DAGs
[2024-10-13T09:57:27.061+0000] {logging_mixin.py:190} INFO - [2024-10-13T09:57:27.060+0000] {dag.py:4180} INFO - Setting next_dagrun for example_task_group to None, run_after=None
[2024-10-13T09:57:27.210+0000] {processor.py:208} INFO - Processing /home/airflow/.local/lib/python3.12/site-packages/airflow/example_dags/example_task_group.py took 0.861 seconds
[2024-10-13T09:57:59.909+0000] {processor.py:186} INFO - Started process (PID=1625) to work on /home/airflow/.local/lib/python3.12/site-packages/airflow/example_dags/example_task_group.py
[2024-10-13T09:57:59.913+0000] {processor.py:914} INFO - Processing file /home/airflow/.local/lib/python3.12/site-packages/airflow/example_dags/example_task_group.py for tasks to queue
[2024-10-13T09:57:59.919+0000] {logging_mixin.py:190} INFO - [2024-10-13T09:57:59.918+0000] {dagbag.py:588} INFO - Filling up the DagBag from /home/airflow/.local/lib/python3.12/site-packages/airflow/example_dags/example_task_group.py
[2024-10-13T09:57:59.937+0000] {processor.py:925} INFO - DAG(s) 'example_task_group' retrieved from /home/airflow/.local/lib/python3.12/site-packages/airflow/example_dags/example_task_group.py
[2024-10-13T09:58:00.020+0000] {logging_mixin.py:190} INFO - [2024-10-13T09:58:00.020+0000] {dag.py:3239} INFO - Sync 1 DAGs
[2024-10-13T09:58:00.078+0000] {logging_mixin.py:190} INFO - [2024-10-13T09:58:00.077+0000] {dag.py:4180} INFO - Setting next_dagrun for example_task_group to None, run_after=None
[2024-10-13T09:58:00.122+0000] {processor.py:208} INFO - Processing /home/airflow/.local/lib/python3.12/site-packages/airflow/example_dags/example_task_group.py took 0.229 seconds
[2024-10-13T09:58:31.632+0000] {processor.py:186} INFO - Started process (PID=1687) to work on /home/airflow/.local/lib/python3.12/site-packages/airflow/example_dags/example_task_group.py
[2024-10-13T09:58:31.637+0000] {processor.py:914} INFO - Processing file /home/airflow/.local/lib/python3.12/site-packages/airflow/example_dags/example_task_group.py for tasks to queue
[2024-10-13T09:58:31.644+0000] {logging_mixin.py:190} INFO - [2024-10-13T09:58:31.643+0000] {dagbag.py:588} INFO - Filling up the DagBag from /home/airflow/.local/lib/python3.12/site-packages/airflow/example_dags/example_task_group.py
[2024-10-13T09:58:31.663+0000] {processor.py:925} INFO - DAG(s) 'example_task_group' retrieved from /home/airflow/.local/lib/python3.12/site-packages/airflow/example_dags/example_task_group.py
[2024-10-13T09:58:31.730+0000] {logging_mixin.py:190} INFO - [2024-10-13T09:58:31.729+0000] {dag.py:3239} INFO - Sync 1 DAGs
[2024-10-13T09:58:31.777+0000] {logging_mixin.py:190} INFO - [2024-10-13T09:58:31.776+0000] {dag.py:4180} INFO - Setting next_dagrun for example_task_group to None, run_after=None
[2024-10-13T09:58:31.820+0000] {processor.py:208} INFO - Processing /home/airflow/.local/lib/python3.12/site-packages/airflow/example_dags/example_task_group.py took 0.202 seconds
[2024-10-13T09:59:04.890+0000] {processor.py:186} INFO - Started process (PID=1748) to work on /home/airflow/.local/lib/python3.12/site-packages/airflow/example_dags/example_task_group.py
[2024-10-13T09:59:04.892+0000] {processor.py:914} INFO - Processing file /home/airflow/.local/lib/python3.12/site-packages/airflow/example_dags/example_task_group.py for tasks to queue
[2024-10-13T09:59:04.896+0000] {logging_mixin.py:190} INFO - [2024-10-13T09:59:04.896+0000] {dagbag.py:588} INFO - Filling up the DagBag from /home/airflow/.local/lib/python3.12/site-packages/airflow/example_dags/example_task_group.py
[2024-10-13T09:59:04.912+0000] {processor.py:925} INFO - DAG(s) 'example_task_group' retrieved from /home/airflow/.local/lib/python3.12/site-packages/airflow/example_dags/example_task_group.py
[2024-10-13T09:59:04.955+0000] {logging_mixin.py:190} INFO - [2024-10-13T09:59:04.955+0000] {dag.py:3239} INFO - Sync 1 DAGs
[2024-10-13T09:59:04.987+0000] {logging_mixin.py:190} INFO - [2024-10-13T09:59:04.986+0000] {dag.py:4180} INFO - Setting next_dagrun for example_task_group to None, run_after=None
[2024-10-13T09:59:05.026+0000] {processor.py:208} INFO - Processing /home/airflow/.local/lib/python3.12/site-packages/airflow/example_dags/example_task_group.py took 0.149 seconds
[2024-10-13T09:59:38.042+0000] {processor.py:186} INFO - Started process (PID=1811) to work on /home/airflow/.local/lib/python3.12/site-packages/airflow/example_dags/example_task_group.py
[2024-10-13T09:59:38.053+0000] {processor.py:914} INFO - Processing file /home/airflow/.local/lib/python3.12/site-packages/airflow/example_dags/example_task_group.py for tasks to queue
[2024-10-13T09:59:38.066+0000] {logging_mixin.py:190} INFO - [2024-10-13T09:59:38.065+0000] {dagbag.py:588} INFO - Filling up the DagBag from /home/airflow/.local/lib/python3.12/site-packages/airflow/example_dags/example_task_group.py
[2024-10-13T09:59:38.160+0000] {processor.py:925} INFO - DAG(s) 'example_task_group' retrieved from /home/airflow/.local/lib/python3.12/site-packages/airflow/example_dags/example_task_group.py
[2024-10-13T09:59:38.504+0000] {logging_mixin.py:190} INFO - [2024-10-13T09:59:38.501+0000] {dag.py:3239} INFO - Sync 1 DAGs
[2024-10-13T09:59:38.637+0000] {logging_mixin.py:190} INFO - [2024-10-13T09:59:38.637+0000] {dag.py:4180} INFO - Setting next_dagrun for example_task_group to None, run_after=None
[2024-10-13T09:59:38.750+0000] {processor.py:208} INFO - Processing /home/airflow/.local/lib/python3.12/site-packages/airflow/example_dags/example_task_group.py took 0.745 seconds
[2024-10-13T10:00:24.913+0000] {processor.py:186} INFO - Started process (PID=1881) to work on /home/airflow/.local/lib/python3.12/site-packages/airflow/example_dags/example_task_group.py
[2024-10-13T10:00:24.916+0000] {processor.py:914} INFO - Processing file /home/airflow/.local/lib/python3.12/site-packages/airflow/example_dags/example_task_group.py for tasks to queue
[2024-10-13T10:00:24.922+0000] {logging_mixin.py:190} INFO - [2024-10-13T10:00:24.921+0000] {dagbag.py:588} INFO - Filling up the DagBag from /home/airflow/.local/lib/python3.12/site-packages/airflow/example_dags/example_task_group.py
[2024-10-13T10:00:24.943+0000] {processor.py:925} INFO - DAG(s) 'example_task_group' retrieved from /home/airflow/.local/lib/python3.12/site-packages/airflow/example_dags/example_task_group.py
[2024-10-13T10:00:25.009+0000] {logging_mixin.py:190} INFO - [2024-10-13T10:00:25.008+0000] {dag.py:3239} INFO - Sync 1 DAGs
[2024-10-13T10:00:25.084+0000] {logging_mixin.py:190} INFO - [2024-10-13T10:00:25.084+0000] {dag.py:4180} INFO - Setting next_dagrun for example_task_group to None, run_after=None
[2024-10-13T10:00:25.133+0000] {processor.py:208} INFO - Processing /home/airflow/.local/lib/python3.12/site-packages/airflow/example_dags/example_task_group.py took 0.241 seconds
[2024-10-13T10:06:02.215+0000] {processor.py:186} INFO - Started process (PID=73) to work on /home/airflow/.local/lib/python3.12/site-packages/airflow/example_dags/example_task_group.py
[2024-10-13T10:06:02.221+0000] {processor.py:914} INFO - Processing file /home/airflow/.local/lib/python3.12/site-packages/airflow/example_dags/example_task_group.py for tasks to queue
[2024-10-13T10:06:02.242+0000] {logging_mixin.py:190} INFO - [2024-10-13T10:06:02.233+0000] {dagbag.py:588} INFO - Filling up the DagBag from /home/airflow/.local/lib/python3.12/site-packages/airflow/example_dags/example_task_group.py
[2024-10-13T10:06:02.290+0000] {processor.py:925} INFO - DAG(s) 'example_task_group' retrieved from /home/airflow/.local/lib/python3.12/site-packages/airflow/example_dags/example_task_group.py
[2024-10-13T10:06:02.423+0000] {logging_mixin.py:190} INFO - [2024-10-13T10:06:02.422+0000] {dag.py:3239} INFO - Sync 1 DAGs
[2024-10-13T10:06:02.523+0000] {logging_mixin.py:190} INFO - [2024-10-13T10:06:02.523+0000] {dag.py:4180} INFO - Setting next_dagrun for example_task_group to None, run_after=None
[2024-10-13T10:06:02.665+0000] {processor.py:208} INFO - Processing /home/airflow/.local/lib/python3.12/site-packages/airflow/example_dags/example_task_group.py took 0.496 seconds
[2024-10-13T10:07:15.467+0000] {processor.py:186} INFO - Started process (PID=142) to work on /home/airflow/.local/lib/python3.12/site-packages/airflow/example_dags/example_task_group.py
[2024-10-13T10:07:15.474+0000] {processor.py:914} INFO - Processing file /home/airflow/.local/lib/python3.12/site-packages/airflow/example_dags/example_task_group.py for tasks to queue
[2024-10-13T10:07:15.489+0000] {logging_mixin.py:190} INFO - [2024-10-13T10:07:15.488+0000] {dagbag.py:588} INFO - Filling up the DagBag from /home/airflow/.local/lib/python3.12/site-packages/airflow/example_dags/example_task_group.py
[2024-10-13T10:07:15.572+0000] {processor.py:925} INFO - DAG(s) 'example_task_group' retrieved from /home/airflow/.local/lib/python3.12/site-packages/airflow/example_dags/example_task_group.py
[2024-10-13T10:07:15.902+0000] {logging_mixin.py:190} INFO - [2024-10-13T10:07:15.897+0000] {dag.py:3239} INFO - Sync 1 DAGs
[2024-10-13T10:07:16.081+0000] {logging_mixin.py:190} INFO - [2024-10-13T10:07:16.078+0000] {dag.py:4180} INFO - Setting next_dagrun for example_task_group to None, run_after=None
[2024-10-13T10:07:16.244+0000] {processor.py:208} INFO - Processing /home/airflow/.local/lib/python3.12/site-packages/airflow/example_dags/example_task_group.py took 0.849 seconds
[2024-10-13T10:07:50.852+0000] {processor.py:186} INFO - Started process (PID=209) to work on /home/airflow/.local/lib/python3.12/site-packages/airflow/example_dags/example_task_group.py
[2024-10-13T10:07:50.854+0000] {processor.py:914} INFO - Processing file /home/airflow/.local/lib/python3.12/site-packages/airflow/example_dags/example_task_group.py for tasks to queue
[2024-10-13T10:07:50.860+0000] {logging_mixin.py:190} INFO - [2024-10-13T10:07:50.859+0000] {dagbag.py:588} INFO - Filling up the DagBag from /home/airflow/.local/lib/python3.12/site-packages/airflow/example_dags/example_task_group.py
[2024-10-13T10:07:50.895+0000] {processor.py:925} INFO - DAG(s) 'example_task_group' retrieved from /home/airflow/.local/lib/python3.12/site-packages/airflow/example_dags/example_task_group.py
[2024-10-13T10:07:51.019+0000] {logging_mixin.py:190} INFO - [2024-10-13T10:07:51.018+0000] {dag.py:3239} INFO - Sync 1 DAGs
[2024-10-13T10:07:51.109+0000] {logging_mixin.py:190} INFO - [2024-10-13T10:07:51.109+0000] {dag.py:4180} INFO - Setting next_dagrun for example_task_group to None, run_after=None
[2024-10-13T10:07:51.205+0000] {processor.py:208} INFO - Processing /home/airflow/.local/lib/python3.12/site-packages/airflow/example_dags/example_task_group.py took 0.368 seconds
[2024-10-13T10:08:33.408+0000] {processor.py:186} INFO - Started process (PID=272) to work on /home/airflow/.local/lib/python3.12/site-packages/airflow/example_dags/example_task_group.py
[2024-10-13T10:08:33.460+0000] {processor.py:914} INFO - Processing file /home/airflow/.local/lib/python3.12/site-packages/airflow/example_dags/example_task_group.py for tasks to queue
[2024-10-13T10:08:33.507+0000] {logging_mixin.py:190} INFO - [2024-10-13T10:08:33.504+0000] {dagbag.py:588} INFO - Filling up the DagBag from /home/airflow/.local/lib/python3.12/site-packages/airflow/example_dags/example_task_group.py
[2024-10-13T10:08:33.568+0000] {processor.py:925} INFO - DAG(s) 'example_task_group' retrieved from /home/airflow/.local/lib/python3.12/site-packages/airflow/example_dags/example_task_group.py
[2024-10-13T10:08:33.683+0000] {logging_mixin.py:190} INFO - [2024-10-13T10:08:33.682+0000] {dag.py:3239} INFO - Sync 1 DAGs
[2024-10-13T10:08:33.725+0000] {logging_mixin.py:190} INFO - [2024-10-13T10:08:33.724+0000] {dag.py:4180} INFO - Setting next_dagrun for example_task_group to None, run_after=None
[2024-10-13T10:08:33.801+0000] {processor.py:208} INFO - Processing /home/airflow/.local/lib/python3.12/site-packages/airflow/example_dags/example_task_group.py took 0.590 seconds
[2024-10-13T10:09:05.712+0000] {processor.py:186} INFO - Started process (PID=333) to work on /home/airflow/.local/lib/python3.12/site-packages/airflow/example_dags/example_task_group.py
[2024-10-13T10:09:05.714+0000] {processor.py:914} INFO - Processing file /home/airflow/.local/lib/python3.12/site-packages/airflow/example_dags/example_task_group.py for tasks to queue
[2024-10-13T10:09:05.719+0000] {logging_mixin.py:190} INFO - [2024-10-13T10:09:05.719+0000] {dagbag.py:588} INFO - Filling up the DagBag from /home/airflow/.local/lib/python3.12/site-packages/airflow/example_dags/example_task_group.py
[2024-10-13T10:09:05.780+0000] {processor.py:925} INFO - DAG(s) 'example_task_group' retrieved from /home/airflow/.local/lib/python3.12/site-packages/airflow/example_dags/example_task_group.py
[2024-10-13T10:09:05.964+0000] {logging_mixin.py:190} INFO - [2024-10-13T10:09:05.963+0000] {dag.py:3239} INFO - Sync 1 DAGs
[2024-10-13T10:09:06.105+0000] {logging_mixin.py:190} INFO - [2024-10-13T10:09:06.104+0000] {dag.py:4180} INFO - Setting next_dagrun for example_task_group to None, run_after=None
[2024-10-13T10:09:06.234+0000] {processor.py:208} INFO - Processing /home/airflow/.local/lib/python3.12/site-packages/airflow/example_dags/example_task_group.py took 0.536 seconds
[2024-10-13T10:09:40.664+0000] {processor.py:186} INFO - Started process (PID=395) to work on /home/airflow/.local/lib/python3.12/site-packages/airflow/example_dags/example_task_group.py
[2024-10-13T10:09:40.683+0000] {processor.py:914} INFO - Processing file /home/airflow/.local/lib/python3.12/site-packages/airflow/example_dags/example_task_group.py for tasks to queue
[2024-10-13T10:09:40.718+0000] {logging_mixin.py:190} INFO - [2024-10-13T10:09:40.716+0000] {dagbag.py:588} INFO - Filling up the DagBag from /home/airflow/.local/lib/python3.12/site-packages/airflow/example_dags/example_task_group.py
[2024-10-13T10:09:40.886+0000] {processor.py:925} INFO - DAG(s) 'example_task_group' retrieved from /home/airflow/.local/lib/python3.12/site-packages/airflow/example_dags/example_task_group.py
[2024-10-13T10:09:40.969+0000] {logging_mixin.py:190} INFO - [2024-10-13T10:09:40.969+0000] {dag.py:3239} INFO - Sync 1 DAGs
[2024-10-13T10:09:41.017+0000] {logging_mixin.py:190} INFO - [2024-10-13T10:09:41.017+0000] {dag.py:4180} INFO - Setting next_dagrun for example_task_group to None, run_after=None
[2024-10-13T10:09:41.105+0000] {processor.py:208} INFO - Processing /home/airflow/.local/lib/python3.12/site-packages/airflow/example_dags/example_task_group.py took 0.522 seconds
[2024-10-13T10:10:13.774+0000] {processor.py:186} INFO - Started process (PID=447) to work on /home/airflow/.local/lib/python3.12/site-packages/airflow/example_dags/example_task_group.py
[2024-10-13T10:10:13.776+0000] {processor.py:914} INFO - Processing file /home/airflow/.local/lib/python3.12/site-packages/airflow/example_dags/example_task_group.py for tasks to queue
[2024-10-13T10:10:13.781+0000] {logging_mixin.py:190} INFO - [2024-10-13T10:10:13.780+0000] {dagbag.py:588} INFO - Filling up the DagBag from /home/airflow/.local/lib/python3.12/site-packages/airflow/example_dags/example_task_group.py
[2024-10-13T10:10:13.797+0000] {processor.py:925} INFO - DAG(s) 'example_task_group' retrieved from /home/airflow/.local/lib/python3.12/site-packages/airflow/example_dags/example_task_group.py
[2024-10-13T10:10:13.836+0000] {logging_mixin.py:190} INFO - [2024-10-13T10:10:13.835+0000] {dag.py:3239} INFO - Sync 1 DAGs
[2024-10-13T10:10:13.871+0000] {logging_mixin.py:190} INFO - [2024-10-13T10:10:13.871+0000] {dag.py:4180} INFO - Setting next_dagrun for example_task_group to None, run_after=None
[2024-10-13T10:10:13.920+0000] {processor.py:208} INFO - Processing /home/airflow/.local/lib/python3.12/site-packages/airflow/example_dags/example_task_group.py took 0.161 seconds
[2024-10-13T10:10:44.287+0000] {processor.py:186} INFO - Started process (PID=508) to work on /home/airflow/.local/lib/python3.12/site-packages/airflow/example_dags/example_task_group.py
[2024-10-13T10:10:44.289+0000] {processor.py:914} INFO - Processing file /home/airflow/.local/lib/python3.12/site-packages/airflow/example_dags/example_task_group.py for tasks to queue
[2024-10-13T10:10:44.293+0000] {logging_mixin.py:190} INFO - [2024-10-13T10:10:44.293+0000] {dagbag.py:588} INFO - Filling up the DagBag from /home/airflow/.local/lib/python3.12/site-packages/airflow/example_dags/example_task_group.py
[2024-10-13T10:10:44.309+0000] {processor.py:925} INFO - DAG(s) 'example_task_group' retrieved from /home/airflow/.local/lib/python3.12/site-packages/airflow/example_dags/example_task_group.py
[2024-10-13T10:10:44.354+0000] {logging_mixin.py:190} INFO - [2024-10-13T10:10:44.354+0000] {dag.py:3239} INFO - Sync 1 DAGs
[2024-10-13T10:10:44.387+0000] {logging_mixin.py:190} INFO - [2024-10-13T10:10:44.387+0000] {dag.py:4180} INFO - Setting next_dagrun for example_task_group to None, run_after=None
[2024-10-13T10:10:44.423+0000] {processor.py:208} INFO - Processing /home/airflow/.local/lib/python3.12/site-packages/airflow/example_dags/example_task_group.py took 0.150 seconds
[2024-10-13T10:11:19.118+0000] {processor.py:186} INFO - Started process (PID=570) to work on /home/airflow/.local/lib/python3.12/site-packages/airflow/example_dags/example_task_group.py
[2024-10-13T10:11:19.150+0000] {processor.py:914} INFO - Processing file /home/airflow/.local/lib/python3.12/site-packages/airflow/example_dags/example_task_group.py for tasks to queue
[2024-10-13T10:11:19.164+0000] {logging_mixin.py:190} INFO - [2024-10-13T10:11:19.159+0000] {dagbag.py:588} INFO - Filling up the DagBag from /home/airflow/.local/lib/python3.12/site-packages/airflow/example_dags/example_task_group.py
[2024-10-13T10:11:19.206+0000] {processor.py:925} INFO - DAG(s) 'example_task_group' retrieved from /home/airflow/.local/lib/python3.12/site-packages/airflow/example_dags/example_task_group.py
[2024-10-13T10:11:19.286+0000] {logging_mixin.py:190} INFO - [2024-10-13T10:11:19.286+0000] {dag.py:3239} INFO - Sync 1 DAGs
[2024-10-13T10:11:19.346+0000] {logging_mixin.py:190} INFO - [2024-10-13T10:11:19.345+0000] {dag.py:4180} INFO - Setting next_dagrun for example_task_group to None, run_after=None
[2024-10-13T10:11:19.458+0000] {processor.py:208} INFO - Processing /home/airflow/.local/lib/python3.12/site-packages/airflow/example_dags/example_task_group.py took 0.371 seconds
[2024-10-13T10:11:49.745+0000] {processor.py:186} INFO - Started process (PID=632) to work on /home/airflow/.local/lib/python3.12/site-packages/airflow/example_dags/example_task_group.py
[2024-10-13T10:11:49.747+0000] {processor.py:914} INFO - Processing file /home/airflow/.local/lib/python3.12/site-packages/airflow/example_dags/example_task_group.py for tasks to queue
[2024-10-13T10:11:49.754+0000] {logging_mixin.py:190} INFO - [2024-10-13T10:11:49.753+0000] {dagbag.py:588} INFO - Filling up the DagBag from /home/airflow/.local/lib/python3.12/site-packages/airflow/example_dags/example_task_group.py
[2024-10-13T10:11:49.773+0000] {processor.py:925} INFO - DAG(s) 'example_task_group' retrieved from /home/airflow/.local/lib/python3.12/site-packages/airflow/example_dags/example_task_group.py
[2024-10-13T10:11:49.828+0000] {logging_mixin.py:190} INFO - [2024-10-13T10:11:49.827+0000] {dag.py:3239} INFO - Sync 1 DAGs
[2024-10-13T10:11:49.857+0000] {logging_mixin.py:190} INFO - [2024-10-13T10:11:49.856+0000] {dag.py:4180} INFO - Setting next_dagrun for example_task_group to None, run_after=None
[2024-10-13T10:11:49.892+0000] {processor.py:208} INFO - Processing /home/airflow/.local/lib/python3.12/site-packages/airflow/example_dags/example_task_group.py took 0.162 seconds
[2024-10-13T10:12:20.586+0000] {processor.py:186} INFO - Started process (PID=694) to work on /home/airflow/.local/lib/python3.12/site-packages/airflow/example_dags/example_task_group.py
[2024-10-13T10:12:20.588+0000] {processor.py:914} INFO - Processing file /home/airflow/.local/lib/python3.12/site-packages/airflow/example_dags/example_task_group.py for tasks to queue
[2024-10-13T10:12:20.593+0000] {logging_mixin.py:190} INFO - [2024-10-13T10:12:20.593+0000] {dagbag.py:588} INFO - Filling up the DagBag from /home/airflow/.local/lib/python3.12/site-packages/airflow/example_dags/example_task_group.py
[2024-10-13T10:12:20.618+0000] {processor.py:925} INFO - DAG(s) 'example_task_group' retrieved from /home/airflow/.local/lib/python3.12/site-packages/airflow/example_dags/example_task_group.py
[2024-10-13T10:12:20.671+0000] {logging_mixin.py:190} INFO - [2024-10-13T10:12:20.670+0000] {dag.py:3239} INFO - Sync 1 DAGs
[2024-10-13T10:12:20.736+0000] {logging_mixin.py:190} INFO - [2024-10-13T10:12:20.735+0000] {dag.py:4180} INFO - Setting next_dagrun for example_task_group to None, run_after=None
[2024-10-13T10:12:20.809+0000] {processor.py:208} INFO - Processing /home/airflow/.local/lib/python3.12/site-packages/airflow/example_dags/example_task_group.py took 0.243 seconds
[2024-10-13T10:12:51.437+0000] {processor.py:186} INFO - Started process (PID=756) to work on /home/airflow/.local/lib/python3.12/site-packages/airflow/example_dags/example_task_group.py
[2024-10-13T10:12:51.443+0000] {processor.py:914} INFO - Processing file /home/airflow/.local/lib/python3.12/site-packages/airflow/example_dags/example_task_group.py for tasks to queue
[2024-10-13T10:12:51.458+0000] {logging_mixin.py:190} INFO - [2024-10-13T10:12:51.455+0000] {dagbag.py:588} INFO - Filling up the DagBag from /home/airflow/.local/lib/python3.12/site-packages/airflow/example_dags/example_task_group.py
[2024-10-13T10:12:51.507+0000] {processor.py:925} INFO - DAG(s) 'example_task_group' retrieved from /home/airflow/.local/lib/python3.12/site-packages/airflow/example_dags/example_task_group.py
[2024-10-13T10:12:51.570+0000] {logging_mixin.py:190} INFO - [2024-10-13T10:12:51.569+0000] {dag.py:3239} INFO - Sync 1 DAGs
[2024-10-13T10:12:51.607+0000] {logging_mixin.py:190} INFO - [2024-10-13T10:12:51.607+0000] {dag.py:4180} INFO - Setting next_dagrun for example_task_group to None, run_after=None
[2024-10-13T10:12:51.660+0000] {processor.py:208} INFO - Processing /home/airflow/.local/lib/python3.12/site-packages/airflow/example_dags/example_task_group.py took 0.276 seconds
[2024-10-13T10:13:21.784+0000] {processor.py:186} INFO - Started process (PID=818) to work on /home/airflow/.local/lib/python3.12/site-packages/airflow/example_dags/example_task_group.py
[2024-10-13T10:13:21.788+0000] {processor.py:914} INFO - Processing file /home/airflow/.local/lib/python3.12/site-packages/airflow/example_dags/example_task_group.py for tasks to queue
[2024-10-13T10:13:21.793+0000] {logging_mixin.py:190} INFO - [2024-10-13T10:13:21.792+0000] {dagbag.py:588} INFO - Filling up the DagBag from /home/airflow/.local/lib/python3.12/site-packages/airflow/example_dags/example_task_group.py
[2024-10-13T10:13:21.810+0000] {processor.py:925} INFO - DAG(s) 'example_task_group' retrieved from /home/airflow/.local/lib/python3.12/site-packages/airflow/example_dags/example_task_group.py
[2024-10-13T10:13:21.854+0000] {logging_mixin.py:190} INFO - [2024-10-13T10:13:21.853+0000] {dag.py:3239} INFO - Sync 1 DAGs
[2024-10-13T10:13:21.883+0000] {logging_mixin.py:190} INFO - [2024-10-13T10:13:21.882+0000] {dag.py:4180} INFO - Setting next_dagrun for example_task_group to None, run_after=None
[2024-10-13T10:13:21.917+0000] {processor.py:208} INFO - Processing /home/airflow/.local/lib/python3.12/site-packages/airflow/example_dags/example_task_group.py took 0.148 seconds
[2024-10-13T10:13:52.384+0000] {processor.py:186} INFO - Started process (PID=880) to work on /home/airflow/.local/lib/python3.12/site-packages/airflow/example_dags/example_task_group.py
[2024-10-13T10:13:52.388+0000] {processor.py:914} INFO - Processing file /home/airflow/.local/lib/python3.12/site-packages/airflow/example_dags/example_task_group.py for tasks to queue
[2024-10-13T10:13:52.394+0000] {logging_mixin.py:190} INFO - [2024-10-13T10:13:52.393+0000] {dagbag.py:588} INFO - Filling up the DagBag from /home/airflow/.local/lib/python3.12/site-packages/airflow/example_dags/example_task_group.py
[2024-10-13T10:13:52.410+0000] {processor.py:925} INFO - DAG(s) 'example_task_group' retrieved from /home/airflow/.local/lib/python3.12/site-packages/airflow/example_dags/example_task_group.py
[2024-10-13T10:13:52.458+0000] {logging_mixin.py:190} INFO - [2024-10-13T10:13:52.458+0000] {dag.py:3239} INFO - Sync 1 DAGs
[2024-10-13T10:13:52.482+0000] {logging_mixin.py:190} INFO - [2024-10-13T10:13:52.482+0000] {dag.py:4180} INFO - Setting next_dagrun for example_task_group to None, run_after=None
[2024-10-13T10:13:52.521+0000] {processor.py:208} INFO - Processing /home/airflow/.local/lib/python3.12/site-packages/airflow/example_dags/example_task_group.py took 0.148 seconds
[2024-10-13T10:14:23.535+0000] {processor.py:186} INFO - Started process (PID=942) to work on /home/airflow/.local/lib/python3.12/site-packages/airflow/example_dags/example_task_group.py
[2024-10-13T10:14:23.538+0000] {processor.py:914} INFO - Processing file /home/airflow/.local/lib/python3.12/site-packages/airflow/example_dags/example_task_group.py for tasks to queue
[2024-10-13T10:14:23.545+0000] {logging_mixin.py:190} INFO - [2024-10-13T10:14:23.544+0000] {dagbag.py:588} INFO - Filling up the DagBag from /home/airflow/.local/lib/python3.12/site-packages/airflow/example_dags/example_task_group.py
[2024-10-13T10:14:23.562+0000] {processor.py:925} INFO - DAG(s) 'example_task_group' retrieved from /home/airflow/.local/lib/python3.12/site-packages/airflow/example_dags/example_task_group.py
[2024-10-13T10:14:23.625+0000] {logging_mixin.py:190} INFO - [2024-10-13T10:14:23.624+0000] {dag.py:3239} INFO - Sync 1 DAGs
[2024-10-13T10:14:23.652+0000] {logging_mixin.py:190} INFO - [2024-10-13T10:14:23.652+0000] {dag.py:4180} INFO - Setting next_dagrun for example_task_group to None, run_after=None
[2024-10-13T10:14:23.692+0000] {processor.py:208} INFO - Processing /home/airflow/.local/lib/python3.12/site-packages/airflow/example_dags/example_task_group.py took 0.166 seconds
[2024-10-13T10:14:57.206+0000] {processor.py:186} INFO - Started process (PID=1007) to work on /home/airflow/.local/lib/python3.12/site-packages/airflow/example_dags/example_task_group.py
[2024-10-13T10:14:57.209+0000] {processor.py:914} INFO - Processing file /home/airflow/.local/lib/python3.12/site-packages/airflow/example_dags/example_task_group.py for tasks to queue
[2024-10-13T10:14:57.215+0000] {logging_mixin.py:190} INFO - [2024-10-13T10:14:57.214+0000] {dagbag.py:588} INFO - Filling up the DagBag from /home/airflow/.local/lib/python3.12/site-packages/airflow/example_dags/example_task_group.py
[2024-10-13T10:14:57.238+0000] {processor.py:925} INFO - DAG(s) 'example_task_group' retrieved from /home/airflow/.local/lib/python3.12/site-packages/airflow/example_dags/example_task_group.py
[2024-10-13T10:14:57.293+0000] {logging_mixin.py:190} INFO - [2024-10-13T10:14:57.291+0000] {dag.py:3239} INFO - Sync 1 DAGs
[2024-10-13T10:14:57.328+0000] {logging_mixin.py:190} INFO - [2024-10-13T10:14:57.327+0000] {dag.py:4180} INFO - Setting next_dagrun for example_task_group to None, run_after=None
[2024-10-13T10:14:57.373+0000] {processor.py:208} INFO - Processing /home/airflow/.local/lib/python3.12/site-packages/airflow/example_dags/example_task_group.py took 0.184 seconds
[2024-10-13T10:15:33.767+0000] {processor.py:186} INFO - Started process (PID=1069) to work on /home/airflow/.local/lib/python3.12/site-packages/airflow/example_dags/example_task_group.py
[2024-10-13T10:15:33.770+0000] {processor.py:914} INFO - Processing file /home/airflow/.local/lib/python3.12/site-packages/airflow/example_dags/example_task_group.py for tasks to queue
[2024-10-13T10:15:33.781+0000] {logging_mixin.py:190} INFO - [2024-10-13T10:15:33.780+0000] {dagbag.py:588} INFO - Filling up the DagBag from /home/airflow/.local/lib/python3.12/site-packages/airflow/example_dags/example_task_group.py
[2024-10-13T10:15:33.879+0000] {processor.py:925} INFO - DAG(s) 'example_task_group' retrieved from /home/airflow/.local/lib/python3.12/site-packages/airflow/example_dags/example_task_group.py
[2024-10-13T10:15:34.087+0000] {logging_mixin.py:190} INFO - [2024-10-13T10:15:34.083+0000] {dag.py:3239} INFO - Sync 1 DAGs
[2024-10-13T10:15:34.270+0000] {logging_mixin.py:190} INFO - [2024-10-13T10:15:34.269+0000] {dag.py:4180} INFO - Setting next_dagrun for example_task_group to None, run_after=None
[2024-10-13T10:15:34.581+0000] {processor.py:208} INFO - Processing /home/airflow/.local/lib/python3.12/site-packages/airflow/example_dags/example_task_group.py took 0.913 seconds
[2024-10-13T10:16:04.873+0000] {processor.py:186} INFO - Started process (PID=1131) to work on /home/airflow/.local/lib/python3.12/site-packages/airflow/example_dags/example_task_group.py
[2024-10-13T10:16:04.882+0000] {processor.py:914} INFO - Processing file /home/airflow/.local/lib/python3.12/site-packages/airflow/example_dags/example_task_group.py for tasks to queue
[2024-10-13T10:16:04.905+0000] {logging_mixin.py:190} INFO - [2024-10-13T10:16:04.902+0000] {dagbag.py:588} INFO - Filling up the DagBag from /home/airflow/.local/lib/python3.12/site-packages/airflow/example_dags/example_task_group.py
[2024-10-13T10:16:04.973+0000] {processor.py:925} INFO - DAG(s) 'example_task_group' retrieved from /home/airflow/.local/lib/python3.12/site-packages/airflow/example_dags/example_task_group.py
[2024-10-13T10:16:05.107+0000] {logging_mixin.py:190} INFO - [2024-10-13T10:16:05.107+0000] {dag.py:3239} INFO - Sync 1 DAGs
[2024-10-13T10:16:05.181+0000] {logging_mixin.py:190} INFO - [2024-10-13T10:16:05.181+0000] {dag.py:4180} INFO - Setting next_dagrun for example_task_group to None, run_after=None
[2024-10-13T10:16:05.273+0000] {processor.py:208} INFO - Processing /home/airflow/.local/lib/python3.12/site-packages/airflow/example_dags/example_task_group.py took 0.467 seconds
[2024-10-13T10:16:35.647+0000] {processor.py:186} INFO - Started process (PID=1193) to work on /home/airflow/.local/lib/python3.12/site-packages/airflow/example_dags/example_task_group.py
[2024-10-13T10:16:35.650+0000] {processor.py:914} INFO - Processing file /home/airflow/.local/lib/python3.12/site-packages/airflow/example_dags/example_task_group.py for tasks to queue
[2024-10-13T10:16:35.654+0000] {logging_mixin.py:190} INFO - [2024-10-13T10:16:35.654+0000] {dagbag.py:588} INFO - Filling up the DagBag from /home/airflow/.local/lib/python3.12/site-packages/airflow/example_dags/example_task_group.py
[2024-10-13T10:16:35.678+0000] {processor.py:925} INFO - DAG(s) 'example_task_group' retrieved from /home/airflow/.local/lib/python3.12/site-packages/airflow/example_dags/example_task_group.py
[2024-10-13T10:16:35.725+0000] {logging_mixin.py:190} INFO - [2024-10-13T10:16:35.725+0000] {dag.py:3239} INFO - Sync 1 DAGs
[2024-10-13T10:16:35.753+0000] {logging_mixin.py:190} INFO - [2024-10-13T10:16:35.753+0000] {dag.py:4180} INFO - Setting next_dagrun for example_task_group to None, run_after=None
[2024-10-13T10:16:35.797+0000] {processor.py:208} INFO - Processing /home/airflow/.local/lib/python3.12/site-packages/airflow/example_dags/example_task_group.py took 0.172 seconds
[2024-10-13T10:17:05.881+0000] {processor.py:186} INFO - Started process (PID=1255) to work on /home/airflow/.local/lib/python3.12/site-packages/airflow/example_dags/example_task_group.py
[2024-10-13T10:17:05.886+0000] {processor.py:914} INFO - Processing file /home/airflow/.local/lib/python3.12/site-packages/airflow/example_dags/example_task_group.py for tasks to queue
[2024-10-13T10:17:05.893+0000] {logging_mixin.py:190} INFO - [2024-10-13T10:17:05.892+0000] {dagbag.py:588} INFO - Filling up the DagBag from /home/airflow/.local/lib/python3.12/site-packages/airflow/example_dags/example_task_group.py
[2024-10-13T10:17:05.924+0000] {processor.py:925} INFO - DAG(s) 'example_task_group' retrieved from /home/airflow/.local/lib/python3.12/site-packages/airflow/example_dags/example_task_group.py
[2024-10-13T10:17:05.988+0000] {logging_mixin.py:190} INFO - [2024-10-13T10:17:05.987+0000] {dag.py:3239} INFO - Sync 1 DAGs
[2024-10-13T10:17:06.030+0000] {logging_mixin.py:190} INFO - [2024-10-13T10:17:06.030+0000] {dag.py:4180} INFO - Setting next_dagrun for example_task_group to None, run_after=None
[2024-10-13T10:17:06.082+0000] {processor.py:208} INFO - Processing /home/airflow/.local/lib/python3.12/site-packages/airflow/example_dags/example_task_group.py took 0.221 seconds
[2024-10-13T10:17:36.395+0000] {processor.py:186} INFO - Started process (PID=1317) to work on /home/airflow/.local/lib/python3.12/site-packages/airflow/example_dags/example_task_group.py
[2024-10-13T10:17:36.398+0000] {processor.py:914} INFO - Processing file /home/airflow/.local/lib/python3.12/site-packages/airflow/example_dags/example_task_group.py for tasks to queue
[2024-10-13T10:17:36.405+0000] {logging_mixin.py:190} INFO - [2024-10-13T10:17:36.405+0000] {dagbag.py:588} INFO - Filling up the DagBag from /home/airflow/.local/lib/python3.12/site-packages/airflow/example_dags/example_task_group.py
[2024-10-13T10:17:36.425+0000] {processor.py:925} INFO - DAG(s) 'example_task_group' retrieved from /home/airflow/.local/lib/python3.12/site-packages/airflow/example_dags/example_task_group.py
[2024-10-13T10:17:36.466+0000] {logging_mixin.py:190} INFO - [2024-10-13T10:17:36.466+0000] {dag.py:3239} INFO - Sync 1 DAGs
[2024-10-13T10:17:36.493+0000] {logging_mixin.py:190} INFO - [2024-10-13T10:17:36.492+0000] {dag.py:4180} INFO - Setting next_dagrun for example_task_group to None, run_after=None
[2024-10-13T10:17:36.536+0000] {processor.py:208} INFO - Processing /home/airflow/.local/lib/python3.12/site-packages/airflow/example_dags/example_task_group.py took 0.155 seconds
[2024-10-13T10:18:07.400+0000] {processor.py:186} INFO - Started process (PID=1378) to work on /home/airflow/.local/lib/python3.12/site-packages/airflow/example_dags/example_task_group.py
[2024-10-13T10:18:07.402+0000] {processor.py:914} INFO - Processing file /home/airflow/.local/lib/python3.12/site-packages/airflow/example_dags/example_task_group.py for tasks to queue
[2024-10-13T10:18:07.407+0000] {logging_mixin.py:190} INFO - [2024-10-13T10:18:07.406+0000] {dagbag.py:588} INFO - Filling up the DagBag from /home/airflow/.local/lib/python3.12/site-packages/airflow/example_dags/example_task_group.py
[2024-10-13T10:18:07.424+0000] {processor.py:925} INFO - DAG(s) 'example_task_group' retrieved from /home/airflow/.local/lib/python3.12/site-packages/airflow/example_dags/example_task_group.py
[2024-10-13T10:18:07.469+0000] {logging_mixin.py:190} INFO - [2024-10-13T10:18:07.469+0000] {dag.py:3239} INFO - Sync 1 DAGs
[2024-10-13T10:18:07.500+0000] {logging_mixin.py:190} INFO - [2024-10-13T10:18:07.499+0000] {dag.py:4180} INFO - Setting next_dagrun for example_task_group to None, run_after=None
[2024-10-13T10:18:07.543+0000] {processor.py:208} INFO - Processing /home/airflow/.local/lib/python3.12/site-packages/airflow/example_dags/example_task_group.py took 0.155 seconds
[2024-10-13T10:18:44.003+0000] {processor.py:186} INFO - Started process (PID=1440) to work on /home/airflow/.local/lib/python3.12/site-packages/airflow/example_dags/example_task_group.py
[2024-10-13T10:18:44.193+0000] {processor.py:914} INFO - Processing file /home/airflow/.local/lib/python3.12/site-packages/airflow/example_dags/example_task_group.py for tasks to queue
[2024-10-13T10:18:44.242+0000] {logging_mixin.py:190} INFO - [2024-10-13T10:18:44.227+0000] {dagbag.py:588} INFO - Filling up the DagBag from /home/airflow/.local/lib/python3.12/site-packages/airflow/example_dags/example_task_group.py
[2024-10-13T10:18:44.417+0000] {processor.py:925} INFO - DAG(s) 'example_task_group' retrieved from /home/airflow/.local/lib/python3.12/site-packages/airflow/example_dags/example_task_group.py
[2024-10-13T10:18:44.723+0000] {logging_mixin.py:190} INFO - [2024-10-13T10:18:44.721+0000] {dag.py:3239} INFO - Sync 1 DAGs
[2024-10-13T10:18:45.811+0000] {logging_mixin.py:190} INFO - [2024-10-13T10:18:45.809+0000] {dag.py:4180} INFO - Setting next_dagrun for example_task_group to None, run_after=None
[2024-10-13T10:18:46.718+0000] {processor.py:208} INFO - Processing /home/airflow/.local/lib/python3.12/site-packages/airflow/example_dags/example_task_group.py took 2.885 seconds
[2024-10-13T10:19:31.544+0000] {processor.py:186} INFO - Started process (PID=1500) to work on /home/airflow/.local/lib/python3.12/site-packages/airflow/example_dags/example_task_group.py
[2024-10-13T10:19:31.547+0000] {processor.py:914} INFO - Processing file /home/airflow/.local/lib/python3.12/site-packages/airflow/example_dags/example_task_group.py for tasks to queue
[2024-10-13T10:19:31.553+0000] {logging_mixin.py:190} INFO - [2024-10-13T10:19:31.552+0000] {dagbag.py:588} INFO - Filling up the DagBag from /home/airflow/.local/lib/python3.12/site-packages/airflow/example_dags/example_task_group.py
[2024-10-13T10:19:31.574+0000] {processor.py:925} INFO - DAG(s) 'example_task_group' retrieved from /home/airflow/.local/lib/python3.12/site-packages/airflow/example_dags/example_task_group.py
[2024-10-13T10:19:31.621+0000] {logging_mixin.py:190} INFO - [2024-10-13T10:19:31.620+0000] {dag.py:3239} INFO - Sync 1 DAGs
[2024-10-13T10:19:31.663+0000] {logging_mixin.py:190} INFO - [2024-10-13T10:19:31.662+0000] {dag.py:4180} INFO - Setting next_dagrun for example_task_group to None, run_after=None
[2024-10-13T10:19:31.714+0000] {processor.py:208} INFO - Processing /home/airflow/.local/lib/python3.12/site-packages/airflow/example_dags/example_task_group.py took 0.181 seconds
[2024-10-13T10:20:02.251+0000] {processor.py:186} INFO - Started process (PID=1561) to work on /home/airflow/.local/lib/python3.12/site-packages/airflow/example_dags/example_task_group.py
[2024-10-13T10:20:02.253+0000] {processor.py:914} INFO - Processing file /home/airflow/.local/lib/python3.12/site-packages/airflow/example_dags/example_task_group.py for tasks to queue
[2024-10-13T10:20:02.259+0000] {logging_mixin.py:190} INFO - [2024-10-13T10:20:02.258+0000] {dagbag.py:588} INFO - Filling up the DagBag from /home/airflow/.local/lib/python3.12/site-packages/airflow/example_dags/example_task_group.py
[2024-10-13T10:20:02.281+0000] {processor.py:925} INFO - DAG(s) 'example_task_group' retrieved from /home/airflow/.local/lib/python3.12/site-packages/airflow/example_dags/example_task_group.py
[2024-10-13T10:20:02.329+0000] {logging_mixin.py:190} INFO - [2024-10-13T10:20:02.328+0000] {dag.py:3239} INFO - Sync 1 DAGs
[2024-10-13T10:20:02.365+0000] {logging_mixin.py:190} INFO - [2024-10-13T10:20:02.365+0000] {dag.py:4180} INFO - Setting next_dagrun for example_task_group to None, run_after=None
[2024-10-13T10:20:02.415+0000] {processor.py:208} INFO - Processing /home/airflow/.local/lib/python3.12/site-packages/airflow/example_dags/example_task_group.py took 0.176 seconds
[2024-10-13T10:20:33.286+0000] {processor.py:186} INFO - Started process (PID=1622) to work on /home/airflow/.local/lib/python3.12/site-packages/airflow/example_dags/example_task_group.py
[2024-10-13T10:20:33.291+0000] {processor.py:914} INFO - Processing file /home/airflow/.local/lib/python3.12/site-packages/airflow/example_dags/example_task_group.py for tasks to queue
[2024-10-13T10:20:33.309+0000] {logging_mixin.py:190} INFO - [2024-10-13T10:20:33.308+0000] {dagbag.py:588} INFO - Filling up the DagBag from /home/airflow/.local/lib/python3.12/site-packages/airflow/example_dags/example_task_group.py
[2024-10-13T10:20:33.346+0000] {processor.py:925} INFO - DAG(s) 'example_task_group' retrieved from /home/airflow/.local/lib/python3.12/site-packages/airflow/example_dags/example_task_group.py
[2024-10-13T10:20:33.415+0000] {logging_mixin.py:190} INFO - [2024-10-13T10:20:33.412+0000] {dag.py:3239} INFO - Sync 1 DAGs
[2024-10-13T10:20:33.470+0000] {logging_mixin.py:190} INFO - [2024-10-13T10:20:33.469+0000] {dag.py:4180} INFO - Setting next_dagrun for example_task_group to None, run_after=None
[2024-10-13T10:20:33.530+0000] {processor.py:208} INFO - Processing /home/airflow/.local/lib/python3.12/site-packages/airflow/example_dags/example_task_group.py took 0.264 seconds
[2024-10-13T10:21:03.649+0000] {processor.py:186} INFO - Started process (PID=1684) to work on /home/airflow/.local/lib/python3.12/site-packages/airflow/example_dags/example_task_group.py
[2024-10-13T10:21:03.652+0000] {processor.py:914} INFO - Processing file /home/airflow/.local/lib/python3.12/site-packages/airflow/example_dags/example_task_group.py for tasks to queue
[2024-10-13T10:21:03.657+0000] {logging_mixin.py:190} INFO - [2024-10-13T10:21:03.656+0000] {dagbag.py:588} INFO - Filling up the DagBag from /home/airflow/.local/lib/python3.12/site-packages/airflow/example_dags/example_task_group.py
[2024-10-13T10:21:03.673+0000] {processor.py:925} INFO - DAG(s) 'example_task_group' retrieved from /home/airflow/.local/lib/python3.12/site-packages/airflow/example_dags/example_task_group.py
[2024-10-13T10:21:03.728+0000] {logging_mixin.py:190} INFO - [2024-10-13T10:21:03.728+0000] {dag.py:3239} INFO - Sync 1 DAGs
[2024-10-13T10:21:03.793+0000] {logging_mixin.py:190} INFO - [2024-10-13T10:21:03.793+0000] {dag.py:4180} INFO - Setting next_dagrun for example_task_group to None, run_after=None
[2024-10-13T10:21:03.835+0000] {processor.py:208} INFO - Processing /home/airflow/.local/lib/python3.12/site-packages/airflow/example_dags/example_task_group.py took 0.197 seconds
[2024-10-13T10:21:35.114+0000] {processor.py:186} INFO - Started process (PID=1747) to work on /home/airflow/.local/lib/python3.12/site-packages/airflow/example_dags/example_task_group.py
[2024-10-13T10:21:35.117+0000] {processor.py:914} INFO - Processing file /home/airflow/.local/lib/python3.12/site-packages/airflow/example_dags/example_task_group.py for tasks to queue
[2024-10-13T10:21:35.122+0000] {logging_mixin.py:190} INFO - [2024-10-13T10:21:35.122+0000] {dagbag.py:588} INFO - Filling up the DagBag from /home/airflow/.local/lib/python3.12/site-packages/airflow/example_dags/example_task_group.py
[2024-10-13T10:21:35.139+0000] {processor.py:925} INFO - DAG(s) 'example_task_group' retrieved from /home/airflow/.local/lib/python3.12/site-packages/airflow/example_dags/example_task_group.py
[2024-10-13T10:21:35.179+0000] {logging_mixin.py:190} INFO - [2024-10-13T10:21:35.178+0000] {dag.py:3239} INFO - Sync 1 DAGs
[2024-10-13T10:21:35.205+0000] {logging_mixin.py:190} INFO - [2024-10-13T10:21:35.205+0000] {dag.py:4180} INFO - Setting next_dagrun for example_task_group to None, run_after=None
[2024-10-13T10:21:35.241+0000] {processor.py:208} INFO - Processing /home/airflow/.local/lib/python3.12/site-packages/airflow/example_dags/example_task_group.py took 0.138 seconds
[2024-10-13T10:22:06.054+0000] {processor.py:186} INFO - Started process (PID=1810) to work on /home/airflow/.local/lib/python3.12/site-packages/airflow/example_dags/example_task_group.py
[2024-10-13T10:22:06.056+0000] {processor.py:914} INFO - Processing file /home/airflow/.local/lib/python3.12/site-packages/airflow/example_dags/example_task_group.py for tasks to queue
[2024-10-13T10:22:06.062+0000] {logging_mixin.py:190} INFO - [2024-10-13T10:22:06.061+0000] {dagbag.py:588} INFO - Filling up the DagBag from /home/airflow/.local/lib/python3.12/site-packages/airflow/example_dags/example_task_group.py
[2024-10-13T10:22:06.079+0000] {processor.py:925} INFO - DAG(s) 'example_task_group' retrieved from /home/airflow/.local/lib/python3.12/site-packages/airflow/example_dags/example_task_group.py
[2024-10-13T10:22:06.127+0000] {logging_mixin.py:190} INFO - [2024-10-13T10:22:06.127+0000] {dag.py:3239} INFO - Sync 1 DAGs
[2024-10-13T10:22:06.193+0000] {logging_mixin.py:190} INFO - [2024-10-13T10:22:06.193+0000] {dag.py:4180} INFO - Setting next_dagrun for example_task_group to None, run_after=None
[2024-10-13T10:22:06.241+0000] {processor.py:208} INFO - Processing /home/airflow/.local/lib/python3.12/site-packages/airflow/example_dags/example_task_group.py took 0.197 seconds
[2024-10-13T10:22:40.068+0000] {processor.py:186} INFO - Started process (PID=1872) to work on /home/airflow/.local/lib/python3.12/site-packages/airflow/example_dags/example_task_group.py
[2024-10-13T10:22:40.074+0000] {processor.py:914} INFO - Processing file /home/airflow/.local/lib/python3.12/site-packages/airflow/example_dags/example_task_group.py for tasks to queue
[2024-10-13T10:22:40.082+0000] {logging_mixin.py:190} INFO - [2024-10-13T10:22:40.081+0000] {dagbag.py:588} INFO - Filling up the DagBag from /home/airflow/.local/lib/python3.12/site-packages/airflow/example_dags/example_task_group.py
[2024-10-13T10:22:40.113+0000] {processor.py:925} INFO - DAG(s) 'example_task_group' retrieved from /home/airflow/.local/lib/python3.12/site-packages/airflow/example_dags/example_task_group.py
[2024-10-13T10:22:40.187+0000] {logging_mixin.py:190} INFO - [2024-10-13T10:22:40.186+0000] {dag.py:3239} INFO - Sync 1 DAGs
[2024-10-13T10:22:40.233+0000] {logging_mixin.py:190} INFO - [2024-10-13T10:22:40.233+0000] {dag.py:4180} INFO - Setting next_dagrun for example_task_group to None, run_after=None
[2024-10-13T10:22:40.313+0000] {processor.py:208} INFO - Processing /home/airflow/.local/lib/python3.12/site-packages/airflow/example_dags/example_task_group.py took 0.260 seconds
[2024-10-13T10:23:19.091+0000] {processor.py:186} INFO - Started process (PID=1938) to work on /home/airflow/.local/lib/python3.12/site-packages/airflow/example_dags/example_task_group.py
[2024-10-13T10:23:19.093+0000] {processor.py:914} INFO - Processing file /home/airflow/.local/lib/python3.12/site-packages/airflow/example_dags/example_task_group.py for tasks to queue
[2024-10-13T10:23:19.098+0000] {logging_mixin.py:190} INFO - [2024-10-13T10:23:19.097+0000] {dagbag.py:588} INFO - Filling up the DagBag from /home/airflow/.local/lib/python3.12/site-packages/airflow/example_dags/example_task_group.py
[2024-10-13T10:23:19.122+0000] {processor.py:925} INFO - DAG(s) 'example_task_group' retrieved from /home/airflow/.local/lib/python3.12/site-packages/airflow/example_dags/example_task_group.py
[2024-10-13T10:23:19.285+0000] {logging_mixin.py:190} INFO - [2024-10-13T10:23:19.246+0000] {dag.py:3239} INFO - Sync 1 DAGs
[2024-10-13T10:23:19.340+0000] {logging_mixin.py:190} INFO - [2024-10-13T10:23:19.339+0000] {dag.py:4180} INFO - Setting next_dagrun for example_task_group to None, run_after=None
[2024-10-13T10:23:19.425+0000] {processor.py:208} INFO - Processing /home/airflow/.local/lib/python3.12/site-packages/airflow/example_dags/example_task_group.py took 0.350 seconds
[2024-10-13T10:24:22.889+0000] {processor.py:186} INFO - Started process (PID=2011) to work on /home/airflow/.local/lib/python3.12/site-packages/airflow/example_dags/example_task_group.py
[2024-10-13T10:24:22.896+0000] {processor.py:914} INFO - Processing file /home/airflow/.local/lib/python3.12/site-packages/airflow/example_dags/example_task_group.py for tasks to queue
[2024-10-13T10:24:22.909+0000] {logging_mixin.py:190} INFO - [2024-10-13T10:24:22.908+0000] {dagbag.py:588} INFO - Filling up the DagBag from /home/airflow/.local/lib/python3.12/site-packages/airflow/example_dags/example_task_group.py
[2024-10-13T10:24:22.997+0000] {processor.py:925} INFO - DAG(s) 'example_task_group' retrieved from /home/airflow/.local/lib/python3.12/site-packages/airflow/example_dags/example_task_group.py
[2024-10-13T10:24:23.195+0000] {logging_mixin.py:190} INFO - [2024-10-13T10:24:23.195+0000] {dag.py:3239} INFO - Sync 1 DAGs
[2024-10-13T10:24:23.332+0000] {logging_mixin.py:190} INFO - [2024-10-13T10:24:23.332+0000] {dag.py:4180} INFO - Setting next_dagrun for example_task_group to None, run_after=None
[2024-10-13T10:24:23.444+0000] {processor.py:208} INFO - Processing /home/airflow/.local/lib/python3.12/site-packages/airflow/example_dags/example_task_group.py took 0.585 seconds
[2024-10-13T10:24:54.098+0000] {processor.py:186} INFO - Started process (PID=2074) to work on /home/airflow/.local/lib/python3.12/site-packages/airflow/example_dags/example_task_group.py
[2024-10-13T10:24:54.100+0000] {processor.py:914} INFO - Processing file /home/airflow/.local/lib/python3.12/site-packages/airflow/example_dags/example_task_group.py for tasks to queue
[2024-10-13T10:24:54.106+0000] {logging_mixin.py:190} INFO - [2024-10-13T10:24:54.105+0000] {dagbag.py:588} INFO - Filling up the DagBag from /home/airflow/.local/lib/python3.12/site-packages/airflow/example_dags/example_task_group.py
[2024-10-13T10:24:54.132+0000] {processor.py:925} INFO - DAG(s) 'example_task_group' retrieved from /home/airflow/.local/lib/python3.12/site-packages/airflow/example_dags/example_task_group.py
[2024-10-13T10:24:54.252+0000] {logging_mixin.py:190} INFO - [2024-10-13T10:24:54.252+0000] {dag.py:3239} INFO - Sync 1 DAGs
[2024-10-13T10:24:54.316+0000] {logging_mixin.py:190} INFO - [2024-10-13T10:24:54.315+0000] {dag.py:4180} INFO - Setting next_dagrun for example_task_group to None, run_after=None
[2024-10-13T10:24:54.448+0000] {processor.py:208} INFO - Processing /home/airflow/.local/lib/python3.12/site-packages/airflow/example_dags/example_task_group.py took 0.371 seconds
[2024-10-13T10:25:25.171+0000] {processor.py:186} INFO - Started process (PID=2137) to work on /home/airflow/.local/lib/python3.12/site-packages/airflow/example_dags/example_task_group.py
[2024-10-13T10:25:25.175+0000] {processor.py:914} INFO - Processing file /home/airflow/.local/lib/python3.12/site-packages/airflow/example_dags/example_task_group.py for tasks to queue
[2024-10-13T10:25:25.184+0000] {logging_mixin.py:190} INFO - [2024-10-13T10:25:25.183+0000] {dagbag.py:588} INFO - Filling up the DagBag from /home/airflow/.local/lib/python3.12/site-packages/airflow/example_dags/example_task_group.py
[2024-10-13T10:25:25.221+0000] {processor.py:925} INFO - DAG(s) 'example_task_group' retrieved from /home/airflow/.local/lib/python3.12/site-packages/airflow/example_dags/example_task_group.py
[2024-10-13T10:25:25.339+0000] {logging_mixin.py:190} INFO - [2024-10-13T10:25:25.339+0000] {dag.py:3239} INFO - Sync 1 DAGs
[2024-10-13T10:25:25.418+0000] {logging_mixin.py:190} INFO - [2024-10-13T10:25:25.415+0000] {dag.py:4180} INFO - Setting next_dagrun for example_task_group to None, run_after=None
[2024-10-13T10:25:25.490+0000] {processor.py:208} INFO - Processing /home/airflow/.local/lib/python3.12/site-packages/airflow/example_dags/example_task_group.py took 0.338 seconds
[2024-10-13T10:25:55.746+0000] {processor.py:186} INFO - Started process (PID=2200) to work on /home/airflow/.local/lib/python3.12/site-packages/airflow/example_dags/example_task_group.py
[2024-10-13T10:25:55.748+0000] {processor.py:914} INFO - Processing file /home/airflow/.local/lib/python3.12/site-packages/airflow/example_dags/example_task_group.py for tasks to queue
[2024-10-13T10:25:55.753+0000] {logging_mixin.py:190} INFO - [2024-10-13T10:25:55.753+0000] {dagbag.py:588} INFO - Filling up the DagBag from /home/airflow/.local/lib/python3.12/site-packages/airflow/example_dags/example_task_group.py
[2024-10-13T10:25:55.777+0000] {processor.py:925} INFO - DAG(s) 'example_task_group' retrieved from /home/airflow/.local/lib/python3.12/site-packages/airflow/example_dags/example_task_group.py
[2024-10-13T10:25:55.836+0000] {logging_mixin.py:190} INFO - [2024-10-13T10:25:55.835+0000] {dag.py:3239} INFO - Sync 1 DAGs
[2024-10-13T10:25:55.874+0000] {logging_mixin.py:190} INFO - [2024-10-13T10:25:55.874+0000] {dag.py:4180} INFO - Setting next_dagrun for example_task_group to None, run_after=None
[2024-10-13T10:25:55.924+0000] {processor.py:208} INFO - Processing /home/airflow/.local/lib/python3.12/site-packages/airflow/example_dags/example_task_group.py took 0.193 seconds
[2024-10-13T10:27:29.565+0000] {processor.py:186} INFO - Started process (PID=2274) to work on /home/airflow/.local/lib/python3.12/site-packages/airflow/example_dags/example_task_group.py
[2024-10-13T10:27:29.648+0000] {processor.py:914} INFO - Processing file /home/airflow/.local/lib/python3.12/site-packages/airflow/example_dags/example_task_group.py for tasks to queue
[2024-10-13T10:27:29.726+0000] {logging_mixin.py:190} INFO - [2024-10-13T10:27:29.725+0000] {dagbag.py:588} INFO - Filling up the DagBag from /home/airflow/.local/lib/python3.12/site-packages/airflow/example_dags/example_task_group.py
[2024-10-13T10:27:29.920+0000] {processor.py:925} INFO - DAG(s) 'example_task_group' retrieved from /home/airflow/.local/lib/python3.12/site-packages/airflow/example_dags/example_task_group.py
[2024-10-13T10:27:30.150+0000] {logging_mixin.py:190} INFO - [2024-10-13T10:27:30.139+0000] {dag.py:3239} INFO - Sync 1 DAGs
[2024-10-13T10:27:30.625+0000] {logging_mixin.py:190} INFO - [2024-10-13T10:27:30.625+0000] {dag.py:4180} INFO - Setting next_dagrun for example_task_group to None, run_after=None
[2024-10-13T10:27:30.857+0000] {processor.py:208} INFO - Processing /home/airflow/.local/lib/python3.12/site-packages/airflow/example_dags/example_task_group.py took 1.325 seconds
[2024-10-13T10:28:29.806+0000] {processor.py:186} INFO - Started process (PID=2331) to work on /home/airflow/.local/lib/python3.12/site-packages/airflow/example_dags/example_task_group.py
[2024-10-13T10:28:29.864+0000] {processor.py:914} INFO - Processing file /home/airflow/.local/lib/python3.12/site-packages/airflow/example_dags/example_task_group.py for tasks to queue
[2024-10-13T10:28:29.888+0000] {logging_mixin.py:190} INFO - [2024-10-13T10:28:29.884+0000] {dagbag.py:588} INFO - Filling up the DagBag from /home/airflow/.local/lib/python3.12/site-packages/airflow/example_dags/example_task_group.py
[2024-10-13T10:28:30.036+0000] {processor.py:925} INFO - DAG(s) 'example_task_group' retrieved from /home/airflow/.local/lib/python3.12/site-packages/airflow/example_dags/example_task_group.py
[2024-10-13T10:28:30.550+0000] {logging_mixin.py:190} INFO - [2024-10-13T10:28:30.546+0000] {dag.py:3239} INFO - Sync 1 DAGs
[2024-10-13T10:28:30.746+0000] {logging_mixin.py:190} INFO - [2024-10-13T10:28:30.744+0000] {dag.py:4180} INFO - Setting next_dagrun for example_task_group to None, run_after=None
[2024-10-13T10:28:31.241+0000] {processor.py:208} INFO - Processing /home/airflow/.local/lib/python3.12/site-packages/airflow/example_dags/example_task_group.py took 1.530 seconds
[2024-10-13T10:29:01.554+0000] {processor.py:186} INFO - Started process (PID=2393) to work on /home/airflow/.local/lib/python3.12/site-packages/airflow/example_dags/example_task_group.py
[2024-10-13T10:29:01.558+0000] {processor.py:914} INFO - Processing file /home/airflow/.local/lib/python3.12/site-packages/airflow/example_dags/example_task_group.py for tasks to queue
[2024-10-13T10:29:01.563+0000] {logging_mixin.py:190} INFO - [2024-10-13T10:29:01.563+0000] {dagbag.py:588} INFO - Filling up the DagBag from /home/airflow/.local/lib/python3.12/site-packages/airflow/example_dags/example_task_group.py
[2024-10-13T10:29:01.586+0000] {processor.py:925} INFO - DAG(s) 'example_task_group' retrieved from /home/airflow/.local/lib/python3.12/site-packages/airflow/example_dags/example_task_group.py
[2024-10-13T10:29:01.642+0000] {logging_mixin.py:190} INFO - [2024-10-13T10:29:01.642+0000] {dag.py:3239} INFO - Sync 1 DAGs
[2024-10-13T10:29:01.693+0000] {logging_mixin.py:190} INFO - [2024-10-13T10:29:01.692+0000] {dag.py:4180} INFO - Setting next_dagrun for example_task_group to None, run_after=None
[2024-10-13T10:29:01.760+0000] {processor.py:208} INFO - Processing /home/airflow/.local/lib/python3.12/site-packages/airflow/example_dags/example_task_group.py took 0.220 seconds
[2024-10-13T10:29:31.913+0000] {processor.py:186} INFO - Started process (PID=2456) to work on /home/airflow/.local/lib/python3.12/site-packages/airflow/example_dags/example_task_group.py
[2024-10-13T10:29:31.915+0000] {processor.py:914} INFO - Processing file /home/airflow/.local/lib/python3.12/site-packages/airflow/example_dags/example_task_group.py for tasks to queue
[2024-10-13T10:29:31.920+0000] {logging_mixin.py:190} INFO - [2024-10-13T10:29:31.919+0000] {dagbag.py:588} INFO - Filling up the DagBag from /home/airflow/.local/lib/python3.12/site-packages/airflow/example_dags/example_task_group.py
[2024-10-13T10:29:31.938+0000] {processor.py:925} INFO - DAG(s) 'example_task_group' retrieved from /home/airflow/.local/lib/python3.12/site-packages/airflow/example_dags/example_task_group.py
[2024-10-13T10:29:31.983+0000] {logging_mixin.py:190} INFO - [2024-10-13T10:29:31.982+0000] {dag.py:3239} INFO - Sync 1 DAGs
[2024-10-13T10:29:32.010+0000] {logging_mixin.py:190} INFO - [2024-10-13T10:29:32.009+0000] {dag.py:4180} INFO - Setting next_dagrun for example_task_group to None, run_after=None
[2024-10-13T10:29:32.052+0000] {processor.py:208} INFO - Processing /home/airflow/.local/lib/python3.12/site-packages/airflow/example_dags/example_task_group.py took 0.149 seconds
[2024-10-13T10:30:07.888+0000] {processor.py:186} INFO - Started process (PID=2519) to work on /home/airflow/.local/lib/python3.12/site-packages/airflow/example_dags/example_task_group.py
[2024-10-13T10:30:07.891+0000] {processor.py:914} INFO - Processing file /home/airflow/.local/lib/python3.12/site-packages/airflow/example_dags/example_task_group.py for tasks to queue
[2024-10-13T10:30:07.898+0000] {logging_mixin.py:190} INFO - [2024-10-13T10:30:07.898+0000] {dagbag.py:588} INFO - Filling up the DagBag from /home/airflow/.local/lib/python3.12/site-packages/airflow/example_dags/example_task_group.py
[2024-10-13T10:30:07.937+0000] {processor.py:925} INFO - DAG(s) 'example_task_group' retrieved from /home/airflow/.local/lib/python3.12/site-packages/airflow/example_dags/example_task_group.py
[2024-10-13T10:30:08.035+0000] {logging_mixin.py:190} INFO - [2024-10-13T10:30:08.035+0000] {dag.py:3239} INFO - Sync 1 DAGs
[2024-10-13T10:30:08.083+0000] {logging_mixin.py:190} INFO - [2024-10-13T10:30:08.082+0000] {dag.py:4180} INFO - Setting next_dagrun for example_task_group to None, run_after=None
[2024-10-13T10:30:08.174+0000] {processor.py:208} INFO - Processing /home/airflow/.local/lib/python3.12/site-packages/airflow/example_dags/example_task_group.py took 0.322 seconds
[2024-10-13T10:30:38.384+0000] {processor.py:186} INFO - Started process (PID=2582) to work on /home/airflow/.local/lib/python3.12/site-packages/airflow/example_dags/example_task_group.py
[2024-10-13T10:30:38.387+0000] {processor.py:914} INFO - Processing file /home/airflow/.local/lib/python3.12/site-packages/airflow/example_dags/example_task_group.py for tasks to queue
[2024-10-13T10:30:38.391+0000] {logging_mixin.py:190} INFO - [2024-10-13T10:30:38.390+0000] {dagbag.py:588} INFO - Filling up the DagBag from /home/airflow/.local/lib/python3.12/site-packages/airflow/example_dags/example_task_group.py
[2024-10-13T10:30:38.406+0000] {processor.py:925} INFO - DAG(s) 'example_task_group' retrieved from /home/airflow/.local/lib/python3.12/site-packages/airflow/example_dags/example_task_group.py
[2024-10-13T10:30:38.443+0000] {logging_mixin.py:190} INFO - [2024-10-13T10:30:38.443+0000] {dag.py:3239} INFO - Sync 1 DAGs
[2024-10-13T10:30:38.467+0000] {logging_mixin.py:190} INFO - [2024-10-13T10:30:38.467+0000] {dag.py:4180} INFO - Setting next_dagrun for example_task_group to None, run_after=None
[2024-10-13T10:30:38.500+0000] {processor.py:208} INFO - Processing /home/airflow/.local/lib/python3.12/site-packages/airflow/example_dags/example_task_group.py took 0.128 seconds
[2024-10-13T10:31:09.307+0000] {processor.py:186} INFO - Started process (PID=2644) to work on /home/airflow/.local/lib/python3.12/site-packages/airflow/example_dags/example_task_group.py
[2024-10-13T10:31:09.309+0000] {processor.py:914} INFO - Processing file /home/airflow/.local/lib/python3.12/site-packages/airflow/example_dags/example_task_group.py for tasks to queue
[2024-10-13T10:31:09.318+0000] {logging_mixin.py:190} INFO - [2024-10-13T10:31:09.316+0000] {dagbag.py:588} INFO - Filling up the DagBag from /home/airflow/.local/lib/python3.12/site-packages/airflow/example_dags/example_task_group.py
[2024-10-13T10:31:09.341+0000] {processor.py:925} INFO - DAG(s) 'example_task_group' retrieved from /home/airflow/.local/lib/python3.12/site-packages/airflow/example_dags/example_task_group.py
[2024-10-13T10:31:09.476+0000] {logging_mixin.py:190} INFO - [2024-10-13T10:31:09.475+0000] {dag.py:3239} INFO - Sync 1 DAGs
[2024-10-13T10:31:09.533+0000] {logging_mixin.py:190} INFO - [2024-10-13T10:31:09.533+0000] {dag.py:4180} INFO - Setting next_dagrun for example_task_group to None, run_after=None
[2024-10-13T10:31:09.575+0000] {processor.py:208} INFO - Processing /home/airflow/.local/lib/python3.12/site-packages/airflow/example_dags/example_task_group.py took 0.291 seconds
[2024-10-13T10:31:47.555+0000] {processor.py:186} INFO - Started process (PID=2713) to work on /home/airflow/.local/lib/python3.12/site-packages/airflow/example_dags/example_task_group.py
[2024-10-13T10:31:47.571+0000] {processor.py:914} INFO - Processing file /home/airflow/.local/lib/python3.12/site-packages/airflow/example_dags/example_task_group.py for tasks to queue
[2024-10-13T10:31:47.593+0000] {logging_mixin.py:190} INFO - [2024-10-13T10:31:47.592+0000] {dagbag.py:588} INFO - Filling up the DagBag from /home/airflow/.local/lib/python3.12/site-packages/airflow/example_dags/example_task_group.py
[2024-10-13T10:31:47.684+0000] {processor.py:925} INFO - DAG(s) 'example_task_group' retrieved from /home/airflow/.local/lib/python3.12/site-packages/airflow/example_dags/example_task_group.py
[2024-10-13T10:31:47.996+0000] {logging_mixin.py:190} INFO - [2024-10-13T10:31:47.995+0000] {dag.py:3239} INFO - Sync 1 DAGs
[2024-10-13T10:31:48.187+0000] {logging_mixin.py:190} INFO - [2024-10-13T10:31:48.186+0000] {dag.py:4180} INFO - Setting next_dagrun for example_task_group to None, run_after=None
[2024-10-13T10:31:48.451+0000] {processor.py:208} INFO - Processing /home/airflow/.local/lib/python3.12/site-packages/airflow/example_dags/example_task_group.py took 0.995 seconds
[2024-10-13T10:34:00.598+0000] {processor.py:186} INFO - Started process (PID=2806) to work on /home/airflow/.local/lib/python3.12/site-packages/airflow/example_dags/example_task_group.py
[2024-10-13T10:34:00.670+0000] {processor.py:914} INFO - Processing file /home/airflow/.local/lib/python3.12/site-packages/airflow/example_dags/example_task_group.py for tasks to queue
[2024-10-13T10:34:00.733+0000] {logging_mixin.py:190} INFO - [2024-10-13T10:34:00.733+0000] {dagbag.py:588} INFO - Filling up the DagBag from /home/airflow/.local/lib/python3.12/site-packages/airflow/example_dags/example_task_group.py
[2024-10-13T10:34:01.129+0000] {processor.py:925} INFO - DAG(s) 'example_task_group' retrieved from /home/airflow/.local/lib/python3.12/site-packages/airflow/example_dags/example_task_group.py
[2024-10-13T10:34:01.950+0000] {logging_mixin.py:190} INFO - [2024-10-13T10:34:01.872+0000] {dag.py:3239} INFO - Sync 1 DAGs
[2024-10-13T10:34:02.413+0000] {logging_mixin.py:190} INFO - [2024-10-13T10:34:02.390+0000] {dag.py:4180} INFO - Setting next_dagrun for example_task_group to None, run_after=None
[2024-10-13T10:34:02.568+0000] {processor.py:208} INFO - Processing /home/airflow/.local/lib/python3.12/site-packages/airflow/example_dags/example_task_group.py took 2.170 seconds
[2024-10-13T10:36:20.134+0000] {processor.py:186} INFO - Started process (PID=2904) to work on /home/airflow/.local/lib/python3.12/site-packages/airflow/example_dags/example_task_group.py
[2024-10-13T10:36:20.167+0000] {processor.py:914} INFO - Processing file /home/airflow/.local/lib/python3.12/site-packages/airflow/example_dags/example_task_group.py for tasks to queue
[2024-10-13T10:36:20.218+0000] {logging_mixin.py:190} INFO - [2024-10-13T10:36:20.209+0000] {dagbag.py:588} INFO - Filling up the DagBag from /home/airflow/.local/lib/python3.12/site-packages/airflow/example_dags/example_task_group.py
[2024-10-13T10:36:20.467+0000] {processor.py:925} INFO - DAG(s) 'example_task_group' retrieved from /home/airflow/.local/lib/python3.12/site-packages/airflow/example_dags/example_task_group.py
[2024-10-13T10:36:21.149+0000] {logging_mixin.py:190} INFO - [2024-10-13T10:36:21.146+0000] {dag.py:3239} INFO - Sync 1 DAGs
[2024-10-13T10:36:21.653+0000] {logging_mixin.py:190} INFO - [2024-10-13T10:36:21.652+0000] {dag.py:4180} INFO - Setting next_dagrun for example_task_group to None, run_after=None
[2024-10-13T10:36:21.938+0000] {processor.py:208} INFO - Processing /home/airflow/.local/lib/python3.12/site-packages/airflow/example_dags/example_task_group.py took 1.899 seconds
