[2024-10-13T09:43:31.999+0000] {processor.py:186} INFO - Started process (PID=55) to work on /home/airflow/.local/lib/python3.12/site-packages/airflow/example_dags/tutorial_dag.py
[2024-10-13T09:43:32.007+0000] {processor.py:914} INFO - Processing file /home/airflow/.local/lib/python3.12/site-packages/airflow/example_dags/tutorial_dag.py for tasks to queue
[2024-10-13T09:43:32.176+0000] {logging_mixin.py:190} INFO - [2024-10-13T09:43:32.149+0000] {dagbag.py:588} INFO - Filling up the DagBag from /home/airflow/.local/lib/python3.12/site-packages/airflow/example_dags/tutorial_dag.py
[2024-10-13T09:43:32.553+0000] {processor.py:925} INFO - DAG(s) 'tutorial_dag' retrieved from /home/airflow/.local/lib/python3.12/site-packages/airflow/example_dags/tutorial_dag.py
[2024-10-13T09:43:34.251+0000] {logging_mixin.py:190} INFO - [2024-10-13T09:43:34.250+0000] {override.py:1900} INFO - Created Permission View: can read on DAG:tutorial_dag
[2024-10-13T09:43:34.349+0000] {logging_mixin.py:190} INFO - [2024-10-13T09:43:34.348+0000] {override.py:1900} INFO - Created Permission View: can delete on DAG:tutorial_dag
[2024-10-13T09:43:34.405+0000] {logging_mixin.py:190} INFO - [2024-10-13T09:43:34.404+0000] {override.py:1900} INFO - Created Permission View: can edit on DAG:tutorial_dag
[2024-10-13T09:43:34.451+0000] {logging_mixin.py:190} INFO - [2024-10-13T09:43:34.451+0000] {override.py:1900} INFO - Created Permission View: can create on DAG Run:tutorial_dag
[2024-10-13T09:43:34.489+0000] {logging_mixin.py:190} INFO - [2024-10-13T09:43:34.488+0000] {override.py:1900} INFO - Created Permission View: menu access on DAG Run:tutorial_dag
[2024-10-13T09:43:34.569+0000] {logging_mixin.py:190} INFO - [2024-10-13T09:43:34.568+0000] {override.py:1900} INFO - Created Permission View: can read on DAG Run:tutorial_dag
[2024-10-13T09:43:34.647+0000] {logging_mixin.py:190} INFO - [2024-10-13T09:43:34.646+0000] {override.py:1900} INFO - Created Permission View: can delete on DAG Run:tutorial_dag
[2024-10-13T09:43:34.681+0000] {logging_mixin.py:190} INFO - [2024-10-13T09:43:34.666+0000] {dag.py:3239} INFO - Sync 1 DAGs
[2024-10-13T09:43:34.923+0000] {logging_mixin.py:190} INFO - [2024-10-13T09:43:34.922+0000] {dag.py:3262} INFO - Creating ORM DAG for tutorial_dag
[2024-10-13T09:43:34.936+0000] {logging_mixin.py:190} INFO - [2024-10-13T09:43:34.935+0000] {dag.py:4180} INFO - Setting next_dagrun for tutorial_dag to None, run_after=None
[2024-10-13T09:43:35.118+0000] {processor.py:208} INFO - Processing /home/airflow/.local/lib/python3.12/site-packages/airflow/example_dags/tutorial_dag.py took 3.709 seconds
[2024-10-13T09:45:06.803+0000] {processor.py:186} INFO - Started process (PID=127) to work on /home/airflow/.local/lib/python3.12/site-packages/airflow/example_dags/tutorial_dag.py
[2024-10-13T09:45:06.806+0000] {processor.py:914} INFO - Processing file /home/airflow/.local/lib/python3.12/site-packages/airflow/example_dags/tutorial_dag.py for tasks to queue
[2024-10-13T09:45:06.811+0000] {logging_mixin.py:190} INFO - [2024-10-13T09:45:06.810+0000] {dagbag.py:588} INFO - Filling up the DagBag from /home/airflow/.local/lib/python3.12/site-packages/airflow/example_dags/tutorial_dag.py
[2024-10-13T09:45:06.829+0000] {processor.py:925} INFO - DAG(s) 'tutorial_dag' retrieved from /home/airflow/.local/lib/python3.12/site-packages/airflow/example_dags/tutorial_dag.py
[2024-10-13T09:45:06.905+0000] {logging_mixin.py:190} INFO - [2024-10-13T09:45:06.904+0000] {dag.py:3239} INFO - Sync 1 DAGs
[2024-10-13T09:45:06.953+0000] {logging_mixin.py:190} INFO - [2024-10-13T09:45:06.952+0000] {dag.py:4180} INFO - Setting next_dagrun for tutorial_dag to None, run_after=None
[2024-10-13T09:45:07.000+0000] {processor.py:208} INFO - Processing /home/airflow/.local/lib/python3.12/site-packages/airflow/example_dags/tutorial_dag.py took 0.219 seconds
[2024-10-13T09:45:42.277+0000] {processor.py:186} INFO - Started process (PID=188) to work on /home/airflow/.local/lib/python3.12/site-packages/airflow/example_dags/tutorial_dag.py
[2024-10-13T09:45:42.279+0000] {processor.py:914} INFO - Processing file /home/airflow/.local/lib/python3.12/site-packages/airflow/example_dags/tutorial_dag.py for tasks to queue
[2024-10-13T09:45:42.284+0000] {logging_mixin.py:190} INFO - [2024-10-13T09:45:42.283+0000] {dagbag.py:588} INFO - Filling up the DagBag from /home/airflow/.local/lib/python3.12/site-packages/airflow/example_dags/tutorial_dag.py
[2024-10-13T09:45:42.302+0000] {processor.py:925} INFO - DAG(s) 'tutorial_dag' retrieved from /home/airflow/.local/lib/python3.12/site-packages/airflow/example_dags/tutorial_dag.py
[2024-10-13T09:45:42.370+0000] {logging_mixin.py:190} INFO - [2024-10-13T09:45:42.370+0000] {dag.py:3239} INFO - Sync 1 DAGs
[2024-10-13T09:45:42.439+0000] {logging_mixin.py:190} INFO - [2024-10-13T09:45:42.439+0000] {dag.py:4180} INFO - Setting next_dagrun for tutorial_dag to None, run_after=None
[2024-10-13T09:45:42.494+0000] {processor.py:208} INFO - Processing /home/airflow/.local/lib/python3.12/site-packages/airflow/example_dags/tutorial_dag.py took 0.231 seconds
[2024-10-13T09:46:15.165+0000] {processor.py:186} INFO - Started process (PID=250) to work on /home/airflow/.local/lib/python3.12/site-packages/airflow/example_dags/tutorial_dag.py
[2024-10-13T09:46:15.169+0000] {processor.py:914} INFO - Processing file /home/airflow/.local/lib/python3.12/site-packages/airflow/example_dags/tutorial_dag.py for tasks to queue
[2024-10-13T09:46:15.177+0000] {logging_mixin.py:190} INFO - [2024-10-13T09:46:15.176+0000] {dagbag.py:588} INFO - Filling up the DagBag from /home/airflow/.local/lib/python3.12/site-packages/airflow/example_dags/tutorial_dag.py
[2024-10-13T09:46:15.200+0000] {processor.py:925} INFO - DAG(s) 'tutorial_dag' retrieved from /home/airflow/.local/lib/python3.12/site-packages/airflow/example_dags/tutorial_dag.py
[2024-10-13T09:46:15.333+0000] {logging_mixin.py:190} INFO - [2024-10-13T09:46:15.333+0000] {dag.py:3239} INFO - Sync 1 DAGs
[2024-10-13T09:46:15.464+0000] {logging_mixin.py:190} INFO - [2024-10-13T09:46:15.463+0000] {dag.py:4180} INFO - Setting next_dagrun for tutorial_dag to None, run_after=None
[2024-10-13T09:46:15.560+0000] {processor.py:208} INFO - Processing /home/airflow/.local/lib/python3.12/site-packages/airflow/example_dags/tutorial_dag.py took 0.438 seconds
[2024-10-13T09:46:45.733+0000] {processor.py:186} INFO - Started process (PID=312) to work on /home/airflow/.local/lib/python3.12/site-packages/airflow/example_dags/tutorial_dag.py
[2024-10-13T09:46:45.736+0000] {processor.py:914} INFO - Processing file /home/airflow/.local/lib/python3.12/site-packages/airflow/example_dags/tutorial_dag.py for tasks to queue
[2024-10-13T09:46:45.743+0000] {logging_mixin.py:190} INFO - [2024-10-13T09:46:45.743+0000] {dagbag.py:588} INFO - Filling up the DagBag from /home/airflow/.local/lib/python3.12/site-packages/airflow/example_dags/tutorial_dag.py
[2024-10-13T09:46:45.758+0000] {processor.py:925} INFO - DAG(s) 'tutorial_dag' retrieved from /home/airflow/.local/lib/python3.12/site-packages/airflow/example_dags/tutorial_dag.py
[2024-10-13T09:46:45.868+0000] {logging_mixin.py:190} INFO - [2024-10-13T09:46:45.867+0000] {dag.py:3239} INFO - Sync 1 DAGs
[2024-10-13T09:46:45.915+0000] {logging_mixin.py:190} INFO - [2024-10-13T09:46:45.915+0000] {dag.py:4180} INFO - Setting next_dagrun for tutorial_dag to None, run_after=None
[2024-10-13T09:46:45.966+0000] {processor.py:208} INFO - Processing /home/airflow/.local/lib/python3.12/site-packages/airflow/example_dags/tutorial_dag.py took 0.244 seconds
[2024-10-13T09:47:17.146+0000] {processor.py:186} INFO - Started process (PID=373) to work on /home/airflow/.local/lib/python3.12/site-packages/airflow/example_dags/tutorial_dag.py
[2024-10-13T09:47:17.147+0000] {processor.py:914} INFO - Processing file /home/airflow/.local/lib/python3.12/site-packages/airflow/example_dags/tutorial_dag.py for tasks to queue
[2024-10-13T09:47:17.151+0000] {logging_mixin.py:190} INFO - [2024-10-13T09:47:17.151+0000] {dagbag.py:588} INFO - Filling up the DagBag from /home/airflow/.local/lib/python3.12/site-packages/airflow/example_dags/tutorial_dag.py
[2024-10-13T09:47:17.165+0000] {processor.py:925} INFO - DAG(s) 'tutorial_dag' retrieved from /home/airflow/.local/lib/python3.12/site-packages/airflow/example_dags/tutorial_dag.py
[2024-10-13T09:47:17.200+0000] {logging_mixin.py:190} INFO - [2024-10-13T09:47:17.199+0000] {dag.py:3239} INFO - Sync 1 DAGs
[2024-10-13T09:47:17.226+0000] {logging_mixin.py:190} INFO - [2024-10-13T09:47:17.225+0000] {dag.py:4180} INFO - Setting next_dagrun for tutorial_dag to None, run_after=None
[2024-10-13T09:47:17.261+0000] {processor.py:208} INFO - Processing /home/airflow/.local/lib/python3.12/site-packages/airflow/example_dags/tutorial_dag.py took 0.127 seconds
[2024-10-13T09:47:47.906+0000] {processor.py:186} INFO - Started process (PID=434) to work on /home/airflow/.local/lib/python3.12/site-packages/airflow/example_dags/tutorial_dag.py
[2024-10-13T09:47:47.909+0000] {processor.py:914} INFO - Processing file /home/airflow/.local/lib/python3.12/site-packages/airflow/example_dags/tutorial_dag.py for tasks to queue
[2024-10-13T09:47:47.915+0000] {logging_mixin.py:190} INFO - [2024-10-13T09:47:47.914+0000] {dagbag.py:588} INFO - Filling up the DagBag from /home/airflow/.local/lib/python3.12/site-packages/airflow/example_dags/tutorial_dag.py
[2024-10-13T09:47:47.934+0000] {processor.py:925} INFO - DAG(s) 'tutorial_dag' retrieved from /home/airflow/.local/lib/python3.12/site-packages/airflow/example_dags/tutorial_dag.py
[2024-10-13T09:47:47.984+0000] {logging_mixin.py:190} INFO - [2024-10-13T09:47:47.984+0000] {dag.py:3239} INFO - Sync 1 DAGs
[2024-10-13T09:47:48.015+0000] {logging_mixin.py:190} INFO - [2024-10-13T09:47:48.015+0000] {dag.py:4180} INFO - Setting next_dagrun for tutorial_dag to None, run_after=None
[2024-10-13T09:47:48.056+0000] {processor.py:208} INFO - Processing /home/airflow/.local/lib/python3.12/site-packages/airflow/example_dags/tutorial_dag.py took 0.164 seconds
[2024-10-13T09:48:18.631+0000] {processor.py:186} INFO - Started process (PID=496) to work on /home/airflow/.local/lib/python3.12/site-packages/airflow/example_dags/tutorial_dag.py
[2024-10-13T09:48:18.635+0000] {processor.py:914} INFO - Processing file /home/airflow/.local/lib/python3.12/site-packages/airflow/example_dags/tutorial_dag.py for tasks to queue
[2024-10-13T09:48:18.639+0000] {logging_mixin.py:190} INFO - [2024-10-13T09:48:18.639+0000] {dagbag.py:588} INFO - Filling up the DagBag from /home/airflow/.local/lib/python3.12/site-packages/airflow/example_dags/tutorial_dag.py
[2024-10-13T09:48:18.655+0000] {processor.py:925} INFO - DAG(s) 'tutorial_dag' retrieved from /home/airflow/.local/lib/python3.12/site-packages/airflow/example_dags/tutorial_dag.py
[2024-10-13T09:48:18.698+0000] {logging_mixin.py:190} INFO - [2024-10-13T09:48:18.697+0000] {dag.py:3239} INFO - Sync 1 DAGs
[2024-10-13T09:48:18.725+0000] {logging_mixin.py:190} INFO - [2024-10-13T09:48:18.724+0000] {dag.py:4180} INFO - Setting next_dagrun for tutorial_dag to None, run_after=None
[2024-10-13T09:48:18.764+0000] {processor.py:208} INFO - Processing /home/airflow/.local/lib/python3.12/site-packages/airflow/example_dags/tutorial_dag.py took 0.144 seconds
[2024-10-13T09:48:49.137+0000] {processor.py:186} INFO - Started process (PID=558) to work on /home/airflow/.local/lib/python3.12/site-packages/airflow/example_dags/tutorial_dag.py
[2024-10-13T09:48:49.140+0000] {processor.py:914} INFO - Processing file /home/airflow/.local/lib/python3.12/site-packages/airflow/example_dags/tutorial_dag.py for tasks to queue
[2024-10-13T09:48:49.147+0000] {logging_mixin.py:190} INFO - [2024-10-13T09:48:49.146+0000] {dagbag.py:588} INFO - Filling up the DagBag from /home/airflow/.local/lib/python3.12/site-packages/airflow/example_dags/tutorial_dag.py
[2024-10-13T09:48:49.165+0000] {processor.py:925} INFO - DAG(s) 'tutorial_dag' retrieved from /home/airflow/.local/lib/python3.12/site-packages/airflow/example_dags/tutorial_dag.py
[2024-10-13T09:48:49.208+0000] {logging_mixin.py:190} INFO - [2024-10-13T09:48:49.208+0000] {dag.py:3239} INFO - Sync 1 DAGs
[2024-10-13T09:48:49.237+0000] {logging_mixin.py:190} INFO - [2024-10-13T09:48:49.237+0000] {dag.py:4180} INFO - Setting next_dagrun for tutorial_dag to None, run_after=None
[2024-10-13T09:48:49.276+0000] {processor.py:208} INFO - Processing /home/airflow/.local/lib/python3.12/site-packages/airflow/example_dags/tutorial_dag.py took 0.153 seconds
[2024-10-13T09:49:21.453+0000] {processor.py:186} INFO - Started process (PID=620) to work on /home/airflow/.local/lib/python3.12/site-packages/airflow/example_dags/tutorial_dag.py
[2024-10-13T09:49:21.460+0000] {processor.py:914} INFO - Processing file /home/airflow/.local/lib/python3.12/site-packages/airflow/example_dags/tutorial_dag.py for tasks to queue
[2024-10-13T09:49:21.472+0000] {logging_mixin.py:190} INFO - [2024-10-13T09:49:21.468+0000] {dagbag.py:588} INFO - Filling up the DagBag from /home/airflow/.local/lib/python3.12/site-packages/airflow/example_dags/tutorial_dag.py
[2024-10-13T09:49:21.505+0000] {processor.py:925} INFO - DAG(s) 'tutorial_dag' retrieved from /home/airflow/.local/lib/python3.12/site-packages/airflow/example_dags/tutorial_dag.py
[2024-10-13T09:49:21.701+0000] {logging_mixin.py:190} INFO - [2024-10-13T09:49:21.701+0000] {dag.py:3239} INFO - Sync 1 DAGs
[2024-10-13T09:49:21.868+0000] {logging_mixin.py:190} INFO - [2024-10-13T09:49:21.868+0000] {dag.py:4180} INFO - Setting next_dagrun for tutorial_dag to None, run_after=None
[2024-10-13T09:49:21.997+0000] {processor.py:208} INFO - Processing /home/airflow/.local/lib/python3.12/site-packages/airflow/example_dags/tutorial_dag.py took 0.579 seconds
[2024-10-13T09:49:52.273+0000] {processor.py:186} INFO - Started process (PID=681) to work on /home/airflow/.local/lib/python3.12/site-packages/airflow/example_dags/tutorial_dag.py
[2024-10-13T09:49:52.276+0000] {processor.py:914} INFO - Processing file /home/airflow/.local/lib/python3.12/site-packages/airflow/example_dags/tutorial_dag.py for tasks to queue
[2024-10-13T09:49:52.281+0000] {logging_mixin.py:190} INFO - [2024-10-13T09:49:52.280+0000] {dagbag.py:588} INFO - Filling up the DagBag from /home/airflow/.local/lib/python3.12/site-packages/airflow/example_dags/tutorial_dag.py
[2024-10-13T09:49:52.298+0000] {processor.py:925} INFO - DAG(s) 'tutorial_dag' retrieved from /home/airflow/.local/lib/python3.12/site-packages/airflow/example_dags/tutorial_dag.py
[2024-10-13T09:49:52.349+0000] {logging_mixin.py:190} INFO - [2024-10-13T09:49:52.348+0000] {dag.py:3239} INFO - Sync 1 DAGs
[2024-10-13T09:49:52.383+0000] {logging_mixin.py:190} INFO - [2024-10-13T09:49:52.383+0000] {dag.py:4180} INFO - Setting next_dagrun for tutorial_dag to None, run_after=None
[2024-10-13T09:49:52.425+0000] {processor.py:208} INFO - Processing /home/airflow/.local/lib/python3.12/site-packages/airflow/example_dags/tutorial_dag.py took 0.164 seconds
[2024-10-13T09:50:22.573+0000] {processor.py:186} INFO - Started process (PID=742) to work on /home/airflow/.local/lib/python3.12/site-packages/airflow/example_dags/tutorial_dag.py
[2024-10-13T09:50:22.575+0000] {processor.py:914} INFO - Processing file /home/airflow/.local/lib/python3.12/site-packages/airflow/example_dags/tutorial_dag.py for tasks to queue
[2024-10-13T09:50:22.579+0000] {logging_mixin.py:190} INFO - [2024-10-13T09:50:22.579+0000] {dagbag.py:588} INFO - Filling up the DagBag from /home/airflow/.local/lib/python3.12/site-packages/airflow/example_dags/tutorial_dag.py
[2024-10-13T09:50:22.596+0000] {processor.py:925} INFO - DAG(s) 'tutorial_dag' retrieved from /home/airflow/.local/lib/python3.12/site-packages/airflow/example_dags/tutorial_dag.py
[2024-10-13T09:50:22.633+0000] {logging_mixin.py:190} INFO - [2024-10-13T09:50:22.632+0000] {dag.py:3239} INFO - Sync 1 DAGs
[2024-10-13T09:50:22.659+0000] {logging_mixin.py:190} INFO - [2024-10-13T09:50:22.659+0000] {dag.py:4180} INFO - Setting next_dagrun for tutorial_dag to None, run_after=None
[2024-10-13T09:50:22.709+0000] {processor.py:208} INFO - Processing /home/airflow/.local/lib/python3.12/site-packages/airflow/example_dags/tutorial_dag.py took 0.147 seconds
[2024-10-13T09:50:53.263+0000] {processor.py:186} INFO - Started process (PID=803) to work on /home/airflow/.local/lib/python3.12/site-packages/airflow/example_dags/tutorial_dag.py
[2024-10-13T09:50:53.266+0000] {processor.py:914} INFO - Processing file /home/airflow/.local/lib/python3.12/site-packages/airflow/example_dags/tutorial_dag.py for tasks to queue
[2024-10-13T09:50:53.273+0000] {logging_mixin.py:190} INFO - [2024-10-13T09:50:53.272+0000] {dagbag.py:588} INFO - Filling up the DagBag from /home/airflow/.local/lib/python3.12/site-packages/airflow/example_dags/tutorial_dag.py
[2024-10-13T09:50:53.289+0000] {processor.py:925} INFO - DAG(s) 'tutorial_dag' retrieved from /home/airflow/.local/lib/python3.12/site-packages/airflow/example_dags/tutorial_dag.py
[2024-10-13T09:50:53.325+0000] {logging_mixin.py:190} INFO - [2024-10-13T09:50:53.324+0000] {dag.py:3239} INFO - Sync 1 DAGs
[2024-10-13T09:50:53.361+0000] {logging_mixin.py:190} INFO - [2024-10-13T09:50:53.360+0000] {dag.py:4180} INFO - Setting next_dagrun for tutorial_dag to None, run_after=None
[2024-10-13T09:50:53.400+0000] {processor.py:208} INFO - Processing /home/airflow/.local/lib/python3.12/site-packages/airflow/example_dags/tutorial_dag.py took 0.151 seconds
[2024-10-13T09:51:24.057+0000] {processor.py:186} INFO - Started process (PID=865) to work on /home/airflow/.local/lib/python3.12/site-packages/airflow/example_dags/tutorial_dag.py
[2024-10-13T09:51:24.059+0000] {processor.py:914} INFO - Processing file /home/airflow/.local/lib/python3.12/site-packages/airflow/example_dags/tutorial_dag.py for tasks to queue
[2024-10-13T09:51:24.065+0000] {logging_mixin.py:190} INFO - [2024-10-13T09:51:24.065+0000] {dagbag.py:588} INFO - Filling up the DagBag from /home/airflow/.local/lib/python3.12/site-packages/airflow/example_dags/tutorial_dag.py
[2024-10-13T09:51:24.083+0000] {processor.py:925} INFO - DAG(s) 'tutorial_dag' retrieved from /home/airflow/.local/lib/python3.12/site-packages/airflow/example_dags/tutorial_dag.py
[2024-10-13T09:51:24.121+0000] {logging_mixin.py:190} INFO - [2024-10-13T09:51:24.121+0000] {dag.py:3239} INFO - Sync 1 DAGs
[2024-10-13T09:51:24.153+0000] {logging_mixin.py:190} INFO - [2024-10-13T09:51:24.153+0000] {dag.py:4180} INFO - Setting next_dagrun for tutorial_dag to None, run_after=None
[2024-10-13T09:51:24.190+0000] {processor.py:208} INFO - Processing /home/airflow/.local/lib/python3.12/site-packages/airflow/example_dags/tutorial_dag.py took 0.146 seconds
[2024-10-13T09:51:55.191+0000] {processor.py:186} INFO - Started process (PID=927) to work on /home/airflow/.local/lib/python3.12/site-packages/airflow/example_dags/tutorial_dag.py
[2024-10-13T09:51:55.196+0000] {processor.py:914} INFO - Processing file /home/airflow/.local/lib/python3.12/site-packages/airflow/example_dags/tutorial_dag.py for tasks to queue
[2024-10-13T09:51:55.201+0000] {logging_mixin.py:190} INFO - [2024-10-13T09:51:55.200+0000] {dagbag.py:588} INFO - Filling up the DagBag from /home/airflow/.local/lib/python3.12/site-packages/airflow/example_dags/tutorial_dag.py
[2024-10-13T09:51:55.217+0000] {processor.py:925} INFO - DAG(s) 'tutorial_dag' retrieved from /home/airflow/.local/lib/python3.12/site-packages/airflow/example_dags/tutorial_dag.py
[2024-10-13T09:51:55.257+0000] {logging_mixin.py:190} INFO - [2024-10-13T09:51:55.257+0000] {dag.py:3239} INFO - Sync 1 DAGs
[2024-10-13T09:51:55.306+0000] {logging_mixin.py:190} INFO - [2024-10-13T09:51:55.306+0000] {dag.py:4180} INFO - Setting next_dagrun for tutorial_dag to None, run_after=None
[2024-10-13T09:51:55.350+0000] {processor.py:208} INFO - Processing /home/airflow/.local/lib/python3.12/site-packages/airflow/example_dags/tutorial_dag.py took 0.183 seconds
[2024-10-13T09:52:25.921+0000] {processor.py:186} INFO - Started process (PID=989) to work on /home/airflow/.local/lib/python3.12/site-packages/airflow/example_dags/tutorial_dag.py
[2024-10-13T09:52:25.923+0000] {processor.py:914} INFO - Processing file /home/airflow/.local/lib/python3.12/site-packages/airflow/example_dags/tutorial_dag.py for tasks to queue
[2024-10-13T09:52:25.941+0000] {logging_mixin.py:190} INFO - [2024-10-13T09:52:25.936+0000] {dagbag.py:588} INFO - Filling up the DagBag from /home/airflow/.local/lib/python3.12/site-packages/airflow/example_dags/tutorial_dag.py
[2024-10-13T09:52:25.974+0000] {processor.py:925} INFO - DAG(s) 'tutorial_dag' retrieved from /home/airflow/.local/lib/python3.12/site-packages/airflow/example_dags/tutorial_dag.py
[2024-10-13T09:52:26.036+0000] {logging_mixin.py:190} INFO - [2024-10-13T09:52:26.036+0000] {dag.py:3239} INFO - Sync 1 DAGs
[2024-10-13T09:52:26.105+0000] {logging_mixin.py:190} INFO - [2024-10-13T09:52:26.103+0000] {dag.py:4180} INFO - Setting next_dagrun for tutorial_dag to None, run_after=None
[2024-10-13T09:52:26.175+0000] {processor.py:208} INFO - Processing /home/airflow/.local/lib/python3.12/site-packages/airflow/example_dags/tutorial_dag.py took 0.270 seconds
[2024-10-13T09:52:58.795+0000] {processor.py:186} INFO - Started process (PID=1051) to work on /home/airflow/.local/lib/python3.12/site-packages/airflow/example_dags/tutorial_dag.py
[2024-10-13T09:52:58.797+0000] {processor.py:914} INFO - Processing file /home/airflow/.local/lib/python3.12/site-packages/airflow/example_dags/tutorial_dag.py for tasks to queue
[2024-10-13T09:52:58.803+0000] {logging_mixin.py:190} INFO - [2024-10-13T09:52:58.802+0000] {dagbag.py:588} INFO - Filling up the DagBag from /home/airflow/.local/lib/python3.12/site-packages/airflow/example_dags/tutorial_dag.py
[2024-10-13T09:52:58.837+0000] {processor.py:925} INFO - DAG(s) 'tutorial_dag' retrieved from /home/airflow/.local/lib/python3.12/site-packages/airflow/example_dags/tutorial_dag.py
[2024-10-13T09:52:58.898+0000] {logging_mixin.py:190} INFO - [2024-10-13T09:52:58.898+0000] {dag.py:3239} INFO - Sync 1 DAGs
[2024-10-13T09:52:58.938+0000] {logging_mixin.py:190} INFO - [2024-10-13T09:52:58.938+0000] {dag.py:4180} INFO - Setting next_dagrun for tutorial_dag to None, run_after=None
[2024-10-13T09:52:58.986+0000] {processor.py:208} INFO - Processing /home/airflow/.local/lib/python3.12/site-packages/airflow/example_dags/tutorial_dag.py took 0.206 seconds
[2024-10-13T09:53:29.634+0000] {processor.py:186} INFO - Started process (PID=1113) to work on /home/airflow/.local/lib/python3.12/site-packages/airflow/example_dags/tutorial_dag.py
[2024-10-13T09:53:29.636+0000] {processor.py:914} INFO - Processing file /home/airflow/.local/lib/python3.12/site-packages/airflow/example_dags/tutorial_dag.py for tasks to queue
[2024-10-13T09:53:29.641+0000] {logging_mixin.py:190} INFO - [2024-10-13T09:53:29.640+0000] {dagbag.py:588} INFO - Filling up the DagBag from /home/airflow/.local/lib/python3.12/site-packages/airflow/example_dags/tutorial_dag.py
[2024-10-13T09:53:29.655+0000] {processor.py:925} INFO - DAG(s) 'tutorial_dag' retrieved from /home/airflow/.local/lib/python3.12/site-packages/airflow/example_dags/tutorial_dag.py
[2024-10-13T09:53:29.714+0000] {logging_mixin.py:190} INFO - [2024-10-13T09:53:29.714+0000] {dag.py:3239} INFO - Sync 1 DAGs
[2024-10-13T09:53:29.753+0000] {logging_mixin.py:190} INFO - [2024-10-13T09:53:29.753+0000] {dag.py:4180} INFO - Setting next_dagrun for tutorial_dag to None, run_after=None
[2024-10-13T09:53:29.795+0000] {processor.py:208} INFO - Processing /home/airflow/.local/lib/python3.12/site-packages/airflow/example_dags/tutorial_dag.py took 0.181 seconds
[2024-10-13T09:54:00.313+0000] {processor.py:186} INFO - Started process (PID=1175) to work on /home/airflow/.local/lib/python3.12/site-packages/airflow/example_dags/tutorial_dag.py
[2024-10-13T09:54:00.316+0000] {processor.py:914} INFO - Processing file /home/airflow/.local/lib/python3.12/site-packages/airflow/example_dags/tutorial_dag.py for tasks to queue
[2024-10-13T09:54:00.322+0000] {logging_mixin.py:190} INFO - [2024-10-13T09:54:00.322+0000] {dagbag.py:588} INFO - Filling up the DagBag from /home/airflow/.local/lib/python3.12/site-packages/airflow/example_dags/tutorial_dag.py
[2024-10-13T09:54:00.339+0000] {processor.py:925} INFO - DAG(s) 'tutorial_dag' retrieved from /home/airflow/.local/lib/python3.12/site-packages/airflow/example_dags/tutorial_dag.py
[2024-10-13T09:54:00.383+0000] {logging_mixin.py:190} INFO - [2024-10-13T09:54:00.383+0000] {dag.py:3239} INFO - Sync 1 DAGs
[2024-10-13T09:54:00.421+0000] {logging_mixin.py:190} INFO - [2024-10-13T09:54:00.421+0000] {dag.py:4180} INFO - Setting next_dagrun for tutorial_dag to None, run_after=None
[2024-10-13T09:54:00.461+0000] {processor.py:208} INFO - Processing /home/airflow/.local/lib/python3.12/site-packages/airflow/example_dags/tutorial_dag.py took 0.161 seconds
[2024-10-13T09:54:30.781+0000] {processor.py:186} INFO - Started process (PID=1237) to work on /home/airflow/.local/lib/python3.12/site-packages/airflow/example_dags/tutorial_dag.py
[2024-10-13T09:54:30.783+0000] {processor.py:914} INFO - Processing file /home/airflow/.local/lib/python3.12/site-packages/airflow/example_dags/tutorial_dag.py for tasks to queue
[2024-10-13T09:54:30.787+0000] {logging_mixin.py:190} INFO - [2024-10-13T09:54:30.786+0000] {dagbag.py:588} INFO - Filling up the DagBag from /home/airflow/.local/lib/python3.12/site-packages/airflow/example_dags/tutorial_dag.py
[2024-10-13T09:54:30.799+0000] {processor.py:925} INFO - DAG(s) 'tutorial_dag' retrieved from /home/airflow/.local/lib/python3.12/site-packages/airflow/example_dags/tutorial_dag.py
[2024-10-13T09:54:30.845+0000] {logging_mixin.py:190} INFO - [2024-10-13T09:54:30.844+0000] {dag.py:3239} INFO - Sync 1 DAGs
[2024-10-13T09:54:30.873+0000] {logging_mixin.py:190} INFO - [2024-10-13T09:54:30.872+0000] {dag.py:4180} INFO - Setting next_dagrun for tutorial_dag to None, run_after=None
[2024-10-13T09:54:30.909+0000] {processor.py:208} INFO - Processing /home/airflow/.local/lib/python3.12/site-packages/airflow/example_dags/tutorial_dag.py took 0.137 seconds
[2024-10-13T09:55:02.117+0000] {processor.py:186} INFO - Started process (PID=1298) to work on /home/airflow/.local/lib/python3.12/site-packages/airflow/example_dags/tutorial_dag.py
[2024-10-13T09:55:02.120+0000] {processor.py:914} INFO - Processing file /home/airflow/.local/lib/python3.12/site-packages/airflow/example_dags/tutorial_dag.py for tasks to queue
[2024-10-13T09:55:02.125+0000] {logging_mixin.py:190} INFO - [2024-10-13T09:55:02.124+0000] {dagbag.py:588} INFO - Filling up the DagBag from /home/airflow/.local/lib/python3.12/site-packages/airflow/example_dags/tutorial_dag.py
[2024-10-13T09:55:02.144+0000] {processor.py:925} INFO - DAG(s) 'tutorial_dag' retrieved from /home/airflow/.local/lib/python3.12/site-packages/airflow/example_dags/tutorial_dag.py
[2024-10-13T09:55:02.188+0000] {logging_mixin.py:190} INFO - [2024-10-13T09:55:02.188+0000] {dag.py:3239} INFO - Sync 1 DAGs
[2024-10-13T09:55:02.245+0000] {logging_mixin.py:190} INFO - [2024-10-13T09:55:02.244+0000] {dag.py:4180} INFO - Setting next_dagrun for tutorial_dag to None, run_after=None
[2024-10-13T09:55:02.288+0000] {processor.py:208} INFO - Processing /home/airflow/.local/lib/python3.12/site-packages/airflow/example_dags/tutorial_dag.py took 0.186 seconds
[2024-10-13T09:55:32.987+0000] {processor.py:186} INFO - Started process (PID=1359) to work on /home/airflow/.local/lib/python3.12/site-packages/airflow/example_dags/tutorial_dag.py
[2024-10-13T09:55:32.990+0000] {processor.py:914} INFO - Processing file /home/airflow/.local/lib/python3.12/site-packages/airflow/example_dags/tutorial_dag.py for tasks to queue
[2024-10-13T09:55:32.996+0000] {logging_mixin.py:190} INFO - [2024-10-13T09:55:32.995+0000] {dagbag.py:588} INFO - Filling up the DagBag from /home/airflow/.local/lib/python3.12/site-packages/airflow/example_dags/tutorial_dag.py
[2024-10-13T09:55:33.014+0000] {processor.py:925} INFO - DAG(s) 'tutorial_dag' retrieved from /home/airflow/.local/lib/python3.12/site-packages/airflow/example_dags/tutorial_dag.py
[2024-10-13T09:55:33.056+0000] {logging_mixin.py:190} INFO - [2024-10-13T09:55:33.056+0000] {dag.py:3239} INFO - Sync 1 DAGs
[2024-10-13T09:55:33.102+0000] {logging_mixin.py:190} INFO - [2024-10-13T09:55:33.101+0000] {dag.py:4180} INFO - Setting next_dagrun for tutorial_dag to None, run_after=None
[2024-10-13T09:55:33.155+0000] {processor.py:208} INFO - Processing /home/airflow/.local/lib/python3.12/site-packages/airflow/example_dags/tutorial_dag.py took 0.182 seconds
[2024-10-13T09:56:03.319+0000] {processor.py:186} INFO - Started process (PID=1421) to work on /home/airflow/.local/lib/python3.12/site-packages/airflow/example_dags/tutorial_dag.py
[2024-10-13T09:56:03.321+0000] {processor.py:914} INFO - Processing file /home/airflow/.local/lib/python3.12/site-packages/airflow/example_dags/tutorial_dag.py for tasks to queue
[2024-10-13T09:56:03.325+0000] {logging_mixin.py:190} INFO - [2024-10-13T09:56:03.325+0000] {dagbag.py:588} INFO - Filling up the DagBag from /home/airflow/.local/lib/python3.12/site-packages/airflow/example_dags/tutorial_dag.py
[2024-10-13T09:56:03.341+0000] {processor.py:925} INFO - DAG(s) 'tutorial_dag' retrieved from /home/airflow/.local/lib/python3.12/site-packages/airflow/example_dags/tutorial_dag.py
[2024-10-13T09:56:03.379+0000] {logging_mixin.py:190} INFO - [2024-10-13T09:56:03.378+0000] {dag.py:3239} INFO - Sync 1 DAGs
[2024-10-13T09:56:03.407+0000] {logging_mixin.py:190} INFO - [2024-10-13T09:56:03.407+0000] {dag.py:4180} INFO - Setting next_dagrun for tutorial_dag to None, run_after=None
[2024-10-13T09:56:03.447+0000] {processor.py:208} INFO - Processing /home/airflow/.local/lib/python3.12/site-packages/airflow/example_dags/tutorial_dag.py took 0.140 seconds
[2024-10-13T09:56:33.856+0000] {processor.py:186} INFO - Started process (PID=1483) to work on /home/airflow/.local/lib/python3.12/site-packages/airflow/example_dags/tutorial_dag.py
[2024-10-13T09:56:33.858+0000] {processor.py:914} INFO - Processing file /home/airflow/.local/lib/python3.12/site-packages/airflow/example_dags/tutorial_dag.py for tasks to queue
[2024-10-13T09:56:33.863+0000] {logging_mixin.py:190} INFO - [2024-10-13T09:56:33.863+0000] {dagbag.py:588} INFO - Filling up the DagBag from /home/airflow/.local/lib/python3.12/site-packages/airflow/example_dags/tutorial_dag.py
[2024-10-13T09:56:33.879+0000] {processor.py:925} INFO - DAG(s) 'tutorial_dag' retrieved from /home/airflow/.local/lib/python3.12/site-packages/airflow/example_dags/tutorial_dag.py
[2024-10-13T09:56:33.914+0000] {logging_mixin.py:190} INFO - [2024-10-13T09:56:33.914+0000] {dag.py:3239} INFO - Sync 1 DAGs
[2024-10-13T09:56:33.945+0000] {logging_mixin.py:190} INFO - [2024-10-13T09:56:33.945+0000] {dag.py:4180} INFO - Setting next_dagrun for tutorial_dag to None, run_after=None
[2024-10-13T09:56:33.981+0000] {processor.py:208} INFO - Processing /home/airflow/.local/lib/python3.12/site-packages/airflow/example_dags/tutorial_dag.py took 0.139 seconds
[2024-10-13T09:57:04.710+0000] {processor.py:186} INFO - Started process (PID=1544) to work on /home/airflow/.local/lib/python3.12/site-packages/airflow/example_dags/tutorial_dag.py
[2024-10-13T09:57:04.712+0000] {processor.py:914} INFO - Processing file /home/airflow/.local/lib/python3.12/site-packages/airflow/example_dags/tutorial_dag.py for tasks to queue
[2024-10-13T09:57:04.717+0000] {logging_mixin.py:190} INFO - [2024-10-13T09:57:04.717+0000] {dagbag.py:588} INFO - Filling up the DagBag from /home/airflow/.local/lib/python3.12/site-packages/airflow/example_dags/tutorial_dag.py
[2024-10-13T09:57:04.735+0000] {processor.py:925} INFO - DAG(s) 'tutorial_dag' retrieved from /home/airflow/.local/lib/python3.12/site-packages/airflow/example_dags/tutorial_dag.py
[2024-10-13T09:57:04.771+0000] {logging_mixin.py:190} INFO - [2024-10-13T09:57:04.770+0000] {dag.py:3239} INFO - Sync 1 DAGs
[2024-10-13T09:57:04.799+0000] {logging_mixin.py:190} INFO - [2024-10-13T09:57:04.798+0000] {dag.py:4180} INFO - Setting next_dagrun for tutorial_dag to None, run_after=None
[2024-10-13T09:57:04.840+0000] {processor.py:208} INFO - Processing /home/airflow/.local/lib/python3.12/site-packages/airflow/example_dags/tutorial_dag.py took 0.141 seconds
[2024-10-13T09:57:38.651+0000] {processor.py:186} INFO - Started process (PID=1606) to work on /home/airflow/.local/lib/python3.12/site-packages/airflow/example_dags/tutorial_dag.py
[2024-10-13T09:57:38.653+0000] {processor.py:914} INFO - Processing file /home/airflow/.local/lib/python3.12/site-packages/airflow/example_dags/tutorial_dag.py for tasks to queue
[2024-10-13T09:57:38.658+0000] {logging_mixin.py:190} INFO - [2024-10-13T09:57:38.657+0000] {dagbag.py:588} INFO - Filling up the DagBag from /home/airflow/.local/lib/python3.12/site-packages/airflow/example_dags/tutorial_dag.py
[2024-10-13T09:57:38.675+0000] {processor.py:925} INFO - DAG(s) 'tutorial_dag' retrieved from /home/airflow/.local/lib/python3.12/site-packages/airflow/example_dags/tutorial_dag.py
[2024-10-13T09:57:38.716+0000] {logging_mixin.py:190} INFO - [2024-10-13T09:57:38.716+0000] {dag.py:3239} INFO - Sync 1 DAGs
[2024-10-13T09:57:38.765+0000] {logging_mixin.py:190} INFO - [2024-10-13T09:57:38.764+0000] {dag.py:4180} INFO - Setting next_dagrun for tutorial_dag to None, run_after=None
[2024-10-13T09:57:39.245+0000] {processor.py:208} INFO - Processing /home/airflow/.local/lib/python3.12/site-packages/airflow/example_dags/tutorial_dag.py took 0.605 seconds
[2024-10-13T09:58:23.538+0000] {processor.py:186} INFO - Started process (PID=1668) to work on /home/airflow/.local/lib/python3.12/site-packages/airflow/example_dags/tutorial_dag.py
[2024-10-13T09:58:23.613+0000] {processor.py:914} INFO - Processing file /home/airflow/.local/lib/python3.12/site-packages/airflow/example_dags/tutorial_dag.py for tasks to queue
[2024-10-13T09:58:23.637+0000] {logging_mixin.py:190} INFO - [2024-10-13T09:58:23.637+0000] {dagbag.py:588} INFO - Filling up the DagBag from /home/airflow/.local/lib/python3.12/site-packages/airflow/example_dags/tutorial_dag.py
[2024-10-13T09:58:23.705+0000] {processor.py:925} INFO - DAG(s) 'tutorial_dag' retrieved from /home/airflow/.local/lib/python3.12/site-packages/airflow/example_dags/tutorial_dag.py
[2024-10-13T09:58:24.064+0000] {logging_mixin.py:190} INFO - [2024-10-13T09:58:24.063+0000] {dag.py:3239} INFO - Sync 1 DAGs
[2024-10-13T09:58:24.464+0000] {logging_mixin.py:190} INFO - [2024-10-13T09:58:24.463+0000] {dag.py:4180} INFO - Setting next_dagrun for tutorial_dag to None, run_after=None
[2024-10-13T09:58:24.812+0000] {processor.py:208} INFO - Processing /home/airflow/.local/lib/python3.12/site-packages/airflow/example_dags/tutorial_dag.py took 1.336 seconds
[2024-10-13T09:58:55.167+0000] {processor.py:186} INFO - Started process (PID=1730) to work on /home/airflow/.local/lib/python3.12/site-packages/airflow/example_dags/tutorial_dag.py
[2024-10-13T09:58:55.170+0000] {processor.py:914} INFO - Processing file /home/airflow/.local/lib/python3.12/site-packages/airflow/example_dags/tutorial_dag.py for tasks to queue
[2024-10-13T09:58:55.179+0000] {logging_mixin.py:190} INFO - [2024-10-13T09:58:55.178+0000] {dagbag.py:588} INFO - Filling up the DagBag from /home/airflow/.local/lib/python3.12/site-packages/airflow/example_dags/tutorial_dag.py
[2024-10-13T09:58:55.225+0000] {processor.py:925} INFO - DAG(s) 'tutorial_dag' retrieved from /home/airflow/.local/lib/python3.12/site-packages/airflow/example_dags/tutorial_dag.py
[2024-10-13T09:58:55.359+0000] {logging_mixin.py:190} INFO - [2024-10-13T09:58:55.356+0000] {dag.py:3239} INFO - Sync 1 DAGs
[2024-10-13T09:58:55.469+0000] {logging_mixin.py:190} INFO - [2024-10-13T09:58:55.468+0000] {dag.py:4180} INFO - Setting next_dagrun for tutorial_dag to None, run_after=None
[2024-10-13T09:58:55.553+0000] {processor.py:208} INFO - Processing /home/airflow/.local/lib/python3.12/site-packages/airflow/example_dags/tutorial_dag.py took 0.406 seconds
[2024-10-13T09:59:26.421+0000] {processor.py:186} INFO - Started process (PID=1792) to work on /home/airflow/.local/lib/python3.12/site-packages/airflow/example_dags/tutorial_dag.py
[2024-10-13T09:59:26.426+0000] {processor.py:914} INFO - Processing file /home/airflow/.local/lib/python3.12/site-packages/airflow/example_dags/tutorial_dag.py for tasks to queue
[2024-10-13T09:59:26.443+0000] {logging_mixin.py:190} INFO - [2024-10-13T09:59:26.442+0000] {dagbag.py:588} INFO - Filling up the DagBag from /home/airflow/.local/lib/python3.12/site-packages/airflow/example_dags/tutorial_dag.py
[2024-10-13T09:59:26.466+0000] {processor.py:925} INFO - DAG(s) 'tutorial_dag' retrieved from /home/airflow/.local/lib/python3.12/site-packages/airflow/example_dags/tutorial_dag.py
[2024-10-13T09:59:26.516+0000] {logging_mixin.py:190} INFO - [2024-10-13T09:59:26.515+0000] {dag.py:3239} INFO - Sync 1 DAGs
[2024-10-13T09:59:26.569+0000] {logging_mixin.py:190} INFO - [2024-10-13T09:59:26.568+0000] {dag.py:4180} INFO - Setting next_dagrun for tutorial_dag to None, run_after=None
[2024-10-13T09:59:26.648+0000] {processor.py:208} INFO - Processing /home/airflow/.local/lib/python3.12/site-packages/airflow/example_dags/tutorial_dag.py took 0.260 seconds
[2024-10-13T09:59:56.830+0000] {processor.py:186} INFO - Started process (PID=1854) to work on /home/airflow/.local/lib/python3.12/site-packages/airflow/example_dags/tutorial_dag.py
[2024-10-13T09:59:56.832+0000] {processor.py:914} INFO - Processing file /home/airflow/.local/lib/python3.12/site-packages/airflow/example_dags/tutorial_dag.py for tasks to queue
[2024-10-13T09:59:56.836+0000] {logging_mixin.py:190} INFO - [2024-10-13T09:59:56.836+0000] {dagbag.py:588} INFO - Filling up the DagBag from /home/airflow/.local/lib/python3.12/site-packages/airflow/example_dags/tutorial_dag.py
[2024-10-13T09:59:56.850+0000] {processor.py:925} INFO - DAG(s) 'tutorial_dag' retrieved from /home/airflow/.local/lib/python3.12/site-packages/airflow/example_dags/tutorial_dag.py
[2024-10-13T09:59:56.891+0000] {logging_mixin.py:190} INFO - [2024-10-13T09:59:56.890+0000] {dag.py:3239} INFO - Sync 1 DAGs
[2024-10-13T09:59:56.914+0000] {logging_mixin.py:190} INFO - [2024-10-13T09:59:56.914+0000] {dag.py:4180} INFO - Setting next_dagrun for tutorial_dag to None, run_after=None
[2024-10-13T09:59:56.948+0000] {processor.py:208} INFO - Processing /home/airflow/.local/lib/python3.12/site-packages/airflow/example_dags/tutorial_dag.py took 0.130 seconds
[2024-10-13T10:05:55.733+0000] {processor.py:186} INFO - Started process (PID=62) to work on /home/airflow/.local/lib/python3.12/site-packages/airflow/example_dags/tutorial_dag.py
[2024-10-13T10:05:55.786+0000] {processor.py:914} INFO - Processing file /home/airflow/.local/lib/python3.12/site-packages/airflow/example_dags/tutorial_dag.py for tasks to queue
[2024-10-13T10:05:55.801+0000] {logging_mixin.py:190} INFO - [2024-10-13T10:05:55.798+0000] {dagbag.py:588} INFO - Filling up the DagBag from /home/airflow/.local/lib/python3.12/site-packages/airflow/example_dags/tutorial_dag.py
[2024-10-13T10:05:55.991+0000] {processor.py:925} INFO - DAG(s) 'tutorial_dag' retrieved from /home/airflow/.local/lib/python3.12/site-packages/airflow/example_dags/tutorial_dag.py
[2024-10-13T10:05:56.245+0000] {logging_mixin.py:190} INFO - [2024-10-13T10:05:56.245+0000] {dag.py:3239} INFO - Sync 1 DAGs
[2024-10-13T10:05:56.377+0000] {logging_mixin.py:190} INFO - [2024-10-13T10:05:56.370+0000] {dag.py:4180} INFO - Setting next_dagrun for tutorial_dag to None, run_after=None
[2024-10-13T10:05:57.052+0000] {processor.py:208} INFO - Processing /home/airflow/.local/lib/python3.12/site-packages/airflow/example_dags/tutorial_dag.py took 1.402 seconds
[2024-10-13T10:07:06.122+0000] {processor.py:186} INFO - Started process (PID=131) to work on /home/airflow/.local/lib/python3.12/site-packages/airflow/example_dags/tutorial_dag.py
[2024-10-13T10:07:06.141+0000] {processor.py:914} INFO - Processing file /home/airflow/.local/lib/python3.12/site-packages/airflow/example_dags/tutorial_dag.py for tasks to queue
[2024-10-13T10:07:06.147+0000] {logging_mixin.py:190} INFO - [2024-10-13T10:07:06.146+0000] {dagbag.py:588} INFO - Filling up the DagBag from /home/airflow/.local/lib/python3.12/site-packages/airflow/example_dags/tutorial_dag.py
[2024-10-13T10:07:06.256+0000] {processor.py:925} INFO - DAG(s) 'tutorial_dag' retrieved from /home/airflow/.local/lib/python3.12/site-packages/airflow/example_dags/tutorial_dag.py
[2024-10-13T10:07:06.435+0000] {logging_mixin.py:190} INFO - [2024-10-13T10:07:06.435+0000] {dag.py:3239} INFO - Sync 1 DAGs
[2024-10-13T10:07:06.926+0000] {logging_mixin.py:190} INFO - [2024-10-13T10:07:06.925+0000] {dag.py:4180} INFO - Setting next_dagrun for tutorial_dag to None, run_after=None
[2024-10-13T10:07:07.152+0000] {processor.py:208} INFO - Processing /home/airflow/.local/lib/python3.12/site-packages/airflow/example_dags/tutorial_dag.py took 1.107 seconds
[2024-10-13T10:07:43.879+0000] {processor.py:186} INFO - Started process (PID=192) to work on /home/airflow/.local/lib/python3.12/site-packages/airflow/example_dags/tutorial_dag.py
[2024-10-13T10:07:43.882+0000] {processor.py:914} INFO - Processing file /home/airflow/.local/lib/python3.12/site-packages/airflow/example_dags/tutorial_dag.py for tasks to queue
[2024-10-13T10:07:43.888+0000] {logging_mixin.py:190} INFO - [2024-10-13T10:07:43.887+0000] {dagbag.py:588} INFO - Filling up the DagBag from /home/airflow/.local/lib/python3.12/site-packages/airflow/example_dags/tutorial_dag.py
[2024-10-13T10:07:43.916+0000] {processor.py:925} INFO - DAG(s) 'tutorial_dag' retrieved from /home/airflow/.local/lib/python3.12/site-packages/airflow/example_dags/tutorial_dag.py
[2024-10-13T10:07:44.025+0000] {logging_mixin.py:190} INFO - [2024-10-13T10:07:44.024+0000] {dag.py:3239} INFO - Sync 1 DAGs
[2024-10-13T10:07:44.164+0000] {logging_mixin.py:190} INFO - [2024-10-13T10:07:44.156+0000] {dag.py:4180} INFO - Setting next_dagrun for tutorial_dag to None, run_after=None
[2024-10-13T10:07:44.302+0000] {processor.py:208} INFO - Processing /home/airflow/.local/lib/python3.12/site-packages/airflow/example_dags/tutorial_dag.py took 0.477 seconds
[2024-10-13T10:08:17.037+0000] {processor.py:186} INFO - Started process (PID=254) to work on /home/airflow/.local/lib/python3.12/site-packages/airflow/example_dags/tutorial_dag.py
[2024-10-13T10:08:17.039+0000] {processor.py:914} INFO - Processing file /home/airflow/.local/lib/python3.12/site-packages/airflow/example_dags/tutorial_dag.py for tasks to queue
[2024-10-13T10:08:17.044+0000] {logging_mixin.py:190} INFO - [2024-10-13T10:08:17.043+0000] {dagbag.py:588} INFO - Filling up the DagBag from /home/airflow/.local/lib/python3.12/site-packages/airflow/example_dags/tutorial_dag.py
[2024-10-13T10:08:17.063+0000] {processor.py:925} INFO - DAG(s) 'tutorial_dag' retrieved from /home/airflow/.local/lib/python3.12/site-packages/airflow/example_dags/tutorial_dag.py
[2024-10-13T10:08:17.118+0000] {logging_mixin.py:190} INFO - [2024-10-13T10:08:17.115+0000] {dag.py:3239} INFO - Sync 1 DAGs
[2024-10-13T10:08:17.155+0000] {logging_mixin.py:190} INFO - [2024-10-13T10:08:17.155+0000] {dag.py:4180} INFO - Setting next_dagrun for tutorial_dag to None, run_after=None
[2024-10-13T10:08:17.206+0000] {processor.py:208} INFO - Processing /home/airflow/.local/lib/python3.12/site-packages/airflow/example_dags/tutorial_dag.py took 0.185 seconds
[2024-10-13T10:08:50.229+0000] {processor.py:186} INFO - Started process (PID=312) to work on /home/airflow/.local/lib/python3.12/site-packages/airflow/example_dags/tutorial_dag.py
[2024-10-13T10:08:50.232+0000] {processor.py:914} INFO - Processing file /home/airflow/.local/lib/python3.12/site-packages/airflow/example_dags/tutorial_dag.py for tasks to queue
[2024-10-13T10:08:50.239+0000] {logging_mixin.py:190} INFO - [2024-10-13T10:08:50.238+0000] {dagbag.py:588} INFO - Filling up the DagBag from /home/airflow/.local/lib/python3.12/site-packages/airflow/example_dags/tutorial_dag.py
[2024-10-13T10:08:50.265+0000] {processor.py:925} INFO - DAG(s) 'tutorial_dag' retrieved from /home/airflow/.local/lib/python3.12/site-packages/airflow/example_dags/tutorial_dag.py
[2024-10-13T10:08:50.342+0000] {logging_mixin.py:190} INFO - [2024-10-13T10:08:50.341+0000] {dag.py:3239} INFO - Sync 1 DAGs
[2024-10-13T10:08:50.416+0000] {logging_mixin.py:190} INFO - [2024-10-13T10:08:50.416+0000] {dag.py:4180} INFO - Setting next_dagrun for tutorial_dag to None, run_after=None
[2024-10-13T10:08:50.473+0000] {processor.py:208} INFO - Processing /home/airflow/.local/lib/python3.12/site-packages/airflow/example_dags/tutorial_dag.py took 0.261 seconds
[2024-10-13T10:09:32.997+0000] {processor.py:186} INFO - Started process (PID=365) to work on /home/airflow/.local/lib/python3.12/site-packages/airflow/example_dags/tutorial_dag.py
[2024-10-13T10:09:33.000+0000] {processor.py:914} INFO - Processing file /home/airflow/.local/lib/python3.12/site-packages/airflow/example_dags/tutorial_dag.py for tasks to queue
[2024-10-13T10:09:33.005+0000] {logging_mixin.py:190} INFO - [2024-10-13T10:09:33.004+0000] {dagbag.py:588} INFO - Filling up the DagBag from /home/airflow/.local/lib/python3.12/site-packages/airflow/example_dags/tutorial_dag.py
[2024-10-13T10:09:33.025+0000] {processor.py:925} INFO - DAG(s) 'tutorial_dag' retrieved from /home/airflow/.local/lib/python3.12/site-packages/airflow/example_dags/tutorial_dag.py
[2024-10-13T10:09:33.063+0000] {logging_mixin.py:190} INFO - [2024-10-13T10:09:33.063+0000] {dag.py:3239} INFO - Sync 1 DAGs
[2024-10-13T10:09:33.101+0000] {logging_mixin.py:190} INFO - [2024-10-13T10:09:33.100+0000] {dag.py:4180} INFO - Setting next_dagrun for tutorial_dag to None, run_after=None
[2024-10-13T10:09:33.154+0000] {processor.py:208} INFO - Processing /home/airflow/.local/lib/python3.12/site-packages/airflow/example_dags/tutorial_dag.py took 0.168 seconds
[2024-10-13T10:10:07.841+0000] {processor.py:186} INFO - Started process (PID=427) to work on /home/airflow/.local/lib/python3.12/site-packages/airflow/example_dags/tutorial_dag.py
[2024-10-13T10:10:07.853+0000] {processor.py:914} INFO - Processing file /home/airflow/.local/lib/python3.12/site-packages/airflow/example_dags/tutorial_dag.py for tasks to queue
[2024-10-13T10:10:07.872+0000] {logging_mixin.py:190} INFO - [2024-10-13T10:10:07.871+0000] {dagbag.py:588} INFO - Filling up the DagBag from /home/airflow/.local/lib/python3.12/site-packages/airflow/example_dags/tutorial_dag.py
[2024-10-13T10:10:08.212+0000] {processor.py:925} INFO - DAG(s) 'tutorial_dag' retrieved from /home/airflow/.local/lib/python3.12/site-packages/airflow/example_dags/tutorial_dag.py
[2024-10-13T10:10:08.337+0000] {logging_mixin.py:190} INFO - [2024-10-13T10:10:08.336+0000] {dag.py:3239} INFO - Sync 1 DAGs
[2024-10-13T10:10:08.438+0000] {logging_mixin.py:190} INFO - [2024-10-13T10:10:08.438+0000] {dag.py:4180} INFO - Setting next_dagrun for tutorial_dag to None, run_after=None
[2024-10-13T10:10:08.523+0000] {processor.py:208} INFO - Processing /home/airflow/.local/lib/python3.12/site-packages/airflow/example_dags/tutorial_dag.py took 0.717 seconds
[2024-10-13T10:10:38.662+0000] {processor.py:186} INFO - Started process (PID=489) to work on /home/airflow/.local/lib/python3.12/site-packages/airflow/example_dags/tutorial_dag.py
[2024-10-13T10:10:38.664+0000] {processor.py:914} INFO - Processing file /home/airflow/.local/lib/python3.12/site-packages/airflow/example_dags/tutorial_dag.py for tasks to queue
[2024-10-13T10:10:38.668+0000] {logging_mixin.py:190} INFO - [2024-10-13T10:10:38.667+0000] {dagbag.py:588} INFO - Filling up the DagBag from /home/airflow/.local/lib/python3.12/site-packages/airflow/example_dags/tutorial_dag.py
[2024-10-13T10:10:38.685+0000] {processor.py:925} INFO - DAG(s) 'tutorial_dag' retrieved from /home/airflow/.local/lib/python3.12/site-packages/airflow/example_dags/tutorial_dag.py
[2024-10-13T10:10:38.714+0000] {logging_mixin.py:190} INFO - [2024-10-13T10:10:38.714+0000] {dag.py:3239} INFO - Sync 1 DAGs
[2024-10-13T10:10:38.740+0000] {logging_mixin.py:190} INFO - [2024-10-13T10:10:38.739+0000] {dag.py:4180} INFO - Setting next_dagrun for tutorial_dag to None, run_after=None
[2024-10-13T10:10:38.771+0000] {processor.py:208} INFO - Processing /home/airflow/.local/lib/python3.12/site-packages/airflow/example_dags/tutorial_dag.py took 0.122 seconds
[2024-10-13T10:11:08.992+0000] {processor.py:186} INFO - Started process (PID=551) to work on /home/airflow/.local/lib/python3.12/site-packages/airflow/example_dags/tutorial_dag.py
[2024-10-13T10:11:08.996+0000] {processor.py:914} INFO - Processing file /home/airflow/.local/lib/python3.12/site-packages/airflow/example_dags/tutorial_dag.py for tasks to queue
[2024-10-13T10:11:09.000+0000] {logging_mixin.py:190} INFO - [2024-10-13T10:11:08.999+0000] {dagbag.py:588} INFO - Filling up the DagBag from /home/airflow/.local/lib/python3.12/site-packages/airflow/example_dags/tutorial_dag.py
[2024-10-13T10:11:09.013+0000] {processor.py:925} INFO - DAG(s) 'tutorial_dag' retrieved from /home/airflow/.local/lib/python3.12/site-packages/airflow/example_dags/tutorial_dag.py
[2024-10-13T10:11:09.077+0000] {logging_mixin.py:190} INFO - [2024-10-13T10:11:09.077+0000] {dag.py:3239} INFO - Sync 1 DAGs
[2024-10-13T10:11:09.108+0000] {logging_mixin.py:190} INFO - [2024-10-13T10:11:09.107+0000] {dag.py:4180} INFO - Setting next_dagrun for tutorial_dag to None, run_after=None
[2024-10-13T10:11:09.150+0000] {processor.py:208} INFO - Processing /home/airflow/.local/lib/python3.12/site-packages/airflow/example_dags/tutorial_dag.py took 0.169 seconds
[2024-10-13T10:11:39.250+0000] {processor.py:186} INFO - Started process (PID=613) to work on /home/airflow/.local/lib/python3.12/site-packages/airflow/example_dags/tutorial_dag.py
[2024-10-13T10:11:39.251+0000] {processor.py:914} INFO - Processing file /home/airflow/.local/lib/python3.12/site-packages/airflow/example_dags/tutorial_dag.py for tasks to queue
[2024-10-13T10:11:39.255+0000] {logging_mixin.py:190} INFO - [2024-10-13T10:11:39.255+0000] {dagbag.py:588} INFO - Filling up the DagBag from /home/airflow/.local/lib/python3.12/site-packages/airflow/example_dags/tutorial_dag.py
[2024-10-13T10:11:39.268+0000] {processor.py:925} INFO - DAG(s) 'tutorial_dag' retrieved from /home/airflow/.local/lib/python3.12/site-packages/airflow/example_dags/tutorial_dag.py
[2024-10-13T10:11:39.300+0000] {logging_mixin.py:190} INFO - [2024-10-13T10:11:39.299+0000] {dag.py:3239} INFO - Sync 1 DAGs
[2024-10-13T10:11:39.329+0000] {logging_mixin.py:190} INFO - [2024-10-13T10:11:39.329+0000] {dag.py:4180} INFO - Setting next_dagrun for tutorial_dag to None, run_after=None
[2024-10-13T10:11:39.364+0000] {processor.py:208} INFO - Processing /home/airflow/.local/lib/python3.12/site-packages/airflow/example_dags/tutorial_dag.py took 0.128 seconds
[2024-10-13T10:12:10.181+0000] {processor.py:186} INFO - Started process (PID=675) to work on /home/airflow/.local/lib/python3.12/site-packages/airflow/example_dags/tutorial_dag.py
[2024-10-13T10:12:10.185+0000] {processor.py:914} INFO - Processing file /home/airflow/.local/lib/python3.12/site-packages/airflow/example_dags/tutorial_dag.py for tasks to queue
[2024-10-13T10:12:10.197+0000] {logging_mixin.py:190} INFO - [2024-10-13T10:12:10.194+0000] {dagbag.py:588} INFO - Filling up the DagBag from /home/airflow/.local/lib/python3.12/site-packages/airflow/example_dags/tutorial_dag.py
[2024-10-13T10:12:10.220+0000] {processor.py:925} INFO - DAG(s) 'tutorial_dag' retrieved from /home/airflow/.local/lib/python3.12/site-packages/airflow/example_dags/tutorial_dag.py
[2024-10-13T10:12:10.317+0000] {logging_mixin.py:190} INFO - [2024-10-13T10:12:10.317+0000] {dag.py:3239} INFO - Sync 1 DAGs
[2024-10-13T10:12:10.402+0000] {logging_mixin.py:190} INFO - [2024-10-13T10:12:10.398+0000] {dag.py:4180} INFO - Setting next_dagrun for tutorial_dag to None, run_after=None
[2024-10-13T10:12:10.486+0000] {processor.py:208} INFO - Processing /home/airflow/.local/lib/python3.12/site-packages/airflow/example_dags/tutorial_dag.py took 0.335 seconds
[2024-10-13T10:12:41.278+0000] {processor.py:186} INFO - Started process (PID=737) to work on /home/airflow/.local/lib/python3.12/site-packages/airflow/example_dags/tutorial_dag.py
[2024-10-13T10:12:41.287+0000] {processor.py:914} INFO - Processing file /home/airflow/.local/lib/python3.12/site-packages/airflow/example_dags/tutorial_dag.py for tasks to queue
[2024-10-13T10:12:41.294+0000] {logging_mixin.py:190} INFO - [2024-10-13T10:12:41.293+0000] {dagbag.py:588} INFO - Filling up the DagBag from /home/airflow/.local/lib/python3.12/site-packages/airflow/example_dags/tutorial_dag.py
[2024-10-13T10:12:41.308+0000] {processor.py:925} INFO - DAG(s) 'tutorial_dag' retrieved from /home/airflow/.local/lib/python3.12/site-packages/airflow/example_dags/tutorial_dag.py
[2024-10-13T10:12:41.357+0000] {logging_mixin.py:190} INFO - [2024-10-13T10:12:41.357+0000] {dag.py:3239} INFO - Sync 1 DAGs
[2024-10-13T10:12:41.396+0000] {logging_mixin.py:190} INFO - [2024-10-13T10:12:41.396+0000] {dag.py:4180} INFO - Setting next_dagrun for tutorial_dag to None, run_after=None
[2024-10-13T10:12:41.446+0000] {processor.py:208} INFO - Processing /home/airflow/.local/lib/python3.12/site-packages/airflow/example_dags/tutorial_dag.py took 0.181 seconds
[2024-10-13T10:13:11.656+0000] {processor.py:186} INFO - Started process (PID=799) to work on /home/airflow/.local/lib/python3.12/site-packages/airflow/example_dags/tutorial_dag.py
[2024-10-13T10:13:11.660+0000] {processor.py:914} INFO - Processing file /home/airflow/.local/lib/python3.12/site-packages/airflow/example_dags/tutorial_dag.py for tasks to queue
[2024-10-13T10:13:11.665+0000] {logging_mixin.py:190} INFO - [2024-10-13T10:13:11.665+0000] {dagbag.py:588} INFO - Filling up the DagBag from /home/airflow/.local/lib/python3.12/site-packages/airflow/example_dags/tutorial_dag.py
[2024-10-13T10:13:11.680+0000] {processor.py:925} INFO - DAG(s) 'tutorial_dag' retrieved from /home/airflow/.local/lib/python3.12/site-packages/airflow/example_dags/tutorial_dag.py
[2024-10-13T10:13:11.720+0000] {logging_mixin.py:190} INFO - [2024-10-13T10:13:11.719+0000] {dag.py:3239} INFO - Sync 1 DAGs
[2024-10-13T10:13:11.755+0000] {logging_mixin.py:190} INFO - [2024-10-13T10:13:11.755+0000] {dag.py:4180} INFO - Setting next_dagrun for tutorial_dag to None, run_after=None
[2024-10-13T10:13:11.811+0000] {processor.py:208} INFO - Processing /home/airflow/.local/lib/python3.12/site-packages/airflow/example_dags/tutorial_dag.py took 0.167 seconds
[2024-10-13T10:13:43.711+0000] {processor.py:186} INFO - Started process (PID=861) to work on /home/airflow/.local/lib/python3.12/site-packages/airflow/example_dags/tutorial_dag.py
[2024-10-13T10:13:43.714+0000] {processor.py:914} INFO - Processing file /home/airflow/.local/lib/python3.12/site-packages/airflow/example_dags/tutorial_dag.py for tasks to queue
[2024-10-13T10:13:43.721+0000] {logging_mixin.py:190} INFO - [2024-10-13T10:13:43.720+0000] {dagbag.py:588} INFO - Filling up the DagBag from /home/airflow/.local/lib/python3.12/site-packages/airflow/example_dags/tutorial_dag.py
[2024-10-13T10:13:43.735+0000] {processor.py:925} INFO - DAG(s) 'tutorial_dag' retrieved from /home/airflow/.local/lib/python3.12/site-packages/airflow/example_dags/tutorial_dag.py
[2024-10-13T10:13:43.775+0000] {logging_mixin.py:190} INFO - [2024-10-13T10:13:43.775+0000] {dag.py:3239} INFO - Sync 1 DAGs
[2024-10-13T10:13:43.808+0000] {logging_mixin.py:190} INFO - [2024-10-13T10:13:43.807+0000] {dag.py:4180} INFO - Setting next_dagrun for tutorial_dag to None, run_after=None
[2024-10-13T10:13:43.893+0000] {processor.py:208} INFO - Processing /home/airflow/.local/lib/python3.12/site-packages/airflow/example_dags/tutorial_dag.py took 0.198 seconds
[2024-10-13T10:14:14.542+0000] {processor.py:186} INFO - Started process (PID=923) to work on /home/airflow/.local/lib/python3.12/site-packages/airflow/example_dags/tutorial_dag.py
[2024-10-13T10:14:14.546+0000] {processor.py:914} INFO - Processing file /home/airflow/.local/lib/python3.12/site-packages/airflow/example_dags/tutorial_dag.py for tasks to queue
[2024-10-13T10:14:14.555+0000] {logging_mixin.py:190} INFO - [2024-10-13T10:14:14.554+0000] {dagbag.py:588} INFO - Filling up the DagBag from /home/airflow/.local/lib/python3.12/site-packages/airflow/example_dags/tutorial_dag.py
[2024-10-13T10:14:14.581+0000] {processor.py:925} INFO - DAG(s) 'tutorial_dag' retrieved from /home/airflow/.local/lib/python3.12/site-packages/airflow/example_dags/tutorial_dag.py
[2024-10-13T10:14:14.644+0000] {logging_mixin.py:190} INFO - [2024-10-13T10:14:14.643+0000] {dag.py:3239} INFO - Sync 1 DAGs
[2024-10-13T10:14:14.709+0000] {logging_mixin.py:190} INFO - [2024-10-13T10:14:14.708+0000] {dag.py:4180} INFO - Setting next_dagrun for tutorial_dag to None, run_after=None
[2024-10-13T10:14:14.782+0000] {processor.py:208} INFO - Processing /home/airflow/.local/lib/python3.12/site-packages/airflow/example_dags/tutorial_dag.py took 0.250 seconds
[2024-10-13T10:14:45.965+0000] {processor.py:186} INFO - Started process (PID=984) to work on /home/airflow/.local/lib/python3.12/site-packages/airflow/example_dags/tutorial_dag.py
[2024-10-13T10:14:45.968+0000] {processor.py:914} INFO - Processing file /home/airflow/.local/lib/python3.12/site-packages/airflow/example_dags/tutorial_dag.py for tasks to queue
[2024-10-13T10:14:45.981+0000] {logging_mixin.py:190} INFO - [2024-10-13T10:14:45.979+0000] {dagbag.py:588} INFO - Filling up the DagBag from /home/airflow/.local/lib/python3.12/site-packages/airflow/example_dags/tutorial_dag.py
[2024-10-13T10:14:46.018+0000] {processor.py:925} INFO - DAG(s) 'tutorial_dag' retrieved from /home/airflow/.local/lib/python3.12/site-packages/airflow/example_dags/tutorial_dag.py
[2024-10-13T10:14:46.063+0000] {logging_mixin.py:190} INFO - [2024-10-13T10:14:46.063+0000] {dag.py:3239} INFO - Sync 1 DAGs
[2024-10-13T10:14:46.109+0000] {logging_mixin.py:190} INFO - [2024-10-13T10:14:46.108+0000] {dag.py:4180} INFO - Setting next_dagrun for tutorial_dag to None, run_after=None
[2024-10-13T10:14:46.170+0000] {processor.py:208} INFO - Processing /home/airflow/.local/lib/python3.12/site-packages/airflow/example_dags/tutorial_dag.py took 0.221 seconds
[2024-10-13T10:15:17.333+0000] {processor.py:186} INFO - Started process (PID=1046) to work on /home/airflow/.local/lib/python3.12/site-packages/airflow/example_dags/tutorial_dag.py
[2024-10-13T10:15:17.378+0000] {processor.py:914} INFO - Processing file /home/airflow/.local/lib/python3.12/site-packages/airflow/example_dags/tutorial_dag.py for tasks to queue
[2024-10-13T10:15:17.398+0000] {logging_mixin.py:190} INFO - [2024-10-13T10:15:17.390+0000] {dagbag.py:588} INFO - Filling up the DagBag from /home/airflow/.local/lib/python3.12/site-packages/airflow/example_dags/tutorial_dag.py
[2024-10-13T10:15:17.453+0000] {processor.py:925} INFO - DAG(s) 'tutorial_dag' retrieved from /home/airflow/.local/lib/python3.12/site-packages/airflow/example_dags/tutorial_dag.py
[2024-10-13T10:15:17.796+0000] {logging_mixin.py:190} INFO - [2024-10-13T10:15:17.794+0000] {dag.py:3239} INFO - Sync 1 DAGs
[2024-10-13T10:15:18.005+0000] {logging_mixin.py:190} INFO - [2024-10-13T10:15:18.005+0000] {dag.py:4180} INFO - Setting next_dagrun for tutorial_dag to None, run_after=None
[2024-10-13T10:15:18.205+0000] {processor.py:208} INFO - Processing /home/airflow/.local/lib/python3.12/site-packages/airflow/example_dags/tutorial_dag.py took 0.913 seconds
[2024-10-13T10:15:48.471+0000] {processor.py:186} INFO - Started process (PID=1108) to work on /home/airflow/.local/lib/python3.12/site-packages/airflow/example_dags/tutorial_dag.py
[2024-10-13T10:15:48.473+0000] {processor.py:914} INFO - Processing file /home/airflow/.local/lib/python3.12/site-packages/airflow/example_dags/tutorial_dag.py for tasks to queue
[2024-10-13T10:15:48.479+0000] {logging_mixin.py:190} INFO - [2024-10-13T10:15:48.478+0000] {dagbag.py:588} INFO - Filling up the DagBag from /home/airflow/.local/lib/python3.12/site-packages/airflow/example_dags/tutorial_dag.py
[2024-10-13T10:15:48.499+0000] {processor.py:925} INFO - DAG(s) 'tutorial_dag' retrieved from /home/airflow/.local/lib/python3.12/site-packages/airflow/example_dags/tutorial_dag.py
[2024-10-13T10:15:48.554+0000] {logging_mixin.py:190} INFO - [2024-10-13T10:15:48.554+0000] {dag.py:3239} INFO - Sync 1 DAGs
[2024-10-13T10:15:48.578+0000] {logging_mixin.py:190} INFO - [2024-10-13T10:15:48.578+0000] {dag.py:4180} INFO - Setting next_dagrun for tutorial_dag to None, run_after=None
[2024-10-13T10:15:48.616+0000] {processor.py:208} INFO - Processing /home/airflow/.local/lib/python3.12/site-packages/airflow/example_dags/tutorial_dag.py took 0.157 seconds
[2024-10-13T10:16:18.900+0000] {processor.py:186} INFO - Started process (PID=1170) to work on /home/airflow/.local/lib/python3.12/site-packages/airflow/example_dags/tutorial_dag.py
[2024-10-13T10:16:18.902+0000] {processor.py:914} INFO - Processing file /home/airflow/.local/lib/python3.12/site-packages/airflow/example_dags/tutorial_dag.py for tasks to queue
[2024-10-13T10:16:18.906+0000] {logging_mixin.py:190} INFO - [2024-10-13T10:16:18.905+0000] {dagbag.py:588} INFO - Filling up the DagBag from /home/airflow/.local/lib/python3.12/site-packages/airflow/example_dags/tutorial_dag.py
[2024-10-13T10:16:18.921+0000] {processor.py:925} INFO - DAG(s) 'tutorial_dag' retrieved from /home/airflow/.local/lib/python3.12/site-packages/airflow/example_dags/tutorial_dag.py
[2024-10-13T10:16:18.958+0000] {logging_mixin.py:190} INFO - [2024-10-13T10:16:18.957+0000] {dag.py:3239} INFO - Sync 1 DAGs
[2024-10-13T10:16:18.987+0000] {logging_mixin.py:190} INFO - [2024-10-13T10:16:18.987+0000] {dag.py:4180} INFO - Setting next_dagrun for tutorial_dag to None, run_after=None
[2024-10-13T10:16:19.024+0000] {processor.py:208} INFO - Processing /home/airflow/.local/lib/python3.12/site-packages/airflow/example_dags/tutorial_dag.py took 0.135 seconds
[2024-10-13T10:16:49.668+0000] {processor.py:186} INFO - Started process (PID=1232) to work on /home/airflow/.local/lib/python3.12/site-packages/airflow/example_dags/tutorial_dag.py
[2024-10-13T10:16:49.673+0000] {processor.py:914} INFO - Processing file /home/airflow/.local/lib/python3.12/site-packages/airflow/example_dags/tutorial_dag.py for tasks to queue
[2024-10-13T10:16:49.683+0000] {logging_mixin.py:190} INFO - [2024-10-13T10:16:49.680+0000] {dagbag.py:588} INFO - Filling up the DagBag from /home/airflow/.local/lib/python3.12/site-packages/airflow/example_dags/tutorial_dag.py
[2024-10-13T10:16:49.710+0000] {processor.py:925} INFO - DAG(s) 'tutorial_dag' retrieved from /home/airflow/.local/lib/python3.12/site-packages/airflow/example_dags/tutorial_dag.py
[2024-10-13T10:16:49.768+0000] {logging_mixin.py:190} INFO - [2024-10-13T10:16:49.768+0000] {dag.py:3239} INFO - Sync 1 DAGs
[2024-10-13T10:16:49.830+0000] {logging_mixin.py:190} INFO - [2024-10-13T10:16:49.829+0000] {dag.py:4180} INFO - Setting next_dagrun for tutorial_dag to None, run_after=None
[2024-10-13T10:16:49.895+0000] {processor.py:208} INFO - Processing /home/airflow/.local/lib/python3.12/site-packages/airflow/example_dags/tutorial_dag.py took 0.243 seconds
[2024-10-13T10:17:20.736+0000] {processor.py:186} INFO - Started process (PID=1294) to work on /home/airflow/.local/lib/python3.12/site-packages/airflow/example_dags/tutorial_dag.py
[2024-10-13T10:17:20.752+0000] {processor.py:914} INFO - Processing file /home/airflow/.local/lib/python3.12/site-packages/airflow/example_dags/tutorial_dag.py for tasks to queue
[2024-10-13T10:17:20.773+0000] {logging_mixin.py:190} INFO - [2024-10-13T10:17:20.770+0000] {dagbag.py:588} INFO - Filling up the DagBag from /home/airflow/.local/lib/python3.12/site-packages/airflow/example_dags/tutorial_dag.py
[2024-10-13T10:17:20.852+0000] {processor.py:925} INFO - DAG(s) 'tutorial_dag' retrieved from /home/airflow/.local/lib/python3.12/site-packages/airflow/example_dags/tutorial_dag.py
[2024-10-13T10:17:20.937+0000] {logging_mixin.py:190} INFO - [2024-10-13T10:17:20.937+0000] {dag.py:3239} INFO - Sync 1 DAGs
[2024-10-13T10:17:20.983+0000] {logging_mixin.py:190} INFO - [2024-10-13T10:17:20.982+0000] {dag.py:4180} INFO - Setting next_dagrun for tutorial_dag to None, run_after=None
[2024-10-13T10:17:21.041+0000] {processor.py:208} INFO - Processing /home/airflow/.local/lib/python3.12/site-packages/airflow/example_dags/tutorial_dag.py took 0.343 seconds
[2024-10-13T10:17:51.140+0000] {processor.py:186} INFO - Started process (PID=1356) to work on /home/airflow/.local/lib/python3.12/site-packages/airflow/example_dags/tutorial_dag.py
[2024-10-13T10:17:51.143+0000] {processor.py:914} INFO - Processing file /home/airflow/.local/lib/python3.12/site-packages/airflow/example_dags/tutorial_dag.py for tasks to queue
[2024-10-13T10:17:51.149+0000] {logging_mixin.py:190} INFO - [2024-10-13T10:17:51.148+0000] {dagbag.py:588} INFO - Filling up the DagBag from /home/airflow/.local/lib/python3.12/site-packages/airflow/example_dags/tutorial_dag.py
[2024-10-13T10:17:51.175+0000] {processor.py:925} INFO - DAG(s) 'tutorial_dag' retrieved from /home/airflow/.local/lib/python3.12/site-packages/airflow/example_dags/tutorial_dag.py
[2024-10-13T10:17:51.255+0000] {logging_mixin.py:190} INFO - [2024-10-13T10:17:51.255+0000] {dag.py:3239} INFO - Sync 1 DAGs
[2024-10-13T10:17:51.315+0000] {logging_mixin.py:190} INFO - [2024-10-13T10:17:51.314+0000] {dag.py:4180} INFO - Setting next_dagrun for tutorial_dag to None, run_after=None
[2024-10-13T10:17:51.379+0000] {processor.py:208} INFO - Processing /home/airflow/.local/lib/python3.12/site-packages/airflow/example_dags/tutorial_dag.py took 0.260 seconds
[2024-10-13T10:18:34.928+0000] {processor.py:186} INFO - Started process (PID=1423) to work on /home/airflow/.local/lib/python3.12/site-packages/airflow/example_dags/tutorial_dag.py
[2024-10-13T10:18:34.932+0000] {processor.py:914} INFO - Processing file /home/airflow/.local/lib/python3.12/site-packages/airflow/example_dags/tutorial_dag.py for tasks to queue
[2024-10-13T10:18:34.942+0000] {logging_mixin.py:190} INFO - [2024-10-13T10:18:34.939+0000] {dagbag.py:588} INFO - Filling up the DagBag from /home/airflow/.local/lib/python3.12/site-packages/airflow/example_dags/tutorial_dag.py
[2024-10-13T10:18:34.964+0000] {processor.py:925} INFO - DAG(s) 'tutorial_dag' retrieved from /home/airflow/.local/lib/python3.12/site-packages/airflow/example_dags/tutorial_dag.py
[2024-10-13T10:18:35.283+0000] {logging_mixin.py:190} INFO - [2024-10-13T10:18:35.283+0000] {dag.py:3239} INFO - Sync 1 DAGs
[2024-10-13T10:18:35.648+0000] {logging_mixin.py:190} INFO - [2024-10-13T10:18:35.645+0000] {dag.py:4180} INFO - Setting next_dagrun for tutorial_dag to None, run_after=None
[2024-10-13T10:18:35.828+0000] {processor.py:208} INFO - Processing /home/airflow/.local/lib/python3.12/site-packages/airflow/example_dags/tutorial_dag.py took 0.928 seconds
[2024-10-13T10:19:27.403+0000] {processor.py:186} INFO - Started process (PID=1483) to work on /home/airflow/.local/lib/python3.12/site-packages/airflow/example_dags/tutorial_dag.py
[2024-10-13T10:19:27.406+0000] {processor.py:914} INFO - Processing file /home/airflow/.local/lib/python3.12/site-packages/airflow/example_dags/tutorial_dag.py for tasks to queue
[2024-10-13T10:19:27.414+0000] {logging_mixin.py:190} INFO - [2024-10-13T10:19:27.412+0000] {dagbag.py:588} INFO - Filling up the DagBag from /home/airflow/.local/lib/python3.12/site-packages/airflow/example_dags/tutorial_dag.py
[2024-10-13T10:19:27.431+0000] {processor.py:925} INFO - DAG(s) 'tutorial_dag' retrieved from /home/airflow/.local/lib/python3.12/site-packages/airflow/example_dags/tutorial_dag.py
[2024-10-13T10:19:27.485+0000] {logging_mixin.py:190} INFO - [2024-10-13T10:19:27.484+0000] {dag.py:3239} INFO - Sync 1 DAGs
[2024-10-13T10:19:27.582+0000] {logging_mixin.py:190} INFO - [2024-10-13T10:19:27.581+0000] {dag.py:4180} INFO - Setting next_dagrun for tutorial_dag to None, run_after=None
[2024-10-13T10:19:27.705+0000] {processor.py:208} INFO - Processing /home/airflow/.local/lib/python3.12/site-packages/airflow/example_dags/tutorial_dag.py took 0.319 seconds
[2024-10-13T10:19:58.613+0000] {processor.py:186} INFO - Started process (PID=1545) to work on /home/airflow/.local/lib/python3.12/site-packages/airflow/example_dags/tutorial_dag.py
[2024-10-13T10:19:58.616+0000] {processor.py:914} INFO - Processing file /home/airflow/.local/lib/python3.12/site-packages/airflow/example_dags/tutorial_dag.py for tasks to queue
[2024-10-13T10:19:58.622+0000] {logging_mixin.py:190} INFO - [2024-10-13T10:19:58.621+0000] {dagbag.py:588} INFO - Filling up the DagBag from /home/airflow/.local/lib/python3.12/site-packages/airflow/example_dags/tutorial_dag.py
[2024-10-13T10:19:58.641+0000] {processor.py:925} INFO - DAG(s) 'tutorial_dag' retrieved from /home/airflow/.local/lib/python3.12/site-packages/airflow/example_dags/tutorial_dag.py
[2024-10-13T10:19:58.701+0000] {logging_mixin.py:190} INFO - [2024-10-13T10:19:58.701+0000] {dag.py:3239} INFO - Sync 1 DAGs
[2024-10-13T10:19:58.751+0000] {logging_mixin.py:190} INFO - [2024-10-13T10:19:58.751+0000] {dag.py:4180} INFO - Setting next_dagrun for tutorial_dag to None, run_after=None
[2024-10-13T10:19:58.803+0000] {processor.py:208} INFO - Processing /home/airflow/.local/lib/python3.12/site-packages/airflow/example_dags/tutorial_dag.py took 0.207 seconds
[2024-10-13T10:20:29.337+0000] {processor.py:186} INFO - Started process (PID=1606) to work on /home/airflow/.local/lib/python3.12/site-packages/airflow/example_dags/tutorial_dag.py
[2024-10-13T10:20:29.339+0000] {processor.py:914} INFO - Processing file /home/airflow/.local/lib/python3.12/site-packages/airflow/example_dags/tutorial_dag.py for tasks to queue
[2024-10-13T10:20:29.347+0000] {logging_mixin.py:190} INFO - [2024-10-13T10:20:29.346+0000] {dagbag.py:588} INFO - Filling up the DagBag from /home/airflow/.local/lib/python3.12/site-packages/airflow/example_dags/tutorial_dag.py
[2024-10-13T10:20:29.367+0000] {processor.py:925} INFO - DAG(s) 'tutorial_dag' retrieved from /home/airflow/.local/lib/python3.12/site-packages/airflow/example_dags/tutorial_dag.py
[2024-10-13T10:20:29.417+0000] {logging_mixin.py:190} INFO - [2024-10-13T10:20:29.416+0000] {dag.py:3239} INFO - Sync 1 DAGs
[2024-10-13T10:20:29.454+0000] {logging_mixin.py:190} INFO - [2024-10-13T10:20:29.453+0000] {dag.py:4180} INFO - Setting next_dagrun for tutorial_dag to None, run_after=None
[2024-10-13T10:20:29.497+0000] {processor.py:208} INFO - Processing /home/airflow/.local/lib/python3.12/site-packages/airflow/example_dags/tutorial_dag.py took 0.174 seconds
[2024-10-13T10:21:00.536+0000] {processor.py:186} INFO - Started process (PID=1673) to work on /home/airflow/.local/lib/python3.12/site-packages/airflow/example_dags/tutorial_dag.py
[2024-10-13T10:21:00.539+0000] {processor.py:914} INFO - Processing file /home/airflow/.local/lib/python3.12/site-packages/airflow/example_dags/tutorial_dag.py for tasks to queue
[2024-10-13T10:21:00.544+0000] {logging_mixin.py:190} INFO - [2024-10-13T10:21:00.543+0000] {dagbag.py:588} INFO - Filling up the DagBag from /home/airflow/.local/lib/python3.12/site-packages/airflow/example_dags/tutorial_dag.py
[2024-10-13T10:21:00.558+0000] {processor.py:925} INFO - DAG(s) 'tutorial_dag' retrieved from /home/airflow/.local/lib/python3.12/site-packages/airflow/example_dags/tutorial_dag.py
[2024-10-13T10:21:00.600+0000] {logging_mixin.py:190} INFO - [2024-10-13T10:21:00.600+0000] {dag.py:3239} INFO - Sync 1 DAGs
[2024-10-13T10:21:00.631+0000] {logging_mixin.py:190} INFO - [2024-10-13T10:21:00.630+0000] {dag.py:4180} INFO - Setting next_dagrun for tutorial_dag to None, run_after=None
[2024-10-13T10:21:00.679+0000] {processor.py:208} INFO - Processing /home/airflow/.local/lib/python3.12/site-packages/airflow/example_dags/tutorial_dag.py took 0.154 seconds
[2024-10-13T10:21:31.794+0000] {processor.py:186} INFO - Started process (PID=1736) to work on /home/airflow/.local/lib/python3.12/site-packages/airflow/example_dags/tutorial_dag.py
[2024-10-13T10:21:31.806+0000] {processor.py:914} INFO - Processing file /home/airflow/.local/lib/python3.12/site-packages/airflow/example_dags/tutorial_dag.py for tasks to queue
[2024-10-13T10:21:31.851+0000] {logging_mixin.py:190} INFO - [2024-10-13T10:21:31.850+0000] {dagbag.py:588} INFO - Filling up the DagBag from /home/airflow/.local/lib/python3.12/site-packages/airflow/example_dags/tutorial_dag.py
[2024-10-13T10:21:31.910+0000] {processor.py:925} INFO - DAG(s) 'tutorial_dag' retrieved from /home/airflow/.local/lib/python3.12/site-packages/airflow/example_dags/tutorial_dag.py
[2024-10-13T10:21:32.194+0000] {logging_mixin.py:190} INFO - [2024-10-13T10:21:32.194+0000] {dag.py:3239} INFO - Sync 1 DAGs
[2024-10-13T10:21:32.363+0000] {logging_mixin.py:190} INFO - [2024-10-13T10:21:32.363+0000] {dag.py:4180} INFO - Setting next_dagrun for tutorial_dag to None, run_after=None
[2024-10-13T10:21:32.488+0000] {processor.py:208} INFO - Processing /home/airflow/.local/lib/python3.12/site-packages/airflow/example_dags/tutorial_dag.py took 0.747 seconds
[2024-10-13T10:22:03.193+0000] {processor.py:186} INFO - Started process (PID=1798) to work on /home/airflow/.local/lib/python3.12/site-packages/airflow/example_dags/tutorial_dag.py
[2024-10-13T10:22:03.196+0000] {processor.py:914} INFO - Processing file /home/airflow/.local/lib/python3.12/site-packages/airflow/example_dags/tutorial_dag.py for tasks to queue
[2024-10-13T10:22:03.203+0000] {logging_mixin.py:190} INFO - [2024-10-13T10:22:03.201+0000] {dagbag.py:588} INFO - Filling up the DagBag from /home/airflow/.local/lib/python3.12/site-packages/airflow/example_dags/tutorial_dag.py
[2024-10-13T10:22:03.220+0000] {processor.py:925} INFO - DAG(s) 'tutorial_dag' retrieved from /home/airflow/.local/lib/python3.12/site-packages/airflow/example_dags/tutorial_dag.py
[2024-10-13T10:22:03.260+0000] {logging_mixin.py:190} INFO - [2024-10-13T10:22:03.259+0000] {dag.py:3239} INFO - Sync 1 DAGs
[2024-10-13T10:22:03.286+0000] {logging_mixin.py:190} INFO - [2024-10-13T10:22:03.286+0000] {dag.py:4180} INFO - Setting next_dagrun for tutorial_dag to None, run_after=None
[2024-10-13T10:22:03.322+0000] {processor.py:208} INFO - Processing /home/airflow/.local/lib/python3.12/site-packages/airflow/example_dags/tutorial_dag.py took 0.143 seconds
[2024-10-13T10:22:33.464+0000] {processor.py:186} INFO - Started process (PID=1860) to work on /home/airflow/.local/lib/python3.12/site-packages/airflow/example_dags/tutorial_dag.py
[2024-10-13T10:22:33.467+0000] {processor.py:914} INFO - Processing file /home/airflow/.local/lib/python3.12/site-packages/airflow/example_dags/tutorial_dag.py for tasks to queue
[2024-10-13T10:22:33.472+0000] {logging_mixin.py:190} INFO - [2024-10-13T10:22:33.471+0000] {dagbag.py:588} INFO - Filling up the DagBag from /home/airflow/.local/lib/python3.12/site-packages/airflow/example_dags/tutorial_dag.py
[2024-10-13T10:22:33.485+0000] {processor.py:925} INFO - DAG(s) 'tutorial_dag' retrieved from /home/airflow/.local/lib/python3.12/site-packages/airflow/example_dags/tutorial_dag.py
[2024-10-13T10:22:33.528+0000] {logging_mixin.py:190} INFO - [2024-10-13T10:22:33.528+0000] {dag.py:3239} INFO - Sync 1 DAGs
[2024-10-13T10:22:33.551+0000] {logging_mixin.py:190} INFO - [2024-10-13T10:22:33.551+0000] {dag.py:4180} INFO - Setting next_dagrun for tutorial_dag to None, run_after=None
[2024-10-13T10:22:33.587+0000] {processor.py:208} INFO - Processing /home/airflow/.local/lib/python3.12/site-packages/airflow/example_dags/tutorial_dag.py took 0.133 seconds
[2024-10-13T10:23:11.640+0000] {processor.py:186} INFO - Started process (PID=1924) to work on /home/airflow/.local/lib/python3.12/site-packages/airflow/example_dags/tutorial_dag.py
[2024-10-13T10:23:11.642+0000] {processor.py:914} INFO - Processing file /home/airflow/.local/lib/python3.12/site-packages/airflow/example_dags/tutorial_dag.py for tasks to queue
[2024-10-13T10:23:11.650+0000] {logging_mixin.py:190} INFO - [2024-10-13T10:23:11.649+0000] {dagbag.py:588} INFO - Filling up the DagBag from /home/airflow/.local/lib/python3.12/site-packages/airflow/example_dags/tutorial_dag.py
[2024-10-13T10:23:11.666+0000] {processor.py:925} INFO - DAG(s) 'tutorial_dag' retrieved from /home/airflow/.local/lib/python3.12/site-packages/airflow/example_dags/tutorial_dag.py
[2024-10-13T10:23:11.722+0000] {logging_mixin.py:190} INFO - [2024-10-13T10:23:11.721+0000] {dag.py:3239} INFO - Sync 1 DAGs
[2024-10-13T10:23:11.766+0000] {logging_mixin.py:190} INFO - [2024-10-13T10:23:11.766+0000] {dag.py:4180} INFO - Setting next_dagrun for tutorial_dag to None, run_after=None
[2024-10-13T10:23:11.828+0000] {processor.py:208} INFO - Processing /home/airflow/.local/lib/python3.12/site-packages/airflow/example_dags/tutorial_dag.py took 0.201 seconds
[2024-10-13T10:24:07.628+0000] {processor.py:186} INFO - Started process (PID=1993) to work on /home/airflow/.local/lib/python3.12/site-packages/airflow/example_dags/tutorial_dag.py
[2024-10-13T10:24:07.631+0000] {processor.py:914} INFO - Processing file /home/airflow/.local/lib/python3.12/site-packages/airflow/example_dags/tutorial_dag.py for tasks to queue
[2024-10-13T10:24:07.643+0000] {logging_mixin.py:190} INFO - [2024-10-13T10:24:07.641+0000] {dagbag.py:588} INFO - Filling up the DagBag from /home/airflow/.local/lib/python3.12/site-packages/airflow/example_dags/tutorial_dag.py
[2024-10-13T10:24:07.687+0000] {processor.py:925} INFO - DAG(s) 'tutorial_dag' retrieved from /home/airflow/.local/lib/python3.12/site-packages/airflow/example_dags/tutorial_dag.py
[2024-10-13T10:24:07.767+0000] {logging_mixin.py:190} INFO - [2024-10-13T10:24:07.766+0000] {dag.py:3239} INFO - Sync 1 DAGs
[2024-10-13T10:24:07.885+0000] {logging_mixin.py:190} INFO - [2024-10-13T10:24:07.884+0000] {dag.py:4180} INFO - Setting next_dagrun for tutorial_dag to None, run_after=None
[2024-10-13T10:24:08.084+0000] {processor.py:208} INFO - Processing /home/airflow/.local/lib/python3.12/site-packages/airflow/example_dags/tutorial_dag.py took 0.549 seconds
[2024-10-13T10:24:38.461+0000] {processor.py:186} INFO - Started process (PID=2056) to work on /home/airflow/.local/lib/python3.12/site-packages/airflow/example_dags/tutorial_dag.py
[2024-10-13T10:24:38.463+0000] {processor.py:914} INFO - Processing file /home/airflow/.local/lib/python3.12/site-packages/airflow/example_dags/tutorial_dag.py for tasks to queue
[2024-10-13T10:24:38.467+0000] {logging_mixin.py:190} INFO - [2024-10-13T10:24:38.467+0000] {dagbag.py:588} INFO - Filling up the DagBag from /home/airflow/.local/lib/python3.12/site-packages/airflow/example_dags/tutorial_dag.py
[2024-10-13T10:24:38.482+0000] {processor.py:925} INFO - DAG(s) 'tutorial_dag' retrieved from /home/airflow/.local/lib/python3.12/site-packages/airflow/example_dags/tutorial_dag.py
[2024-10-13T10:24:38.520+0000] {logging_mixin.py:190} INFO - [2024-10-13T10:24:38.520+0000] {dag.py:3239} INFO - Sync 1 DAGs
[2024-10-13T10:24:38.550+0000] {logging_mixin.py:190} INFO - [2024-10-13T10:24:38.550+0000] {dag.py:4180} INFO - Setting next_dagrun for tutorial_dag to None, run_after=None
[2024-10-13T10:24:38.586+0000] {processor.py:208} INFO - Processing /home/airflow/.local/lib/python3.12/site-packages/airflow/example_dags/tutorial_dag.py took 0.143 seconds
[2024-10-13T10:25:09.388+0000] {processor.py:186} INFO - Started process (PID=2119) to work on /home/airflow/.local/lib/python3.12/site-packages/airflow/example_dags/tutorial_dag.py
[2024-10-13T10:25:09.390+0000] {processor.py:914} INFO - Processing file /home/airflow/.local/lib/python3.12/site-packages/airflow/example_dags/tutorial_dag.py for tasks to queue
[2024-10-13T10:25:09.395+0000] {logging_mixin.py:190} INFO - [2024-10-13T10:25:09.394+0000] {dagbag.py:588} INFO - Filling up the DagBag from /home/airflow/.local/lib/python3.12/site-packages/airflow/example_dags/tutorial_dag.py
[2024-10-13T10:25:09.414+0000] {processor.py:925} INFO - DAG(s) 'tutorial_dag' retrieved from /home/airflow/.local/lib/python3.12/site-packages/airflow/example_dags/tutorial_dag.py
[2024-10-13T10:25:09.464+0000] {logging_mixin.py:190} INFO - [2024-10-13T10:25:09.464+0000] {dag.py:3239} INFO - Sync 1 DAGs
[2024-10-13T10:25:09.506+0000] {logging_mixin.py:190} INFO - [2024-10-13T10:25:09.506+0000] {dag.py:4180} INFO - Setting next_dagrun for tutorial_dag to None, run_after=None
[2024-10-13T10:25:09.558+0000] {processor.py:208} INFO - Processing /home/airflow/.local/lib/python3.12/site-packages/airflow/example_dags/tutorial_dag.py took 0.185 seconds
[2024-10-13T10:25:41.576+0000] {processor.py:186} INFO - Started process (PID=2182) to work on /home/airflow/.local/lib/python3.12/site-packages/airflow/example_dags/tutorial_dag.py
[2024-10-13T10:25:41.593+0000] {processor.py:914} INFO - Processing file /home/airflow/.local/lib/python3.12/site-packages/airflow/example_dags/tutorial_dag.py for tasks to queue
[2024-10-13T10:25:41.607+0000] {logging_mixin.py:190} INFO - [2024-10-13T10:25:41.606+0000] {dagbag.py:588} INFO - Filling up the DagBag from /home/airflow/.local/lib/python3.12/site-packages/airflow/example_dags/tutorial_dag.py
[2024-10-13T10:25:41.648+0000] {processor.py:925} INFO - DAG(s) 'tutorial_dag' retrieved from /home/airflow/.local/lib/python3.12/site-packages/airflow/example_dags/tutorial_dag.py
[2024-10-13T10:25:41.723+0000] {logging_mixin.py:190} INFO - [2024-10-13T10:25:41.722+0000] {dag.py:3239} INFO - Sync 1 DAGs
[2024-10-13T10:25:41.790+0000] {logging_mixin.py:190} INFO - [2024-10-13T10:25:41.789+0000] {dag.py:4180} INFO - Setting next_dagrun for tutorial_dag to None, run_after=None
[2024-10-13T10:25:41.854+0000] {processor.py:208} INFO - Processing /home/airflow/.local/lib/python3.12/site-packages/airflow/example_dags/tutorial_dag.py took 0.306 seconds
[2024-10-13T10:26:27.824+0000] {processor.py:186} INFO - Started process (PID=2244) to work on /home/airflow/.local/lib/python3.12/site-packages/airflow/example_dags/tutorial_dag.py
[2024-10-13T10:26:27.865+0000] {processor.py:914} INFO - Processing file /home/airflow/.local/lib/python3.12/site-packages/airflow/example_dags/tutorial_dag.py for tasks to queue
[2024-10-13T10:26:27.872+0000] {logging_mixin.py:190} INFO - [2024-10-13T10:26:27.871+0000] {dagbag.py:588} INFO - Filling up the DagBag from /home/airflow/.local/lib/python3.12/site-packages/airflow/example_dags/tutorial_dag.py
[2024-10-13T10:26:27.975+0000] {processor.py:925} INFO - DAG(s) 'tutorial_dag' retrieved from /home/airflow/.local/lib/python3.12/site-packages/airflow/example_dags/tutorial_dag.py
[2024-10-13T10:26:28.246+0000] {logging_mixin.py:190} INFO - [2024-10-13T10:26:28.246+0000] {dag.py:3239} INFO - Sync 1 DAGs
[2024-10-13T10:26:28.468+0000] {logging_mixin.py:190} INFO - [2024-10-13T10:26:28.463+0000] {dag.py:4180} INFO - Setting next_dagrun for tutorial_dag to None, run_after=None
[2024-10-13T10:26:28.945+0000] {processor.py:208} INFO - Processing /home/airflow/.local/lib/python3.12/site-packages/airflow/example_dags/tutorial_dag.py took 1.175 seconds
[2024-10-13T10:28:17.494+0000] {processor.py:186} INFO - Started process (PID=2320) to work on /home/airflow/.local/lib/python3.12/site-packages/airflow/example_dags/tutorial_dag.py
[2024-10-13T10:28:17.517+0000] {processor.py:914} INFO - Processing file /home/airflow/.local/lib/python3.12/site-packages/airflow/example_dags/tutorial_dag.py for tasks to queue
[2024-10-13T10:28:17.545+0000] {logging_mixin.py:190} INFO - [2024-10-13T10:28:17.544+0000] {dagbag.py:588} INFO - Filling up the DagBag from /home/airflow/.local/lib/python3.12/site-packages/airflow/example_dags/tutorial_dag.py
[2024-10-13T10:28:17.626+0000] {processor.py:925} INFO - DAG(s) 'tutorial_dag' retrieved from /home/airflow/.local/lib/python3.12/site-packages/airflow/example_dags/tutorial_dag.py
[2024-10-13T10:28:17.851+0000] {logging_mixin.py:190} INFO - [2024-10-13T10:28:17.851+0000] {dag.py:3239} INFO - Sync 1 DAGs
[2024-10-13T10:28:18.168+0000] {logging_mixin.py:190} INFO - [2024-10-13T10:28:18.167+0000] {dag.py:4180} INFO - Setting next_dagrun for tutorial_dag to None, run_after=None
[2024-10-13T10:28:18.381+0000] {processor.py:208} INFO - Processing /home/airflow/.local/lib/python3.12/site-packages/airflow/example_dags/tutorial_dag.py took 0.968 seconds
[2024-10-13T10:28:54.575+0000] {processor.py:186} INFO - Started process (PID=2382) to work on /home/airflow/.local/lib/python3.12/site-packages/airflow/example_dags/tutorial_dag.py
[2024-10-13T10:28:54.631+0000] {processor.py:914} INFO - Processing file /home/airflow/.local/lib/python3.12/site-packages/airflow/example_dags/tutorial_dag.py for tasks to queue
[2024-10-13T10:28:54.642+0000] {logging_mixin.py:190} INFO - [2024-10-13T10:28:54.641+0000] {dagbag.py:588} INFO - Filling up the DagBag from /home/airflow/.local/lib/python3.12/site-packages/airflow/example_dags/tutorial_dag.py
[2024-10-13T10:28:54.724+0000] {processor.py:925} INFO - DAG(s) 'tutorial_dag' retrieved from /home/airflow/.local/lib/python3.12/site-packages/airflow/example_dags/tutorial_dag.py
[2024-10-13T10:28:54.940+0000] {logging_mixin.py:190} INFO - [2024-10-13T10:28:54.940+0000] {dag.py:3239} INFO - Sync 1 DAGs
[2024-10-13T10:28:55.007+0000] {logging_mixin.py:190} INFO - [2024-10-13T10:28:55.006+0000] {dag.py:4180} INFO - Setting next_dagrun for tutorial_dag to None, run_after=None
[2024-10-13T10:28:55.089+0000] {processor.py:208} INFO - Processing /home/airflow/.local/lib/python3.12/site-packages/airflow/example_dags/tutorial_dag.py took 0.627 seconds
[2024-10-13T10:29:26.302+0000] {processor.py:186} INFO - Started process (PID=2445) to work on /home/airflow/.local/lib/python3.12/site-packages/airflow/example_dags/tutorial_dag.py
[2024-10-13T10:29:26.304+0000] {processor.py:914} INFO - Processing file /home/airflow/.local/lib/python3.12/site-packages/airflow/example_dags/tutorial_dag.py for tasks to queue
[2024-10-13T10:29:26.309+0000] {logging_mixin.py:190} INFO - [2024-10-13T10:29:26.308+0000] {dagbag.py:588} INFO - Filling up the DagBag from /home/airflow/.local/lib/python3.12/site-packages/airflow/example_dags/tutorial_dag.py
[2024-10-13T10:29:26.328+0000] {processor.py:925} INFO - DAG(s) 'tutorial_dag' retrieved from /home/airflow/.local/lib/python3.12/site-packages/airflow/example_dags/tutorial_dag.py
[2024-10-13T10:29:26.370+0000] {logging_mixin.py:190} INFO - [2024-10-13T10:29:26.369+0000] {dag.py:3239} INFO - Sync 1 DAGs
[2024-10-13T10:29:26.411+0000] {logging_mixin.py:190} INFO - [2024-10-13T10:29:26.410+0000] {dag.py:4180} INFO - Setting next_dagrun for tutorial_dag to None, run_after=None
[2024-10-13T10:29:26.467+0000] {processor.py:208} INFO - Processing /home/airflow/.local/lib/python3.12/site-packages/airflow/example_dags/tutorial_dag.py took 0.176 seconds
[2024-10-13T10:30:02.602+0000] {processor.py:186} INFO - Started process (PID=2508) to work on /home/airflow/.local/lib/python3.12/site-packages/airflow/example_dags/tutorial_dag.py
[2024-10-13T10:30:02.606+0000] {processor.py:914} INFO - Processing file /home/airflow/.local/lib/python3.12/site-packages/airflow/example_dags/tutorial_dag.py for tasks to queue
[2024-10-13T10:30:02.617+0000] {logging_mixin.py:190} INFO - [2024-10-13T10:30:02.616+0000] {dagbag.py:588} INFO - Filling up the DagBag from /home/airflow/.local/lib/python3.12/site-packages/airflow/example_dags/tutorial_dag.py
[2024-10-13T10:30:02.656+0000] {processor.py:925} INFO - DAG(s) 'tutorial_dag' retrieved from /home/airflow/.local/lib/python3.12/site-packages/airflow/example_dags/tutorial_dag.py
[2024-10-13T10:30:02.735+0000] {logging_mixin.py:190} INFO - [2024-10-13T10:30:02.735+0000] {dag.py:3239} INFO - Sync 1 DAGs
[2024-10-13T10:30:02.790+0000] {logging_mixin.py:190} INFO - [2024-10-13T10:30:02.789+0000] {dag.py:4180} INFO - Setting next_dagrun for tutorial_dag to None, run_after=None
[2024-10-13T10:30:02.842+0000] {processor.py:208} INFO - Processing /home/airflow/.local/lib/python3.12/site-packages/airflow/example_dags/tutorial_dag.py took 0.258 seconds
[2024-10-13T10:30:33.926+0000] {processor.py:186} INFO - Started process (PID=2566) to work on /home/airflow/.local/lib/python3.12/site-packages/airflow/example_dags/tutorial_dag.py
[2024-10-13T10:30:33.937+0000] {processor.py:914} INFO - Processing file /home/airflow/.local/lib/python3.12/site-packages/airflow/example_dags/tutorial_dag.py for tasks to queue
[2024-10-13T10:30:33.955+0000] {logging_mixin.py:190} INFO - [2024-10-13T10:30:33.953+0000] {dagbag.py:588} INFO - Filling up the DagBag from /home/airflow/.local/lib/python3.12/site-packages/airflow/example_dags/tutorial_dag.py
[2024-10-13T10:30:33.994+0000] {processor.py:925} INFO - DAG(s) 'tutorial_dag' retrieved from /home/airflow/.local/lib/python3.12/site-packages/airflow/example_dags/tutorial_dag.py
[2024-10-13T10:30:34.132+0000] {logging_mixin.py:190} INFO - [2024-10-13T10:30:34.130+0000] {dag.py:3239} INFO - Sync 1 DAGs
[2024-10-13T10:30:34.288+0000] {logging_mixin.py:190} INFO - [2024-10-13T10:30:34.287+0000] {dag.py:4180} INFO - Setting next_dagrun for tutorial_dag to None, run_after=None
[2024-10-13T10:30:34.402+0000] {processor.py:208} INFO - Processing /home/airflow/.local/lib/python3.12/site-packages/airflow/example_dags/tutorial_dag.py took 0.497 seconds
[2024-10-13T10:31:04.955+0000] {processor.py:186} INFO - Started process (PID=2628) to work on /home/airflow/.local/lib/python3.12/site-packages/airflow/example_dags/tutorial_dag.py
[2024-10-13T10:31:04.957+0000] {processor.py:914} INFO - Processing file /home/airflow/.local/lib/python3.12/site-packages/airflow/example_dags/tutorial_dag.py for tasks to queue
[2024-10-13T10:31:04.963+0000] {logging_mixin.py:190} INFO - [2024-10-13T10:31:04.962+0000] {dagbag.py:588} INFO - Filling up the DagBag from /home/airflow/.local/lib/python3.12/site-packages/airflow/example_dags/tutorial_dag.py
[2024-10-13T10:31:04.982+0000] {processor.py:925} INFO - DAG(s) 'tutorial_dag' retrieved from /home/airflow/.local/lib/python3.12/site-packages/airflow/example_dags/tutorial_dag.py
[2024-10-13T10:31:05.041+0000] {logging_mixin.py:190} INFO - [2024-10-13T10:31:05.040+0000] {dag.py:3239} INFO - Sync 1 DAGs
[2024-10-13T10:31:05.074+0000] {logging_mixin.py:190} INFO - [2024-10-13T10:31:05.073+0000] {dag.py:4180} INFO - Setting next_dagrun for tutorial_dag to None, run_after=None
[2024-10-13T10:31:05.127+0000] {processor.py:208} INFO - Processing /home/airflow/.local/lib/python3.12/site-packages/airflow/example_dags/tutorial_dag.py took 0.188 seconds
[2024-10-13T10:31:36.648+0000] {processor.py:186} INFO - Started process (PID=2691) to work on /home/airflow/.local/lib/python3.12/site-packages/airflow/example_dags/tutorial_dag.py
[2024-10-13T10:31:36.652+0000] {processor.py:914} INFO - Processing file /home/airflow/.local/lib/python3.12/site-packages/airflow/example_dags/tutorial_dag.py for tasks to queue
[2024-10-13T10:31:36.662+0000] {logging_mixin.py:190} INFO - [2024-10-13T10:31:36.661+0000] {dagbag.py:588} INFO - Filling up the DagBag from /home/airflow/.local/lib/python3.12/site-packages/airflow/example_dags/tutorial_dag.py
[2024-10-13T10:31:36.691+0000] {processor.py:925} INFO - DAG(s) 'tutorial_dag' retrieved from /home/airflow/.local/lib/python3.12/site-packages/airflow/example_dags/tutorial_dag.py
[2024-10-13T10:31:36.746+0000] {logging_mixin.py:190} INFO - [2024-10-13T10:31:36.745+0000] {dag.py:3239} INFO - Sync 1 DAGs
[2024-10-13T10:31:36.798+0000] {logging_mixin.py:190} INFO - [2024-10-13T10:31:36.797+0000] {dag.py:4180} INFO - Setting next_dagrun for tutorial_dag to None, run_after=None
[2024-10-13T10:31:37.279+0000] {processor.py:208} INFO - Processing /home/airflow/.local/lib/python3.12/site-packages/airflow/example_dags/tutorial_dag.py took 0.648 seconds
[2024-10-13T10:33:11.498+0000] {processor.py:186} INFO - Started process (PID=2771) to work on /home/airflow/.local/lib/python3.12/site-packages/airflow/example_dags/tutorial_dag.py
[2024-10-13T10:33:11.551+0000] {processor.py:914} INFO - Processing file /home/airflow/.local/lib/python3.12/site-packages/airflow/example_dags/tutorial_dag.py for tasks to queue
[2024-10-13T10:33:12.044+0000] {logging_mixin.py:190} INFO - [2024-10-13T10:33:12.043+0000] {dagbag.py:588} INFO - Filling up the DagBag from /home/airflow/.local/lib/python3.12/site-packages/airflow/example_dags/tutorial_dag.py
[2024-10-13T10:33:12.784+0000] {processor.py:925} INFO - DAG(s) 'tutorial_dag' retrieved from /home/airflow/.local/lib/python3.12/site-packages/airflow/example_dags/tutorial_dag.py
[2024-10-13T10:33:13.764+0000] {logging_mixin.py:190} INFO - [2024-10-13T10:33:13.651+0000] {dag.py:3239} INFO - Sync 1 DAGs
[2024-10-13T10:33:31.010+0000] {logging_mixin.py:190} INFO - [2024-10-13T10:33:31.010+0000] {dag.py:4180} INFO - Setting next_dagrun for tutorial_dag to None, run_after=None
[2024-10-13T10:33:34.938+0000] {processor.py:208} INFO - Processing /home/airflow/.local/lib/python3.12/site-packages/airflow/example_dags/tutorial_dag.py took 24.168 seconds
[2024-10-13T10:35:52.095+0000] {processor.py:186} INFO - Started process (PID=2886) to work on /home/airflow/.local/lib/python3.12/site-packages/airflow/example_dags/tutorial_dag.py
[2024-10-13T10:35:52.126+0000] {processor.py:914} INFO - Processing file /home/airflow/.local/lib/python3.12/site-packages/airflow/example_dags/tutorial_dag.py for tasks to queue
[2024-10-13T10:35:52.229+0000] {logging_mixin.py:190} INFO - [2024-10-13T10:35:52.225+0000] {dagbag.py:588} INFO - Filling up the DagBag from /home/airflow/.local/lib/python3.12/site-packages/airflow/example_dags/tutorial_dag.py
[2024-10-13T10:35:52.388+0000] {processor.py:925} INFO - DAG(s) 'tutorial_dag' retrieved from /home/airflow/.local/lib/python3.12/site-packages/airflow/example_dags/tutorial_dag.py
[2024-10-13T10:35:53.462+0000] {logging_mixin.py:190} INFO - [2024-10-13T10:35:53.462+0000] {dag.py:3239} INFO - Sync 1 DAGs
[2024-10-13T10:35:53.651+0000] {logging_mixin.py:190} INFO - [2024-10-13T10:35:53.651+0000] {dag.py:4180} INFO - Setting next_dagrun for tutorial_dag to None, run_after=None
[2024-10-13T10:35:54.161+0000] {processor.py:208} INFO - Processing /home/airflow/.local/lib/python3.12/site-packages/airflow/example_dags/tutorial_dag.py took 2.311 seconds
[2024-10-13T10:39:16.229+0000] {processor.py:186} INFO - Started process (PID=2968) to work on /home/airflow/.local/lib/python3.12/site-packages/airflow/example_dags/tutorial_dag.py
[2024-10-13T10:39:16.238+0000] {processor.py:914} INFO - Processing file /home/airflow/.local/lib/python3.12/site-packages/airflow/example_dags/tutorial_dag.py for tasks to queue
[2024-10-13T10:39:16.267+0000] {logging_mixin.py:190} INFO - [2024-10-13T10:39:16.252+0000] {dagbag.py:588} INFO - Filling up the DagBag from /home/airflow/.local/lib/python3.12/site-packages/airflow/example_dags/tutorial_dag.py
[2024-10-13T10:39:16.428+0000] {processor.py:925} INFO - DAG(s) 'tutorial_dag' retrieved from /home/airflow/.local/lib/python3.12/site-packages/airflow/example_dags/tutorial_dag.py
[2024-10-13T10:39:16.842+0000] {logging_mixin.py:190} INFO - [2024-10-13T10:39:16.842+0000] {dag.py:3239} INFO - Sync 1 DAGs
[2024-10-13T10:39:17.249+0000] {logging_mixin.py:190} INFO - [2024-10-13T10:39:17.243+0000] {dag.py:4180} INFO - Setting next_dagrun for tutorial_dag to None, run_after=None
[2024-10-13T10:39:17.491+0000] {processor.py:208} INFO - Processing /home/airflow/.local/lib/python3.12/site-packages/airflow/example_dags/tutorial_dag.py took 1.343 seconds
