[2024-10-13T09:43:24.907+0000] {processor.py:186} INFO - Started process (PID=52) to work on /home/airflow/.local/lib/python3.12/site-packages/airflow/example_dags/tutorial.py
[2024-10-13T09:43:24.912+0000] {processor.py:914} INFO - Processing file /home/airflow/.local/lib/python3.12/site-packages/airflow/example_dags/tutorial.py for tasks to queue
[2024-10-13T09:43:24.927+0000] {logging_mixin.py:190} INFO - [2024-10-13T09:43:24.923+0000] {dagbag.py:588} INFO - Filling up the DagBag from /home/airflow/.local/lib/python3.12/site-packages/airflow/example_dags/tutorial.py
[2024-10-13T09:43:25.002+0000] {processor.py:925} INFO - DAG(s) 'tutorial' retrieved from /home/airflow/.local/lib/python3.12/site-packages/airflow/example_dags/tutorial.py
[2024-10-13T09:43:25.541+0000] {logging_mixin.py:190} INFO - [2024-10-13T09:43:25.539+0000] {override.py:1900} INFO - Created Permission View: can read on DAG:tutorial
[2024-10-13T09:43:25.596+0000] {logging_mixin.py:190} INFO - [2024-10-13T09:43:25.595+0000] {override.py:1900} INFO - Created Permission View: can delete on DAG:tutorial
[2024-10-13T09:43:25.690+0000] {logging_mixin.py:190} INFO - [2024-10-13T09:43:25.689+0000] {override.py:1900} INFO - Created Permission View: can edit on DAG:tutorial
[2024-10-13T09:43:25.805+0000] {logging_mixin.py:190} INFO - [2024-10-13T09:43:25.805+0000] {override.py:1900} INFO - Created Permission View: can create on DAG Run:tutorial
[2024-10-13T09:43:25.913+0000] {logging_mixin.py:190} INFO - [2024-10-13T09:43:25.913+0000] {override.py:1900} INFO - Created Permission View: menu access on DAG Run:tutorial
[2024-10-13T09:43:25.976+0000] {logging_mixin.py:190} INFO - [2024-10-13T09:43:25.975+0000] {override.py:1900} INFO - Created Permission View: can read on DAG Run:tutorial
[2024-10-13T09:43:26.047+0000] {logging_mixin.py:190} INFO - [2024-10-13T09:43:26.047+0000] {override.py:1900} INFO - Created Permission View: can delete on DAG Run:tutorial
[2024-10-13T09:43:26.059+0000] {logging_mixin.py:190} INFO - [2024-10-13T09:43:26.054+0000] {dag.py:3239} INFO - Sync 1 DAGs
[2024-10-13T09:43:26.291+0000] {logging_mixin.py:190} INFO - [2024-10-13T09:43:26.291+0000] {dag.py:3262} INFO - Creating ORM DAG for tutorial
[2024-10-13T09:43:26.432+0000] {logging_mixin.py:190} INFO - [2024-10-13T09:43:26.432+0000] {dag.py:4180} INFO - Setting next_dagrun for tutorial to 2024-10-12 00:00:00+00:00, run_after=2024-10-13 00:00:00+00:00
[2024-10-13T09:43:26.552+0000] {processor.py:208} INFO - Processing /home/airflow/.local/lib/python3.12/site-packages/airflow/example_dags/tutorial.py took 1.691 seconds
[2024-10-13T09:45:06.315+0000] {processor.py:186} INFO - Started process (PID=124) to work on /home/airflow/.local/lib/python3.12/site-packages/airflow/example_dags/tutorial.py
[2024-10-13T09:45:06.316+0000] {processor.py:914} INFO - Processing file /home/airflow/.local/lib/python3.12/site-packages/airflow/example_dags/tutorial.py for tasks to queue
[2024-10-13T09:45:06.323+0000] {logging_mixin.py:190} INFO - [2024-10-13T09:45:06.323+0000] {dagbag.py:588} INFO - Filling up the DagBag from /home/airflow/.local/lib/python3.12/site-packages/airflow/example_dags/tutorial.py
[2024-10-13T09:45:06.346+0000] {processor.py:925} INFO - DAG(s) 'tutorial' retrieved from /home/airflow/.local/lib/python3.12/site-packages/airflow/example_dags/tutorial.py
[2024-10-13T09:45:06.400+0000] {logging_mixin.py:190} INFO - [2024-10-13T09:45:06.399+0000] {dag.py:3239} INFO - Sync 1 DAGs
[2024-10-13T09:45:06.495+0000] {logging_mixin.py:190} INFO - [2024-10-13T09:45:06.494+0000] {dag.py:4180} INFO - Setting next_dagrun for tutorial to 2024-10-12 00:00:00+00:00, run_after=2024-10-13 00:00:00+00:00
[2024-10-13T09:45:06.552+0000] {processor.py:208} INFO - Processing /home/airflow/.local/lib/python3.12/site-packages/airflow/example_dags/tutorial.py took 0.253 seconds
[2024-10-13T09:45:41.821+0000] {processor.py:186} INFO - Started process (PID=185) to work on /home/airflow/.local/lib/python3.12/site-packages/airflow/example_dags/tutorial.py
[2024-10-13T09:45:41.823+0000] {processor.py:914} INFO - Processing file /home/airflow/.local/lib/python3.12/site-packages/airflow/example_dags/tutorial.py for tasks to queue
[2024-10-13T09:45:41.831+0000] {logging_mixin.py:190} INFO - [2024-10-13T09:45:41.830+0000] {dagbag.py:588} INFO - Filling up the DagBag from /home/airflow/.local/lib/python3.12/site-packages/airflow/example_dags/tutorial.py
[2024-10-13T09:45:41.856+0000] {processor.py:925} INFO - DAG(s) 'tutorial' retrieved from /home/airflow/.local/lib/python3.12/site-packages/airflow/example_dags/tutorial.py
[2024-10-13T09:45:41.903+0000] {logging_mixin.py:190} INFO - [2024-10-13T09:45:41.902+0000] {dag.py:3239} INFO - Sync 1 DAGs
[2024-10-13T09:45:41.975+0000] {logging_mixin.py:190} INFO - [2024-10-13T09:45:41.975+0000] {dag.py:4180} INFO - Setting next_dagrun for tutorial to 2024-10-12 00:00:00+00:00, run_after=2024-10-13 00:00:00+00:00
[2024-10-13T09:45:42.023+0000] {processor.py:208} INFO - Processing /home/airflow/.local/lib/python3.12/site-packages/airflow/example_dags/tutorial.py took 0.221 seconds
[2024-10-13T09:46:14.302+0000] {processor.py:186} INFO - Started process (PID=247) to work on /home/airflow/.local/lib/python3.12/site-packages/airflow/example_dags/tutorial.py
[2024-10-13T09:46:14.309+0000] {processor.py:914} INFO - Processing file /home/airflow/.local/lib/python3.12/site-packages/airflow/example_dags/tutorial.py for tasks to queue
[2024-10-13T09:46:14.318+0000] {logging_mixin.py:190} INFO - [2024-10-13T09:46:14.318+0000] {dagbag.py:588} INFO - Filling up the DagBag from /home/airflow/.local/lib/python3.12/site-packages/airflow/example_dags/tutorial.py
[2024-10-13T09:46:14.384+0000] {processor.py:925} INFO - DAG(s) 'tutorial' retrieved from /home/airflow/.local/lib/python3.12/site-packages/airflow/example_dags/tutorial.py
[2024-10-13T09:46:14.496+0000] {logging_mixin.py:190} INFO - [2024-10-13T09:46:14.495+0000] {dag.py:3239} INFO - Sync 1 DAGs
[2024-10-13T09:46:14.595+0000] {logging_mixin.py:190} INFO - [2024-10-13T09:46:14.594+0000] {dag.py:4180} INFO - Setting next_dagrun for tutorial to 2024-10-12 00:00:00+00:00, run_after=2024-10-13 00:00:00+00:00
[2024-10-13T09:46:14.714+0000] {processor.py:208} INFO - Processing /home/airflow/.local/lib/python3.12/site-packages/airflow/example_dags/tutorial.py took 0.439 seconds
[2024-10-13T09:46:45.301+0000] {processor.py:186} INFO - Started process (PID=309) to work on /home/airflow/.local/lib/python3.12/site-packages/airflow/example_dags/tutorial.py
[2024-10-13T09:46:45.304+0000] {processor.py:914} INFO - Processing file /home/airflow/.local/lib/python3.12/site-packages/airflow/example_dags/tutorial.py for tasks to queue
[2024-10-13T09:46:45.310+0000] {logging_mixin.py:190} INFO - [2024-10-13T09:46:45.309+0000] {dagbag.py:588} INFO - Filling up the DagBag from /home/airflow/.local/lib/python3.12/site-packages/airflow/example_dags/tutorial.py
[2024-10-13T09:46:45.325+0000] {processor.py:925} INFO - DAG(s) 'tutorial' retrieved from /home/airflow/.local/lib/python3.12/site-packages/airflow/example_dags/tutorial.py
[2024-10-13T09:46:45.362+0000] {logging_mixin.py:190} INFO - [2024-10-13T09:46:45.362+0000] {dag.py:3239} INFO - Sync 1 DAGs
[2024-10-13T09:46:45.409+0000] {logging_mixin.py:190} INFO - [2024-10-13T09:46:45.409+0000] {dag.py:4180} INFO - Setting next_dagrun for tutorial to 2024-10-12 00:00:00+00:00, run_after=2024-10-13 00:00:00+00:00
[2024-10-13T09:46:45.449+0000] {processor.py:208} INFO - Processing /home/airflow/.local/lib/python3.12/site-packages/airflow/example_dags/tutorial.py took 0.161 seconds
[2024-10-13T09:47:16.599+0000] {processor.py:186} INFO - Started process (PID=370) to work on /home/airflow/.local/lib/python3.12/site-packages/airflow/example_dags/tutorial.py
[2024-10-13T09:47:16.602+0000] {processor.py:914} INFO - Processing file /home/airflow/.local/lib/python3.12/site-packages/airflow/example_dags/tutorial.py for tasks to queue
[2024-10-13T09:47:16.608+0000] {logging_mixin.py:190} INFO - [2024-10-13T09:47:16.607+0000] {dagbag.py:588} INFO - Filling up the DagBag from /home/airflow/.local/lib/python3.12/site-packages/airflow/example_dags/tutorial.py
[2024-10-13T09:47:16.623+0000] {processor.py:925} INFO - DAG(s) 'tutorial' retrieved from /home/airflow/.local/lib/python3.12/site-packages/airflow/example_dags/tutorial.py
[2024-10-13T09:47:16.664+0000] {logging_mixin.py:190} INFO - [2024-10-13T09:47:16.664+0000] {dag.py:3239} INFO - Sync 1 DAGs
[2024-10-13T09:47:16.805+0000] {logging_mixin.py:190} INFO - [2024-10-13T09:47:16.805+0000] {dag.py:4180} INFO - Setting next_dagrun for tutorial to 2024-10-12 00:00:00+00:00, run_after=2024-10-13 00:00:00+00:00
[2024-10-13T09:47:16.860+0000] {processor.py:208} INFO - Processing /home/airflow/.local/lib/python3.12/site-packages/airflow/example_dags/tutorial.py took 0.272 seconds
[2024-10-13T09:47:47.663+0000] {processor.py:186} INFO - Started process (PID=432) to work on /home/airflow/.local/lib/python3.12/site-packages/airflow/example_dags/tutorial.py
[2024-10-13T09:47:47.665+0000] {processor.py:914} INFO - Processing file /home/airflow/.local/lib/python3.12/site-packages/airflow/example_dags/tutorial.py for tasks to queue
[2024-10-13T09:47:47.670+0000] {logging_mixin.py:190} INFO - [2024-10-13T09:47:47.669+0000] {dagbag.py:588} INFO - Filling up the DagBag from /home/airflow/.local/lib/python3.12/site-packages/airflow/example_dags/tutorial.py
[2024-10-13T09:47:47.686+0000] {processor.py:925} INFO - DAG(s) 'tutorial' retrieved from /home/airflow/.local/lib/python3.12/site-packages/airflow/example_dags/tutorial.py
[2024-10-13T09:47:47.736+0000] {logging_mixin.py:190} INFO - [2024-10-13T09:47:47.735+0000] {dag.py:3239} INFO - Sync 1 DAGs
[2024-10-13T09:47:47.800+0000] {logging_mixin.py:190} INFO - [2024-10-13T09:47:47.800+0000] {dag.py:4180} INFO - Setting next_dagrun for tutorial to 2024-10-12 00:00:00+00:00, run_after=2024-10-13 00:00:00+00:00
[2024-10-13T09:47:47.842+0000] {processor.py:208} INFO - Processing /home/airflow/.local/lib/python3.12/site-packages/airflow/example_dags/tutorial.py took 0.192 seconds
[2024-10-13T09:48:18.200+0000] {processor.py:186} INFO - Started process (PID=493) to work on /home/airflow/.local/lib/python3.12/site-packages/airflow/example_dags/tutorial.py
[2024-10-13T09:48:18.202+0000] {processor.py:914} INFO - Processing file /home/airflow/.local/lib/python3.12/site-packages/airflow/example_dags/tutorial.py for tasks to queue
[2024-10-13T09:48:18.208+0000] {logging_mixin.py:190} INFO - [2024-10-13T09:48:18.207+0000] {dagbag.py:588} INFO - Filling up the DagBag from /home/airflow/.local/lib/python3.12/site-packages/airflow/example_dags/tutorial.py
[2024-10-13T09:48:18.221+0000] {processor.py:925} INFO - DAG(s) 'tutorial' retrieved from /home/airflow/.local/lib/python3.12/site-packages/airflow/example_dags/tutorial.py
[2024-10-13T09:48:18.257+0000] {logging_mixin.py:190} INFO - [2024-10-13T09:48:18.257+0000] {dag.py:3239} INFO - Sync 1 DAGs
[2024-10-13T09:48:18.301+0000] {logging_mixin.py:190} INFO - [2024-10-13T09:48:18.301+0000] {dag.py:4180} INFO - Setting next_dagrun for tutorial to 2024-10-12 00:00:00+00:00, run_after=2024-10-13 00:00:00+00:00
[2024-10-13T09:48:18.347+0000] {processor.py:208} INFO - Processing /home/airflow/.local/lib/python3.12/site-packages/airflow/example_dags/tutorial.py took 0.158 seconds
[2024-10-13T09:48:48.519+0000] {processor.py:186} INFO - Started process (PID=554) to work on /home/airflow/.local/lib/python3.12/site-packages/airflow/example_dags/tutorial.py
[2024-10-13T09:48:48.524+0000] {processor.py:914} INFO - Processing file /home/airflow/.local/lib/python3.12/site-packages/airflow/example_dags/tutorial.py for tasks to queue
[2024-10-13T09:48:48.528+0000] {logging_mixin.py:190} INFO - [2024-10-13T09:48:48.527+0000] {dagbag.py:588} INFO - Filling up the DagBag from /home/airflow/.local/lib/python3.12/site-packages/airflow/example_dags/tutorial.py
[2024-10-13T09:48:48.541+0000] {processor.py:925} INFO - DAG(s) 'tutorial' retrieved from /home/airflow/.local/lib/python3.12/site-packages/airflow/example_dags/tutorial.py
[2024-10-13T09:48:48.577+0000] {logging_mixin.py:190} INFO - [2024-10-13T09:48:48.576+0000] {dag.py:3239} INFO - Sync 1 DAGs
[2024-10-13T09:48:48.615+0000] {logging_mixin.py:190} INFO - [2024-10-13T09:48:48.615+0000] {dag.py:4180} INFO - Setting next_dagrun for tutorial to 2024-10-12 00:00:00+00:00, run_after=2024-10-13 00:00:00+00:00
[2024-10-13T09:48:48.649+0000] {processor.py:208} INFO - Processing /home/airflow/.local/lib/python3.12/site-packages/airflow/example_dags/tutorial.py took 0.143 seconds
[2024-10-13T09:49:19.668+0000] {processor.py:186} INFO - Started process (PID=617) to work on /home/airflow/.local/lib/python3.12/site-packages/airflow/example_dags/tutorial.py
[2024-10-13T09:49:19.693+0000] {processor.py:914} INFO - Processing file /home/airflow/.local/lib/python3.12/site-packages/airflow/example_dags/tutorial.py for tasks to queue
[2024-10-13T09:49:19.778+0000] {logging_mixin.py:190} INFO - [2024-10-13T09:49:19.728+0000] {dagbag.py:588} INFO - Filling up the DagBag from /home/airflow/.local/lib/python3.12/site-packages/airflow/example_dags/tutorial.py
[2024-10-13T09:49:19.841+0000] {processor.py:925} INFO - DAG(s) 'tutorial' retrieved from /home/airflow/.local/lib/python3.12/site-packages/airflow/example_dags/tutorial.py
[2024-10-13T09:49:20.107+0000] {logging_mixin.py:190} INFO - [2024-10-13T09:49:20.106+0000] {dag.py:3239} INFO - Sync 1 DAGs
[2024-10-13T09:49:20.338+0000] {logging_mixin.py:190} INFO - [2024-10-13T09:49:20.338+0000] {dag.py:4180} INFO - Setting next_dagrun for tutorial to 2024-10-12 00:00:00+00:00, run_after=2024-10-13 00:00:00+00:00
[2024-10-13T09:49:20.484+0000] {processor.py:208} INFO - Processing /home/airflow/.local/lib/python3.12/site-packages/airflow/example_dags/tutorial.py took 0.961 seconds
[2024-10-13T09:49:50.689+0000] {processor.py:186} INFO - Started process (PID=677) to work on /home/airflow/.local/lib/python3.12/site-packages/airflow/example_dags/tutorial.py
[2024-10-13T09:49:50.696+0000] {processor.py:914} INFO - Processing file /home/airflow/.local/lib/python3.12/site-packages/airflow/example_dags/tutorial.py for tasks to queue
[2024-10-13T09:49:50.701+0000] {logging_mixin.py:190} INFO - [2024-10-13T09:49:50.701+0000] {dagbag.py:588} INFO - Filling up the DagBag from /home/airflow/.local/lib/python3.12/site-packages/airflow/example_dags/tutorial.py
[2024-10-13T09:49:50.716+0000] {processor.py:925} INFO - DAG(s) 'tutorial' retrieved from /home/airflow/.local/lib/python3.12/site-packages/airflow/example_dags/tutorial.py
[2024-10-13T09:49:50.754+0000] {logging_mixin.py:190} INFO - [2024-10-13T09:49:50.753+0000] {dag.py:3239} INFO - Sync 1 DAGs
[2024-10-13T09:49:50.797+0000] {logging_mixin.py:190} INFO - [2024-10-13T09:49:50.797+0000] {dag.py:4180} INFO - Setting next_dagrun for tutorial to 2024-10-12 00:00:00+00:00, run_after=2024-10-13 00:00:00+00:00
[2024-10-13T09:49:50.835+0000] {processor.py:208} INFO - Processing /home/airflow/.local/lib/python3.12/site-packages/airflow/example_dags/tutorial.py took 0.161 seconds
[2024-10-13T09:50:21.274+0000] {processor.py:186} INFO - Started process (PID=738) to work on /home/airflow/.local/lib/python3.12/site-packages/airflow/example_dags/tutorial.py
[2024-10-13T09:50:21.276+0000] {processor.py:914} INFO - Processing file /home/airflow/.local/lib/python3.12/site-packages/airflow/example_dags/tutorial.py for tasks to queue
[2024-10-13T09:50:21.281+0000] {logging_mixin.py:190} INFO - [2024-10-13T09:50:21.281+0000] {dagbag.py:588} INFO - Filling up the DagBag from /home/airflow/.local/lib/python3.12/site-packages/airflow/example_dags/tutorial.py
[2024-10-13T09:50:21.294+0000] {processor.py:925} INFO - DAG(s) 'tutorial' retrieved from /home/airflow/.local/lib/python3.12/site-packages/airflow/example_dags/tutorial.py
[2024-10-13T09:50:21.326+0000] {logging_mixin.py:190} INFO - [2024-10-13T09:50:21.325+0000] {dag.py:3239} INFO - Sync 1 DAGs
[2024-10-13T09:50:21.364+0000] {logging_mixin.py:190} INFO - [2024-10-13T09:50:21.363+0000] {dag.py:4180} INFO - Setting next_dagrun for tutorial to 2024-10-12 00:00:00+00:00, run_after=2024-10-13 00:00:00+00:00
[2024-10-13T09:50:21.400+0000] {processor.py:208} INFO - Processing /home/airflow/.local/lib/python3.12/site-packages/airflow/example_dags/tutorial.py took 0.136 seconds
[2024-10-13T09:50:52.013+0000] {processor.py:186} INFO - Started process (PID=800) to work on /home/airflow/.local/lib/python3.12/site-packages/airflow/example_dags/tutorial.py
[2024-10-13T09:50:52.015+0000] {processor.py:914} INFO - Processing file /home/airflow/.local/lib/python3.12/site-packages/airflow/example_dags/tutorial.py for tasks to queue
[2024-10-13T09:50:52.020+0000] {logging_mixin.py:190} INFO - [2024-10-13T09:50:52.019+0000] {dagbag.py:588} INFO - Filling up the DagBag from /home/airflow/.local/lib/python3.12/site-packages/airflow/example_dags/tutorial.py
[2024-10-13T09:50:52.032+0000] {processor.py:925} INFO - DAG(s) 'tutorial' retrieved from /home/airflow/.local/lib/python3.12/site-packages/airflow/example_dags/tutorial.py
[2024-10-13T09:50:52.065+0000] {logging_mixin.py:190} INFO - [2024-10-13T09:50:52.064+0000] {dag.py:3239} INFO - Sync 1 DAGs
[2024-10-13T09:50:52.116+0000] {logging_mixin.py:190} INFO - [2024-10-13T09:50:52.116+0000] {dag.py:4180} INFO - Setting next_dagrun for tutorial to 2024-10-12 00:00:00+00:00, run_after=2024-10-13 00:00:00+00:00
[2024-10-13T09:50:52.151+0000] {processor.py:208} INFO - Processing /home/airflow/.local/lib/python3.12/site-packages/airflow/example_dags/tutorial.py took 0.148 seconds
[2024-10-13T09:51:22.816+0000] {processor.py:186} INFO - Started process (PID=862) to work on /home/airflow/.local/lib/python3.12/site-packages/airflow/example_dags/tutorial.py
[2024-10-13T09:51:22.817+0000] {processor.py:914} INFO - Processing file /home/airflow/.local/lib/python3.12/site-packages/airflow/example_dags/tutorial.py for tasks to queue
[2024-10-13T09:51:22.823+0000] {logging_mixin.py:190} INFO - [2024-10-13T09:51:22.822+0000] {dagbag.py:588} INFO - Filling up the DagBag from /home/airflow/.local/lib/python3.12/site-packages/airflow/example_dags/tutorial.py
[2024-10-13T09:51:22.846+0000] {processor.py:925} INFO - DAG(s) 'tutorial' retrieved from /home/airflow/.local/lib/python3.12/site-packages/airflow/example_dags/tutorial.py
[2024-10-13T09:51:22.886+0000] {logging_mixin.py:190} INFO - [2024-10-13T09:51:22.885+0000] {dag.py:3239} INFO - Sync 1 DAGs
[2024-10-13T09:51:22.949+0000] {logging_mixin.py:190} INFO - [2024-10-13T09:51:22.948+0000] {dag.py:4180} INFO - Setting next_dagrun for tutorial to 2024-10-12 00:00:00+00:00, run_after=2024-10-13 00:00:00+00:00
[2024-10-13T09:51:22.982+0000] {processor.py:208} INFO - Processing /home/airflow/.local/lib/python3.12/site-packages/airflow/example_dags/tutorial.py took 0.178 seconds
[2024-10-13T09:51:53.679+0000] {processor.py:186} INFO - Started process (PID=924) to work on /home/airflow/.local/lib/python3.12/site-packages/airflow/example_dags/tutorial.py
[2024-10-13T09:51:53.681+0000] {processor.py:914} INFO - Processing file /home/airflow/.local/lib/python3.12/site-packages/airflow/example_dags/tutorial.py for tasks to queue
[2024-10-13T09:51:53.685+0000] {logging_mixin.py:190} INFO - [2024-10-13T09:51:53.685+0000] {dagbag.py:588} INFO - Filling up the DagBag from /home/airflow/.local/lib/python3.12/site-packages/airflow/example_dags/tutorial.py
[2024-10-13T09:51:53.700+0000] {processor.py:925} INFO - DAG(s) 'tutorial' retrieved from /home/airflow/.local/lib/python3.12/site-packages/airflow/example_dags/tutorial.py
[2024-10-13T09:51:53.741+0000] {logging_mixin.py:190} INFO - [2024-10-13T09:51:53.740+0000] {dag.py:3239} INFO - Sync 1 DAGs
[2024-10-13T09:51:53.795+0000] {logging_mixin.py:190} INFO - [2024-10-13T09:51:53.795+0000] {dag.py:4180} INFO - Setting next_dagrun for tutorial to 2024-10-12 00:00:00+00:00, run_after=2024-10-13 00:00:00+00:00
[2024-10-13T09:51:53.841+0000] {processor.py:208} INFO - Processing /home/airflow/.local/lib/python3.12/site-packages/airflow/example_dags/tutorial.py took 0.179 seconds
[2024-10-13T09:52:24.490+0000] {processor.py:186} INFO - Started process (PID=986) to work on /home/airflow/.local/lib/python3.12/site-packages/airflow/example_dags/tutorial.py
[2024-10-13T09:52:24.493+0000] {processor.py:914} INFO - Processing file /home/airflow/.local/lib/python3.12/site-packages/airflow/example_dags/tutorial.py for tasks to queue
[2024-10-13T09:52:24.510+0000] {logging_mixin.py:190} INFO - [2024-10-13T09:52:24.509+0000] {dagbag.py:588} INFO - Filling up the DagBag from /home/airflow/.local/lib/python3.12/site-packages/airflow/example_dags/tutorial.py
[2024-10-13T09:52:24.619+0000] {processor.py:925} INFO - DAG(s) 'tutorial' retrieved from /home/airflow/.local/lib/python3.12/site-packages/airflow/example_dags/tutorial.py
[2024-10-13T09:52:24.754+0000] {logging_mixin.py:190} INFO - [2024-10-13T09:52:24.753+0000] {dag.py:3239} INFO - Sync 1 DAGs
[2024-10-13T09:52:24.897+0000] {logging_mixin.py:190} INFO - [2024-10-13T09:52:24.896+0000] {dag.py:4180} INFO - Setting next_dagrun for tutorial to 2024-10-12 00:00:00+00:00, run_after=2024-10-13 00:00:00+00:00
[2024-10-13T09:52:24.965+0000] {processor.py:208} INFO - Processing /home/airflow/.local/lib/python3.12/site-packages/airflow/example_dags/tutorial.py took 0.520 seconds
[2024-10-13T09:52:58.261+0000] {processor.py:186} INFO - Started process (PID=1048) to work on /home/airflow/.local/lib/python3.12/site-packages/airflow/example_dags/tutorial.py
[2024-10-13T09:52:58.263+0000] {processor.py:914} INFO - Processing file /home/airflow/.local/lib/python3.12/site-packages/airflow/example_dags/tutorial.py for tasks to queue
[2024-10-13T09:52:58.268+0000] {logging_mixin.py:190} INFO - [2024-10-13T09:52:58.267+0000] {dagbag.py:588} INFO - Filling up the DagBag from /home/airflow/.local/lib/python3.12/site-packages/airflow/example_dags/tutorial.py
[2024-10-13T09:52:58.283+0000] {processor.py:925} INFO - DAG(s) 'tutorial' retrieved from /home/airflow/.local/lib/python3.12/site-packages/airflow/example_dags/tutorial.py
[2024-10-13T09:52:58.322+0000] {logging_mixin.py:190} INFO - [2024-10-13T09:52:58.322+0000] {dag.py:3239} INFO - Sync 1 DAGs
[2024-10-13T09:52:58.367+0000] {logging_mixin.py:190} INFO - [2024-10-13T09:52:58.367+0000] {dag.py:4180} INFO - Setting next_dagrun for tutorial to 2024-10-12 00:00:00+00:00, run_after=2024-10-13 00:00:00+00:00
[2024-10-13T09:52:58.408+0000] {processor.py:208} INFO - Processing /home/airflow/.local/lib/python3.12/site-packages/airflow/example_dags/tutorial.py took 0.158 seconds
[2024-10-13T09:53:29.116+0000] {processor.py:186} INFO - Started process (PID=1110) to work on /home/airflow/.local/lib/python3.12/site-packages/airflow/example_dags/tutorial.py
[2024-10-13T09:53:29.118+0000] {processor.py:914} INFO - Processing file /home/airflow/.local/lib/python3.12/site-packages/airflow/example_dags/tutorial.py for tasks to queue
[2024-10-13T09:53:29.122+0000] {logging_mixin.py:190} INFO - [2024-10-13T09:53:29.121+0000] {dagbag.py:588} INFO - Filling up the DagBag from /home/airflow/.local/lib/python3.12/site-packages/airflow/example_dags/tutorial.py
[2024-10-13T09:53:29.136+0000] {processor.py:925} INFO - DAG(s) 'tutorial' retrieved from /home/airflow/.local/lib/python3.12/site-packages/airflow/example_dags/tutorial.py
[2024-10-13T09:53:29.173+0000] {logging_mixin.py:190} INFO - [2024-10-13T09:53:29.173+0000] {dag.py:3239} INFO - Sync 1 DAGs
[2024-10-13T09:53:29.230+0000] {logging_mixin.py:190} INFO - [2024-10-13T09:53:29.229+0000] {dag.py:4180} INFO - Setting next_dagrun for tutorial to 2024-10-12 00:00:00+00:00, run_after=2024-10-13 00:00:00+00:00
[2024-10-13T09:53:29.269+0000] {processor.py:208} INFO - Processing /home/airflow/.local/lib/python3.12/site-packages/airflow/example_dags/tutorial.py took 0.164 seconds
[2024-10-13T09:53:59.328+0000] {processor.py:186} INFO - Started process (PID=1171) to work on /home/airflow/.local/lib/python3.12/site-packages/airflow/example_dags/tutorial.py
[2024-10-13T09:53:59.329+0000] {processor.py:914} INFO - Processing file /home/airflow/.local/lib/python3.12/site-packages/airflow/example_dags/tutorial.py for tasks to queue
[2024-10-13T09:53:59.333+0000] {logging_mixin.py:190} INFO - [2024-10-13T09:53:59.333+0000] {dagbag.py:588} INFO - Filling up the DagBag from /home/airflow/.local/lib/python3.12/site-packages/airflow/example_dags/tutorial.py
[2024-10-13T09:53:59.350+0000] {processor.py:925} INFO - DAG(s) 'tutorial' retrieved from /home/airflow/.local/lib/python3.12/site-packages/airflow/example_dags/tutorial.py
[2024-10-13T09:53:59.387+0000] {logging_mixin.py:190} INFO - [2024-10-13T09:53:59.386+0000] {dag.py:3239} INFO - Sync 1 DAGs
[2024-10-13T09:53:59.426+0000] {logging_mixin.py:190} INFO - [2024-10-13T09:53:59.425+0000] {dag.py:4180} INFO - Setting next_dagrun for tutorial to 2024-10-12 00:00:00+00:00, run_after=2024-10-13 00:00:00+00:00
[2024-10-13T09:53:59.455+0000] {processor.py:208} INFO - Processing /home/airflow/.local/lib/python3.12/site-packages/airflow/example_dags/tutorial.py took 0.137 seconds
[2024-10-13T09:54:30.143+0000] {processor.py:186} INFO - Started process (PID=1232) to work on /home/airflow/.local/lib/python3.12/site-packages/airflow/example_dags/tutorial.py
[2024-10-13T09:54:30.146+0000] {processor.py:914} INFO - Processing file /home/airflow/.local/lib/python3.12/site-packages/airflow/example_dags/tutorial.py for tasks to queue
[2024-10-13T09:54:30.152+0000] {logging_mixin.py:190} INFO - [2024-10-13T09:54:30.151+0000] {dagbag.py:588} INFO - Filling up the DagBag from /home/airflow/.local/lib/python3.12/site-packages/airflow/example_dags/tutorial.py
[2024-10-13T09:54:30.166+0000] {processor.py:925} INFO - DAG(s) 'tutorial' retrieved from /home/airflow/.local/lib/python3.12/site-packages/airflow/example_dags/tutorial.py
[2024-10-13T09:54:30.202+0000] {logging_mixin.py:190} INFO - [2024-10-13T09:54:30.202+0000] {dag.py:3239} INFO - Sync 1 DAGs
[2024-10-13T09:54:30.244+0000] {logging_mixin.py:190} INFO - [2024-10-13T09:54:30.244+0000] {dag.py:4180} INFO - Setting next_dagrun for tutorial to 2024-10-12 00:00:00+00:00, run_after=2024-10-13 00:00:00+00:00
[2024-10-13T09:54:30.279+0000] {processor.py:208} INFO - Processing /home/airflow/.local/lib/python3.12/site-packages/airflow/example_dags/tutorial.py took 0.146 seconds
[2024-10-13T09:55:01.138+0000] {processor.py:186} INFO - Started process (PID=1294) to work on /home/airflow/.local/lib/python3.12/site-packages/airflow/example_dags/tutorial.py
[2024-10-13T09:55:01.139+0000] {processor.py:914} INFO - Processing file /home/airflow/.local/lib/python3.12/site-packages/airflow/example_dags/tutorial.py for tasks to queue
[2024-10-13T09:55:01.148+0000] {logging_mixin.py:190} INFO - [2024-10-13T09:55:01.148+0000] {dagbag.py:588} INFO - Filling up the DagBag from /home/airflow/.local/lib/python3.12/site-packages/airflow/example_dags/tutorial.py
[2024-10-13T09:55:01.164+0000] {processor.py:925} INFO - DAG(s) 'tutorial' retrieved from /home/airflow/.local/lib/python3.12/site-packages/airflow/example_dags/tutorial.py
[2024-10-13T09:55:01.204+0000] {logging_mixin.py:190} INFO - [2024-10-13T09:55:01.203+0000] {dag.py:3239} INFO - Sync 1 DAGs
[2024-10-13T09:55:01.279+0000] {logging_mixin.py:190} INFO - [2024-10-13T09:55:01.279+0000] {dag.py:4180} INFO - Setting next_dagrun for tutorial to 2024-10-12 00:00:00+00:00, run_after=2024-10-13 00:00:00+00:00
[2024-10-13T09:55:01.351+0000] {processor.py:208} INFO - Processing /home/airflow/.local/lib/python3.12/site-packages/airflow/example_dags/tutorial.py took 0.244 seconds
[2024-10-13T09:55:31.500+0000] {processor.py:186} INFO - Started process (PID=1356) to work on /home/airflow/.local/lib/python3.12/site-packages/airflow/example_dags/tutorial.py
[2024-10-13T09:55:31.502+0000] {processor.py:914} INFO - Processing file /home/airflow/.local/lib/python3.12/site-packages/airflow/example_dags/tutorial.py for tasks to queue
[2024-10-13T09:55:31.508+0000] {logging_mixin.py:190} INFO - [2024-10-13T09:55:31.507+0000] {dagbag.py:588} INFO - Filling up the DagBag from /home/airflow/.local/lib/python3.12/site-packages/airflow/example_dags/tutorial.py
[2024-10-13T09:55:31.523+0000] {processor.py:925} INFO - DAG(s) 'tutorial' retrieved from /home/airflow/.local/lib/python3.12/site-packages/airflow/example_dags/tutorial.py
[2024-10-13T09:55:31.563+0000] {logging_mixin.py:190} INFO - [2024-10-13T09:55:31.563+0000] {dag.py:3239} INFO - Sync 1 DAGs
[2024-10-13T09:55:31.610+0000] {logging_mixin.py:190} INFO - [2024-10-13T09:55:31.609+0000] {dag.py:4180} INFO - Setting next_dagrun for tutorial to 2024-10-12 00:00:00+00:00, run_after=2024-10-13 00:00:00+00:00
[2024-10-13T09:55:31.650+0000] {processor.py:208} INFO - Processing /home/airflow/.local/lib/python3.12/site-packages/airflow/example_dags/tutorial.py took 0.160 seconds
[2024-10-13T09:56:02.112+0000] {processor.py:186} INFO - Started process (PID=1418) to work on /home/airflow/.local/lib/python3.12/site-packages/airflow/example_dags/tutorial.py
[2024-10-13T09:56:02.113+0000] {processor.py:914} INFO - Processing file /home/airflow/.local/lib/python3.12/site-packages/airflow/example_dags/tutorial.py for tasks to queue
[2024-10-13T09:56:02.119+0000] {logging_mixin.py:190} INFO - [2024-10-13T09:56:02.118+0000] {dagbag.py:588} INFO - Filling up the DagBag from /home/airflow/.local/lib/python3.12/site-packages/airflow/example_dags/tutorial.py
[2024-10-13T09:56:02.132+0000] {processor.py:925} INFO - DAG(s) 'tutorial' retrieved from /home/airflow/.local/lib/python3.12/site-packages/airflow/example_dags/tutorial.py
[2024-10-13T09:56:02.167+0000] {logging_mixin.py:190} INFO - [2024-10-13T09:56:02.167+0000] {dag.py:3239} INFO - Sync 1 DAGs
[2024-10-13T09:56:02.208+0000] {logging_mixin.py:190} INFO - [2024-10-13T09:56:02.208+0000] {dag.py:4180} INFO - Setting next_dagrun for tutorial to 2024-10-12 00:00:00+00:00, run_after=2024-10-13 00:00:00+00:00
[2024-10-13T09:56:02.248+0000] {processor.py:208} INFO - Processing /home/airflow/.local/lib/python3.12/site-packages/airflow/example_dags/tutorial.py took 0.146 seconds
[2024-10-13T09:56:33.422+0000] {processor.py:186} INFO - Started process (PID=1480) to work on /home/airflow/.local/lib/python3.12/site-packages/airflow/example_dags/tutorial.py
[2024-10-13T09:56:33.424+0000] {processor.py:914} INFO - Processing file /home/airflow/.local/lib/python3.12/site-packages/airflow/example_dags/tutorial.py for tasks to queue
[2024-10-13T09:56:33.431+0000] {logging_mixin.py:190} INFO - [2024-10-13T09:56:33.430+0000] {dagbag.py:588} INFO - Filling up the DagBag from /home/airflow/.local/lib/python3.12/site-packages/airflow/example_dags/tutorial.py
[2024-10-13T09:56:33.446+0000] {processor.py:925} INFO - DAG(s) 'tutorial' retrieved from /home/airflow/.local/lib/python3.12/site-packages/airflow/example_dags/tutorial.py
[2024-10-13T09:56:33.482+0000] {logging_mixin.py:190} INFO - [2024-10-13T09:56:33.482+0000] {dag.py:3239} INFO - Sync 1 DAGs
[2024-10-13T09:56:33.522+0000] {logging_mixin.py:190} INFO - [2024-10-13T09:56:33.522+0000] {dag.py:4180} INFO - Setting next_dagrun for tutorial to 2024-10-12 00:00:00+00:00, run_after=2024-10-13 00:00:00+00:00
[2024-10-13T09:56:33.556+0000] {processor.py:208} INFO - Processing /home/airflow/.local/lib/python3.12/site-packages/airflow/example_dags/tutorial.py took 0.150 seconds
[2024-10-13T09:57:04.432+0000] {processor.py:186} INFO - Started process (PID=1541) to work on /home/airflow/.local/lib/python3.12/site-packages/airflow/example_dags/tutorial.py
[2024-10-13T09:57:04.434+0000] {processor.py:914} INFO - Processing file /home/airflow/.local/lib/python3.12/site-packages/airflow/example_dags/tutorial.py for tasks to queue
[2024-10-13T09:57:04.441+0000] {logging_mixin.py:190} INFO - [2024-10-13T09:57:04.440+0000] {dagbag.py:588} INFO - Filling up the DagBag from /home/airflow/.local/lib/python3.12/site-packages/airflow/example_dags/tutorial.py
[2024-10-13T09:57:04.455+0000] {processor.py:925} INFO - DAG(s) 'tutorial' retrieved from /home/airflow/.local/lib/python3.12/site-packages/airflow/example_dags/tutorial.py
[2024-10-13T09:57:04.488+0000] {logging_mixin.py:190} INFO - [2024-10-13T09:57:04.488+0000] {dag.py:3239} INFO - Sync 1 DAGs
[2024-10-13T09:57:04.531+0000] {logging_mixin.py:190} INFO - [2024-10-13T09:57:04.531+0000] {dag.py:4180} INFO - Setting next_dagrun for tutorial to 2024-10-12 00:00:00+00:00, run_after=2024-10-13 00:00:00+00:00
[2024-10-13T09:57:04.578+0000] {processor.py:208} INFO - Processing /home/airflow/.local/lib/python3.12/site-packages/airflow/example_dags/tutorial.py took 0.159 seconds
[2024-10-13T09:57:38.075+0000] {processor.py:186} INFO - Started process (PID=1603) to work on /home/airflow/.local/lib/python3.12/site-packages/airflow/example_dags/tutorial.py
[2024-10-13T09:57:38.077+0000] {processor.py:914} INFO - Processing file /home/airflow/.local/lib/python3.12/site-packages/airflow/example_dags/tutorial.py for tasks to queue
[2024-10-13T09:57:38.081+0000] {logging_mixin.py:190} INFO - [2024-10-13T09:57:38.081+0000] {dagbag.py:588} INFO - Filling up the DagBag from /home/airflow/.local/lib/python3.12/site-packages/airflow/example_dags/tutorial.py
[2024-10-13T09:57:38.100+0000] {processor.py:925} INFO - DAG(s) 'tutorial' retrieved from /home/airflow/.local/lib/python3.12/site-packages/airflow/example_dags/tutorial.py
[2024-10-13T09:57:38.145+0000] {logging_mixin.py:190} INFO - [2024-10-13T09:57:38.144+0000] {dag.py:3239} INFO - Sync 1 DAGs
[2024-10-13T09:57:38.199+0000] {logging_mixin.py:190} INFO - [2024-10-13T09:57:38.198+0000] {dag.py:4180} INFO - Setting next_dagrun for tutorial to 2024-10-12 00:00:00+00:00, run_after=2024-10-13 00:00:00+00:00
[2024-10-13T09:57:38.236+0000] {processor.py:208} INFO - Processing /home/airflow/.local/lib/python3.12/site-packages/airflow/example_dags/tutorial.py took 0.171 seconds
[2024-10-13T09:58:09.303+0000] {processor.py:186} INFO - Started process (PID=1663) to work on /home/airflow/.local/lib/python3.12/site-packages/airflow/example_dags/tutorial.py
[2024-10-13T09:58:09.308+0000] {processor.py:914} INFO - Processing file /home/airflow/.local/lib/python3.12/site-packages/airflow/example_dags/tutorial.py for tasks to queue
[2024-10-13T09:58:09.317+0000] {logging_mixin.py:190} INFO - [2024-10-13T09:58:09.315+0000] {dagbag.py:588} INFO - Filling up the DagBag from /home/airflow/.local/lib/python3.12/site-packages/airflow/example_dags/tutorial.py
[2024-10-13T09:58:09.358+0000] {processor.py:925} INFO - DAG(s) 'tutorial' retrieved from /home/airflow/.local/lib/python3.12/site-packages/airflow/example_dags/tutorial.py
[2024-10-13T09:58:09.476+0000] {logging_mixin.py:190} INFO - [2024-10-13T09:58:09.476+0000] {dag.py:3239} INFO - Sync 1 DAGs
[2024-10-13T09:58:09.596+0000] {logging_mixin.py:190} INFO - [2024-10-13T09:58:09.596+0000] {dag.py:4180} INFO - Setting next_dagrun for tutorial to 2024-10-12 00:00:00+00:00, run_after=2024-10-13 00:00:00+00:00
[2024-10-13T09:58:09.687+0000] {processor.py:208} INFO - Processing /home/airflow/.local/lib/python3.12/site-packages/airflow/example_dags/tutorial.py took 0.418 seconds
[2024-10-13T09:58:40.580+0000] {processor.py:186} INFO - Started process (PID=1725) to work on /home/airflow/.local/lib/python3.12/site-packages/airflow/example_dags/tutorial.py
[2024-10-13T09:58:40.589+0000] {processor.py:914} INFO - Processing file /home/airflow/.local/lib/python3.12/site-packages/airflow/example_dags/tutorial.py for tasks to queue
[2024-10-13T09:58:40.608+0000] {logging_mixin.py:190} INFO - [2024-10-13T09:58:40.606+0000] {dagbag.py:588} INFO - Filling up the DagBag from /home/airflow/.local/lib/python3.12/site-packages/airflow/example_dags/tutorial.py
[2024-10-13T09:58:40.647+0000] {processor.py:925} INFO - DAG(s) 'tutorial' retrieved from /home/airflow/.local/lib/python3.12/site-packages/airflow/example_dags/tutorial.py
[2024-10-13T09:58:40.724+0000] {logging_mixin.py:190} INFO - [2024-10-13T09:58:40.724+0000] {dag.py:3239} INFO - Sync 1 DAGs
[2024-10-13T09:58:40.774+0000] {logging_mixin.py:190} INFO - [2024-10-13T09:58:40.773+0000] {dag.py:4180} INFO - Setting next_dagrun for tutorial to 2024-10-12 00:00:00+00:00, run_after=2024-10-13 00:00:00+00:00
[2024-10-13T09:58:40.808+0000] {processor.py:208} INFO - Processing /home/airflow/.local/lib/python3.12/site-packages/airflow/example_dags/tutorial.py took 0.269 seconds
[2024-10-13T09:59:15.424+0000] {processor.py:186} INFO - Started process (PID=1777) to work on /home/airflow/.local/lib/python3.12/site-packages/airflow/example_dags/tutorial.py
[2024-10-13T09:59:15.427+0000] {processor.py:914} INFO - Processing file /home/airflow/.local/lib/python3.12/site-packages/airflow/example_dags/tutorial.py for tasks to queue
[2024-10-13T09:59:15.432+0000] {logging_mixin.py:190} INFO - [2024-10-13T09:59:15.431+0000] {dagbag.py:588} INFO - Filling up the DagBag from /home/airflow/.local/lib/python3.12/site-packages/airflow/example_dags/tutorial.py
[2024-10-13T09:59:15.457+0000] {processor.py:925} INFO - DAG(s) 'tutorial' retrieved from /home/airflow/.local/lib/python3.12/site-packages/airflow/example_dags/tutorial.py
[2024-10-13T09:59:15.514+0000] {logging_mixin.py:190} INFO - [2024-10-13T09:59:15.514+0000] {dag.py:3239} INFO - Sync 1 DAGs
[2024-10-13T09:59:15.664+0000] {logging_mixin.py:190} INFO - [2024-10-13T09:59:15.661+0000] {dag.py:4180} INFO - Setting next_dagrun for tutorial to 2024-10-12 00:00:00+00:00, run_after=2024-10-13 00:00:00+00:00
[2024-10-13T09:59:15.813+0000] {processor.py:208} INFO - Processing /home/airflow/.local/lib/python3.12/site-packages/airflow/example_dags/tutorial.py took 0.410 seconds
[2024-10-13T09:59:49.852+0000] {processor.py:186} INFO - Started process (PID=1839) to work on /home/airflow/.local/lib/python3.12/site-packages/airflow/example_dags/tutorial.py
[2024-10-13T09:59:49.854+0000] {processor.py:914} INFO - Processing file /home/airflow/.local/lib/python3.12/site-packages/airflow/example_dags/tutorial.py for tasks to queue
[2024-10-13T09:59:49.862+0000] {logging_mixin.py:190} INFO - [2024-10-13T09:59:49.861+0000] {dagbag.py:588} INFO - Filling up the DagBag from /home/airflow/.local/lib/python3.12/site-packages/airflow/example_dags/tutorial.py
[2024-10-13T09:59:49.900+0000] {processor.py:925} INFO - DAG(s) 'tutorial' retrieved from /home/airflow/.local/lib/python3.12/site-packages/airflow/example_dags/tutorial.py
[2024-10-13T09:59:49.978+0000] {logging_mixin.py:190} INFO - [2024-10-13T09:59:49.978+0000] {dag.py:3239} INFO - Sync 1 DAGs
[2024-10-13T09:59:50.066+0000] {logging_mixin.py:190} INFO - [2024-10-13T09:59:50.065+0000] {dag.py:4180} INFO - Setting next_dagrun for tutorial to 2024-10-12 00:00:00+00:00, run_after=2024-10-13 00:00:00+00:00
[2024-10-13T09:59:50.139+0000] {processor.py:208} INFO - Processing /home/airflow/.local/lib/python3.12/site-packages/airflow/example_dags/tutorial.py took 0.301 seconds
[2024-10-13T10:00:24.061+0000] {processor.py:186} INFO - Started process (PID=1877) to work on /home/airflow/.local/lib/python3.12/site-packages/airflow/example_dags/tutorial.py
[2024-10-13T10:00:24.064+0000] {processor.py:914} INFO - Processing file /home/airflow/.local/lib/python3.12/site-packages/airflow/example_dags/tutorial.py for tasks to queue
[2024-10-13T10:00:24.070+0000] {logging_mixin.py:190} INFO - [2024-10-13T10:00:24.069+0000] {dagbag.py:588} INFO - Filling up the DagBag from /home/airflow/.local/lib/python3.12/site-packages/airflow/example_dags/tutorial.py
[2024-10-13T10:00:24.111+0000] {processor.py:925} INFO - DAG(s) 'tutorial' retrieved from /home/airflow/.local/lib/python3.12/site-packages/airflow/example_dags/tutorial.py
[2024-10-13T10:00:24.180+0000] {logging_mixin.py:190} INFO - [2024-10-13T10:00:24.169+0000] {dag.py:3239} INFO - Sync 1 DAGs
[2024-10-13T10:00:24.247+0000] {logging_mixin.py:190} INFO - [2024-10-13T10:00:24.246+0000] {dag.py:4180} INFO - Setting next_dagrun for tutorial to 2024-10-12 00:00:00+00:00, run_after=2024-10-13 00:00:00+00:00
[2024-10-13T10:00:24.298+0000] {processor.py:208} INFO - Processing /home/airflow/.local/lib/python3.12/site-packages/airflow/example_dags/tutorial.py took 0.269 seconds
[2024-10-13T10:05:52.799+0000] {processor.py:186} INFO - Started process (PID=59) to work on /home/airflow/.local/lib/python3.12/site-packages/airflow/example_dags/tutorial.py
[2024-10-13T10:05:52.810+0000] {processor.py:914} INFO - Processing file /home/airflow/.local/lib/python3.12/site-packages/airflow/example_dags/tutorial.py for tasks to queue
[2024-10-13T10:05:52.851+0000] {logging_mixin.py:190} INFO - [2024-10-13T10:05:52.824+0000] {dagbag.py:588} INFO - Filling up the DagBag from /home/airflow/.local/lib/python3.12/site-packages/airflow/example_dags/tutorial.py
[2024-10-13T10:05:52.960+0000] {processor.py:925} INFO - DAG(s) 'tutorial' retrieved from /home/airflow/.local/lib/python3.12/site-packages/airflow/example_dags/tutorial.py
[2024-10-13T10:05:53.184+0000] {logging_mixin.py:190} INFO - [2024-10-13T10:05:53.183+0000] {dag.py:3239} INFO - Sync 1 DAGs
[2024-10-13T10:05:53.458+0000] {logging_mixin.py:190} INFO - [2024-10-13T10:05:53.457+0000] {dag.py:4180} INFO - Setting next_dagrun for tutorial to 2024-10-12 00:00:00+00:00, run_after=2024-10-13 00:00:00+00:00
[2024-10-13T10:05:53.685+0000] {processor.py:208} INFO - Processing /home/airflow/.local/lib/python3.12/site-packages/airflow/example_dags/tutorial.py took 0.977 seconds
[2024-10-13T10:07:02.488+0000] {processor.py:186} INFO - Started process (PID=128) to work on /home/airflow/.local/lib/python3.12/site-packages/airflow/example_dags/tutorial.py
[2024-10-13T10:07:02.519+0000] {processor.py:914} INFO - Processing file /home/airflow/.local/lib/python3.12/site-packages/airflow/example_dags/tutorial.py for tasks to queue
[2024-10-13T10:07:02.706+0000] {logging_mixin.py:190} INFO - [2024-10-13T10:07:02.687+0000] {dagbag.py:588} INFO - Filling up the DagBag from /home/airflow/.local/lib/python3.12/site-packages/airflow/example_dags/tutorial.py
[2024-10-13T10:07:03.053+0000] {processor.py:925} INFO - DAG(s) 'tutorial' retrieved from /home/airflow/.local/lib/python3.12/site-packages/airflow/example_dags/tutorial.py
[2024-10-13T10:07:03.328+0000] {logging_mixin.py:190} INFO - [2024-10-13T10:07:03.327+0000] {dag.py:3239} INFO - Sync 1 DAGs
[2024-10-13T10:07:03.765+0000] {logging_mixin.py:190} INFO - [2024-10-13T10:07:03.760+0000] {dag.py:4180} INFO - Setting next_dagrun for tutorial to 2024-10-12 00:00:00+00:00, run_after=2024-10-13 00:00:00+00:00
[2024-10-13T10:07:03.923+0000] {processor.py:208} INFO - Processing /home/airflow/.local/lib/python3.12/site-packages/airflow/example_dags/tutorial.py took 2.021 seconds
[2024-10-13T10:07:42.201+0000] {processor.py:186} INFO - Started process (PID=189) to work on /home/airflow/.local/lib/python3.12/site-packages/airflow/example_dags/tutorial.py
[2024-10-13T10:07:42.211+0000] {processor.py:914} INFO - Processing file /home/airflow/.local/lib/python3.12/site-packages/airflow/example_dags/tutorial.py for tasks to queue
[2024-10-13T10:07:42.237+0000] {logging_mixin.py:190} INFO - [2024-10-13T10:07:42.236+0000] {dagbag.py:588} INFO - Filling up the DagBag from /home/airflow/.local/lib/python3.12/site-packages/airflow/example_dags/tutorial.py
[2024-10-13T10:07:42.379+0000] {processor.py:925} INFO - DAG(s) 'tutorial' retrieved from /home/airflow/.local/lib/python3.12/site-packages/airflow/example_dags/tutorial.py
[2024-10-13T10:07:42.565+0000] {logging_mixin.py:190} INFO - [2024-10-13T10:07:42.564+0000] {dag.py:3239} INFO - Sync 1 DAGs
[2024-10-13T10:07:42.733+0000] {logging_mixin.py:190} INFO - [2024-10-13T10:07:42.732+0000] {dag.py:4180} INFO - Setting next_dagrun for tutorial to 2024-10-12 00:00:00+00:00, run_after=2024-10-13 00:00:00+00:00
[2024-10-13T10:07:42.904+0000] {processor.py:208} INFO - Processing /home/airflow/.local/lib/python3.12/site-packages/airflow/example_dags/tutorial.py took 0.762 seconds
[2024-10-13T10:08:16.197+0000] {processor.py:186} INFO - Started process (PID=251) to work on /home/airflow/.local/lib/python3.12/site-packages/airflow/example_dags/tutorial.py
[2024-10-13T10:08:16.200+0000] {processor.py:914} INFO - Processing file /home/airflow/.local/lib/python3.12/site-packages/airflow/example_dags/tutorial.py for tasks to queue
[2024-10-13T10:08:16.207+0000] {logging_mixin.py:190} INFO - [2024-10-13T10:08:16.206+0000] {dagbag.py:588} INFO - Filling up the DagBag from /home/airflow/.local/lib/python3.12/site-packages/airflow/example_dags/tutorial.py
[2024-10-13T10:08:16.232+0000] {processor.py:925} INFO - DAG(s) 'tutorial' retrieved from /home/airflow/.local/lib/python3.12/site-packages/airflow/example_dags/tutorial.py
[2024-10-13T10:08:16.305+0000] {logging_mixin.py:190} INFO - [2024-10-13T10:08:16.305+0000] {dag.py:3239} INFO - Sync 1 DAGs
[2024-10-13T10:08:16.367+0000] {logging_mixin.py:190} INFO - [2024-10-13T10:08:16.367+0000] {dag.py:4180} INFO - Setting next_dagrun for tutorial to 2024-10-12 00:00:00+00:00, run_after=2024-10-13 00:00:00+00:00
[2024-10-13T10:08:16.572+0000] {processor.py:208} INFO - Processing /home/airflow/.local/lib/python3.12/site-packages/airflow/example_dags/tutorial.py took 0.397 seconds
[2024-10-13T10:08:49.387+0000] {processor.py:186} INFO - Started process (PID=304) to work on /home/airflow/.local/lib/python3.12/site-packages/airflow/example_dags/tutorial.py
[2024-10-13T10:08:49.389+0000] {processor.py:914} INFO - Processing file /home/airflow/.local/lib/python3.12/site-packages/airflow/example_dags/tutorial.py for tasks to queue
[2024-10-13T10:08:49.395+0000] {logging_mixin.py:190} INFO - [2024-10-13T10:08:49.394+0000] {dagbag.py:588} INFO - Filling up the DagBag from /home/airflow/.local/lib/python3.12/site-packages/airflow/example_dags/tutorial.py
[2024-10-13T10:08:49.414+0000] {processor.py:925} INFO - DAG(s) 'tutorial' retrieved from /home/airflow/.local/lib/python3.12/site-packages/airflow/example_dags/tutorial.py
[2024-10-13T10:08:49.461+0000] {logging_mixin.py:190} INFO - [2024-10-13T10:08:49.460+0000] {dag.py:3239} INFO - Sync 1 DAGs
[2024-10-13T10:08:49.780+0000] {logging_mixin.py:190} INFO - [2024-10-13T10:08:49.779+0000] {dag.py:4180} INFO - Setting next_dagrun for tutorial to 2024-10-12 00:00:00+00:00, run_after=2024-10-13 00:00:00+00:00
[2024-10-13T10:08:49.949+0000] {processor.py:208} INFO - Processing /home/airflow/.local/lib/python3.12/site-packages/airflow/example_dags/tutorial.py took 0.578 seconds
[2024-10-13T10:09:32.089+0000] {processor.py:186} INFO - Started process (PID=362) to work on /home/airflow/.local/lib/python3.12/site-packages/airflow/example_dags/tutorial.py
[2024-10-13T10:09:32.093+0000] {processor.py:914} INFO - Processing file /home/airflow/.local/lib/python3.12/site-packages/airflow/example_dags/tutorial.py for tasks to queue
[2024-10-13T10:09:32.101+0000] {logging_mixin.py:190} INFO - [2024-10-13T10:09:32.101+0000] {dagbag.py:588} INFO - Filling up the DagBag from /home/airflow/.local/lib/python3.12/site-packages/airflow/example_dags/tutorial.py
[2024-10-13T10:09:32.140+0000] {processor.py:925} INFO - DAG(s) 'tutorial' retrieved from /home/airflow/.local/lib/python3.12/site-packages/airflow/example_dags/tutorial.py
[2024-10-13T10:09:32.222+0000] {logging_mixin.py:190} INFO - [2024-10-13T10:09:32.221+0000] {dag.py:3239} INFO - Sync 1 DAGs
[2024-10-13T10:09:32.334+0000] {logging_mixin.py:190} INFO - [2024-10-13T10:09:32.333+0000] {dag.py:4180} INFO - Setting next_dagrun for tutorial to 2024-10-12 00:00:00+00:00, run_after=2024-10-13 00:00:00+00:00
[2024-10-13T10:09:32.449+0000] {processor.py:208} INFO - Processing /home/airflow/.local/lib/python3.12/site-packages/airflow/example_dags/tutorial.py took 0.391 seconds
[2024-10-13T10:10:06.312+0000] {processor.py:186} INFO - Started process (PID=424) to work on /home/airflow/.local/lib/python3.12/site-packages/airflow/example_dags/tutorial.py
[2024-10-13T10:10:06.317+0000] {processor.py:914} INFO - Processing file /home/airflow/.local/lib/python3.12/site-packages/airflow/example_dags/tutorial.py for tasks to queue
[2024-10-13T10:10:06.337+0000] {logging_mixin.py:190} INFO - [2024-10-13T10:10:06.331+0000] {dagbag.py:588} INFO - Filling up the DagBag from /home/airflow/.local/lib/python3.12/site-packages/airflow/example_dags/tutorial.py
[2024-10-13T10:10:06.398+0000] {processor.py:925} INFO - DAG(s) 'tutorial' retrieved from /home/airflow/.local/lib/python3.12/site-packages/airflow/example_dags/tutorial.py
[2024-10-13T10:10:06.698+0000] {logging_mixin.py:190} INFO - [2024-10-13T10:10:06.698+0000] {dag.py:3239} INFO - Sync 1 DAGs
[2024-10-13T10:10:06.987+0000] {logging_mixin.py:190} INFO - [2024-10-13T10:10:06.986+0000] {dag.py:4180} INFO - Setting next_dagrun for tutorial to 2024-10-12 00:00:00+00:00, run_after=2024-10-13 00:00:00+00:00
[2024-10-13T10:10:07.107+0000] {processor.py:208} INFO - Processing /home/airflow/.local/lib/python3.12/site-packages/airflow/example_dags/tutorial.py took 0.866 seconds
[2024-10-13T10:10:37.441+0000] {processor.py:186} INFO - Started process (PID=486) to work on /home/airflow/.local/lib/python3.12/site-packages/airflow/example_dags/tutorial.py
[2024-10-13T10:10:37.443+0000] {processor.py:914} INFO - Processing file /home/airflow/.local/lib/python3.12/site-packages/airflow/example_dags/tutorial.py for tasks to queue
[2024-10-13T10:10:37.447+0000] {logging_mixin.py:190} INFO - [2024-10-13T10:10:37.447+0000] {dagbag.py:588} INFO - Filling up the DagBag from /home/airflow/.local/lib/python3.12/site-packages/airflow/example_dags/tutorial.py
[2024-10-13T10:10:37.462+0000] {processor.py:925} INFO - DAG(s) 'tutorial' retrieved from /home/airflow/.local/lib/python3.12/site-packages/airflow/example_dags/tutorial.py
[2024-10-13T10:10:37.496+0000] {logging_mixin.py:190} INFO - [2024-10-13T10:10:37.495+0000] {dag.py:3239} INFO - Sync 1 DAGs
[2024-10-13T10:10:37.549+0000] {logging_mixin.py:190} INFO - [2024-10-13T10:10:37.549+0000] {dag.py:4180} INFO - Setting next_dagrun for tutorial to 2024-10-12 00:00:00+00:00, run_after=2024-10-13 00:00:00+00:00
[2024-10-13T10:10:37.582+0000] {processor.py:208} INFO - Processing /home/airflow/.local/lib/python3.12/site-packages/airflow/example_dags/tutorial.py took 0.151 seconds
[2024-10-13T10:11:07.764+0000] {processor.py:186} INFO - Started process (PID=548) to work on /home/airflow/.local/lib/python3.12/site-packages/airflow/example_dags/tutorial.py
[2024-10-13T10:11:07.769+0000] {processor.py:914} INFO - Processing file /home/airflow/.local/lib/python3.12/site-packages/airflow/example_dags/tutorial.py for tasks to queue
[2024-10-13T10:11:07.774+0000] {logging_mixin.py:190} INFO - [2024-10-13T10:11:07.773+0000] {dagbag.py:588} INFO - Filling up the DagBag from /home/airflow/.local/lib/python3.12/site-packages/airflow/example_dags/tutorial.py
[2024-10-13T10:11:07.787+0000] {processor.py:925} INFO - DAG(s) 'tutorial' retrieved from /home/airflow/.local/lib/python3.12/site-packages/airflow/example_dags/tutorial.py
[2024-10-13T10:11:07.826+0000] {logging_mixin.py:190} INFO - [2024-10-13T10:11:07.825+0000] {dag.py:3239} INFO - Sync 1 DAGs
[2024-10-13T10:11:07.868+0000] {logging_mixin.py:190} INFO - [2024-10-13T10:11:07.868+0000] {dag.py:4180} INFO - Setting next_dagrun for tutorial to 2024-10-12 00:00:00+00:00, run_after=2024-10-13 00:00:00+00:00
[2024-10-13T10:11:07.910+0000] {processor.py:208} INFO - Processing /home/airflow/.local/lib/python3.12/site-packages/airflow/example_dags/tutorial.py took 0.156 seconds
[2024-10-13T10:11:38.014+0000] {processor.py:186} INFO - Started process (PID=610) to work on /home/airflow/.local/lib/python3.12/site-packages/airflow/example_dags/tutorial.py
[2024-10-13T10:11:38.016+0000] {processor.py:914} INFO - Processing file /home/airflow/.local/lib/python3.12/site-packages/airflow/example_dags/tutorial.py for tasks to queue
[2024-10-13T10:11:38.022+0000] {logging_mixin.py:190} INFO - [2024-10-13T10:11:38.022+0000] {dagbag.py:588} INFO - Filling up the DagBag from /home/airflow/.local/lib/python3.12/site-packages/airflow/example_dags/tutorial.py
[2024-10-13T10:11:38.036+0000] {processor.py:925} INFO - DAG(s) 'tutorial' retrieved from /home/airflow/.local/lib/python3.12/site-packages/airflow/example_dags/tutorial.py
[2024-10-13T10:11:38.075+0000] {logging_mixin.py:190} INFO - [2024-10-13T10:11:38.074+0000] {dag.py:3239} INFO - Sync 1 DAGs
[2024-10-13T10:11:38.134+0000] {logging_mixin.py:190} INFO - [2024-10-13T10:11:38.133+0000] {dag.py:4180} INFO - Setting next_dagrun for tutorial to 2024-10-12 00:00:00+00:00, run_after=2024-10-13 00:00:00+00:00
[2024-10-13T10:11:38.171+0000] {processor.py:208} INFO - Processing /home/airflow/.local/lib/python3.12/site-packages/airflow/example_dags/tutorial.py took 0.168 seconds
[2024-10-13T10:12:08.401+0000] {processor.py:186} INFO - Started process (PID=672) to work on /home/airflow/.local/lib/python3.12/site-packages/airflow/example_dags/tutorial.py
[2024-10-13T10:12:08.410+0000] {processor.py:914} INFO - Processing file /home/airflow/.local/lib/python3.12/site-packages/airflow/example_dags/tutorial.py for tasks to queue
[2024-10-13T10:12:08.428+0000] {logging_mixin.py:190} INFO - [2024-10-13T10:12:08.423+0000] {dagbag.py:588} INFO - Filling up the DagBag from /home/airflow/.local/lib/python3.12/site-packages/airflow/example_dags/tutorial.py
[2024-10-13T10:12:08.483+0000] {processor.py:925} INFO - DAG(s) 'tutorial' retrieved from /home/airflow/.local/lib/python3.12/site-packages/airflow/example_dags/tutorial.py
[2024-10-13T10:12:08.621+0000] {logging_mixin.py:190} INFO - [2024-10-13T10:12:08.618+0000] {dag.py:3239} INFO - Sync 1 DAGs
[2024-10-13T10:12:08.770+0000] {logging_mixin.py:190} INFO - [2024-10-13T10:12:08.770+0000] {dag.py:4180} INFO - Setting next_dagrun for tutorial to 2024-10-12 00:00:00+00:00, run_after=2024-10-13 00:00:00+00:00
[2024-10-13T10:12:08.867+0000] {processor.py:208} INFO - Processing /home/airflow/.local/lib/python3.12/site-packages/airflow/example_dags/tutorial.py took 0.519 seconds
[2024-10-13T10:12:39.624+0000] {processor.py:186} INFO - Started process (PID=734) to work on /home/airflow/.local/lib/python3.12/site-packages/airflow/example_dags/tutorial.py
[2024-10-13T10:12:39.627+0000] {processor.py:914} INFO - Processing file /home/airflow/.local/lib/python3.12/site-packages/airflow/example_dags/tutorial.py for tasks to queue
[2024-10-13T10:12:39.646+0000] {logging_mixin.py:190} INFO - [2024-10-13T10:12:39.643+0000] {dagbag.py:588} INFO - Filling up the DagBag from /home/airflow/.local/lib/python3.12/site-packages/airflow/example_dags/tutorial.py
[2024-10-13T10:12:39.664+0000] {processor.py:925} INFO - DAG(s) 'tutorial' retrieved from /home/airflow/.local/lib/python3.12/site-packages/airflow/example_dags/tutorial.py
[2024-10-13T10:12:39.737+0000] {logging_mixin.py:190} INFO - [2024-10-13T10:12:39.737+0000] {dag.py:3239} INFO - Sync 1 DAGs
[2024-10-13T10:12:39.794+0000] {logging_mixin.py:190} INFO - [2024-10-13T10:12:39.794+0000] {dag.py:4180} INFO - Setting next_dagrun for tutorial to 2024-10-12 00:00:00+00:00, run_after=2024-10-13 00:00:00+00:00
[2024-10-13T10:12:39.847+0000] {processor.py:208} INFO - Processing /home/airflow/.local/lib/python3.12/site-packages/airflow/example_dags/tutorial.py took 0.305 seconds
[2024-10-13T10:13:10.229+0000] {processor.py:186} INFO - Started process (PID=795) to work on /home/airflow/.local/lib/python3.12/site-packages/airflow/example_dags/tutorial.py
[2024-10-13T10:13:10.231+0000] {processor.py:914} INFO - Processing file /home/airflow/.local/lib/python3.12/site-packages/airflow/example_dags/tutorial.py for tasks to queue
[2024-10-13T10:13:10.239+0000] {logging_mixin.py:190} INFO - [2024-10-13T10:13:10.238+0000] {dagbag.py:588} INFO - Filling up the DagBag from /home/airflow/.local/lib/python3.12/site-packages/airflow/example_dags/tutorial.py
[2024-10-13T10:13:10.255+0000] {processor.py:925} INFO - DAG(s) 'tutorial' retrieved from /home/airflow/.local/lib/python3.12/site-packages/airflow/example_dags/tutorial.py
[2024-10-13T10:13:10.302+0000] {logging_mixin.py:190} INFO - [2024-10-13T10:13:10.301+0000] {dag.py:3239} INFO - Sync 1 DAGs
[2024-10-13T10:13:10.356+0000] {logging_mixin.py:190} INFO - [2024-10-13T10:13:10.356+0000] {dag.py:4180} INFO - Setting next_dagrun for tutorial to 2024-10-12 00:00:00+00:00, run_after=2024-10-13 00:00:00+00:00
[2024-10-13T10:13:10.398+0000] {processor.py:208} INFO - Processing /home/airflow/.local/lib/python3.12/site-packages/airflow/example_dags/tutorial.py took 0.180 seconds
[2024-10-13T10:13:43.231+0000] {processor.py:186} INFO - Started process (PID=858) to work on /home/airflow/.local/lib/python3.12/site-packages/airflow/example_dags/tutorial.py
[2024-10-13T10:13:43.233+0000] {processor.py:914} INFO - Processing file /home/airflow/.local/lib/python3.12/site-packages/airflow/example_dags/tutorial.py for tasks to queue
[2024-10-13T10:13:43.241+0000] {logging_mixin.py:190} INFO - [2024-10-13T10:13:43.240+0000] {dagbag.py:588} INFO - Filling up the DagBag from /home/airflow/.local/lib/python3.12/site-packages/airflow/example_dags/tutorial.py
[2024-10-13T10:13:43.262+0000] {processor.py:925} INFO - DAG(s) 'tutorial' retrieved from /home/airflow/.local/lib/python3.12/site-packages/airflow/example_dags/tutorial.py
[2024-10-13T10:13:43.301+0000] {logging_mixin.py:190} INFO - [2024-10-13T10:13:43.300+0000] {dag.py:3239} INFO - Sync 1 DAGs
[2024-10-13T10:13:43.347+0000] {logging_mixin.py:190} INFO - [2024-10-13T10:13:43.346+0000] {dag.py:4180} INFO - Setting next_dagrun for tutorial to 2024-10-12 00:00:00+00:00, run_after=2024-10-13 00:00:00+00:00
[2024-10-13T10:13:43.384+0000] {processor.py:208} INFO - Processing /home/airflow/.local/lib/python3.12/site-packages/airflow/example_dags/tutorial.py took 0.180 seconds
[2024-10-13T10:14:14.076+0000] {processor.py:186} INFO - Started process (PID=920) to work on /home/airflow/.local/lib/python3.12/site-packages/airflow/example_dags/tutorial.py
[2024-10-13T10:14:14.080+0000] {processor.py:914} INFO - Processing file /home/airflow/.local/lib/python3.12/site-packages/airflow/example_dags/tutorial.py for tasks to queue
[2024-10-13T10:14:14.085+0000] {logging_mixin.py:190} INFO - [2024-10-13T10:14:14.084+0000] {dagbag.py:588} INFO - Filling up the DagBag from /home/airflow/.local/lib/python3.12/site-packages/airflow/example_dags/tutorial.py
[2024-10-13T10:14:14.100+0000] {processor.py:925} INFO - DAG(s) 'tutorial' retrieved from /home/airflow/.local/lib/python3.12/site-packages/airflow/example_dags/tutorial.py
[2024-10-13T10:14:14.155+0000] {logging_mixin.py:190} INFO - [2024-10-13T10:14:14.155+0000] {dag.py:3239} INFO - Sync 1 DAGs
[2024-10-13T10:14:14.216+0000] {logging_mixin.py:190} INFO - [2024-10-13T10:14:14.216+0000] {dag.py:4180} INFO - Setting next_dagrun for tutorial to 2024-10-12 00:00:00+00:00, run_after=2024-10-13 00:00:00+00:00
[2024-10-13T10:14:14.259+0000] {processor.py:208} INFO - Processing /home/airflow/.local/lib/python3.12/site-packages/airflow/example_dags/tutorial.py took 0.196 seconds
[2024-10-13T10:14:45.006+0000] {processor.py:186} INFO - Started process (PID=981) to work on /home/airflow/.local/lib/python3.12/site-packages/airflow/example_dags/tutorial.py
[2024-10-13T10:14:45.010+0000] {processor.py:914} INFO - Processing file /home/airflow/.local/lib/python3.12/site-packages/airflow/example_dags/tutorial.py for tasks to queue
[2024-10-13T10:14:45.016+0000] {logging_mixin.py:190} INFO - [2024-10-13T10:14:45.015+0000] {dagbag.py:588} INFO - Filling up the DagBag from /home/airflow/.local/lib/python3.12/site-packages/airflow/example_dags/tutorial.py
[2024-10-13T10:14:45.048+0000] {processor.py:925} INFO - DAG(s) 'tutorial' retrieved from /home/airflow/.local/lib/python3.12/site-packages/airflow/example_dags/tutorial.py
[2024-10-13T10:14:45.107+0000] {logging_mixin.py:190} INFO - [2024-10-13T10:14:45.106+0000] {dag.py:3239} INFO - Sync 1 DAGs
[2024-10-13T10:14:45.186+0000] {logging_mixin.py:190} INFO - [2024-10-13T10:14:45.185+0000] {dag.py:4180} INFO - Setting next_dagrun for tutorial to 2024-10-12 00:00:00+00:00, run_after=2024-10-13 00:00:00+00:00
[2024-10-13T10:14:45.231+0000] {processor.py:208} INFO - Processing /home/airflow/.local/lib/python3.12/site-packages/airflow/example_dags/tutorial.py took 0.286 seconds
[2024-10-13T10:15:16.065+0000] {processor.py:186} INFO - Started process (PID=1043) to work on /home/airflow/.local/lib/python3.12/site-packages/airflow/example_dags/tutorial.py
[2024-10-13T10:15:16.067+0000] {processor.py:914} INFO - Processing file /home/airflow/.local/lib/python3.12/site-packages/airflow/example_dags/tutorial.py for tasks to queue
[2024-10-13T10:15:16.072+0000] {logging_mixin.py:190} INFO - [2024-10-13T10:15:16.071+0000] {dagbag.py:588} INFO - Filling up the DagBag from /home/airflow/.local/lib/python3.12/site-packages/airflow/example_dags/tutorial.py
[2024-10-13T10:15:16.086+0000] {processor.py:925} INFO - DAG(s) 'tutorial' retrieved from /home/airflow/.local/lib/python3.12/site-packages/airflow/example_dags/tutorial.py
[2024-10-13T10:15:16.125+0000] {logging_mixin.py:190} INFO - [2024-10-13T10:15:16.124+0000] {dag.py:3239} INFO - Sync 1 DAGs
[2024-10-13T10:15:16.177+0000] {logging_mixin.py:190} INFO - [2024-10-13T10:15:16.176+0000] {dag.py:4180} INFO - Setting next_dagrun for tutorial to 2024-10-12 00:00:00+00:00, run_after=2024-10-13 00:00:00+00:00
[2024-10-13T10:15:16.216+0000] {processor.py:208} INFO - Processing /home/airflow/.local/lib/python3.12/site-packages/airflow/example_dags/tutorial.py took 0.164 seconds
[2024-10-13T10:15:46.753+0000] {processor.py:186} INFO - Started process (PID=1104) to work on /home/airflow/.local/lib/python3.12/site-packages/airflow/example_dags/tutorial.py
[2024-10-13T10:15:46.755+0000] {processor.py:914} INFO - Processing file /home/airflow/.local/lib/python3.12/site-packages/airflow/example_dags/tutorial.py for tasks to queue
[2024-10-13T10:15:46.760+0000] {logging_mixin.py:190} INFO - [2024-10-13T10:15:46.759+0000] {dagbag.py:588} INFO - Filling up the DagBag from /home/airflow/.local/lib/python3.12/site-packages/airflow/example_dags/tutorial.py
[2024-10-13T10:15:46.887+0000] {processor.py:925} INFO - DAG(s) 'tutorial' retrieved from /home/airflow/.local/lib/python3.12/site-packages/airflow/example_dags/tutorial.py
[2024-10-13T10:15:46.971+0000] {logging_mixin.py:190} INFO - [2024-10-13T10:15:46.971+0000] {dag.py:3239} INFO - Sync 1 DAGs
[2024-10-13T10:15:47.076+0000] {logging_mixin.py:190} INFO - [2024-10-13T10:15:47.076+0000] {dag.py:4180} INFO - Setting next_dagrun for tutorial to 2024-10-12 00:00:00+00:00, run_after=2024-10-13 00:00:00+00:00
[2024-10-13T10:15:47.113+0000] {processor.py:208} INFO - Processing /home/airflow/.local/lib/python3.12/site-packages/airflow/example_dags/tutorial.py took 0.375 seconds
[2024-10-13T10:16:17.235+0000] {processor.py:186} INFO - Started process (PID=1165) to work on /home/airflow/.local/lib/python3.12/site-packages/airflow/example_dags/tutorial.py
[2024-10-13T10:16:17.240+0000] {processor.py:914} INFO - Processing file /home/airflow/.local/lib/python3.12/site-packages/airflow/example_dags/tutorial.py for tasks to queue
[2024-10-13T10:16:17.260+0000] {logging_mixin.py:190} INFO - [2024-10-13T10:16:17.255+0000] {dagbag.py:588} INFO - Filling up the DagBag from /home/airflow/.local/lib/python3.12/site-packages/airflow/example_dags/tutorial.py
[2024-10-13T10:16:17.301+0000] {processor.py:925} INFO - DAG(s) 'tutorial' retrieved from /home/airflow/.local/lib/python3.12/site-packages/airflow/example_dags/tutorial.py
[2024-10-13T10:16:17.418+0000] {logging_mixin.py:190} INFO - [2024-10-13T10:16:17.417+0000] {dag.py:3239} INFO - Sync 1 DAGs
[2024-10-13T10:16:17.510+0000] {logging_mixin.py:190} INFO - [2024-10-13T10:16:17.509+0000] {dag.py:4180} INFO - Setting next_dagrun for tutorial to 2024-10-12 00:00:00+00:00, run_after=2024-10-13 00:00:00+00:00
[2024-10-13T10:16:17.572+0000] {processor.py:208} INFO - Processing /home/airflow/.local/lib/python3.12/site-packages/airflow/example_dags/tutorial.py took 0.370 seconds
[2024-10-13T10:16:48.174+0000] {processor.py:186} INFO - Started process (PID=1227) to work on /home/airflow/.local/lib/python3.12/site-packages/airflow/example_dags/tutorial.py
[2024-10-13T10:16:48.176+0000] {processor.py:914} INFO - Processing file /home/airflow/.local/lib/python3.12/site-packages/airflow/example_dags/tutorial.py for tasks to queue
[2024-10-13T10:16:48.184+0000] {logging_mixin.py:190} INFO - [2024-10-13T10:16:48.183+0000] {dagbag.py:588} INFO - Filling up the DagBag from /home/airflow/.local/lib/python3.12/site-packages/airflow/example_dags/tutorial.py
[2024-10-13T10:16:48.210+0000] {processor.py:925} INFO - DAG(s) 'tutorial' retrieved from /home/airflow/.local/lib/python3.12/site-packages/airflow/example_dags/tutorial.py
[2024-10-13T10:16:48.281+0000] {logging_mixin.py:190} INFO - [2024-10-13T10:16:48.281+0000] {dag.py:3239} INFO - Sync 1 DAGs
[2024-10-13T10:16:48.375+0000] {logging_mixin.py:190} INFO - [2024-10-13T10:16:48.374+0000] {dag.py:4180} INFO - Setting next_dagrun for tutorial to 2024-10-12 00:00:00+00:00, run_after=2024-10-13 00:00:00+00:00
[2024-10-13T10:16:48.431+0000] {processor.py:208} INFO - Processing /home/airflow/.local/lib/python3.12/site-packages/airflow/example_dags/tutorial.py took 0.290 seconds
[2024-10-13T10:17:18.670+0000] {processor.py:186} INFO - Started process (PID=1289) to work on /home/airflow/.local/lib/python3.12/site-packages/airflow/example_dags/tutorial.py
[2024-10-13T10:17:18.676+0000] {processor.py:914} INFO - Processing file /home/airflow/.local/lib/python3.12/site-packages/airflow/example_dags/tutorial.py for tasks to queue
[2024-10-13T10:17:18.681+0000] {logging_mixin.py:190} INFO - [2024-10-13T10:17:18.680+0000] {dagbag.py:588} INFO - Filling up the DagBag from /home/airflow/.local/lib/python3.12/site-packages/airflow/example_dags/tutorial.py
[2024-10-13T10:17:18.699+0000] {processor.py:925} INFO - DAG(s) 'tutorial' retrieved from /home/airflow/.local/lib/python3.12/site-packages/airflow/example_dags/tutorial.py
[2024-10-13T10:17:18.740+0000] {logging_mixin.py:190} INFO - [2024-10-13T10:17:18.740+0000] {dag.py:3239} INFO - Sync 1 DAGs
[2024-10-13T10:17:18.806+0000] {logging_mixin.py:190} INFO - [2024-10-13T10:17:18.806+0000] {dag.py:4180} INFO - Setting next_dagrun for tutorial to 2024-10-12 00:00:00+00:00, run_after=2024-10-13 00:00:00+00:00
[2024-10-13T10:17:18.852+0000] {processor.py:208} INFO - Processing /home/airflow/.local/lib/python3.12/site-packages/airflow/example_dags/tutorial.py took 0.196 seconds
[2024-10-13T10:17:49.285+0000] {processor.py:186} INFO - Started process (PID=1351) to work on /home/airflow/.local/lib/python3.12/site-packages/airflow/example_dags/tutorial.py
[2024-10-13T10:17:49.287+0000] {processor.py:914} INFO - Processing file /home/airflow/.local/lib/python3.12/site-packages/airflow/example_dags/tutorial.py for tasks to queue
[2024-10-13T10:17:49.292+0000] {logging_mixin.py:190} INFO - [2024-10-13T10:17:49.291+0000] {dagbag.py:588} INFO - Filling up the DagBag from /home/airflow/.local/lib/python3.12/site-packages/airflow/example_dags/tutorial.py
[2024-10-13T10:17:49.305+0000] {processor.py:925} INFO - DAG(s) 'tutorial' retrieved from /home/airflow/.local/lib/python3.12/site-packages/airflow/example_dags/tutorial.py
[2024-10-13T10:17:49.358+0000] {logging_mixin.py:190} INFO - [2024-10-13T10:17:49.357+0000] {dag.py:3239} INFO - Sync 1 DAGs
[2024-10-13T10:17:49.439+0000] {logging_mixin.py:190} INFO - [2024-10-13T10:17:49.438+0000] {dag.py:4180} INFO - Setting next_dagrun for tutorial to 2024-10-12 00:00:00+00:00, run_after=2024-10-13 00:00:00+00:00
[2024-10-13T10:17:49.499+0000] {processor.py:208} INFO - Processing /home/airflow/.local/lib/python3.12/site-packages/airflow/example_dags/tutorial.py took 0.224 seconds
[2024-10-13T10:18:27.652+0000] {processor.py:186} INFO - Started process (PID=1411) to work on /home/airflow/.local/lib/python3.12/site-packages/airflow/example_dags/tutorial.py
[2024-10-13T10:18:27.776+0000] {processor.py:914} INFO - Processing file /home/airflow/.local/lib/python3.12/site-packages/airflow/example_dags/tutorial.py for tasks to queue
[2024-10-13T10:18:27.794+0000] {logging_mixin.py:190} INFO - [2024-10-13T10:18:27.788+0000] {dagbag.py:588} INFO - Filling up the DagBag from /home/airflow/.local/lib/python3.12/site-packages/airflow/example_dags/tutorial.py
[2024-10-13T10:18:28.067+0000] {processor.py:925} INFO - DAG(s) 'tutorial' retrieved from /home/airflow/.local/lib/python3.12/site-packages/airflow/example_dags/tutorial.py
[2024-10-13T10:18:28.732+0000] {logging_mixin.py:190} INFO - [2024-10-13T10:18:28.731+0000] {dag.py:3239} INFO - Sync 1 DAGs
[2024-10-13T10:18:28.935+0000] {logging_mixin.py:190} INFO - [2024-10-13T10:18:28.935+0000] {dag.py:4180} INFO - Setting next_dagrun for tutorial to 2024-10-12 00:00:00+00:00, run_after=2024-10-13 00:00:00+00:00
[2024-10-13T10:18:30.120+0000] {processor.py:208} INFO - Processing /home/airflow/.local/lib/python3.12/site-packages/airflow/example_dags/tutorial.py took 2.704 seconds
[2024-10-13T10:19:26.793+0000] {processor.py:186} INFO - Started process (PID=1480) to work on /home/airflow/.local/lib/python3.12/site-packages/airflow/example_dags/tutorial.py
[2024-10-13T10:19:26.797+0000] {processor.py:914} INFO - Processing file /home/airflow/.local/lib/python3.12/site-packages/airflow/example_dags/tutorial.py for tasks to queue
[2024-10-13T10:19:26.802+0000] {logging_mixin.py:190} INFO - [2024-10-13T10:19:26.802+0000] {dagbag.py:588} INFO - Filling up the DagBag from /home/airflow/.local/lib/python3.12/site-packages/airflow/example_dags/tutorial.py
[2024-10-13T10:19:26.823+0000] {processor.py:925} INFO - DAG(s) 'tutorial' retrieved from /home/airflow/.local/lib/python3.12/site-packages/airflow/example_dags/tutorial.py
[2024-10-13T10:19:26.866+0000] {logging_mixin.py:190} INFO - [2024-10-13T10:19:26.865+0000] {dag.py:3239} INFO - Sync 1 DAGs
[2024-10-13T10:19:26.927+0000] {logging_mixin.py:190} INFO - [2024-10-13T10:19:26.927+0000] {dag.py:4180} INFO - Setting next_dagrun for tutorial to 2024-10-12 00:00:00+00:00, run_after=2024-10-13 00:00:00+00:00
[2024-10-13T10:19:26.967+0000] {processor.py:208} INFO - Processing /home/airflow/.local/lib/python3.12/site-packages/airflow/example_dags/tutorial.py took 0.206 seconds
[2024-10-13T10:19:57.857+0000] {processor.py:186} INFO - Started process (PID=1542) to work on /home/airflow/.local/lib/python3.12/site-packages/airflow/example_dags/tutorial.py
[2024-10-13T10:19:57.864+0000] {processor.py:914} INFO - Processing file /home/airflow/.local/lib/python3.12/site-packages/airflow/example_dags/tutorial.py for tasks to queue
[2024-10-13T10:19:57.890+0000] {logging_mixin.py:190} INFO - [2024-10-13T10:19:57.890+0000] {dagbag.py:588} INFO - Filling up the DagBag from /home/airflow/.local/lib/python3.12/site-packages/airflow/example_dags/tutorial.py
[2024-10-13T10:19:57.924+0000] {processor.py:925} INFO - DAG(s) 'tutorial' retrieved from /home/airflow/.local/lib/python3.12/site-packages/airflow/example_dags/tutorial.py
[2024-10-13T10:19:57.978+0000] {logging_mixin.py:190} INFO - [2024-10-13T10:19:57.976+0000] {dag.py:3239} INFO - Sync 1 DAGs
[2024-10-13T10:19:58.048+0000] {logging_mixin.py:190} INFO - [2024-10-13T10:19:58.048+0000] {dag.py:4180} INFO - Setting next_dagrun for tutorial to 2024-10-12 00:00:00+00:00, run_after=2024-10-13 00:00:00+00:00
[2024-10-13T10:19:58.090+0000] {processor.py:208} INFO - Processing /home/airflow/.local/lib/python3.12/site-packages/airflow/example_dags/tutorial.py took 0.250 seconds
[2024-10-13T10:20:28.739+0000] {processor.py:186} INFO - Started process (PID=1603) to work on /home/airflow/.local/lib/python3.12/site-packages/airflow/example_dags/tutorial.py
[2024-10-13T10:20:28.741+0000] {processor.py:914} INFO - Processing file /home/airflow/.local/lib/python3.12/site-packages/airflow/example_dags/tutorial.py for tasks to queue
[2024-10-13T10:20:28.749+0000] {logging_mixin.py:190} INFO - [2024-10-13T10:20:28.748+0000] {dagbag.py:588} INFO - Filling up the DagBag from /home/airflow/.local/lib/python3.12/site-packages/airflow/example_dags/tutorial.py
[2024-10-13T10:20:28.768+0000] {processor.py:925} INFO - DAG(s) 'tutorial' retrieved from /home/airflow/.local/lib/python3.12/site-packages/airflow/example_dags/tutorial.py
[2024-10-13T10:20:28.821+0000] {logging_mixin.py:190} INFO - [2024-10-13T10:20:28.821+0000] {dag.py:3239} INFO - Sync 1 DAGs
[2024-10-13T10:20:28.878+0000] {logging_mixin.py:190} INFO - [2024-10-13T10:20:28.877+0000] {dag.py:4180} INFO - Setting next_dagrun for tutorial to 2024-10-12 00:00:00+00:00, run_after=2024-10-13 00:00:00+00:00
[2024-10-13T10:20:28.933+0000] {processor.py:208} INFO - Processing /home/airflow/.local/lib/python3.12/site-packages/airflow/example_dags/tutorial.py took 0.207 seconds
[2024-10-13T10:20:59.885+0000] {processor.py:186} INFO - Started process (PID=1665) to work on /home/airflow/.local/lib/python3.12/site-packages/airflow/example_dags/tutorial.py
[2024-10-13T10:20:59.887+0000] {processor.py:914} INFO - Processing file /home/airflow/.local/lib/python3.12/site-packages/airflow/example_dags/tutorial.py for tasks to queue
[2024-10-13T10:20:59.894+0000] {logging_mixin.py:190} INFO - [2024-10-13T10:20:59.893+0000] {dagbag.py:588} INFO - Filling up the DagBag from /home/airflow/.local/lib/python3.12/site-packages/airflow/example_dags/tutorial.py
[2024-10-13T10:20:59.918+0000] {processor.py:925} INFO - DAG(s) 'tutorial' retrieved from /home/airflow/.local/lib/python3.12/site-packages/airflow/example_dags/tutorial.py
[2024-10-13T10:20:59.982+0000] {logging_mixin.py:190} INFO - [2024-10-13T10:20:59.982+0000] {dag.py:3239} INFO - Sync 1 DAGs
[2024-10-13T10:21:00.036+0000] {logging_mixin.py:190} INFO - [2024-10-13T10:21:00.036+0000] {dag.py:4180} INFO - Setting next_dagrun for tutorial to 2024-10-12 00:00:00+00:00, run_after=2024-10-13 00:00:00+00:00
[2024-10-13T10:21:00.070+0000] {processor.py:208} INFO - Processing /home/airflow/.local/lib/python3.12/site-packages/airflow/example_dags/tutorial.py took 0.216 seconds
[2024-10-13T10:21:30.282+0000] {processor.py:186} INFO - Started process (PID=1732) to work on /home/airflow/.local/lib/python3.12/site-packages/airflow/example_dags/tutorial.py
[2024-10-13T10:21:30.288+0000] {processor.py:914} INFO - Processing file /home/airflow/.local/lib/python3.12/site-packages/airflow/example_dags/tutorial.py for tasks to queue
[2024-10-13T10:21:30.294+0000] {logging_mixin.py:190} INFO - [2024-10-13T10:21:30.293+0000] {dagbag.py:588} INFO - Filling up the DagBag from /home/airflow/.local/lib/python3.12/site-packages/airflow/example_dags/tutorial.py
[2024-10-13T10:21:30.312+0000] {processor.py:925} INFO - DAG(s) 'tutorial' retrieved from /home/airflow/.local/lib/python3.12/site-packages/airflow/example_dags/tutorial.py
[2024-10-13T10:21:30.358+0000] {logging_mixin.py:190} INFO - [2024-10-13T10:21:30.357+0000] {dag.py:3239} INFO - Sync 1 DAGs
[2024-10-13T10:21:30.403+0000] {logging_mixin.py:190} INFO - [2024-10-13T10:21:30.403+0000] {dag.py:4180} INFO - Setting next_dagrun for tutorial to 2024-10-12 00:00:00+00:00, run_after=2024-10-13 00:00:00+00:00
[2024-10-13T10:21:30.441+0000] {processor.py:208} INFO - Processing /home/airflow/.local/lib/python3.12/site-packages/airflow/example_dags/tutorial.py took 0.176 seconds
[2024-10-13T10:22:00.785+0000] {processor.py:186} INFO - Started process (PID=1795) to work on /home/airflow/.local/lib/python3.12/site-packages/airflow/example_dags/tutorial.py
[2024-10-13T10:22:00.787+0000] {processor.py:914} INFO - Processing file /home/airflow/.local/lib/python3.12/site-packages/airflow/example_dags/tutorial.py for tasks to queue
[2024-10-13T10:22:00.792+0000] {logging_mixin.py:190} INFO - [2024-10-13T10:22:00.791+0000] {dagbag.py:588} INFO - Filling up the DagBag from /home/airflow/.local/lib/python3.12/site-packages/airflow/example_dags/tutorial.py
[2024-10-13T10:22:00.804+0000] {processor.py:925} INFO - DAG(s) 'tutorial' retrieved from /home/airflow/.local/lib/python3.12/site-packages/airflow/example_dags/tutorial.py
[2024-10-13T10:22:00.839+0000] {logging_mixin.py:190} INFO - [2024-10-13T10:22:00.838+0000] {dag.py:3239} INFO - Sync 1 DAGs
[2024-10-13T10:22:00.890+0000] {logging_mixin.py:190} INFO - [2024-10-13T10:22:00.889+0000] {dag.py:4180} INFO - Setting next_dagrun for tutorial to 2024-10-12 00:00:00+00:00, run_after=2024-10-13 00:00:00+00:00
[2024-10-13T10:22:00.963+0000] {processor.py:208} INFO - Processing /home/airflow/.local/lib/python3.12/site-packages/airflow/example_dags/tutorial.py took 0.188 seconds
[2024-10-13T10:22:31.211+0000] {processor.py:186} INFO - Started process (PID=1857) to work on /home/airflow/.local/lib/python3.12/site-packages/airflow/example_dags/tutorial.py
[2024-10-13T10:22:31.213+0000] {processor.py:914} INFO - Processing file /home/airflow/.local/lib/python3.12/site-packages/airflow/example_dags/tutorial.py for tasks to queue
[2024-10-13T10:22:31.223+0000] {logging_mixin.py:190} INFO - [2024-10-13T10:22:31.223+0000] {dagbag.py:588} INFO - Filling up the DagBag from /home/airflow/.local/lib/python3.12/site-packages/airflow/example_dags/tutorial.py
[2024-10-13T10:22:31.240+0000] {processor.py:925} INFO - DAG(s) 'tutorial' retrieved from /home/airflow/.local/lib/python3.12/site-packages/airflow/example_dags/tutorial.py
[2024-10-13T10:22:31.274+0000] {logging_mixin.py:190} INFO - [2024-10-13T10:22:31.274+0000] {dag.py:3239} INFO - Sync 1 DAGs
[2024-10-13T10:22:31.312+0000] {logging_mixin.py:190} INFO - [2024-10-13T10:22:31.311+0000] {dag.py:4180} INFO - Setting next_dagrun for tutorial to 2024-10-12 00:00:00+00:00, run_after=2024-10-13 00:00:00+00:00
[2024-10-13T10:22:31.346+0000] {processor.py:208} INFO - Processing /home/airflow/.local/lib/python3.12/site-packages/airflow/example_dags/tutorial.py took 0.146 seconds
[2024-10-13T10:23:10.770+0000] {processor.py:186} INFO - Started process (PID=1921) to work on /home/airflow/.local/lib/python3.12/site-packages/airflow/example_dags/tutorial.py
[2024-10-13T10:23:10.773+0000] {processor.py:914} INFO - Processing file /home/airflow/.local/lib/python3.12/site-packages/airflow/example_dags/tutorial.py for tasks to queue
[2024-10-13T10:23:10.792+0000] {logging_mixin.py:190} INFO - [2024-10-13T10:23:10.791+0000] {dagbag.py:588} INFO - Filling up the DagBag from /home/airflow/.local/lib/python3.12/site-packages/airflow/example_dags/tutorial.py
[2024-10-13T10:23:10.829+0000] {processor.py:925} INFO - DAG(s) 'tutorial' retrieved from /home/airflow/.local/lib/python3.12/site-packages/airflow/example_dags/tutorial.py
[2024-10-13T10:23:10.910+0000] {logging_mixin.py:190} INFO - [2024-10-13T10:23:10.909+0000] {dag.py:3239} INFO - Sync 1 DAGs
[2024-10-13T10:23:11.009+0000] {logging_mixin.py:190} INFO - [2024-10-13T10:23:11.009+0000] {dag.py:4180} INFO - Setting next_dagrun for tutorial to 2024-10-12 00:00:00+00:00, run_after=2024-10-13 00:00:00+00:00
[2024-10-13T10:23:11.089+0000] {processor.py:208} INFO - Processing /home/airflow/.local/lib/python3.12/site-packages/airflow/example_dags/tutorial.py took 0.436 seconds
[2024-10-13T10:24:06.293+0000] {processor.py:186} INFO - Started process (PID=1990) to work on /home/airflow/.local/lib/python3.12/site-packages/airflow/example_dags/tutorial.py
[2024-10-13T10:24:06.309+0000] {processor.py:914} INFO - Processing file /home/airflow/.local/lib/python3.12/site-packages/airflow/example_dags/tutorial.py for tasks to queue
[2024-10-13T10:24:06.337+0000] {logging_mixin.py:190} INFO - [2024-10-13T10:24:06.337+0000] {dagbag.py:588} INFO - Filling up the DagBag from /home/airflow/.local/lib/python3.12/site-packages/airflow/example_dags/tutorial.py
[2024-10-13T10:24:06.379+0000] {processor.py:925} INFO - DAG(s) 'tutorial' retrieved from /home/airflow/.local/lib/python3.12/site-packages/airflow/example_dags/tutorial.py
[2024-10-13T10:24:06.531+0000] {logging_mixin.py:190} INFO - [2024-10-13T10:24:06.529+0000] {dag.py:3239} INFO - Sync 1 DAGs
[2024-10-13T10:24:06.749+0000] {logging_mixin.py:190} INFO - [2024-10-13T10:24:06.748+0000] {dag.py:4180} INFO - Setting next_dagrun for tutorial to 2024-10-12 00:00:00+00:00, run_after=2024-10-13 00:00:00+00:00
[2024-10-13T10:24:06.831+0000] {processor.py:208} INFO - Processing /home/airflow/.local/lib/python3.12/site-packages/airflow/example_dags/tutorial.py took 0.588 seconds
[2024-10-13T10:24:37.037+0000] {processor.py:186} INFO - Started process (PID=2053) to work on /home/airflow/.local/lib/python3.12/site-packages/airflow/example_dags/tutorial.py
[2024-10-13T10:24:37.045+0000] {processor.py:914} INFO - Processing file /home/airflow/.local/lib/python3.12/site-packages/airflow/example_dags/tutorial.py for tasks to queue
[2024-10-13T10:24:37.050+0000] {logging_mixin.py:190} INFO - [2024-10-13T10:24:37.049+0000] {dagbag.py:588} INFO - Filling up the DagBag from /home/airflow/.local/lib/python3.12/site-packages/airflow/example_dags/tutorial.py
[2024-10-13T10:24:37.069+0000] {processor.py:925} INFO - DAG(s) 'tutorial' retrieved from /home/airflow/.local/lib/python3.12/site-packages/airflow/example_dags/tutorial.py
[2024-10-13T10:24:37.119+0000] {logging_mixin.py:190} INFO - [2024-10-13T10:24:37.119+0000] {dag.py:3239} INFO - Sync 1 DAGs
[2024-10-13T10:24:37.165+0000] {logging_mixin.py:190} INFO - [2024-10-13T10:24:37.164+0000] {dag.py:4180} INFO - Setting next_dagrun for tutorial to 2024-10-12 00:00:00+00:00, run_after=2024-10-13 00:00:00+00:00
[2024-10-13T10:24:37.207+0000] {processor.py:208} INFO - Processing /home/airflow/.local/lib/python3.12/site-packages/airflow/example_dags/tutorial.py took 0.183 seconds
[2024-10-13T10:25:07.676+0000] {processor.py:186} INFO - Started process (PID=2115) to work on /home/airflow/.local/lib/python3.12/site-packages/airflow/example_dags/tutorial.py
[2024-10-13T10:25:07.680+0000] {processor.py:914} INFO - Processing file /home/airflow/.local/lib/python3.12/site-packages/airflow/example_dags/tutorial.py for tasks to queue
[2024-10-13T10:25:07.687+0000] {logging_mixin.py:190} INFO - [2024-10-13T10:25:07.686+0000] {dagbag.py:588} INFO - Filling up the DagBag from /home/airflow/.local/lib/python3.12/site-packages/airflow/example_dags/tutorial.py
[2024-10-13T10:25:07.710+0000] {processor.py:925} INFO - DAG(s) 'tutorial' retrieved from /home/airflow/.local/lib/python3.12/site-packages/airflow/example_dags/tutorial.py
[2024-10-13T10:25:07.775+0000] {logging_mixin.py:190} INFO - [2024-10-13T10:25:07.774+0000] {dag.py:3239} INFO - Sync 1 DAGs
[2024-10-13T10:25:07.845+0000] {logging_mixin.py:190} INFO - [2024-10-13T10:25:07.844+0000] {dag.py:4180} INFO - Setting next_dagrun for tutorial to 2024-10-12 00:00:00+00:00, run_after=2024-10-13 00:00:00+00:00
[2024-10-13T10:25:07.898+0000] {processor.py:208} INFO - Processing /home/airflow/.local/lib/python3.12/site-packages/airflow/example_dags/tutorial.py took 0.239 seconds
[2024-10-13T10:25:38.205+0000] {processor.py:186} INFO - Started process (PID=2176) to work on /home/airflow/.local/lib/python3.12/site-packages/airflow/example_dags/tutorial.py
[2024-10-13T10:25:38.208+0000] {processor.py:914} INFO - Processing file /home/airflow/.local/lib/python3.12/site-packages/airflow/example_dags/tutorial.py for tasks to queue
[2024-10-13T10:25:38.216+0000] {logging_mixin.py:190} INFO - [2024-10-13T10:25:38.215+0000] {dagbag.py:588} INFO - Filling up the DagBag from /home/airflow/.local/lib/python3.12/site-packages/airflow/example_dags/tutorial.py
[2024-10-13T10:25:38.238+0000] {processor.py:925} INFO - DAG(s) 'tutorial' retrieved from /home/airflow/.local/lib/python3.12/site-packages/airflow/example_dags/tutorial.py
[2024-10-13T10:25:38.294+0000] {logging_mixin.py:190} INFO - [2024-10-13T10:25:38.294+0000] {dag.py:3239} INFO - Sync 1 DAGs
[2024-10-13T10:25:38.373+0000] {logging_mixin.py:190} INFO - [2024-10-13T10:25:38.372+0000] {dag.py:4180} INFO - Setting next_dagrun for tutorial to 2024-10-12 00:00:00+00:00, run_after=2024-10-13 00:00:00+00:00
[2024-10-13T10:25:38.459+0000] {processor.py:208} INFO - Processing /home/airflow/.local/lib/python3.12/site-packages/airflow/example_dags/tutorial.py took 0.273 seconds
[2024-10-13T10:26:11.224+0000] {processor.py:186} INFO - Started process (PID=2233) to work on /home/airflow/.local/lib/python3.12/site-packages/airflow/example_dags/tutorial.py
[2024-10-13T10:26:11.240+0000] {processor.py:914} INFO - Processing file /home/airflow/.local/lib/python3.12/site-packages/airflow/example_dags/tutorial.py for tasks to queue
[2024-10-13T10:26:11.334+0000] {logging_mixin.py:190} INFO - [2024-10-13T10:26:11.330+0000] {dagbag.py:588} INFO - Filling up the DagBag from /home/airflow/.local/lib/python3.12/site-packages/airflow/example_dags/tutorial.py
[2024-10-13T10:26:11.490+0000] {processor.py:925} INFO - DAG(s) 'tutorial' retrieved from /home/airflow/.local/lib/python3.12/site-packages/airflow/example_dags/tutorial.py
[2024-10-13T10:26:11.779+0000] {logging_mixin.py:190} INFO - [2024-10-13T10:26:11.778+0000] {dag.py:3239} INFO - Sync 1 DAGs
[2024-10-13T10:26:12.195+0000] {logging_mixin.py:190} INFO - [2024-10-13T10:26:12.195+0000] {dag.py:4180} INFO - Setting next_dagrun for tutorial to 2024-10-12 00:00:00+00:00, run_after=2024-10-13 00:00:00+00:00
[2024-10-13T10:26:12.959+0000] {processor.py:208} INFO - Processing /home/airflow/.local/lib/python3.12/site-packages/airflow/example_dags/tutorial.py took 1.817 seconds
[2024-10-13T10:28:14.660+0000] {processor.py:186} INFO - Started process (PID=2317) to work on /home/airflow/.local/lib/python3.12/site-packages/airflow/example_dags/tutorial.py
[2024-10-13T10:28:14.675+0000] {processor.py:914} INFO - Processing file /home/airflow/.local/lib/python3.12/site-packages/airflow/example_dags/tutorial.py for tasks to queue
[2024-10-13T10:28:14.687+0000] {logging_mixin.py:190} INFO - [2024-10-13T10:28:14.683+0000] {dagbag.py:588} INFO - Filling up the DagBag from /home/airflow/.local/lib/python3.12/site-packages/airflow/example_dags/tutorial.py
[2024-10-13T10:28:14.768+0000] {processor.py:925} INFO - DAG(s) 'tutorial' retrieved from /home/airflow/.local/lib/python3.12/site-packages/airflow/example_dags/tutorial.py
[2024-10-13T10:28:14.931+0000] {logging_mixin.py:190} INFO - [2024-10-13T10:28:14.928+0000] {dag.py:3239} INFO - Sync 1 DAGs
[2024-10-13T10:28:15.175+0000] {logging_mixin.py:190} INFO - [2024-10-13T10:28:15.174+0000] {dag.py:4180} INFO - Setting next_dagrun for tutorial to 2024-10-12 00:00:00+00:00, run_after=2024-10-13 00:00:00+00:00
[2024-10-13T10:28:15.289+0000] {processor.py:208} INFO - Processing /home/airflow/.local/lib/python3.12/site-packages/airflow/example_dags/tutorial.py took 0.691 seconds
[2024-10-13T10:28:53.140+0000] {processor.py:186} INFO - Started process (PID=2379) to work on /home/airflow/.local/lib/python3.12/site-packages/airflow/example_dags/tutorial.py
[2024-10-13T10:28:53.154+0000] {processor.py:914} INFO - Processing file /home/airflow/.local/lib/python3.12/site-packages/airflow/example_dags/tutorial.py for tasks to queue
[2024-10-13T10:28:53.184+0000] {logging_mixin.py:190} INFO - [2024-10-13T10:28:53.172+0000] {dagbag.py:588} INFO - Filling up the DagBag from /home/airflow/.local/lib/python3.12/site-packages/airflow/example_dags/tutorial.py
[2024-10-13T10:28:53.269+0000] {processor.py:925} INFO - DAG(s) 'tutorial' retrieved from /home/airflow/.local/lib/python3.12/site-packages/airflow/example_dags/tutorial.py
[2024-10-13T10:28:53.431+0000] {logging_mixin.py:190} INFO - [2024-10-13T10:28:53.430+0000] {dag.py:3239} INFO - Sync 1 DAGs
[2024-10-13T10:28:53.581+0000] {logging_mixin.py:190} INFO - [2024-10-13T10:28:53.581+0000] {dag.py:4180} INFO - Setting next_dagrun for tutorial to 2024-10-12 00:00:00+00:00, run_after=2024-10-13 00:00:00+00:00
[2024-10-13T10:28:53.656+0000] {processor.py:208} INFO - Processing /home/airflow/.local/lib/python3.12/site-packages/airflow/example_dags/tutorial.py took 0.549 seconds
[2024-10-13T10:29:25.516+0000] {processor.py:186} INFO - Started process (PID=2442) to work on /home/airflow/.local/lib/python3.12/site-packages/airflow/example_dags/tutorial.py
[2024-10-13T10:29:25.518+0000] {processor.py:914} INFO - Processing file /home/airflow/.local/lib/python3.12/site-packages/airflow/example_dags/tutorial.py for tasks to queue
[2024-10-13T10:29:25.524+0000] {logging_mixin.py:190} INFO - [2024-10-13T10:29:25.523+0000] {dagbag.py:588} INFO - Filling up the DagBag from /home/airflow/.local/lib/python3.12/site-packages/airflow/example_dags/tutorial.py
[2024-10-13T10:29:25.548+0000] {processor.py:925} INFO - DAG(s) 'tutorial' retrieved from /home/airflow/.local/lib/python3.12/site-packages/airflow/example_dags/tutorial.py
[2024-10-13T10:29:25.605+0000] {logging_mixin.py:190} INFO - [2024-10-13T10:29:25.605+0000] {dag.py:3239} INFO - Sync 1 DAGs
[2024-10-13T10:29:25.694+0000] {logging_mixin.py:190} INFO - [2024-10-13T10:29:25.693+0000] {dag.py:4180} INFO - Setting next_dagrun for tutorial to 2024-10-12 00:00:00+00:00, run_after=2024-10-13 00:00:00+00:00
[2024-10-13T10:29:25.902+0000] {processor.py:208} INFO - Processing /home/airflow/.local/lib/python3.12/site-packages/airflow/example_dags/tutorial.py took 0.404 seconds
[2024-10-13T10:29:58.421+0000] {processor.py:186} INFO - Started process (PID=2495) to work on /home/airflow/.local/lib/python3.12/site-packages/airflow/example_dags/tutorial.py
[2024-10-13T10:29:58.423+0000] {processor.py:914} INFO - Processing file /home/airflow/.local/lib/python3.12/site-packages/airflow/example_dags/tutorial.py for tasks to queue
[2024-10-13T10:29:58.433+0000] {logging_mixin.py:190} INFO - [2024-10-13T10:29:58.432+0000] {dagbag.py:588} INFO - Filling up the DagBag from /home/airflow/.local/lib/python3.12/site-packages/airflow/example_dags/tutorial.py
[2024-10-13T10:29:58.474+0000] {processor.py:925} INFO - DAG(s) 'tutorial' retrieved from /home/airflow/.local/lib/python3.12/site-packages/airflow/example_dags/tutorial.py
[2024-10-13T10:29:58.616+0000] {logging_mixin.py:190} INFO - [2024-10-13T10:29:58.615+0000] {dag.py:3239} INFO - Sync 1 DAGs
[2024-10-13T10:29:58.752+0000] {logging_mixin.py:190} INFO - [2024-10-13T10:29:58.750+0000] {dag.py:4180} INFO - Setting next_dagrun for tutorial to 2024-10-12 00:00:00+00:00, run_after=2024-10-13 00:00:00+00:00
[2024-10-13T10:29:58.857+0000] {processor.py:208} INFO - Processing /home/airflow/.local/lib/python3.12/site-packages/airflow/example_dags/tutorial.py took 0.483 seconds
[2024-10-13T10:30:29.088+0000] {processor.py:186} INFO - Started process (PID=2558) to work on /home/airflow/.local/lib/python3.12/site-packages/airflow/example_dags/tutorial.py
[2024-10-13T10:30:29.092+0000] {processor.py:914} INFO - Processing file /home/airflow/.local/lib/python3.12/site-packages/airflow/example_dags/tutorial.py for tasks to queue
[2024-10-13T10:30:29.102+0000] {logging_mixin.py:190} INFO - [2024-10-13T10:30:29.101+0000] {dagbag.py:588} INFO - Filling up the DagBag from /home/airflow/.local/lib/python3.12/site-packages/airflow/example_dags/tutorial.py
[2024-10-13T10:30:29.130+0000] {processor.py:925} INFO - DAG(s) 'tutorial' retrieved from /home/airflow/.local/lib/python3.12/site-packages/airflow/example_dags/tutorial.py
[2024-10-13T10:30:29.239+0000] {logging_mixin.py:190} INFO - [2024-10-13T10:30:29.239+0000] {dag.py:3239} INFO - Sync 1 DAGs
[2024-10-13T10:30:29.335+0000] {logging_mixin.py:190} INFO - [2024-10-13T10:30:29.333+0000] {dag.py:4180} INFO - Setting next_dagrun for tutorial to 2024-10-12 00:00:00+00:00, run_after=2024-10-13 00:00:00+00:00
[2024-10-13T10:30:29.404+0000] {processor.py:208} INFO - Processing /home/airflow/.local/lib/python3.12/site-packages/airflow/example_dags/tutorial.py took 0.335 seconds
[2024-10-13T10:31:00.214+0000] {processor.py:186} INFO - Started process (PID=2619) to work on /home/airflow/.local/lib/python3.12/site-packages/airflow/example_dags/tutorial.py
[2024-10-13T10:31:00.216+0000] {processor.py:914} INFO - Processing file /home/airflow/.local/lib/python3.12/site-packages/airflow/example_dags/tutorial.py for tasks to queue
[2024-10-13T10:31:00.221+0000] {logging_mixin.py:190} INFO - [2024-10-13T10:31:00.220+0000] {dagbag.py:588} INFO - Filling up the DagBag from /home/airflow/.local/lib/python3.12/site-packages/airflow/example_dags/tutorial.py
[2024-10-13T10:31:00.244+0000] {processor.py:925} INFO - DAG(s) 'tutorial' retrieved from /home/airflow/.local/lib/python3.12/site-packages/airflow/example_dags/tutorial.py
[2024-10-13T10:31:00.302+0000] {logging_mixin.py:190} INFO - [2024-10-13T10:31:00.302+0000] {dag.py:3239} INFO - Sync 1 DAGs
[2024-10-13T10:31:00.355+0000] {logging_mixin.py:190} INFO - [2024-10-13T10:31:00.355+0000] {dag.py:4180} INFO - Setting next_dagrun for tutorial to 2024-10-12 00:00:00+00:00, run_after=2024-10-13 00:00:00+00:00
[2024-10-13T10:31:00.688+0000] {processor.py:208} INFO - Processing /home/airflow/.local/lib/python3.12/site-packages/airflow/example_dags/tutorial.py took 0.483 seconds
[2024-10-13T10:31:31.047+0000] {processor.py:186} INFO - Started process (PID=2682) to work on /home/airflow/.local/lib/python3.12/site-packages/airflow/example_dags/tutorial.py
[2024-10-13T10:31:31.051+0000] {processor.py:914} INFO - Processing file /home/airflow/.local/lib/python3.12/site-packages/airflow/example_dags/tutorial.py for tasks to queue
[2024-10-13T10:31:31.059+0000] {logging_mixin.py:190} INFO - [2024-10-13T10:31:31.058+0000] {dagbag.py:588} INFO - Filling up the DagBag from /home/airflow/.local/lib/python3.12/site-packages/airflow/example_dags/tutorial.py
[2024-10-13T10:31:31.104+0000] {processor.py:925} INFO - DAG(s) 'tutorial' retrieved from /home/airflow/.local/lib/python3.12/site-packages/airflow/example_dags/tutorial.py
[2024-10-13T10:31:31.194+0000] {logging_mixin.py:190} INFO - [2024-10-13T10:31:31.193+0000] {dag.py:3239} INFO - Sync 1 DAGs
[2024-10-13T10:31:31.309+0000] {logging_mixin.py:190} INFO - [2024-10-13T10:31:31.308+0000] {dag.py:4180} INFO - Setting next_dagrun for tutorial to 2024-10-12 00:00:00+00:00, run_after=2024-10-13 00:00:00+00:00
[2024-10-13T10:31:32.077+0000] {processor.py:208} INFO - Processing /home/airflow/.local/lib/python3.12/site-packages/airflow/example_dags/tutorial.py took 1.048 seconds
[2024-10-13T10:32:07.443+0000] {processor.py:186} INFO - Started process (PID=2746) to work on /home/airflow/.local/lib/python3.12/site-packages/airflow/example_dags/tutorial.py
[2024-10-13T10:32:07.495+0000] {processor.py:914} INFO - Processing file /home/airflow/.local/lib/python3.12/site-packages/airflow/example_dags/tutorial.py for tasks to queue
[2024-10-13T10:32:07.700+0000] {logging_mixin.py:190} INFO - [2024-10-13T10:32:07.666+0000] {dagbag.py:588} INFO - Filling up the DagBag from /home/airflow/.local/lib/python3.12/site-packages/airflow/example_dags/tutorial.py
[2024-10-13T10:32:08.113+0000] {processor.py:925} INFO - DAG(s) 'tutorial' retrieved from /home/airflow/.local/lib/python3.12/site-packages/airflow/example_dags/tutorial.py
[2024-10-13T10:32:09.784+0000] {logging_mixin.py:190} INFO - [2024-10-13T10:32:09.781+0000] {dag.py:3239} INFO - Sync 1 DAGs
[2024-10-13T10:32:11.196+0000] {logging_mixin.py:190} INFO - [2024-10-13T10:32:11.195+0000] {dag.py:4180} INFO - Setting next_dagrun for tutorial to 2024-10-12 00:00:00+00:00, run_after=2024-10-13 00:00:00+00:00
[2024-10-13T10:32:12.068+0000] {processor.py:208} INFO - Processing /home/airflow/.local/lib/python3.12/site-packages/airflow/example_dags/tutorial.py took 4.742 seconds
[2024-10-13T10:35:37.273+0000] {processor.py:186} INFO - Started process (PID=2883) to work on /home/airflow/.local/lib/python3.12/site-packages/airflow/example_dags/tutorial.py
[2024-10-13T10:35:37.290+0000] {processor.py:914} INFO - Processing file /home/airflow/.local/lib/python3.12/site-packages/airflow/example_dags/tutorial.py for tasks to queue
[2024-10-13T10:35:37.314+0000] {logging_mixin.py:190} INFO - [2024-10-13T10:35:37.310+0000] {dagbag.py:588} INFO - Filling up the DagBag from /home/airflow/.local/lib/python3.12/site-packages/airflow/example_dags/tutorial.py
[2024-10-13T10:35:37.382+0000] {processor.py:925} INFO - DAG(s) 'tutorial' retrieved from /home/airflow/.local/lib/python3.12/site-packages/airflow/example_dags/tutorial.py
[2024-10-13T10:35:37.641+0000] {logging_mixin.py:190} INFO - [2024-10-13T10:35:37.640+0000] {dag.py:3239} INFO - Sync 1 DAGs
[2024-10-13T10:35:43.596+0000] {logging_mixin.py:190} INFO - [2024-10-13T10:35:43.595+0000] {dag.py:4180} INFO - Setting next_dagrun for tutorial to 2024-10-12 00:00:00+00:00, run_after=2024-10-13 00:00:00+00:00
[2024-10-13T10:35:46.207+0000] {processor.py:208} INFO - Processing /home/airflow/.local/lib/python3.12/site-packages/airflow/example_dags/tutorial.py took 8.989 seconds
[2024-10-13T10:39:11.475+0000] {processor.py:186} INFO - Started process (PID=2965) to work on /home/airflow/.local/lib/python3.12/site-packages/airflow/example_dags/tutorial.py
[2024-10-13T10:39:11.541+0000] {processor.py:914} INFO - Processing file /home/airflow/.local/lib/python3.12/site-packages/airflow/example_dags/tutorial.py for tasks to queue
[2024-10-13T10:39:11.615+0000] {logging_mixin.py:190} INFO - [2024-10-13T10:39:11.590+0000] {dagbag.py:588} INFO - Filling up the DagBag from /home/airflow/.local/lib/python3.12/site-packages/airflow/example_dags/tutorial.py
[2024-10-13T10:39:11.699+0000] {processor.py:925} INFO - DAG(s) 'tutorial' retrieved from /home/airflow/.local/lib/python3.12/site-packages/airflow/example_dags/tutorial.py
[2024-10-13T10:39:11.913+0000] {logging_mixin.py:190} INFO - [2024-10-13T10:39:11.913+0000] {dag.py:3239} INFO - Sync 1 DAGs
[2024-10-13T10:39:12.121+0000] {logging_mixin.py:190} INFO - [2024-10-13T10:39:12.120+0000] {dag.py:4180} INFO - Setting next_dagrun for tutorial to 2024-10-12 00:00:00+00:00, run_after=2024-10-13 00:00:00+00:00
[2024-10-13T10:39:12.580+0000] {processor.py:208} INFO - Processing /home/airflow/.local/lib/python3.12/site-packages/airflow/example_dags/tutorial.py took 1.148 seconds
